[2021-07-09 23:40:25] [INFO] 本轮运行获取到 50 家店铺会员信息
[2021-07-09 23:40:26] [INFO] 开始注销店铺 小皮品牌会员
[2021-07-09 23:45:07] [INFO] 本轮运行获取到 50 家店铺会员信息
[2021-07-09 23:45:08] [INFO] 开始注销店铺 小皮品牌会员
[2021-07-09 23:45:17] [INFO] 正在通过本地引擎识别
[2021-07-09 23:45:23] [INFO] 本次运行已成功注销店铺会员数量为： 1
[2021-07-09 23:45:23] [INFO] 开始注销店铺 小黑卡
[2021-07-09 23:45:31] [INFO] 正在通过本地引擎识别
[2021-07-09 23:45:38] [INFO] 本次运行已成功注销店铺会员数量为： 2
[2021-07-09 23:45:38] [INFO] 开始注销店铺 国际自营药房
[2021-07-09 23:45:43] [INFO] 正在通过本地引擎识别
[2021-07-09 23:45:50] [INFO] 本次运行已成功注销店铺会员数量为： 3
[2021-07-09 23:45:50] [INFO] 开始注销店铺 三元奶粉
[2021-07-09 23:45:55] [INFO] 正在通过本地引擎识别
[2021-07-09 23:46:02] [INFO] 本次运行已成功注销店铺会员数量为： 4
[2021-07-09 23:46:02] [INFO] 开始注销店铺 麦富迪
[2021-07-09 23:46:07] [INFO] 正在通过本地引擎识别
[2021-07-09 23:46:14] [INFO] 本次运行已成功注销店铺会员数量为： 5
[2021-07-09 23:46:14] [INFO] 开始注销店铺 海尔
[2021-07-09 23:46:22] [INFO] 正在通过本地引擎识别
[2021-07-09 23:46:29] [INFO] 本次运行已成功注销店铺会员数量为： 6
[2021-07-09 23:46:29] [INFO] 开始注销店铺 统帅会员
[2021-07-09 23:46:37] [INFO] 正在通过本地引擎识别
[2021-07-09 23:46:44] [INFO] 本次运行已成功注销店铺会员数量为： 7
[2021-07-09 23:46:44] [INFO] 开始注销店铺 韩束
[2021-07-09 23:46:50] [INFO] 正在通过本地引擎识别
[2021-07-09 23:46:56] [INFO] 本次运行已成功注销店铺会员数量为： 8
[2021-07-09 23:46:56] [INFO] 开始注销店铺 惠普
[2021-07-09 23:47:02] [INFO] 正在通过本地引擎识别
[2021-07-09 23:47:08] [INFO] 本次运行已成功注销店铺会员数量为： 9
[2021-07-09 23:47:08] [INFO] 开始注销店铺 健安喜GNC
[2021-07-09 23:47:14] [INFO] 正在通过本地引擎识别
[2021-07-09 23:47:20] [INFO] 本次运行已成功注销店铺会员数量为： 10
[2021-07-09 23:47:20] [INFO] 开始注销店铺 君乐宝奶粉
[2021-07-09 23:47:26] [INFO] 正在通过本地引擎识别
[2021-07-09 23:47:32] [INFO] 本次运行已成功注销店铺会员数量为： 11
[2021-07-09 23:47:32] [INFO] 开始注销店铺 李宁品牌VIP
[2021-07-09 23:48:33] [INFO] 等待websocket推送短信验证码超时，即将跳过 李宁品牌VIP
[2021-07-09 23:48:38] [INFO] 开始注销店铺 竹πVIP
[2021-07-09 23:48:44] [INFO] 正在通过本地引擎识别
[2021-07-09 23:48:50] [INFO] 本次运行已成功注销店铺会员数量为： 12
[2021-07-09 23:48:50] [INFO] 开始注销店铺 微软
[2021-07-09 23:48:56] [INFO] 正在通过本地引擎识别
[2021-07-09 23:49:02] [INFO] 本次运行已成功注销店铺会员数量为： 13
[2021-07-09 23:49:02] [INFO] 开始注销店铺 一叶子
[2021-07-09 23:49:08] [INFO] 正在通过本地引擎识别
[2021-07-09 23:49:14] [INFO] 本次运行已成功注销店铺会员数量为： 14
[2021-07-09 23:49:14] [INFO] 开始注销店铺 维他奶
[2021-07-09 23:49:20] [INFO] 正在通过本地引擎识别
[2021-07-09 23:49:26] [INFO] 本次运行已成功注销店铺会员数量为： 15
[2021-07-09 23:49:26] [INFO] 开始注销店铺 全棉时代
[2021-07-09 23:49:35] [INFO] 正在通过本地引擎识别
[2021-07-09 23:49:42] [INFO] 本次运行已成功注销店铺会员数量为： 16
[2021-07-09 23:49:42] [INFO] 开始注销店铺 伊利
[2021-07-09 23:49:50] [INFO] 正在通过本地引擎识别
[2021-07-09 23:49:53] [INFO] 验证码位置点击错误，尝试再试一次
[2021-07-09 23:49:54] [INFO] 正在通过本地引擎识别
[2021-07-09 23:49:59] [INFO] 本次运行已成功注销店铺会员数量为： 17
[2021-07-09 23:50:00] [INFO] 开始注销店铺 超级O粉
[2021-07-09 23:50:05] [INFO] 正在通过本地引擎识别
[2021-07-09 23:50:12] [INFO] 本次运行已成功注销店铺会员数量为： 18
[2021-07-09 23:50:12] [INFO] 开始注销店铺 伊利金领冠
[2021-07-09 23:50:17] [INFO] 正在通过本地引擎识别
[2021-07-09 23:50:24] [INFO] 本次运行已成功注销店铺会员数量为： 19
[2021-07-09 23:50:24] [INFO] 开始注销店铺 卡萨帝会员
[2021-07-09 23:50:29] [INFO] 正在通过本地引擎识别
[2021-07-09 23:50:36] [INFO] 本次运行已成功注销店铺会员数量为： 20
[2021-07-09 23:50:36] [INFO] 开始注销店铺 realme
[2021-07-09 23:50:41] [INFO] 正在通过本地引擎识别
[2021-07-09 23:50:48] [INFO] 本次运行已成功注销店铺会员数量为： 21
[2021-07-09 23:50:48] [INFO] 开始注销店铺 来伊份
[2021-07-09 23:50:53] [INFO] 正在通过本地引擎识别
[2021-07-09 23:50:56] [INFO] 验证码位置点击错误，尝试再试一次
[2021-07-09 23:50:57] [INFO] 正在通过本地引擎识别
[2021-07-09 23:51:03] [INFO] 本次运行已成功注销店铺会员数量为： 22
[2021-07-09 23:51:03] [INFO] 开始注销店铺 蒙牛
[2021-07-09 23:51:11] [INFO] 正在通过本地引擎识别
[2021-07-09 23:51:18] [INFO] 本次运行已成功注销店铺会员数量为： 23
[2021-07-09 23:51:18] [INFO] 开始注销店铺 徐福记
[2021-07-09 23:51:26] [INFO] 正在通过本地引擎识别
[2021-07-09 23:51:33] [INFO] 本次运行已成功注销店铺会员数量为： 24
[2021-07-09 23:51:33] [INFO] 开始注销店铺 爱思贝会员卡
[2021-07-09 23:51:38] [INFO] 正在通过本地引擎识别
[2021-07-09 23:51:45] [INFO] 本次运行已成功注销店铺会员数量为： 25
[2021-07-09 23:51:45] [INFO] 开始注销店铺 杜康
[2021-07-09 23:51:51] [INFO] 正在通过本地引擎识别
[2021-07-09 23:51:57] [INFO] 本次运行已成功注销店铺会员数量为： 26
[2021-07-09 23:51:57] [INFO] 开始注销店铺 伊利成人粉
[2021-07-09 23:52:03] [INFO] 正在通过本地引擎识别
[2021-07-09 23:52:09] [INFO] 本次运行已成功注销店铺会员数量为： 27
[2021-07-09 23:52:09] [INFO] 开始注销店铺 红星二锅头
[2021-07-09 23:52:16] [INFO] 正在通过本地引擎识别
[2021-07-09 23:52:18] [INFO] 验证码位置点击错误，尝试再试一次
[2021-07-09 23:52:19] [INFO] 正在通过本地引擎识别
[2021-07-09 23:52:25] [INFO] 本次运行已成功注销店铺会员数量为： 28
[2021-07-09 23:52:25] [INFO] 开始注销店铺 美的会员
[2021-07-09 23:52:31] [INFO] 正在通过本地引擎识别
[2021-07-09 23:52:37] [INFO] 本次运行已成功注销店铺会员数量为： 29
[2021-07-09 23:52:37] [INFO] 开始注销店铺 江小白品酒师
[2021-07-09 23:53:08] [ERROR] 发生了一点小问题： ('发送短信验证码超时 江小白品酒师', None, None)
[2021-07-09 23:53:08] [INFO] 开始注销店铺 超级米粉卡
[2021-07-09 23:53:16] [INFO] 正在通过本地引擎识别
[2021-07-09 23:53:22] [INFO] 本次运行已成功注销店铺会员数量为： 30
[2021-07-09 23:53:22] [INFO] 开始注销店铺 TENGA
[2021-07-09 23:53:31] [INFO] 正在通过本地引擎识别
[2021-07-09 23:53:38] [INFO] 本次运行已成功注销店铺会员数量为： 31
[2021-07-09 23:53:38] [INFO] 开始注销店铺 兰蔻
[2021-07-09 23:53:46] [INFO] 正在通过本地引擎识别
[2021-07-09 23:53:52] [INFO] 本次运行已成功注销店铺会员数量为： 32
[2021-07-09 23:53:52] [INFO] 开始注销店铺 宝洁
[2021-07-09 23:54:23] [ERROR] 发生了一点小问题： ('发送短信验证码超时 宝洁', None, None)
[2021-07-09 23:54:24] [INFO] 开始注销店铺 华硕品牌会员
[2021-07-09 23:54:31] [INFO] 正在通过本地引擎识别
[2021-07-09 23:54:37] [INFO] 本次运行已成功注销店铺会员数量为： 33
[2021-07-09 23:54:38] [INFO] 开始注销店铺 帮宝适
[2021-07-09 23:54:46] [INFO] 正在通过本地引擎识别
[2021-07-09 23:54:52] [INFO] 本次运行已成功注销店铺会员数量为： 34
[2021-07-09 23:54:53] [INFO] 开始注销店铺 SK-II
[2021-07-09 23:54:58] [INFO] 正在通过本地引擎识别
[2021-07-09 23:55:05] [INFO] 本次运行已成功注销店铺会员数量为： 35
[2021-07-09 23:55:05] [INFO] 开始注销店铺 KOKUYO
[2021-07-09 23:55:10] [INFO] 正在通过本地引擎识别
[2021-07-09 23:55:17] [INFO] 本次运行已成功注销店铺会员数量为： 36
[2021-07-09 23:55:17] [INFO] 开始注销店铺 碧欧泉
[2021-07-09 23:55:22] [INFO] 正在通过本地引擎识别
[2021-07-09 23:55:29] [INFO] 本次运行已成功注销店铺会员数量为： 37
[2021-07-09 23:55:29] [INFO] 开始注销店铺 尊享会员卡
[2021-07-09 23:55:37] [INFO] 正在通过本地引擎识别
[2021-07-09 23:55:44] [INFO] 本次运行已成功注销店铺会员数量为： 38
[2021-07-09 23:55:44] [INFO] 开始注销店铺 金沙VIP
[2021-07-09 23:55:52] [INFO] 正在通过本地引擎识别
[2021-07-09 23:55:59] [INFO] 本次运行已成功注销店铺会员数量为： 39
[2021-07-09 23:55:59] [INFO] 开始注销店铺 元气森林
[2021-07-09 23:56:07] [INFO] 正在通过本地引擎识别
[2021-07-09 23:56:10] [INFO] 验证码位置点击错误，尝试再试一次
[2021-07-09 23:56:11] [INFO] 正在通过本地引擎识别
[2021-07-09 23:56:17] [INFO] 本次运行已成功注销店铺会员数量为： 40
[2021-07-09 23:56:17] [INFO] 开始注销店铺 天合品牌自营
[2021-07-09 23:56:25] [INFO] 正在通过本地引擎识别
[2021-07-09 23:56:32] [INFO] 本次运行已成功注销店铺会员数量为： 41
[2021-07-09 23:56:32] [INFO] 开始注销店铺 飞利浦净水
[2021-07-09 23:56:37] [INFO] 正在通过本地引擎识别
[2021-07-09 23:56:44] [INFO] 本次运行已成功注销店铺会员数量为： 42
[2021-07-09 23:56:44] [INFO] 开始注销店铺 阿道夫VIP
[2021-07-09 23:57:45] [INFO] 等待websocket推送短信验证码超时，即将跳过 阿道夫VIP
[2021-07-09 23:57:45] [INFO] 开始注销店铺 荣耀会员
[2021-07-09 23:57:53] [INFO] 正在通过本地引擎识别
[2021-07-09 23:57:56] [INFO] 验证码位置点击错误，尝试再试一次
[2021-07-09 23:57:57] [INFO] 正在通过本地引擎识别
[2021-07-09 23:58:02] [INFO] 本次运行已成功注销店铺会员数量为： 43
[2021-07-09 23:58:02] [INFO] 开始注销店铺 康比特会员
[2021-07-09 23:58:11] [INFO] 正在通过本地引擎识别
[2021-07-09 23:58:18] [INFO] 本次运行已成功注销店铺会员数量为： 44
[2021-07-09 23:58:18] [INFO] 开始注销店铺 中兴会员卡
[2021-07-09 23:58:23] [INFO] 正在通过本地引擎识别
[2021-07-09 23:58:30] [INFO] 本次运行已成功注销店铺会员数量为： 45
[2021-07-09 23:58:30] [INFO] 开始注销店铺 欧乐B
[2021-07-09 23:58:38] [INFO] 正在通过本地引擎识别
[2021-07-09 23:58:45] [INFO] 本次运行已成功注销店铺会员数量为： 46
[2021-07-09 23:58:45] [INFO] 本轮店铺已执行完，即将开始获取下一轮店铺
[2021-07-09 23:58:45] [INFO] 本轮运行获取到 21 家店铺会员信息
[2021-07-09 23:58:46] [INFO] 开始注销店铺 格力电器
[2021-07-09 23:59:47] [INFO] 等待websocket推送短信验证码超时，即将跳过 格力电器
[2021-07-09 23:59:47] [INFO] 开始注销店铺 兰雀品牌会员
[2021-07-09 23:59:53] [INFO] 正在通过本地引擎识别
[2021-07-10 00:00:00] [INFO] 本次运行已成功注销店铺会员数量为： 47
[2021-07-10 00:00:00] [INFO] 开始注销店铺 卡士酸奶会员卡
[2021-07-10 00:00:05] [INFO] 正在通过本地引擎识别
[2021-07-10 00:00:12] [INFO] 本次运行已成功注销店铺会员数量为： 48
[2021-07-10 00:00:12] [INFO] 开始注销店铺 汾酒
[2021-07-10 00:00:17] [INFO] 正在通过本地引擎识别
[2021-07-10 00:00:20] [INFO] 验证码位置点击错误，尝试再试一次
[2021-07-10 00:00:21] [INFO] 正在通过本地引擎识别
[2021-07-10 00:00:27] [INFO] 本次运行已成功注销店铺会员数量为： 49
[2021-07-10 00:00:27] [INFO] 开始注销店铺 阿道夫VIP
[2021-07-10 00:00:35] [INFO] 正在通过本地引擎识别
[2021-07-10 00:00:42] [INFO] 本次运行已成功注销店铺会员数量为： 50
[2021-07-10 00:00:42] [INFO] 开始注销店铺 美乐会员卡
[2021-07-10 00:00:50] [INFO] 正在通过本地引擎识别
[2021-07-10 00:00:57] [INFO] 本次运行已成功注销店铺会员数量为： 51
[2021-07-10 00:00:57] [INFO] 开始注销店铺 资生堂
[2021-07-10 00:01:58] [INFO] 等待websocket推送短信验证码超时，即将跳过 资生堂
[2021-07-10 00:01:58] [INFO] 开始注销店铺 太粮米业会员
[2021-07-10 00:02:09] [INFO] 正在通过本地引擎识别
[2021-07-10 00:02:15] [INFO] 本次运行已成功注销店铺会员数量为： 52
[2021-07-10 00:02:15] [INFO] 开始注销店铺 江小白品酒师
[2021-07-10 00:02:21] [INFO] 正在通过本地引擎识别
[2021-07-10 00:02:27] [INFO] 本次运行已成功注销店铺会员数量为： 53
[2021-07-10 00:02:27] [INFO] 开始注销店铺 仰韶彩陶坊
[2021-07-10 00:02:33] [INFO] 正在通过本地引擎识别
[2021-07-10 00:02:39] [INFO] 本次运行已成功注销店铺会员数量为： 54
[2021-07-10 00:02:39] [INFO] 开始注销店铺 巴黎欧莱雅
[2021-07-10 00:02:48] [INFO] 正在通过本地引擎识别
[2021-07-10 00:02:51] [INFO] 验证码位置点击错误，尝试再试一次
[2021-07-10 00:02:52] [INFO] 正在通过本地引擎识别
[2021-07-10 00:02:58] [INFO] 本次运行已成功注销店铺会员数量为： 55
[2021-07-10 00:02:58] [INFO] 开始注销店铺 小糊涂仙京东
[2021-07-10 00:03:59] [INFO] 等待websocket推送短信验证码超时，即将跳过 小糊涂仙京东
[2021-07-10 00:03:59] [INFO] 开始注销店铺 李宁品牌VIP
