[2021-07-04 10:01:01] [INFO] 本轮运行获取到 50 家店铺会员信息
[2021-07-04 10:01:02] [INFO] 开始注销店铺 PUMA会员卡
[2021-07-04 10:01:11] [INFO] 正在通过本地引擎识别
[2021-07-04 10:01:18] [INFO] 本次运行已成功注销店铺会员数量为： 1
[2021-07-04 10:01:18] [INFO] 开始注销店铺 统帅会员
[2021-07-04 10:01:26] [INFO] 正在通过本地引擎识别
[2021-07-04 10:01:29] [INFO] 验证码位置点击错误，尝试再试一次
[2021-07-04 10:01:30] [INFO] 正在通过本地引擎识别
[2021-07-04 10:01:36] [INFO] 本次运行已成功注销店铺会员数量为： 2
[2021-07-04 10:01:37] [INFO] 开始注销店铺 安踏VIP
[2021-07-04 10:01:44] [INFO] 正在通过本地引擎识别
[2021-07-04 10:01:51] [INFO] 本次运行已成功注销店铺会员数量为： 3
[2021-07-04 10:01:51] [INFO] 开始注销店铺 西部数据
[2021-07-04 10:01:59] [INFO] 正在通过本地引擎识别
[2021-07-04 10:02:06] [INFO] 本次运行已成功注销店铺会员数量为： 4
[2021-07-04 10:02:06] [INFO] 开始注销店铺 酷客卡
[2021-07-04 10:02:14] [INFO] 正在通过本地引擎识别
[2021-07-04 10:02:18] [INFO] 验证码位置点击错误，尝试再试一次
[2021-07-04 10:02:19] [INFO] 正在通过本地引擎识别
[2021-07-04 10:02:25] [INFO] 本次运行已成功注销店铺会员数量为： 5
[2021-07-04 10:02:25] [INFO] 开始注销店铺 卡萨帝会员
[2021-07-04 10:02:35] [INFO] 正在通过本地引擎识别
[2021-07-04 10:02:39] [INFO] 验证码位置点击错误，尝试再试一次
[2021-07-04 10:02:40] [INFO] 正在通过本地引擎识别
[2021-07-04 10:02:45] [INFO] 本次运行已成功注销店铺会员数量为： 6
[2021-07-04 10:02:45] [INFO] 开始注销店铺 蓝河会员卡
[2021-07-04 10:02:53] [INFO] 正在通过本地引擎识别
[2021-07-04 10:03:00] [INFO] 本次运行已成功注销店铺会员数量为： 7
[2021-07-04 10:03:00] [INFO] 开始注销店铺 蜂花VIP
[2021-07-04 10:03:08] [INFO] 正在通过本地引擎识别
[2021-07-04 10:03:16] [INFO] 本次运行已成功注销店铺会员数量为： 8
[2021-07-04 10:03:16] [INFO] 开始注销店铺 爱思贝会员卡
[2021-07-04 10:03:23] [INFO] 正在通过本地引擎识别
[2021-07-04 10:03:30] [INFO] 本次运行已成功注销店铺会员数量为： 9
[2021-07-04 10:03:31] [INFO] 开始注销店铺 小欧CLUB
[2021-07-04 10:03:38] [INFO] 正在通过本地引擎识别
[2021-07-04 10:03:45] [INFO] 本次运行已成功注销店铺会员数量为： 10
[2021-07-04 10:03:45] [INFO] 开始注销店铺 美的会员
[2021-07-04 10:03:54] [INFO] 正在通过本地引擎识别
[2021-07-04 10:04:00] [INFO] 本次运行已成功注销店铺会员数量为： 11
[2021-07-04 10:04:01] [INFO] 开始注销店铺 東芝会员
[2021-07-04 10:04:09] [INFO] 正在通过本地引擎识别
[2021-07-04 10:04:15] [INFO] 本次运行已成功注销店铺会员数量为： 12
[2021-07-04 10:04:16] [INFO] 开始注销店铺 超级米粉卡
[2021-07-04 10:04:27] [INFO] 正在通过本地引擎识别
[2021-07-04 10:04:34] [INFO] 本次运行已成功注销店铺会员数量为： 13
[2021-07-04 10:04:34] [INFO] 开始注销店铺 贝因美
[2021-07-04 10:04:42] [INFO] 正在通过本地引擎识别
[2021-07-04 10:04:48] [INFO] 本次运行已成功注销店铺会员数量为： 14
[2021-07-04 10:04:49] [INFO] 开始注销店铺  
[2021-07-04 10:04:57] [INFO] 正在通过本地引擎识别
[2021-07-04 10:05:04] [INFO] 本次运行已成功注销店铺会员数量为： 15
[2021-07-04 10:05:04] [INFO] 开始注销店铺 泰山原浆会员
[2021-07-04 10:05:12] [INFO] 正在通过本地引擎识别
[2021-07-04 10:05:19] [INFO] 本次运行已成功注销店铺会员数量为： 16
[2021-07-04 10:05:19] [INFO] 开始注销店铺 兰蔻
[2021-07-04 10:05:27] [INFO] 正在通过本地引擎识别
[2021-07-04 10:05:34] [INFO] 本次运行已成功注销店铺会员数量为： 17
[2021-07-04 10:05:34] [INFO] 开始注销店铺 绿色溪谷会员
[2021-07-04 10:05:42] [INFO] 正在通过本地引擎识别
[2021-07-04 10:05:49] [INFO] 本次运行已成功注销店铺会员数量为： 18
[2021-07-04 10:05:49] [INFO] 开始注销店铺 华硕品牌会员
[2021-07-04 10:05:57] [INFO] 正在通过本地引擎识别
[2021-07-04 10:06:04] [INFO] 本次运行已成功注销店铺会员数量为： 19
[2021-07-04 10:06:04] [INFO] 开始注销店铺 壹生粮会员卡
[2021-07-04 10:06:12] [INFO] 正在通过本地引擎识别
[2021-07-04 10:06:15] [INFO] 验证码位置点击错误，尝试再试一次
[2021-07-04 10:06:16] [INFO] 正在通过本地引擎识别
[2021-07-04 10:06:22] [INFO] 本次运行已成功注销店铺会员数量为： 20
[2021-07-04 10:06:22] [INFO] 开始注销店铺 SK-II
[2021-07-04 10:06:30] [INFO] 正在通过本地引擎识别
[2021-07-04 10:06:34] [INFO] 验证码位置点击错误，尝试再试一次
[2021-07-04 10:06:35] [INFO] 正在通过本地引擎识别
[2021-07-04 10:07:08] [ERROR] 发生了一点小问题： ('图形验证码识别超时 SK-II', None, None)
[2021-07-04 10:07:08] [INFO] 开始注销店铺 PA card
[2021-07-04 10:07:18] [INFO] 正在通过本地引擎识别
[2021-07-04 10:07:21] [INFO] 验证码位置点击错误，尝试再试一次
[2021-07-04 10:07:22] [INFO] 正在通过本地引擎识别
[2021-07-04 10:07:28] [INFO] 本次运行已成功注销店铺会员数量为： 21
[2021-07-04 10:07:28] [INFO] 开始注销店铺 碧欧泉
[2021-07-04 10:07:36] [INFO] 正在通过本地引擎识别
[2021-07-04 10:07:43] [INFO] 本次运行已成功注销店铺会员数量为： 22
[2021-07-04 10:07:43] [INFO] 开始注销店铺 尊享会员卡
[2021-07-04 10:07:51] [INFO] 正在通过本地引擎识别
[2021-07-04 10:07:58] [INFO] 本次运行已成功注销店铺会员数量为： 23
[2021-07-04 10:07:58] [INFO] 开始注销店铺 金沙酒类旗舰店
[2021-07-04 10:08:06] [INFO] 正在通过本地引擎识别
[2021-07-04 10:08:13] [INFO] 本次运行已成功注销店铺会员数量为： 24
[2021-07-04 10:08:13] [INFO] 开始注销店铺 星巴克即饮咖啡
[2021-07-04 10:08:21] [INFO] 正在通过本地引擎识别
[2021-07-04 10:08:25] [INFO] 验证码位置点击错误，尝试再试一次
[2021-07-04 10:08:26] [INFO] 正在通过本地引擎识别
[2021-07-04 10:08:58] [ERROR] 发生了一点小问题： ('图形验证码识别超时 星巴克即饮咖啡', None, None)
[2021-07-04 10:08:58] [INFO] 开始注销店铺 小罐茶旗舰店
[2021-07-04 10:09:06] [INFO] 正在通过本地引擎识别
[2021-07-04 10:09:13] [INFO] 本次运行已成功注销店铺会员数量为： 25
[2021-07-04 10:09:14] [INFO] 开始注销店铺 荷美尔会员卡
[2021-07-04 10:09:21] [INFO] 正在通过本地引擎识别
[2021-07-04 10:09:28] [INFO] 本次运行已成功注销店铺会员数量为： 26
[2021-07-04 10:09:28] [INFO] 开始注销店铺 自然堂
[2021-07-04 10:09:37] [INFO] 正在通过本地引擎识别
[2021-07-04 10:09:40] [INFO] 验证码位置点击错误，尝试再试一次
[2021-07-04 10:09:41] [INFO] 正在通过本地引擎识别
[2021-07-04 10:09:46] [INFO] 本次运行已成功注销店铺会员数量为： 27
[2021-07-04 10:09:47] [INFO] 开始注销店铺 小角楼·京东
[2021-07-04 10:09:55] [INFO] 正在通过本地引擎识别
[2021-07-04 10:10:02] [INFO] 本次运行已成功注销店铺会员数量为： 28
[2021-07-04 10:10:02] [INFO] 开始注销店铺 荣耀会员
[2021-07-04 10:10:10] [INFO] 正在通过本地引擎识别
[2021-07-04 10:10:18] [INFO] 本次运行已成功注销店铺会员数量为： 29
[2021-07-04 10:10:18] [INFO] 开始注销店铺 中兴会员卡
[2021-07-04 10:10:25] [INFO] 正在通过本地引擎识别
[2021-07-04 10:10:37] [INFO] 本次运行已成功注销店铺会员数量为： 30
[2021-07-04 10:10:37] [INFO] 开始注销店铺 波司登品牌会员
[2021-07-04 10:10:43] [INFO] 正在通过本地引擎识别
[2021-07-04 10:10:55] [INFO] 本次运行已成功注销店铺会员数量为： 31
[2021-07-04 10:10:55] [INFO] 开始注销店铺 米小芽VIP卡
[2021-07-04 10:11:04] [INFO] 正在通过本地引擎识别
[2021-07-04 10:11:12] [INFO] 本次运行已成功注销店铺会员数量为： 32
[2021-07-04 10:11:12] [INFO] 开始注销店铺 欧乐B
[2021-07-04 10:11:22] [INFO] 正在通过本地引擎识别
[2021-07-04 10:11:30] [INFO] 本次运行已成功注销店铺会员数量为： 33
[2021-07-04 10:11:30] [INFO] 开始注销店铺 安踏VIP
[2021-07-04 10:11:40] [INFO] 正在通过本地引擎识别
[2021-07-04 10:11:48] [INFO] 本次运行已成功注销店铺会员数量为： 34
[2021-07-04 10:11:48] [INFO] 开始注销店铺 飞利浦
[2021-07-04 10:11:55] [INFO] 正在通过本地引擎识别
[2021-07-04 10:12:05] [INFO] 本次运行已成功注销店铺会员数量为： 35
[2021-07-04 10:12:05] [INFO] 开始注销店铺 九阳
[2021-07-04 10:12:13] [INFO] 正在通过本地引擎识别
[2021-07-04 10:12:20] [INFO] 本次运行已成功注销店铺会员数量为： 36
[2021-07-04 10:12:20] [INFO] 开始注销店铺 滔搏运动
[2021-07-04 10:12:28] [INFO] 正在通过本地引擎识别
[2021-07-04 10:12:35] [INFO] 本次运行已成功注销店铺会员数量为： 37
[2021-07-04 10:12:35] [INFO] 开始注销店铺 蓝宝食京东自营
[2021-07-04 10:12:43] [INFO] 正在通过本地引擎识别
[2021-07-04 10:12:50] [INFO] 本次运行已成功注销店铺会员数量为： 38
[2021-07-04 10:12:50] [INFO] 开始注销店铺 格力电器
[2021-07-04 10:12:58] [INFO] 正在通过本地引擎识别
[2021-07-04 10:13:05] [INFO] 本次运行已成功注销店铺会员数量为： 39
[2021-07-04 10:13:05] [INFO] 开始注销店铺 汤臣倍健
[2021-07-04 10:13:10] [INFO] 正在通过本地引擎识别
[2021-07-04 10:13:17] [INFO] 本次运行已成功注销店铺会员数量为： 40
[2021-07-04 10:13:17] [INFO] 开始注销店铺 小火车&托马斯
[2021-07-04 10:13:25] [INFO] 正在通过本地引擎识别
[2021-07-04 10:13:32] [INFO] 本次运行已成功注销店铺会员数量为： 41
[2021-07-04 10:13:32] [INFO] 开始注销店铺 卡士酸奶会员卡
[2021-07-04 10:13:40] [INFO] 正在通过本地引擎识别
[2021-07-04 10:13:44] [INFO] 验证码位置点击错误，尝试再试一次
[2021-07-04 10:13:45] [INFO] 正在通过本地引擎识别
[2021-07-04 10:13:50] [INFO] 本次运行已成功注销店铺会员数量为： 42
[2021-07-04 10:13:50] [INFO] 开始注销店铺 拜耳官方旗舰店
[2021-07-04 10:13:58] [INFO] 正在通过本地引擎识别
[2021-07-04 10:14:05] [INFO] 本次运行已成功注销店铺会员数量为： 43
[2021-07-04 10:14:05] [INFO] 开始注销店铺 汾酒
[2021-07-04 10:14:13] [INFO] 正在通过本地引擎识别
[2021-07-04 10:14:20] [INFO] 本次运行已成功注销店铺会员数量为： 44
[2021-07-04 10:14:20] [INFO] 开始注销店铺 金龙鱼
[2021-07-04 10:14:28] [INFO] 正在通过本地引擎识别
[2021-07-04 10:14:35] [INFO] 本次运行已成功注销店铺会员数量为： 45
[2021-07-04 10:14:35] [INFO] 开始注销店铺 滋源
[2021-07-04 10:14:43] [INFO] 正在通过本地引擎识别
[2021-07-04 10:14:50] [INFO] 本次运行已成功注销店铺会员数量为： 46
[2021-07-04 10:14:50] [INFO] 开始注销店铺 拜宠清
[2021-07-04 10:14:56] [INFO] 正在通过本地引擎识别
[2021-07-04 10:15:02] [INFO] 本次运行已成功注销店铺会员数量为： 47
[2021-07-04 10:15:02] [INFO] 开始注销店铺 伯纳天纯
[2021-07-04 10:15:11] [INFO] 正在通过本地引擎识别
[2021-07-04 10:15:18] [INFO] 本次运行已成功注销店铺会员数量为： 48
[2021-07-04 10:15:18] [INFO] 本轮店铺已执行完，即将开始获取下一轮店铺
[2021-07-04 10:15:19] [INFO] 本轮运行获取到 49 家店铺会员信息
[2021-07-04 10:15:19] [INFO] 开始注销店铺 欧舒丹丹粉
[2021-07-04 10:15:29] [INFO] 正在通过本地引擎识别
[2021-07-04 10:15:36] [INFO] 本次运行已成功注销店铺会员数量为： 49
[2021-07-04 10:15:37] [INFO] 开始注销店铺 AOC京东自营
[2021-07-04 10:15:44] [INFO] 正在通过本地引擎识别
[2021-07-04 10:15:51] [INFO] 本次运行已成功注销店铺会员数量为： 50
[2021-07-04 10:15:51] [INFO] 开始注销店铺 Beaba会员
[2021-07-04 10:15:59] [INFO] 正在通过本地引擎识别
[2021-07-04 10:16:02] [INFO] 验证码位置点击错误，尝试再试一次
[2021-07-04 10:16:03] [INFO] 正在通过本地引擎识别
[2021-07-04 10:16:09] [INFO] 本次运行已成功注销店铺会员数量为： 51
[2021-07-04 10:16:09] [INFO] 开始注销店铺 保乐力加会员
[2021-07-04 10:16:17] [INFO] 正在通过本地引擎识别
[2021-07-04 10:16:23] [INFO] 本次运行已成功注销店铺会员数量为： 52
[2021-07-04 10:16:23] [INFO] 开始注销店铺 BMW悦享会员
[2021-07-04 10:16:32] [INFO] 正在通过本地引擎识别
[2021-07-04 10:16:39] [INFO] 本次运行已成功注销店铺会员数量为： 53
[2021-07-04 10:16:39] [INFO] 开始注销店铺 奥丁格会员
[2021-07-04 10:16:50] [INFO] 正在通过本地引擎识别
[2021-07-04 10:16:57] [INFO] 本次运行已成功注销店铺会员数量为： 54
[2021-07-04 10:16:57] [INFO] 开始注销店铺 润本品牌会员
[2021-07-04 10:17:05] [INFO] 正在通过本地引擎识别
[2021-07-04 10:17:12] [INFO] 本次运行已成功注销店铺会员数量为： 55
[2021-07-04 10:17:12] [INFO] 开始注销店铺 海洋丝缎
[2021-07-04 10:17:20] [INFO] 正在通过本地引擎识别
[2021-07-04 10:17:27] [INFO] 本次运行已成功注销店铺会员数量为： 56
[2021-07-04 10:17:27] [INFO] 开始注销店铺 澳谷
[2021-07-04 10:17:35] [INFO] 正在通过本地引擎识别
[2021-07-04 10:17:38] [INFO] 验证码位置点击错误，尝试再试一次
[2021-07-04 10:17:39] [INFO] 正在通过本地引擎识别
[2021-07-04 10:17:45] [INFO] 本次运行已成功注销店铺会员数量为： 57
[2021-07-04 10:17:45] [INFO] 开始注销店铺 理象国会员
[2021-07-04 10:17:53] [INFO] 正在通过本地引擎识别
[2021-07-04 10:17:56] [INFO] 验证码位置点击错误，尝试再试一次
[2021-07-04 10:17:57] [INFO] 正在通过本地引擎识别
[2021-07-04 10:18:03] [INFO] 本次运行已成功注销店铺会员数量为： 58
[2021-07-04 10:18:03] [INFO] 开始注销店铺 SK-II
[2021-07-04 10:18:11] [INFO] 正在通过本地引擎识别
[2021-07-04 10:18:18] [INFO] 本次运行已成功注销店铺会员数量为： 59
[2021-07-04 10:18:18] [INFO] 开始注销店铺 科伦俱乐部
[2021-07-04 10:18:49] [ERROR] 发生了一点小问题： ('发送短信验证码超时 科伦俱乐部', None, None)
[2021-07-04 10:18:50] [INFO] 开始注销店铺 五粮浓香
[2021-07-04 10:18:59] [INFO] 正在通过本地引擎识别
[2021-07-04 10:19:06] [INFO] 本次运行已成功注销店铺会员数量为： 60
[2021-07-04 10:19:06] [INFO] 开始注销店铺 雅培血糖仪
[2021-07-04 10:19:17] [INFO] 正在通过本地引擎识别
[2021-07-04 10:19:24] [INFO] 本次运行已成功注销店铺会员数量为： 61
[2021-07-04 10:19:24] [INFO] 开始注销店铺 大力智能
[2021-07-04 10:19:29] [INFO] 正在通过本地引擎识别
[2021-07-04 10:19:36] [INFO] 本次运行已成功注销店铺会员数量为： 62
[2021-07-04 10:19:36] [INFO] 开始注销店铺 星巴克即饮咖啡
[2021-07-04 10:19:44] [INFO] 正在通过本地引擎识别
[2021-07-04 10:19:51] [INFO] 本次运行已成功注销店铺会员数量为： 63
[2021-07-04 10:19:51] [INFO] 开始注销店铺 怡宝
[2021-07-04 10:19:59] [INFO] 正在通过本地引擎识别
[2021-07-04 10:20:06] [INFO] 本次运行已成功注销店铺会员数量为： 64
[2021-07-04 10:20:06] [INFO] 开始注销店铺 myNB会员
[2021-07-04 10:20:15] [INFO] 正在通过本地引擎识别
[2021-07-04 10:20:18] [INFO] 验证码位置点击错误，尝试再试一次
[2021-07-04 10:20:19] [INFO] 正在通过本地引擎识别
[2021-07-04 10:20:24] [INFO] 本次运行已成功注销店铺会员数量为： 65
[2021-07-04 10:20:25] [INFO] 开始注销店铺 雀巢优活
[2021-07-04 10:20:33] [INFO] 正在通过本地引擎识别
[2021-07-04 10:20:40] [INFO] 本次运行已成功注销店铺会员数量为： 66
[2021-07-04 10:20:40] [INFO] 开始注销店铺 丹泉品牌会员
[2021-07-04 10:20:48] [INFO] 正在通过本地引擎识别
[2021-07-04 10:20:54] [INFO] 本次运行已成功注销店铺会员数量为： 67
[2021-07-04 10:20:55] [INFO] 开始注销店铺 欣奕京东自营店
[2021-07-04 10:21:03] [INFO] 正在通过本地引擎识别
[2021-07-04 10:21:10] [INFO] 本次运行已成功注销店铺会员数量为： 68
[2021-07-04 10:21:10] [INFO] 开始注销店铺 麦德氏
[2021-07-04 10:21:18] [INFO] 正在通过本地引擎识别
[2021-07-04 10:21:24] [INFO] 本次运行已成功注销店铺会员数量为： 69
[2021-07-04 10:21:25] [INFO] 开始注销店铺 健康100
[2021-07-04 10:21:33] [INFO] 正在通过本地引擎识别
[2021-07-04 10:21:40] [INFO] 本次运行已成功注销店铺会员数量为： 70
[2021-07-04 10:21:40] [INFO] 开始注销店铺 保乐力加会员
[2021-07-04 10:21:48] [INFO] 正在通过本地引擎识别
[2021-07-04 10:21:57] [INFO] 本次运行已成功注销店铺会员数量为： 71
[2021-07-04 10:21:57] [INFO] 开始注销店铺 苏泊尔品牌会员
[2021-07-04 10:22:03] [INFO] 正在通过本地引擎识别
[2021-07-04 10:22:10] [INFO] 本次运行已成功注销店铺会员数量为： 72
[2021-07-04 10:22:10] [INFO] 开始注销店铺 格力高
[2021-07-04 10:22:18] [INFO] 正在通过本地引擎识别
[2021-07-04 10:22:25] [INFO] 本次运行已成功注销店铺会员数量为： 73
[2021-07-04 10:22:25] [INFO] 开始注销店铺 晖致
[2021-07-04 10:22:33] [INFO] 正在通过本地引擎识别
[2021-07-04 10:22:40] [INFO] 本次运行已成功注销店铺会员数量为： 74
[2021-07-04 10:22:40] [INFO] 开始注销店铺 兔头妈妈甄选
[2021-07-04 10:22:48] [INFO] 正在通过本地引擎识别
[2021-07-04 10:22:55] [INFO] 本次运行已成功注销店铺会员数量为： 75
[2021-07-04 10:22:55] [INFO] 开始注销店铺 美孚
[2021-07-04 10:23:03] [INFO] 正在通过本地引擎识别
[2021-07-04 10:23:10] [INFO] 本次运行已成功注销店铺会员数量为： 76
[2021-07-04 10:23:10] [INFO] 开始注销店铺 科勒自营旗舰店
[2021-07-04 10:23:18] [INFO] 正在通过本地引擎识别
[2021-07-04 10:23:25] [INFO] 本次运行已成功注销店铺会员数量为： 77
[2021-07-04 10:23:25] [INFO] 开始注销店铺 资生堂
[2021-07-04 10:23:33] [INFO] 正在通过本地引擎识别
[2021-07-04 10:23:40] [INFO] 本次运行已成功注销店铺会员数量为： 78
[2021-07-04 10:23:40] [INFO] 开始注销店铺 妈咪爱会员
[2021-07-04 10:23:48] [INFO] 正在通过本地引擎识别
[2021-07-04 10:23:55] [INFO] 本次运行已成功注销店铺会员数量为： 79
[2021-07-04 10:23:55] [INFO] 开始注销店铺 衡水老白干
[2021-07-04 10:24:00] [INFO] 正在通过本地引擎识别
[2021-07-04 10:24:07] [INFO] 本次运行已成功注销店铺会员数量为： 80
[2021-07-04 10:24:07] [INFO] 开始注销店铺 好想你
[2021-07-04 10:24:15] [INFO] 正在通过本地引擎识别
[2021-07-04 10:24:22] [INFO] 本次运行已成功注销店铺会员数量为： 81
[2021-07-04 10:24:22] [INFO] 开始注销店铺 太粮米业会员
[2021-07-04 10:24:30] [INFO] 正在通过本地引擎识别
[2021-07-04 10:24:37] [INFO] 本次运行已成功注销店铺会员数量为： 82
[2021-07-04 10:24:37] [INFO] 开始注销店铺 夏依女神卡
[2021-07-04 10:24:42] [INFO] 正在通过本地引擎识别
[2021-07-04 10:24:49] [INFO] 本次运行已成功注销店铺会员数量为： 83
[2021-07-04 10:24:49] [INFO] 开始注销店铺 美德乐
[2021-07-04 10:24:57] [INFO] 正在通过本地引擎识别
[2021-07-04 10:25:05] [INFO] 本次运行已成功注销店铺会员数量为： 84
[2021-07-04 10:25:05] [INFO] 开始注销店铺 巴黎欧莱雅
[2021-07-04 10:25:12] [INFO] 正在通过本地引擎识别
[2021-07-04 10:25:19] [INFO] 本次运行已成功注销店铺会员数量为： 85
[2021-07-04 10:25:19] [INFO] 开始注销店铺 安速白元
[2021-07-04 10:25:28] [INFO] 正在通过本地引擎识别
[2021-07-04 10:25:34] [INFO] 本次运行已成功注销店铺会员数量为： 86
[2021-07-04 10:25:34] [INFO] 开始注销店铺 慕尼思丹会员
[2021-07-04 10:25:40] [INFO] 正在通过本地引擎识别
[2021-07-04 10:25:46] [INFO] 本次运行已成功注销店铺会员数量为： 87
[2021-07-04 10:25:46] [INFO] 开始注销店铺 小糊涂仙京东
[2021-07-04 10:25:52] [INFO] 正在通过本地引擎识别
[2021-07-04 10:25:58] [INFO] 本次运行已成功注销店铺会员数量为： 88
[2021-07-04 10:25:58] [INFO] 开始注销店铺 方太自营旗舰店
[2021-07-04 10:26:07] [INFO] 正在通过本地引擎识别
[2021-07-04 10:26:13] [INFO] 本次运行已成功注销店铺会员数量为： 89
[2021-07-04 10:26:13] [INFO] 开始注销店铺 梅见品鉴官
[2021-07-04 10:26:22] [INFO] 正在通过本地引擎识别
[2021-07-04 10:26:25] [INFO] 验证码位置点击错误，尝试再试一次
[2021-07-04 10:26:26] [INFO] 正在通过本地引擎识别
[2021-07-04 10:26:31] [INFO] 本次运行已成功注销店铺会员数量为： 90
[2021-07-04 10:26:32] [INFO] 开始注销店铺 吉香居品牌会员
[2021-07-04 10:26:40] [INFO] 正在通过本地引擎识别
[2021-07-04 10:26:46] [INFO] 本次运行已成功注销店铺会员数量为： 91
[2021-07-04 10:26:47] [INFO] 开始注销店铺 心相印会员
[2021-07-04 10:26:55] [INFO] 正在通过本地引擎识别
[2021-07-04 10:27:01] [INFO] 本次运行已成功注销店铺会员数量为： 92
[2021-07-04 10:27:02] [INFO] 开始注销店铺 艾恩摩尔
[2021-07-04 10:27:10] [INFO] 正在通过本地引擎识别
[2021-07-04 10:27:17] [INFO] 本次运行已成功注销店铺会员数量为： 93
[2021-07-04 10:27:17] [INFO] 开始注销店铺 巴黎贝甜会员
[2021-07-04 10:27:25] [INFO] 正在通过本地引擎识别
[2021-07-04 10:27:32] [INFO] 本次运行已成功注销店铺会员数量为： 94
[2021-07-04 10:27:32] [INFO] 开始注销店铺 玉泽品牌会员卡
[2021-07-04 10:27:40] [INFO] 正在通过本地引擎识别
[2021-07-04 10:27:43] [INFO] 验证码位置点击错误，尝试再试一次
[2021-07-04 10:27:44] [INFO] 正在通过本地引擎识别
[2021-07-04 10:27:50] [INFO] 本次运行已成功注销店铺会员数量为： 95
[2021-07-04 10:27:50] [INFO] 开始注销店铺 修哲
[2021-07-04 10:27:55] [INFO] 正在通过本地引擎识别
[2021-07-04 10:28:02] [INFO] 本次运行已成功注销店铺会员数量为： 96
[2021-07-04 10:28:02] [INFO] 本轮店铺已执行完，即将开始获取下一轮店铺
[2021-07-04 10:28:02] [INFO] 本轮运行获取到 1 家店铺会员信息
[2021-07-04 10:28:02] [INFO] 开始注销店铺 科伦俱乐部
[2021-07-04 10:28:10] [INFO] 正在通过本地引擎识别
[2021-07-04 10:28:17] [INFO] 本次运行已成功注销店铺会员数量为： 97
[2021-07-04 10:28:17] [INFO] 本轮店铺已执行完，即将开始获取下一轮店铺
[2021-07-04 10:28:17] [INFO] 当前接口获取到的店铺列表和上一轮一致，认为接口缓存还未刷新，即将尝试刷新缓存
[2021-07-04 10:28:18] [INFO] 理论上缓存已经刷新成功，如页面未成功自动刷新请及时反馈
[2021-07-04 10:28:18] [INFO] 本次运行获取到的店铺数为0个，判断为没有需要注销的店铺，即将退出程序
[2021-07-04 10:29:50] [INFO] 本次运行获取到的店铺数为0个，判断为没有需要注销的店铺，即将退出程序
[2021-07-04 11:03:09] [INFO] 本轮运行获取到 50 家店铺会员信息
[2021-07-04 11:03:09] [INFO] 开始注销店铺 欧舒丹丹粉
[2021-07-04 11:03:20] [INFO] 正在通过本地引擎识别
[2021-07-04 11:03:27] [INFO] 本次运行已成功注销店铺会员数量为： 1
[2021-07-04 11:03:27] [INFO] 开始注销店铺 多多宠粉卡
[2021-07-04 11:03:35] [INFO] 正在通过本地引擎识别
[2021-07-04 11:03:41] [INFO] 本次运行已成功注销店铺会员数量为： 2
[2021-07-04 11:03:42] [INFO] 开始注销店铺 来伊份旗舰店
[2021-07-04 11:03:47] [INFO] 正在通过本地引擎识别
[2021-07-04 11:03:53] [INFO] 本次运行已成功注销店铺会员数量为： 3
[2021-07-04 11:03:54] [INFO] 开始注销店铺 黄飞红功夫家族
[2021-07-04 11:03:59] [INFO] 正在通过本地引擎识别
[2021-07-04 11:04:05] [INFO] 本次运行已成功注销店铺会员数量为： 4
[2021-07-04 11:04:06] [INFO] 开始注销店铺 绿巨能官方自营
[2021-07-04 11:04:14] [INFO] 正在通过本地引擎识别
[2021-07-04 11:04:21] [INFO] 本次运行已成功注销店铺会员数量为： 5
[2021-07-04 11:04:21] [INFO] 开始注销店铺 好太太VIP
[2021-07-04 11:04:29] [INFO] 正在通过本地引擎识别
[2021-07-04 11:04:36] [INFO] 本次运行已成功注销店铺会员数量为： 6
[2021-07-04 11:04:36] [INFO] 开始注销店铺 加州乐事自营
[2021-07-04 11:04:43] [INFO] 正在通过本地引擎识别
[2021-07-04 11:04:46] [INFO] 验证码位置点击错误，尝试再试一次
[2021-07-04 11:04:47] [INFO] 正在通过本地引擎识别
[2021-07-04 11:04:53] [INFO] 本次运行已成功注销店铺会员数量为： 7
[2021-07-04 11:04:53] [INFO] 开始注销店铺 香飘飘
[2021-07-04 11:05:01] [INFO] 正在通过本地引擎识别
[2021-07-04 11:05:08] [INFO] 本次运行已成功注销店铺会员数量为： 8
[2021-07-04 11:05:08] [INFO] 开始注销店铺 海尔
[2021-07-04 11:05:16] [INFO] 正在通过本地引擎识别
[2021-07-04 11:05:23] [INFO] 本次运行已成功注销店铺会员数量为： 9
[2021-07-04 11:05:23] [INFO] 开始注销店铺 倍轻松
[2021-07-04 11:05:31] [INFO] 正在通过本地引擎识别
[2021-07-04 11:05:38] [INFO] 本次运行已成功注销店铺会员数量为： 10
[2021-07-04 11:05:38] [INFO] 开始注销店铺 韩束
[2021-07-04 11:05:43] [INFO] 正在通过本地引擎识别
[2021-07-04 11:05:50] [INFO] 本次运行已成功注销店铺会员数量为： 11
[2021-07-04 11:05:50] [INFO] 开始注销店铺 盛宝
[2021-07-04 11:05:59] [INFO] 正在通过本地引擎识别
[2021-07-04 11:06:05] [INFO] 本次运行已成功注销店铺会员数量为： 12
[2021-07-04 11:06:06] [INFO] 开始注销店铺 娇韵诗宠粉社
[2021-07-04 11:06:14] [INFO] 正在通过本地引擎识别
[2021-07-04 11:06:20] [INFO] 本次运行已成功注销店铺会员数量为： 13
[2021-07-04 11:06:20] [INFO] 开始注销店铺 君乐宝奶粉
[2021-07-04 11:06:29] [INFO] 正在通过本地引擎识别
[2021-07-04 11:06:35] [INFO] 本次运行已成功注销店铺会员数量为： 14
[2021-07-04 11:06:35] [INFO] 开始注销店铺 广州酒家
[2021-07-04 11:06:44] [INFO] 正在通过本地引擎识别
[2021-07-04 11:06:50] [INFO] 本次运行已成功注销店铺会员数量为： 15
[2021-07-04 11:06:50] [INFO] 开始注销店铺 全棉时代
[2021-07-04 11:06:59] [INFO] 正在通过本地引擎识别
[2021-07-04 11:07:05] [INFO] 本次运行已成功注销店铺会员数量为： 16
[2021-07-04 11:07:05] [INFO] 开始注销店铺 DW品牌会员
[2021-07-04 11:07:14] [INFO] 正在通过本地引擎识别
[2021-07-04 11:07:20] [INFO] 本次运行已成功注销店铺会员数量为： 17
[2021-07-04 11:07:21] [INFO] 开始注销店铺 vivo
[2021-07-04 11:07:29] [INFO] 正在通过本地引擎识别
[2021-07-04 11:07:35] [INFO] 本次运行已成功注销店铺会员数量为： 18
[2021-07-04 11:07:36] [INFO] 开始注销店铺 美度MIDO
[2021-07-04 11:07:44] [INFO] 正在通过本地引擎识别
[2021-07-04 11:07:51] [INFO] 本次运行已成功注销店铺会员数量为： 19
[2021-07-04 11:07:51] [INFO] 开始注销店铺 杰士邦
[2021-07-04 11:07:59] [INFO] 正在通过本地引擎识别
[2021-07-04 11:08:06] [INFO] 本次运行已成功注销店铺会员数量为： 20
[2021-07-04 11:08:06] [INFO] 开始注销店铺 伊利金领冠
[2021-07-04 11:08:14] [INFO] 正在通过本地引擎识别
[2021-07-04 11:08:21] [INFO] 本次运行已成功注销店铺会员数量为： 21
[2021-07-04 11:08:21] [INFO] 开始注销店铺 A21
[2021-07-04 11:08:29] [INFO] 正在通过本地引擎识别
[2021-07-04 11:08:36] [INFO] 本次运行已成功注销店铺会员数量为： 22
[2021-07-04 11:08:36] [INFO] 开始注销店铺 孩之宝
[2021-07-04 11:08:44] [INFO] 正在通过本地引擎识别
[2021-07-04 11:08:51] [INFO] 本次运行已成功注销店铺会员数量为： 23
[2021-07-04 11:08:51] [INFO] 开始注销店铺 对子哈特
[2021-07-04 11:08:59] [INFO] 正在通过本地引擎识别
[2021-07-04 11:09:06] [INFO] 本次运行已成功注销店铺会员数量为： 24
[2021-07-04 11:09:07] [INFO] 开始注销店铺 蒙牛
[2021-07-04 11:09:14] [INFO] 正在通过本地引擎识别
[2021-07-04 11:09:21] [INFO] 本次运行已成功注销店铺会员数量为： 25
[2021-07-04 11:09:21] [INFO] 开始注销店铺 洁客会员卡
[2021-07-04 11:09:26] [INFO] 正在通过本地引擎识别
[2021-07-04 11:09:33] [INFO] 本次运行已成功注销店铺会员数量为： 26
[2021-07-04 11:09:33] [INFO] 开始注销店铺 索粉卡
[2021-07-04 11:09:41] [INFO] 正在通过本地引擎识别
[2021-07-04 11:09:48] [INFO] 本次运行已成功注销店铺会员数量为： 27
[2021-07-04 11:09:48] [INFO] 开始注销店铺 徐福记
[2021-07-04 11:09:57] [INFO] 正在通过本地引擎识别
[2021-07-04 11:10:03] [INFO] 本次运行已成功注销店铺会员数量为： 28
[2021-07-04 11:10:03] [INFO] 开始注销店铺 杜康
[2021-07-04 11:10:12] [INFO] 正在通过本地引擎识别
[2021-07-04 11:10:15] [INFO] 验证码位置点击错误，尝试再试一次
[2021-07-04 11:10:16] [INFO] 正在通过本地引擎识别
[2021-07-04 11:10:21] [INFO] 本次运行已成功注销店铺会员数量为： 29
[2021-07-04 11:10:21] [INFO] 开始注销店铺 伊利成人粉
[2021-07-04 11:10:27] [INFO] 正在通过本地引擎识别
[2021-07-04 11:10:33] [INFO] 本次运行已成功注销店铺会员数量为： 30
[2021-07-04 11:10:33] [INFO] 开始注销店铺 红星二锅头
[2021-07-04 11:10:42] [INFO] 正在通过本地引擎识别
[2021-07-04 11:10:48] [INFO] 本次运行已成功注销店铺会员数量为： 31
[2021-07-04 11:10:48] [INFO] 开始注销店铺 郎酒旗舰店会员
[2021-07-04 11:10:57] [INFO] 正在通过本地引擎识别
[2021-07-04 11:11:03] [INFO] 本次运行已成功注销店铺会员数量为： 32
[2021-07-04 11:11:04] [INFO] 开始注销店铺 香丹清
[2021-07-04 11:11:12] [INFO] 正在通过本地引擎识别
[2021-07-04 11:11:18] [INFO] 本次运行已成功注销店铺会员数量为： 33
[2021-07-04 11:11:19] [INFO] 开始注销店铺 大岛椿尊贵会员
[2021-07-04 11:11:27] [INFO] 正在通过本地引擎识别
[2021-07-04 11:11:33] [INFO] 本次运行已成功注销店铺会员数量为： 34
[2021-07-04 11:11:34] [INFO] 开始注销店铺 相宜本草
[2021-07-04 11:11:42] [INFO] 正在通过本地引擎识别
[2021-07-04 11:11:49] [INFO] 本次运行已成功注销店铺会员数量为： 35
[2021-07-04 11:11:49] [INFO] 开始注销店铺 斑布
[2021-07-04 11:11:57] [INFO] 正在通过本地引擎识别
[2021-07-04 11:12:04] [INFO] 本次运行已成功注销店铺会员数量为： 36
[2021-07-04 11:12:04] [INFO] 开始注销店铺 BT card
[2021-07-04 11:12:12] [INFO] 正在通过本地引擎识别
[2021-07-04 11:12:19] [INFO] 本次运行已成功注销店铺会员数量为： 37
[2021-07-04 11:12:19] [INFO] 开始注销店铺 梅林
[2021-07-04 11:12:30] [INFO] 正在通过本地引擎识别
[2021-07-04 11:12:37] [INFO] 本次运行已成功注销店铺会员数量为： 38
[2021-07-04 11:12:37] [INFO] 开始注销店铺 洽洽
[2021-07-04 11:12:45] [INFO] 正在通过本地引擎识别
[2021-07-04 11:12:52] [INFO] 本次运行已成功注销店铺会员数量为： 39
[2021-07-04 11:12:53] [INFO] 开始注销店铺 益肤品牌会员
[2021-07-04 11:13:03] [INFO] 正在通过本地引擎识别
[2021-07-04 11:13:10] [INFO] 本次运行已成功注销店铺会员数量为： 40
[2021-07-04 11:13:10] [INFO] 开始注销店铺 元气森林
[2021-07-04 11:13:18] [INFO] 正在通过本地引擎识别
[2021-07-04 11:13:25] [INFO] 本次运行已成功注销店铺会员数量为： 41
[2021-07-04 11:13:25] [INFO] 开始注销店铺 好孩子
[2021-07-04 11:13:33] [INFO] 正在通过本地引擎识别
[2021-07-04 11:13:40] [INFO] 本次运行已成功注销店铺会员数量为： 42
[2021-07-04 11:13:40] [INFO] 开始注销店铺 喜得佳
[2021-07-04 11:13:48] [INFO] 正在通过本地引擎识别
[2021-07-04 11:13:55] [INFO] 本次运行已成功注销店铺会员数量为： 43
[2021-07-04 11:13:55] [INFO] 开始注销店铺 福临门米面
[2021-07-04 11:14:04] [INFO] 正在通过本地引擎识别
[2021-07-04 11:14:11] [INFO] 本次运行已成功注销店铺会员数量为： 44
[2021-07-04 11:14:11] [INFO] 开始注销店铺  昆仑润滑会员
[2021-07-04 11:14:19] [INFO] 正在通过本地引擎识别
[2021-07-04 11:14:26] [INFO] 本次运行已成功注销店铺会员数量为： 45
[2021-07-04 11:14:26] [INFO] 开始注销店铺 有品会员卡
[2021-07-04 11:14:34] [INFO] 正在通过本地引擎识别
[2021-07-04 11:14:40] [INFO] 本次运行已成功注销店铺会员数量为： 46
[2021-07-04 11:14:40] [INFO] 开始注销店铺 羽粉臻享
[2021-07-04 11:14:49] [INFO] 正在通过本地引擎识别
[2021-07-04 11:14:56] [INFO] 本次运行已成功注销店铺会员数量为： 47
[2021-07-04 11:14:56] [INFO] 开始注销店铺 官方会员卡
[2021-07-04 11:15:04] [INFO] 正在通过本地引擎识别
[2021-07-04 11:15:10] [INFO] 本次运行已成功注销店铺会员数量为： 48
[2021-07-04 11:15:11] [INFO] 开始注销店铺 特仑苏会员卡
[2021-07-04 11:15:19] [INFO] 正在通过本地引擎识别
[2021-07-04 11:15:25] [INFO] 本次运行已成功注销店铺会员数量为： 49
[2021-07-04 11:15:26] [INFO] 开始注销店铺 blush会员
[2021-07-04 11:15:34] [INFO] 正在通过本地引擎识别
[2021-07-04 11:15:40] [INFO] 本次运行已成功注销店铺会员数量为： 50
[2021-07-04 11:15:40] [INFO] 本轮店铺已执行完，即将开始获取下一轮店铺
[2021-07-04 11:15:42] [INFO] 本轮运行获取到 50 家店铺会员信息
[2021-07-04 11:15:42] [INFO] 开始注销店铺 苍茫谣旗舰会员
[2021-07-04 11:15:52] [INFO] 正在通过本地引擎识别
[2021-07-04 11:15:55] [INFO] 验证码位置点击错误，尝试再试一次
[2021-07-04 11:15:56] [INFO] 正在通过本地引擎识别
[2021-07-04 11:16:02] [INFO] 本次运行已成功注销店铺会员数量为： 51
[2021-07-04 11:16:02] [INFO] 开始注销店铺 四海鱼蛋星人
[2021-07-04 11:16:10] [INFO] 正在通过本地引擎识别
[2021-07-04 11:16:17] [INFO] 本次运行已成功注销店铺会员数量为： 52
[2021-07-04 11:16:17] [INFO] 开始注销店铺 玄谷村
[2021-07-04 11:16:25] [INFO] 正在通过本地引擎识别
[2021-07-04 11:16:28] [INFO] 验证码位置点击错误，尝试再试一次
[2021-07-04 11:16:29] [INFO] 正在通过本地引擎识别
[2021-07-04 11:17:02] [ERROR] 发生了一点小问题： ('图形验证码识别超时 玄谷村', None, None)
[2021-07-04 11:17:02] [INFO] 开始注销店铺 FIIL旗舰店
[2021-07-04 11:17:10] [INFO] 正在通过本地引擎识别
[2021-07-04 11:17:17] [INFO] 本次运行已成功注销店铺会员数量为： 53
[2021-07-04 11:17:17] [INFO] 开始注销店铺 小皮品牌会员
[2021-07-04 11:17:25] [INFO] 正在通过本地引擎识别
[2021-07-04 11:17:32] [INFO] 本次运行已成功注销店铺会员数量为： 54
[2021-07-04 11:17:32] [INFO] 开始注销店铺 富邑会员
[2021-07-04 11:17:40] [INFO] 正在通过本地引擎识别
[2021-07-04 11:17:47] [INFO] 本次运行已成功注销店铺会员数量为： 55
[2021-07-04 11:17:47] [INFO] 开始注销店铺 帝亚吉欧俱乐部
[2021-07-04 11:17:52] [INFO] 正在通过本地引擎识别
[2021-07-04 11:17:59] [INFO] 本次运行已成功注销店铺会员数量为： 56
[2021-07-04 11:17:59] [INFO] 开始注销店铺 三元奶粉
[2021-07-04 11:18:07] [INFO] 正在通过本地引擎识别
[2021-07-04 11:18:14] [INFO] 本次运行已成功注销店铺会员数量为： 57
[2021-07-04 11:18:14] [INFO] 开始注销店铺 帝麦
[2021-07-04 11:18:22] [INFO] 正在通过本地引擎识别
[2021-07-04 11:18:29] [INFO] 本次运行已成功注销店铺会员数量为： 58
[2021-07-04 11:18:29] [INFO] 开始注销店铺 桂冠美食卡
[2021-07-04 11:18:37] [INFO] 正在通过本地引擎识别
[2021-07-04 11:18:44] [INFO] 本次运行已成功注销店铺会员数量为： 59
[2021-07-04 11:18:44] [INFO] 开始注销店铺 家庭清洁师
[2021-07-04 11:18:53] [INFO] 正在通过本地引擎识别
[2021-07-04 11:18:59] [INFO] 本次运行已成功注销店铺会员数量为： 60
[2021-07-04 11:18:59] [INFO] 开始注销店铺 卫龙食品
[2021-07-04 11:19:08] [INFO] 正在通过本地引擎识别
[2021-07-04 11:19:14] [INFO] 本次运行已成功注销店铺会员数量为： 61
[2021-07-04 11:19:14] [INFO] 开始注销店铺 一叶子
[2021-07-04 11:19:23] [INFO] 正在通过本地引擎识别
[2021-07-04 11:19:30] [INFO] 本次运行已成功注销店铺会员数量为： 62
[2021-07-04 11:19:30] [INFO] 开始注销店铺 维他奶
[2021-07-04 11:19:38] [INFO] 正在通过本地引擎识别
[2021-07-04 11:19:44] [INFO] 本次运行已成功注销店铺会员数量为： 63
[2021-07-04 11:19:44] [INFO] 开始注销店铺 麦维他京东自营
[2021-07-04 11:19:53] [INFO] 正在通过本地引擎识别
[2021-07-04 11:20:00] [INFO] 本次运行已成功注销店铺会员数量为： 64
[2021-07-04 11:20:00] [INFO] 开始注销店铺 来伊份
[2021-07-04 11:20:08] [INFO] 正在通过本地引擎识别
[2021-07-04 11:20:14] [INFO] 本次运行已成功注销店铺会员数量为： 65
[2021-07-04 11:20:15] [INFO] 开始注销店铺 霸王洗发水
[2021-07-04 11:20:23] [INFO] 正在通过本地引擎识别
[2021-07-04 11:20:29] [INFO] 本次运行已成功注销店铺会员数量为： 66
[2021-07-04 11:20:30] [INFO] 开始注销店铺 和路雪会员卡
[2021-07-04 11:20:38] [INFO] 正在通过本地引擎识别
[2021-07-04 11:20:45] [INFO] 本次运行已成功注销店铺会员数量为： 67
[2021-07-04 11:20:45] [INFO] 开始注销店铺 添宁会员俱乐部
[2021-07-04 11:20:53] [INFO] 正在通过本地引擎识别
[2021-07-04 11:21:00] [INFO] 本次运行已成功注销店铺会员数量为： 68
[2021-07-04 11:21:00] [INFO] 开始注销店铺 包大人会员卡
[2021-07-04 11:21:05] [INFO] 正在通过本地引擎识别
[2021-07-04 11:21:12] [INFO] 本次运行已成功注销店铺会员数量为： 69
[2021-07-04 11:21:12] [INFO] 开始注销店铺 三诺
[2021-07-04 11:21:20] [INFO] 正在通过本地引擎识别
[2021-07-04 11:21:27] [INFO] 本次运行已成功注销店铺会员数量为： 70
[2021-07-04 11:21:27] [INFO] 开始注销店铺 绿色溪谷会员
[2021-07-04 11:21:35] [INFO] 正在通过本地引擎识别
[2021-07-04 11:21:38] [INFO] 验证码位置点击错误，尝试再试一次
[2021-07-04 11:21:39] [INFO] 正在通过本地引擎识别
[2021-07-04 11:22:13] [ERROR] 发生了一点小问题： ('图形验证码识别超时 绿色溪谷会员', None, None)
[2021-07-04 11:22:13] [INFO] 开始注销店铺 黄尾袋鼠葡萄酒
[2021-07-04 11:22:20] [INFO] 正在通过本地引擎识别
[2021-07-04 11:22:27] [INFO] 本次运行已成功注销店铺会员数量为： 71
[2021-07-04 11:22:27] [INFO] 开始注销店铺 太太乐
[2021-07-04 11:22:35] [INFO] 正在通过本地引擎识别
[2021-07-04 11:22:42] [INFO] 本次运行已成功注销店铺会员数量为： 72
[2021-07-04 11:22:43] [INFO] 开始注销店铺 幸福草京东会员
[2021-07-04 11:22:50] [INFO] 正在通过本地引擎识别
[2021-07-04 11:22:57] [INFO] 本次运行已成功注销店铺会员数量为： 73
[2021-07-04 11:22:58] [INFO] 开始注销店铺 可口可乐
[2021-07-04 11:23:06] [INFO] 正在通过本地引擎识别
[2021-07-04 11:23:12] [INFO] 本次运行已成功注销店铺会员数量为： 74
[2021-07-04 11:23:13] [INFO] 开始注销店铺 金沙VIP
[2021-07-04 11:23:20] [INFO] 正在通过本地引擎识别
[2021-07-04 11:23:27] [INFO] 本次运行已成功注销店铺会员数量为： 75
[2021-07-04 11:23:27] [INFO] 开始注销店铺 青蛙王子储值卡
[2021-07-04 11:23:36] [INFO] 正在通过本地引擎识别
[2021-07-04 11:23:43] [INFO] 本次运行已成功注销店铺会员数量为： 76
[2021-07-04 11:23:43] [INFO] 开始注销店铺 阿道夫VIP
[2021-07-04 11:23:51] [INFO] 正在通过本地引擎识别
[2021-07-04 11:23:57] [INFO] 本次运行已成功注销店铺会员数量为： 77
[2021-07-04 11:23:58] [INFO] 开始注销店铺 小罐茶旗舰店
[2021-07-04 11:24:06] [INFO] 正在通过本地引擎识别
[2021-07-04 11:24:13] [INFO] 本次运行已成功注销店铺会员数量为： 78
[2021-07-04 11:24:13] [INFO] 开始注销店铺 探索者
[2021-07-04 11:24:21] [INFO] 正在通过本地引擎识别
[2021-07-04 11:24:28] [INFO] 本次运行已成功注销店铺会员数量为： 79
[2021-07-04 11:24:29] [INFO] 开始注销店铺 LORDE里兜
[2021-07-04 11:24:39] [INFO] 正在通过本地引擎识别
[2021-07-04 11:24:46] [INFO] 本次运行已成功注销店铺会员数量为： 80
[2021-07-04 11:24:46] [INFO] 开始注销店铺 欧洁自营会员卡
[2021-07-04 11:24:54] [INFO] 正在通过本地引擎识别
[2021-07-04 11:25:01] [INFO] 本次运行已成功注销店铺会员数量为： 81
[2021-07-04 11:25:01] [INFO] 开始注销店铺 5100尊享会
[2021-07-04 11:25:09] [INFO] 正在通过本地引擎识别
[2021-07-04 11:25:16] [INFO] 本次运行已成功注销店铺会员数量为： 82
[2021-07-04 11:25:16] [INFO] 开始注销店铺 新希望
[2021-07-04 11:25:24] [INFO] 正在通过本地引擎识别
[2021-07-04 11:25:31] [INFO] 本次运行已成功注销店铺会员数量为： 83
[2021-07-04 11:25:31] [INFO] 开始注销店铺 桂林品牌会员
[2021-07-04 11:25:39] [INFO] 正在通过本地引擎识别
[2021-07-04 11:25:46] [INFO] 本次运行已成功注销店铺会员数量为： 84
[2021-07-04 11:25:47] [INFO] 开始注销店铺 明治雪糕会员
[2021-07-04 11:25:54] [INFO] 正在通过本地引擎识别
[2021-07-04 11:25:58] [INFO] 验证码位置点击错误，尝试再试一次
[2021-07-04 11:25:59] [INFO] 正在通过本地引擎识别
[2021-07-04 11:26:05] [INFO] 本次运行已成功注销店铺会员数量为： 85
[2021-07-04 11:26:05] [INFO] 开始注销店铺 潮宏基会员
[2021-07-04 11:26:15] [INFO] 正在通过本地引擎识别
[2021-07-04 11:26:22] [INFO] 本次运行已成功注销店铺会员数量为： 86
[2021-07-04 11:26:22] [INFO] 开始注销店铺 蓝宝食京东自营
[2021-07-04 11:26:30] [INFO] 正在通过本地引擎识别
[2021-07-04 11:26:37] [INFO] 本次运行已成功注销店铺会员数量为： 87
[2021-07-04 11:26:38] [INFO] 开始注销店铺 格力电器
[2021-07-04 11:26:45] [INFO] 正在通过本地引擎识别
[2021-07-04 11:26:52] [INFO] 本次运行已成功注销店铺会员数量为： 88
[2021-07-04 11:26:53] [INFO] 开始注销店铺 Arla阿尔乐
[2021-07-04 11:27:00] [INFO] 正在通过本地引擎识别
[2021-07-04 11:27:07] [INFO] 本次运行已成功注销店铺会员数量为： 89
[2021-07-04 11:27:07] [INFO] 开始注销店铺 初萃
[2021-07-04 11:27:15] [INFO] 正在通过本地引擎识别
[2021-07-04 11:27:22] [INFO] 本次运行已成功注销店铺会员数量为： 90
[2021-07-04 11:27:22] [INFO] 开始注销店铺 十月稻田
[2021-07-04 11:27:30] [INFO] 正在通过本地引擎识别
[2021-07-04 11:27:37] [INFO] 本次运行已成功注销店铺会员数量为： 91
[2021-07-04 11:27:37] [INFO] 开始注销店铺 兰雀品牌会员
[2021-07-04 11:27:45] [INFO] 正在通过本地引擎识别
[2021-07-04 11:27:52] [INFO] 本次运行已成功注销店铺会员数量为： 92
[2021-07-04 11:27:52] [INFO] 开始注销店铺 小火车&托马斯
[2021-07-04 11:28:01] [INFO] 正在通过本地引擎识别
[2021-07-04 11:28:07] [INFO] 本次运行已成功注销店铺会员数量为： 93
[2021-07-04 11:28:07] [INFO] 开始注销店铺 安吉尔专属会员
[2021-07-04 11:28:16] [INFO] 正在通过本地引擎识别
[2021-07-04 11:28:19] [INFO] 验证码位置点击错误，尝试再试一次
[2021-07-04 11:28:20] [INFO] 正在通过本地引擎识别
[2021-07-04 11:28:25] [INFO] 本次运行已成功注销店铺会员数量为： 94
[2021-07-04 11:28:25] [INFO] 开始注销店铺 立白&好爸爸
[2021-07-04 11:28:34] [INFO] 正在通过本地引擎识别
[2021-07-04 11:28:41] [INFO] 本次运行已成功注销店铺会员数量为： 95
[2021-07-04 11:28:41] [INFO] 开始注销店铺 VIP管家
[2021-07-04 11:28:49] [INFO] 正在通过本地引擎识别
[2021-07-04 11:28:56] [INFO] 本次运行已成功注销店铺会员数量为： 96
[2021-07-04 11:28:56] [INFO] 开始注销店铺 乐扣乐扣
[2021-07-04 11:29:04] [INFO] 正在通过本地引擎识别
[2021-07-04 11:29:10] [INFO] 本次运行已成功注销店铺会员数量为： 97
[2021-07-04 11:29:11] [INFO] 开始注销店铺 疯狂的小狗
[2021-07-04 11:29:19] [INFO] 正在通过本地引擎识别
[2021-07-04 11:29:26] [INFO] 本次运行已成功注销店铺会员数量为： 98
[2021-07-04 11:29:26] [INFO] 本轮店铺已执行完，即将开始获取下一轮店铺
[2021-07-04 11:29:28] [INFO] 本轮运行获取到 50 家店铺会员信息
[2021-07-04 11:29:28] [INFO] 开始注销店铺 玄谷村
[2021-07-04 11:29:37] [INFO] 正在通过本地引擎识别
[2021-07-04 11:29:40] [INFO] 验证码位置点击错误，尝试再试一次
[2021-07-04 11:29:41] [INFO] 正在通过本地引擎识别
[2021-07-04 11:29:47] [INFO] 本次运行已成功注销店铺会员数量为： 99
[2021-07-04 11:29:48] [INFO] 开始注销店铺 小黑卡
[2021-07-04 11:29:55] [INFO] 正在通过本地引擎识别
[2021-07-04 11:30:02] [INFO] 本次运行已成功注销店铺会员数量为： 100
[2021-07-04 11:30:02] [INFO] 开始注销店铺 麦富迪
[2021-07-04 11:30:10] [INFO] 正在通过本地引擎识别
[2021-07-04 11:30:17] [INFO] 本次运行已成功注销店铺会员数量为： 101
[2021-07-04 11:30:17] [INFO] 开始注销店铺 中磐粮油会员
[2021-07-04 11:30:25] [INFO] 正在通过本地引擎识别
[2021-07-04 11:30:28] [INFO] 验证码位置点击错误，尝试再试一次
[2021-07-04 11:30:29] [INFO] 正在通过本地引擎识别
[2021-07-04 11:30:35] [INFO] 本次运行已成功注销店铺会员数量为： 102
[2021-07-04 11:30:35] [INFO] 开始注销店铺 润百颜会员卡
[2021-07-04 11:30:43] [INFO] 正在通过本地引擎识别
[2021-07-04 11:30:50] [INFO] 本次运行已成功注销店铺会员数量为： 103
[2021-07-04 11:30:50] [INFO] 开始注销店铺 DR
[2021-07-04 11:30:58] [INFO] 正在通过本地引擎识别
[2021-07-04 11:31:05] [INFO] 本次运行已成功注销店铺会员数量为： 104
[2021-07-04 11:31:05] [INFO] 开始注销店铺 露安适会员卡
[2021-07-04 11:31:13] [INFO] 正在通过本地引擎识别
[2021-07-04 11:31:20] [INFO] 本次运行已成功注销店铺会员数量为： 105
[2021-07-04 11:31:20] [INFO] 开始注销店铺 博皓自营旗舰店
[2021-07-04 11:31:28] [INFO] 正在通过本地引擎识别
[2021-07-04 11:31:36] [INFO] 本次运行已成功注销店铺会员数量为： 106
[2021-07-04 11:31:36] [INFO] 开始注销店铺 花王妙而舒
[2021-07-04 11:31:44] [INFO] 正在通过本地引擎识别
[2021-07-04 11:31:51] [INFO] 本次运行已成功注销店铺会员数量为： 107
[2021-07-04 11:31:51] [INFO] 开始注销店铺 金沙酒自营店
[2021-07-04 11:31:59] [INFO] 正在通过本地引擎识别
[2021-07-04 11:32:05] [INFO] 本次运行已成功注销店铺会员数量为： 108
[2021-07-04 11:32:05] [INFO] 开始注销店铺 Kindle
[2021-07-04 11:32:14] [INFO] 正在通过本地引擎识别
[2021-07-04 11:32:17] [INFO] 验证码位置点击错误，尝试再试一次
[2021-07-04 11:32:18] [INFO] 正在通过本地引擎识别
[2021-07-04 11:32:24] [INFO] 本次运行已成功注销店铺会员数量为： 109
[2021-07-04 11:32:24] [INFO] 开始注销店铺 正大食品
[2021-07-04 11:32:32] [INFO] 正在通过本地引擎识别
[2021-07-04 11:32:39] [INFO] 本次运行已成功注销店铺会员数量为： 110
[2021-07-04 11:32:39] [INFO] 开始注销店铺 柏翠丝
[2021-07-04 11:32:47] [INFO] 正在通过本地引擎识别
[2021-07-04 11:32:53] [INFO] 本次运行已成功注销店铺会员数量为： 111
[2021-07-04 11:32:54] [INFO] 开始注销店铺 蓝河会员卡
[2021-07-04 11:33:02] [INFO] 正在通过本地引擎识别
[2021-07-04 11:33:09] [INFO] 本次运行已成功注销店铺会员数量为： 112
[2021-07-04 11:33:09] [INFO] 开始注销店铺 安而康会员之家
[2021-07-04 11:33:17] [INFO] 正在通过本地引擎识别
[2021-07-04 11:33:24] [INFO] 本次运行已成功注销店铺会员数量为： 113
[2021-07-04 11:33:24] [INFO] 开始注销店铺 蜂花VIP
[2021-07-04 11:33:32] [INFO] 正在通过本地引擎识别
[2021-07-04 11:33:39] [INFO] 本次运行已成功注销店铺会员数量为： 114
[2021-07-04 11:33:39] [INFO] 开始注销店铺 爱思贝会员卡
[2021-07-04 11:33:47] [INFO] 正在通过本地引擎识别
[2021-07-04 11:33:54] [INFO] 本次运行已成功注销店铺会员数量为： 115
[2021-07-04 11:33:54] [INFO] 开始注销店铺 小欧CLUB
[2021-07-04 11:34:02] [INFO] 正在通过本地引擎识别
[2021-07-04 11:34:09] [INFO] 本次运行已成功注销店铺会员数量为： 116
[2021-07-04 11:34:09] [INFO] 开始注销店铺 思念食品
[2021-07-04 11:34:17] [INFO] 正在通过本地引擎识别
[2021-07-04 11:34:24] [INFO] 本次运行已成功注销店铺会员数量为： 117
[2021-07-04 11:34:24] [INFO] 开始注销店铺 乐的
[2021-07-04 11:34:35] [INFO] 正在通过本地引擎识别
[2021-07-04 11:34:42] [INFO] 本次运行已成功注销店铺会员数量为： 118
[2021-07-04 11:34:42] [INFO] 开始注销店铺 贝因美
[2021-07-04 11:34:47] [INFO] 正在通过本地引擎识别
[2021-07-04 11:34:54] [INFO] 本次运行已成功注销店铺会员数量为： 119
[2021-07-04 11:34:54] [INFO] 开始注销店铺 泰山原浆会员
[2021-07-04 11:35:02] [INFO] 正在通过本地引擎识别
[2021-07-04 11:35:09] [INFO] 本次运行已成功注销店铺会员数量为： 120
[2021-07-04 11:35:09] [INFO] 开始注销店铺 绿色溪谷会员
[2021-07-04 11:35:17] [INFO] 正在通过本地引擎识别
[2021-07-04 11:35:24] [INFO] 本次运行已成功注销店铺会员数量为： 121
[2021-07-04 11:35:24] [INFO] 开始注销店铺 茅台
[2021-07-04 11:35:32] [INFO] 正在通过本地引擎识别
[2021-07-04 11:35:39] [INFO] 本次运行已成功注销店铺会员数量为： 122
[2021-07-04 11:35:39] [INFO] 开始注销店铺 尊享会员卡
[2021-07-04 11:35:48] [INFO] 正在通过本地引擎识别
[2021-07-04 11:35:51] [INFO] 验证码位置点击错误，尝试再试一次
[2021-07-04 11:35:52] [INFO] 正在通过本地引擎识别
[2021-07-04 11:35:58] [INFO] 本次运行已成功注销店铺会员数量为： 123
[2021-07-04 11:35:58] [INFO] 开始注销店铺 联想品牌会员
[2021-07-04 11:36:08] [INFO] 正在通过本地引擎识别
[2021-07-04 11:36:15] [INFO] 本次运行已成功注销店铺会员数量为： 124
[2021-07-04 11:36:15] [INFO] 开始注销店铺 金沙酒类旗舰店
[2021-07-04 11:36:21] [INFO] 正在通过本地引擎识别
[2021-07-04 11:36:27] [INFO] 本次运行已成功注销店铺会员数量为： 125
[2021-07-04 11:36:27] [INFO] 开始注销店铺 星巴克即饮咖啡
[2021-07-04 11:36:36] [INFO] 正在通过本地引擎识别
[2021-07-04 11:36:42] [INFO] 本次运行已成功注销店铺会员数量为： 126
[2021-07-04 11:36:42] [INFO] 开始注销店铺 家安京东自营
[2021-07-04 11:36:51] [INFO] 正在通过本地引擎识别
[2021-07-04 11:36:54] [INFO] 验证码位置点击错误，尝试再试一次
[2021-07-04 11:36:55] [INFO] 正在通过本地引擎识别
[2021-07-04 11:37:00] [INFO] 本次运行已成功注销店铺会员数量为： 127
[2021-07-04 11:37:01] [INFO] 开始注销店铺 美加净会员卡
[2021-07-04 11:37:09] [INFO] 正在通过本地引擎识别
[2021-07-04 11:37:16] [INFO] 本次运行已成功注销店铺会员数量为： 128
[2021-07-04 11:37:16] [INFO] 开始注销店铺 荷美尔会员卡
[2021-07-04 11:37:24] [INFO] 正在通过本地引擎识别
[2021-07-04 11:37:30] [INFO] 本次运行已成功注销店铺会员数量为： 129
[2021-07-04 11:37:31] [INFO] 开始注销店铺 小角楼·京东
[2021-07-04 11:37:39] [INFO] 正在通过本地引擎识别
[2021-07-04 11:37:46] [INFO] 本次运行已成功注销店铺会员数量为： 130
[2021-07-04 11:37:46] [INFO] 开始注销店铺 中兴会员卡
[2021-07-04 11:37:54] [INFO] 正在通过本地引擎识别
[2021-07-04 11:38:01] [INFO] 本次运行已成功注销店铺会员数量为： 131
[2021-07-04 11:38:01] [INFO] 开始注销店铺 来福太VIP
[2021-07-04 11:38:09] [INFO] 正在通过本地引擎识别
[2021-07-04 11:38:16] [INFO] 本次运行已成功注销店铺会员数量为： 132
[2021-07-04 11:38:16] [INFO] 开始注销店铺 剑南春VIP
[2021-07-04 11:38:24] [INFO] 正在通过本地引擎识别
[2021-07-04 11:38:31] [INFO] 本次运行已成功注销店铺会员数量为： 133
[2021-07-04 11:38:31] [INFO] 开始注销店铺 MAG
[2021-07-04 11:38:39] [INFO] 正在通过本地引擎识别
[2021-07-04 11:38:46] [INFO] 本次运行已成功注销店铺会员数量为： 134
[2021-07-04 11:38:46] [INFO] 开始注销店铺 麦德氏
[2021-07-04 11:38:54] [INFO] 正在通过本地引擎识别
[2021-07-04 11:39:01] [INFO] 本次运行已成功注销店铺会员数量为： 135
[2021-07-04 11:39:01] [INFO] 开始注销店铺 卡士酸奶会员卡
[2021-07-04 11:39:09] [INFO] 正在通过本地引擎识别
[2021-07-04 11:39:16] [INFO] 本次运行已成功注销店铺会员数量为： 136
[2021-07-04 11:39:16] [INFO] 开始注销店铺 宝菲凡
[2021-07-04 11:39:24] [INFO] 正在通过本地引擎识别
[2021-07-04 11:39:31] [INFO] 本次运行已成功注销店铺会员数量为： 137
[2021-07-04 11:39:31] [INFO] 开始注销店铺 拜耳官方旗舰店
[2021-07-04 11:39:36] [INFO] 正在通过本地引擎识别
[2021-07-04 11:39:43] [INFO] 本次运行已成功注销店铺会员数量为： 138
[2021-07-04 11:39:43] [INFO] 开始注销店铺 亨氏
[2021-07-04 11:39:51] [INFO] 正在通过本地引擎识别
[2021-07-04 11:39:58] [INFO] 本次运行已成功注销店铺会员数量为： 139
[2021-07-04 11:39:58] [INFO] 开始注销店铺 汾酒
[2021-07-04 11:40:06] [INFO] 正在通过本地引擎识别
[2021-07-04 11:40:13] [INFO] 本次运行已成功注销店铺会员数量为： 140
[2021-07-04 11:40:13] [INFO] 开始注销店铺 金龙鱼
[2021-07-04 11:40:21] [INFO] 正在通过本地引擎识别
[2021-07-04 11:40:24] [INFO] 验证码位置点击错误，尝试再试一次
[2021-07-04 11:40:25] [INFO] 正在通过本地引擎识别
[2021-07-04 11:40:31] [INFO] 本次运行已成功注销店铺会员数量为： 141
[2021-07-04 11:40:31] [INFO] 开始注销店铺  冰青会员卡
[2021-07-04 11:40:39] [INFO] 正在通过本地引擎识别
[2021-07-04 11:40:46] [INFO] 本次运行已成功注销店铺会员数量为： 142
[2021-07-04 11:40:46] [INFO] 开始注销店铺 ZHR品牌会员
[2021-07-04 11:40:55] [INFO] 正在通过本地引擎识别
[2021-07-04 11:41:01] [INFO] 本次运行已成功注销店铺会员数量为： 143
[2021-07-04 11:41:01] [INFO] 开始注销店铺 滋源
[2021-07-04 11:41:10] [INFO] 正在通过本地引擎识别
[2021-07-04 11:41:16] [INFO] 本次运行已成功注销店铺会员数量为： 144
[2021-07-04 11:41:16] [INFO] 开始注销店铺 格力高
[2021-07-04 11:41:25] [INFO] 正在通过本地引擎识别
[2021-07-04 11:41:31] [INFO] 本次运行已成功注销店铺会员数量为： 145
[2021-07-04 11:41:31] [INFO] 开始注销店铺 拜宠清
[2021-07-04 11:41:40] [INFO] 正在通过本地引擎识别
[2021-07-04 11:41:46] [INFO] 本次运行已成功注销店铺会员数量为： 146
[2021-07-04 11:41:46] [INFO] 开始注销店铺 伯纳天纯
[2021-07-04 11:41:58] [INFO] 正在通过本地引擎识别
[2021-07-04 11:42:04] [INFO] 本次运行已成功注销店铺会员数量为： 147
[2021-07-04 11:42:04] [INFO] 开始注销店铺 美孚
[2021-07-04 11:42:13] [INFO] 正在通过本地引擎识别
[2021-07-04 11:42:16] [INFO] 验证码位置点击错误，尝试再试一次
[2021-07-04 11:42:17] [INFO] 正在通过本地引擎识别
[2021-07-04 11:42:22] [INFO] 本次运行已成功注销店铺会员数量为： 148
[2021-07-04 11:42:22] [INFO] 本轮店铺已执行完，即将开始获取下一轮店铺
[2021-07-04 11:42:24] [INFO] 本轮运行获取到 50 家店铺会员信息
[2021-07-04 11:42:24] [INFO] 开始注销店铺 AOC京东自营
[2021-07-04 11:42:34] [INFO] 正在通过本地引擎识别
[2021-07-04 11:42:41] [INFO] 本次运行已成功注销店铺会员数量为： 149
[2021-07-04 11:42:41] [INFO] 开始注销店铺 Beaba会员
[2021-07-04 11:42:49] [INFO] 正在通过本地引擎识别
[2021-07-04 11:42:56] [INFO] 本次运行已成功注销店铺会员数量为： 150
[2021-07-04 11:42:56] [INFO] 开始注销店铺 保乐力加会员
[2021-07-04 11:43:04] [INFO] 正在通过本地引擎识别
[2021-07-04 11:43:11] [INFO] 本次运行已成功注销店铺会员数量为： 151
[2021-07-04 11:43:11] [INFO] 开始注销店铺 安踏VIP
[2021-07-04 11:43:19] [INFO] 正在通过本地引擎识别
[2021-07-04 11:43:22] [INFO] 验证码位置点击错误，尝试再试一次
[2021-07-04 11:43:23] [INFO] 正在通过本地引擎识别
[2021-07-04 11:43:29] [INFO] 本次运行已成功注销店铺会员数量为： 152
[2021-07-04 11:43:29] [INFO] 开始注销店铺 BMW悦享会员
[2021-07-04 11:43:37] [INFO] 正在通过本地引擎识别
[2021-07-04 11:43:44] [INFO] 本次运行已成功注销店铺会员数量为： 153
[2021-07-04 11:43:44] [INFO] 开始注销店铺 奥丁格会员
[2021-07-04 11:43:49] [INFO] 正在通过本地引擎识别
[2021-07-04 11:43:56] [INFO] 本次运行已成功注销店铺会员数量为： 154
[2021-07-04 11:43:56] [INFO] 开始注销店铺 超级O粉
[2021-07-04 11:44:04] [INFO] 正在通过本地引擎识别
[2021-07-04 11:44:07] [INFO] 验证码位置点击错误，尝试再试一次
[2021-07-04 11:44:08] [INFO] 正在通过本地引擎识别
[2021-07-04 11:44:15] [INFO] 本次运行已成功注销店铺会员数量为： 155
[2021-07-04 11:44:15] [INFO] 开始注销店铺 润本品牌会员
[2021-07-04 11:44:25] [INFO] 正在通过本地引擎识别
[2021-07-04 11:44:28] [INFO] 验证码位置点击错误，尝试再试一次
[2021-07-04 11:44:29] [INFO] 正在通过本地引擎识别
[2021-07-04 11:44:35] [INFO] 本次运行已成功注销店铺会员数量为： 156
[2021-07-04 11:44:35] [INFO] 开始注销店铺 海洋丝缎
[2021-07-04 11:44:43] [INFO] 正在通过本地引擎识别
[2021-07-04 11:44:50] [INFO] 本次运行已成功注销店铺会员数量为： 157
[2021-07-04 11:44:50] [INFO] 开始注销店铺 澳谷
[2021-07-04 11:44:58] [INFO] 正在通过本地引擎识别
[2021-07-04 11:45:05] [INFO] 本次运行已成功注销店铺会员数量为： 158
[2021-07-04 11:45:05] [INFO] 开始注销店铺 自由点至尊女王
[2021-07-04 11:45:13] [INFO] 正在通过本地引擎识别
[2021-07-04 11:45:17] [INFO] 验证码位置点击错误，尝试再试一次
[2021-07-04 11:45:18] [INFO] 正在通过本地引擎识别
[2021-07-04 11:45:24] [INFO] 本次运行已成功注销店铺会员数量为： 159
[2021-07-04 11:45:24] [INFO] 开始注销店铺 理象国会员
[2021-07-04 11:45:31] [INFO] 正在通过本地引擎识别
[2021-07-04 11:45:38] [INFO] 本次运行已成功注销店铺会员数量为： 160
[2021-07-04 11:45:38] [INFO] 开始注销店铺 超级米粉卡
[2021-07-04 11:45:47] [INFO] 正在通过本地引擎识别
[2021-07-04 11:45:53] [INFO] 本次运行已成功注销店铺会员数量为： 161
[2021-07-04 11:45:53] [INFO] 开始注销店铺 帮宝适
[2021-07-04 11:46:02] [INFO] 正在通过本地引擎识别
[2021-07-04 11:46:09] [INFO] 本次运行已成功注销店铺会员数量为： 162
[2021-07-04 11:46:09] [INFO] 开始注销店铺 PA card
[2021-07-04 11:46:17] [INFO] 正在通过本地引擎识别
[2021-07-04 11:46:23] [INFO] 本次运行已成功注销店铺会员数量为： 163
[2021-07-04 11:46:24] [INFO] 开始注销店铺 五粮浓香
[2021-07-04 11:46:32] [INFO] 正在通过本地引擎识别
[2021-07-04 11:46:39] [INFO] 本次运行已成功注销店铺会员数量为： 164
[2021-07-04 11:46:39] [INFO] 开始注销店铺 科伦俱乐部
[2021-07-04 11:46:47] [INFO] 正在通过本地引擎识别
[2021-07-04 11:46:54] [INFO] 本次运行已成功注销店铺会员数量为： 165
[2021-07-04 11:46:54] [INFO] 开始注销店铺 雅培血糖仪
[2021-07-04 11:47:02] [INFO] 正在通过本地引擎识别
[2021-07-04 11:47:09] [INFO] 本次运行已成功注销店铺会员数量为： 166
[2021-07-04 11:47:09] [INFO] 开始注销店铺 大力智能
[2021-07-04 11:47:17] [INFO] 正在通过本地引擎识别
[2021-07-04 11:47:24] [INFO] 本次运行已成功注销店铺会员数量为： 167
[2021-07-04 11:47:24] [INFO] 开始注销店铺 怡宝
[2021-07-04 11:47:32] [INFO] 正在通过本地引擎识别
[2021-07-04 11:47:36] [INFO] 验证码位置点击错误，尝试再试一次
[2021-07-04 11:47:37] [INFO] 正在通过本地引擎识别
[2021-07-04 11:47:43] [INFO] 本次运行已成功注销店铺会员数量为： 168
[2021-07-04 11:47:43] [INFO] 开始注销店铺 米小芽VIP卡
[2021-07-04 11:47:53] [INFO] 正在通过本地引擎识别
[2021-07-04 11:48:00] [INFO] 本次运行已成功注销店铺会员数量为： 169
[2021-07-04 11:48:00] [INFO] 开始注销店铺 欧乐B
[2021-07-04 11:48:08] [INFO] 正在通过本地引擎识别
[2021-07-04 11:48:15] [INFO] 本次运行已成功注销店铺会员数量为： 170
[2021-07-04 11:48:15] [INFO] 开始注销店铺 雀巢优活
[2021-07-04 11:48:23] [INFO] 正在通过本地引擎识别
[2021-07-04 11:48:30] [INFO] 本次运行已成功注销店铺会员数量为： 171
[2021-07-04 11:48:30] [INFO] 开始注销店铺 丹泉品牌会员
[2021-07-04 11:48:38] [INFO] 正在通过本地引擎识别
[2021-07-04 11:48:45] [INFO] 本次运行已成功注销店铺会员数量为： 172
[2021-07-04 11:48:45] [INFO] 开始注销店铺 欣奕京东自营店
[2021-07-04 11:48:53] [INFO] 正在通过本地引擎识别
[2021-07-04 11:49:00] [INFO] 本次运行已成功注销店铺会员数量为： 173
[2021-07-04 11:49:01] [INFO] 开始注销店铺 健康100
[2021-07-04 11:49:08] [INFO] 正在通过本地引擎识别
[2021-07-04 11:49:12] [INFO] 验证码位置点击错误，尝试再试一次
[2021-07-04 11:49:13] [INFO] 正在通过本地引擎识别
[2021-07-04 11:49:19] [INFO] 本次运行已成功注销店铺会员数量为： 174
[2021-07-04 11:49:19] [INFO] 开始注销店铺 保乐力加会员
[2021-07-04 11:49:29] [INFO] 正在通过本地引擎识别
[2021-07-04 11:49:38] [INFO] 本次运行已成功注销店铺会员数量为： 175
[2021-07-04 11:49:39] [INFO] 开始注销店铺 苏泊尔品牌会员
[2021-07-04 11:49:47] [INFO] 正在通过本地引擎识别
[2021-07-04 11:49:54] [INFO] 本次运行已成功注销店铺会员数量为： 176
[2021-07-04 11:49:54] [INFO] 开始注销店铺 晖致
[2021-07-04 11:50:06] [INFO] 正在通过本地引擎识别
[2021-07-04 11:50:12] [INFO] 本次运行已成功注销店铺会员数量为： 177
[2021-07-04 11:50:12] [INFO] 开始注销店铺 兔头妈妈甄选
[2021-07-04 11:50:21] [INFO] 正在通过本地引擎识别
[2021-07-04 11:50:27] [INFO] 本次运行已成功注销店铺会员数量为： 178
[2021-07-04 11:50:27] [INFO] 开始注销店铺 科勒自营旗舰店
[2021-07-04 11:50:36] [INFO] 正在通过本地引擎识别
[2021-07-04 11:50:39] [INFO] 验证码位置点击错误，尝试再试一次
[2021-07-04 11:50:40] [INFO] 正在通过本地引擎识别
[2021-07-04 11:51:12] [ERROR] 发生了一点小问题： ('图形验证码识别超时 科勒自营旗舰店', None, None)
[2021-07-04 11:51:13] [INFO] 开始注销店铺 妈咪爱会员
[2021-07-04 11:51:21] [INFO] 正在通过本地引擎识别
[2021-07-04 11:51:27] [INFO] 本次运行已成功注销店铺会员数量为： 179
[2021-07-04 11:51:27] [INFO] 开始注销店铺 加多宝
[2021-07-04 11:51:36] [INFO] 正在通过本地引擎识别
[2021-07-04 11:51:42] [INFO] 本次运行已成功注销店铺会员数量为： 180
[2021-07-04 11:51:43] [INFO] 开始注销店铺 好想你
[2021-07-04 11:51:51] [INFO] 正在通过本地引擎识别
[2021-07-04 11:51:57] [INFO] 本次运行已成功注销店铺会员数量为： 181
[2021-07-04 11:51:58] [INFO] 开始注销店铺 衡水老白干
[2021-07-04 11:52:03] [INFO] 正在通过本地引擎识别
[2021-07-04 11:52:09] [INFO] 本次运行已成功注销店铺会员数量为： 182
[2021-07-04 11:52:10] [INFO] 开始注销店铺 太粮米业会员
[2021-07-04 11:52:18] [INFO] 正在通过本地引擎识别
[2021-07-04 11:52:24] [INFO] 本次运行已成功注销店铺会员数量为： 183
[2021-07-04 11:52:25] [INFO] 开始注销店铺 夏依女神卡
[2021-07-04 11:52:33] [INFO] 正在通过本地引擎识别
[2021-07-04 11:52:36] [INFO] 验证码位置点击错误，尝试再试一次
[2021-07-04 11:52:37] [INFO] 正在通过本地引擎识别
[2021-07-04 11:53:10] [ERROR] 发生了一点小问题： ('图形验证码识别超时 夏依女神卡', None, None)
[2021-07-04 11:53:10] [INFO] 开始注销店铺 曲一线好学卡
[2021-07-04 11:53:18] [INFO] 正在通过本地引擎识别
[2021-07-04 11:53:25] [INFO] 本次运行已成功注销店铺会员数量为： 184
[2021-07-04 11:53:25] [INFO] 开始注销店铺 美德乐
[2021-07-04 11:53:33] [INFO] 正在通过本地引擎识别
[2021-07-04 11:53:40] [INFO] 本次运行已成功注销店铺会员数量为： 185
[2021-07-04 11:53:40] [INFO] 开始注销店铺 安速白元
[2021-07-04 11:53:48] [INFO] 正在通过本地引擎识别
[2021-07-04 11:53:55] [INFO] 本次运行已成功注销店铺会员数量为： 186
[2021-07-04 11:53:55] [INFO] 开始注销店铺 慕尼思丹会员
[2021-07-04 11:54:03] [INFO] 正在通过本地引擎识别
[2021-07-04 11:54:10] [INFO] 本次运行已成功注销店铺会员数量为： 187
[2021-07-04 11:54:10] [INFO] 开始注销店铺 小糊涂仙京东
[2021-07-04 11:54:18] [INFO] 正在通过本地引擎识别
[2021-07-04 11:54:25] [INFO] 本次运行已成功注销店铺会员数量为： 188
[2021-07-04 11:54:25] [INFO] 开始注销店铺 方太自营旗舰店
[2021-07-04 11:54:33] [INFO] 正在通过本地引擎识别
[2021-07-04 11:54:40] [INFO] 本次运行已成功注销店铺会员数量为： 189
[2021-07-04 11:54:40] [INFO] 开始注销店铺 梅见品鉴官
[2021-07-04 11:54:48] [INFO] 正在通过本地引擎识别
[2021-07-04 11:54:51] [INFO] 验证码位置点击错误，尝试再试一次
[2021-07-04 11:54:52] [INFO] 正在通过本地引擎识别
[2021-07-04 11:55:13] [INFO] 本次运行已成功注销店铺会员数量为： 190
[2021-07-04 11:55:13] [INFO] 开始注销店铺 吉香居品牌会员
[2021-07-04 11:55:21] [INFO] 正在通过本地引擎识别
[2021-07-04 11:55:28] [INFO] 本次运行已成功注销店铺会员数量为： 191
[2021-07-04 11:55:28] [INFO] 开始注销店铺 心相印会员
[2021-07-04 11:55:34] [INFO] 正在通过本地引擎识别
[2021-07-04 11:55:40] [INFO] 本次运行已成功注销店铺会员数量为： 192
[2021-07-04 11:55:40] [INFO] 开始注销店铺 艾恩摩尔
[2021-07-04 11:55:49] [INFO] 正在通过本地引擎识别
[2021-07-04 11:55:55] [INFO] 本次运行已成功注销店铺会员数量为： 193
[2021-07-04 11:55:55] [INFO] 开始注销店铺 译林出版社
[2021-07-04 11:56:04] [INFO] 正在通过本地引擎识别
[2021-07-04 11:56:07] [INFO] 验证码位置点击错误，尝试再试一次
[2021-07-04 11:56:08] [INFO] 正在通过本地引擎识别
[2021-07-04 11:56:13] [INFO] 本次运行已成功注销店铺会员数量为： 194
[2021-07-04 11:56:13] [INFO] 开始注销店铺 巴黎贝甜会员
[2021-07-04 11:56:22] [INFO] 正在通过本地引擎识别
[2021-07-04 11:56:28] [INFO] 本次运行已成功注销店铺会员数量为： 195
[2021-07-04 11:56:29] [INFO] 开始注销店铺 修哲
[2021-07-04 11:56:37] [INFO] 正在通过本地引擎识别
[2021-07-04 11:56:43] [INFO] 本次运行已成功注销店铺会员数量为： 196
[2021-07-04 11:56:43] [INFO] 本轮店铺已执行完，即将开始获取下一轮店铺
[2021-07-04 11:56:44] [INFO] 本轮运行获取到 3 家店铺会员信息
[2021-07-04 11:56:44] [INFO] 开始注销店铺 科勒自营旗舰店
[2021-07-04 11:56:52] [INFO] 正在通过本地引擎识别
[2021-07-04 11:56:58] [INFO] 本次运行已成功注销店铺会员数量为： 197
[2021-07-04 11:56:59] [INFO] 开始注销店铺 夏依女神卡
[2021-07-04 11:57:04] [INFO] 正在通过本地引擎识别
[2021-07-04 11:57:11] [INFO] 本次运行已成功注销店铺会员数量为： 198
[2021-07-04 11:57:11] [INFO] 开始注销店铺 玉泽品牌会员卡
[2021-07-04 11:57:19] [INFO] 正在通过本地引擎识别
[2021-07-04 11:57:26] [INFO] 本次运行已成功注销店铺会员数量为： 199
[2021-07-04 11:57:26] [INFO] 本轮店铺已执行完，即将开始获取下一轮店铺
[2021-07-04 11:57:26] [INFO] 当前接口获取到的店铺列表和上一轮一致，认为接口缓存还未刷新，即将尝试刷新缓存
[2021-07-04 11:57:26] [INFO] 理论上缓存已经刷新成功，如页面未成功自动刷新请及时反馈
[2021-07-04 11:57:26] [INFO] 本次运行获取到的店铺数为0个，判断为没有需要注销的店铺，即将退出程序
[2021-07-04 12:16:50] [INFO] 本次运行获取到的店铺数为0个，判断为没有需要注销的店铺，即将退出程序
