[2021-07-10 00:04:39] [INFO] 本轮运行获取到 12 家店铺会员信息
[2021-07-10 00:04:40] [INFO] 开始注销店铺 格力电器
[2021-07-10 00:04:48] [INFO] 正在通过本地引擎识别
[2021-07-10 00:04:55] [INFO] 本次运行已成功注销店铺会员数量为： 1
[2021-07-10 00:04:55] [INFO] 开始注销店铺 资生堂
[2021-07-10 00:05:03] [INFO] 正在通过本地引擎识别
[2021-07-10 00:05:06] [INFO] 验证码位置点击错误，尝试再试一次
[2021-07-10 00:05:07] [INFO] 正在通过本地引擎识别
[2021-07-10 00:05:12] [INFO] 本次运行已成功注销店铺会员数量为： 2
[2021-07-10 00:05:13] [INFO] 开始注销店铺 小糊涂仙京东
[2021-07-10 00:05:18] [INFO] 正在通过本地引擎识别
[2021-07-10 00:05:25] [INFO] 本次运行已成功注销店铺会员数量为： 3
[2021-07-10 00:05:25] [INFO] 开始注销店铺 李宁品牌VIP
[2021-07-10 00:06:26] [INFO] 等待websocket推送短信验证码超时，即将跳过 李宁品牌VIP
[2021-07-10 00:06:26] [INFO] 开始注销店铺 梅见品鉴官
[2021-07-10 00:06:33] [INFO] 正在通过本地引擎识别
[2021-07-10 00:06:40] [INFO] 本次运行已成功注销店铺会员数量为： 4
[2021-07-10 00:06:40] [INFO] 开始注销店铺 特仑苏会员卡
[2021-07-10 00:06:48] [INFO] 正在通过本地引擎识别
[2021-07-10 00:06:55] [INFO] 本次运行已成功注销店铺会员数量为： 5
[2021-07-10 00:06:55] [INFO] 开始注销店铺 九阳
[2021-07-10 00:07:00] [INFO] 正在通过本地引擎识别
[2021-07-10 00:07:07] [INFO] 本次运行已成功注销店铺会员数量为： 6
[2021-07-10 00:07:07] [INFO] 开始注销店铺 张裕葡萄酒
[2021-07-10 00:07:12] [INFO] 正在通过本地引擎识别
[2021-07-10 00:07:19] [INFO] 本次运行已成功注销店铺会员数量为： 7
[2021-07-10 00:07:19] [INFO] 开始注销店铺 月星星粉会员卡
[2021-07-10 00:07:27] [INFO] 正在通过本地引擎识别
[2021-07-10 00:07:34] [INFO] 本次运行已成功注销店铺会员数量为： 8
[2021-07-10 00:07:34] [INFO] 开始注销店铺 屈臣氏饮料
[2021-07-10 00:07:42] [INFO] 正在通过本地引擎识别
[2021-07-10 00:07:49] [INFO] 本次运行已成功注销店铺会员数量为： 9
[2021-07-10 00:07:49] [INFO] 开始注销店铺 宝洁
[2021-07-10 00:08:50] [INFO] 等待websocket推送短信验证码超时，即将跳过 宝洁
[2021-07-10 00:10:38] [INFO] 本轮运行获取到 2 家店铺会员信息
[2021-07-10 00:10:39] [INFO] 开始注销店铺 李宁品牌VIP
[2021-07-10 00:11:40] [INFO] 等待websocket推送短信验证码超时，即将跳过 李宁品牌VIP
[2021-07-10 00:11:40] [INFO] 开始注销店铺 桂林品牌会员
[2021-07-10 00:11:46] [INFO] 正在通过本地引擎识别
[2021-07-10 00:11:53] [INFO] 本次运行已成功注销店铺会员数量为： 1
[2021-07-10 00:11:53] [INFO] 本轮店铺已执行完，即将开始获取下一轮店铺
[2021-07-10 00:11:53] [INFO] 当前接口获取到的店铺列表和上一轮一致，认为接口缓存还未刷新，即将尝试刷新缓存
[2021-07-10 00:11:54] [INFO] 理论上缓存已经刷新成功，如页面未成功自动刷新请及时反馈
[2021-07-10 00:11:54] [INFO] 本轮运行获取到 1 家店铺会员信息
[2021-07-10 00:11:54] [INFO] 开始注销店铺 李宁品牌VIP
[2021-07-10 00:12:55] [INFO] 等待websocket推送短信验证码超时，即将跳过 李宁品牌VIP
[2021-07-10 00:12:55] [INFO] 本轮店铺已执行完，即将开始获取下一轮店铺
[2021-07-10 00:14:03] [INFO] 本轮运行获取到 1 家店铺会员信息
[2021-07-10 00:14:04] [INFO] 开始注销店铺 李宁品牌VIP
[2021-07-10 00:15:50] [INFO] 本轮运行获取到 50 家店铺会员信息
[2021-07-10 00:15:50] [INFO] 开始注销店铺 小皮品牌会员
[2021-07-10 00:21:08] [INFO] 本轮运行获取到 50 家店铺会员信息
[2021-07-10 00:21:08] [INFO] 开始注销店铺 小皮品牌会员
[2021-07-10 00:21:15] [INFO] 正在通过本地引擎识别
[2021-07-10 00:21:21] [INFO] 本次运行已成功注销店铺会员数量为： 1
[2021-07-10 00:21:22] [INFO] 开始注销店铺 小黑卡
[2021-07-10 00:21:27] [INFO] 正在通过本地引擎识别
[2021-07-10 00:21:33] [INFO] 本次运行已成功注销店铺会员数量为： 2
[2021-07-10 00:21:33] [INFO] 开始注销店铺 国际自营药房
[2021-07-10 00:21:40] [INFO] 正在通过本地引擎识别
[2021-07-10 00:21:46] [INFO] 本次运行已成功注销店铺会员数量为： 3
[2021-07-10 00:21:46] [INFO] 开始注销店铺 三元奶粉
[2021-07-10 00:21:54] [INFO] 正在通过本地引擎识别
[2021-07-10 00:21:57] [INFO] 验证码位置点击错误，尝试再试一次
[2021-07-10 00:21:58] [INFO] 正在通过本地引擎识别
[2021-07-10 00:22:03] [INFO] 本次运行已成功注销店铺会员数量为： 4
[2021-07-10 00:22:03] [INFO] 开始注销店铺 麦富迪
[2021-07-10 00:22:09] [INFO] 正在通过本地引擎识别
[2021-07-10 00:22:15] [INFO] 本次运行已成功注销店铺会员数量为： 5
[2021-07-10 00:22:15] [INFO] 开始注销店铺 海尔
[2021-07-10 00:22:24] [INFO] 正在通过本地引擎识别
[2021-07-10 00:22:30] [INFO] 本次运行已成功注销店铺会员数量为： 6
[2021-07-10 00:22:30] [INFO] 开始注销店铺 统帅会员
[2021-07-10 00:22:39] [INFO] 正在通过本地引擎识别
[2021-07-10 00:22:45] [INFO] 本次运行已成功注销店铺会员数量为： 7
[2021-07-10 00:22:45] [INFO] 开始注销店铺 韩束
[2021-07-10 00:22:54] [INFO] 正在通过本地引擎识别
[2021-07-10 00:23:00] [INFO] 本次运行已成功注销店铺会员数量为： 8
[2021-07-10 00:23:00] [INFO] 开始注销店铺 惠普
[2021-07-10 00:23:06] [INFO] 正在通过本地引擎识别
[2021-07-10 00:23:09] [INFO] 验证码位置点击错误，尝试再试一次
[2021-07-10 00:23:10] [INFO] 正在通过本地引擎识别
[2021-07-10 00:23:15] [INFO] 本次运行已成功注销店铺会员数量为： 9
[2021-07-10 00:23:15] [INFO] 开始注销店铺 李宁品牌VIP
[2021-07-10 00:24:16] [INFO] 等待websocket推送短信验证码超时，即将跳过 李宁品牌VIP
[2021-07-10 00:24:17] [INFO] 开始注销店铺 竹πVIP
[2021-07-10 00:24:24] [INFO] 正在通过本地引擎识别
[2021-07-10 00:24:30] [INFO] 本次运行已成功注销店铺会员数量为： 10
[2021-07-10 00:24:31] [INFO] 开始注销店铺 一叶子
[2021-07-10 00:24:36] [INFO] 正在通过本地引擎识别
[2021-07-10 00:24:43] [INFO] 本次运行已成功注销店铺会员数量为： 11
[2021-07-10 00:24:43] [INFO] 开始注销店铺 维他奶
[2021-07-10 00:24:48] [INFO] 正在通过本地引擎识别
[2021-07-10 00:24:55] [INFO] 本次运行已成功注销店铺会员数量为： 12
[2021-07-10 00:24:55] [INFO] 开始注销店铺 微软
[2021-07-10 00:25:00] [INFO] 正在通过本地引擎识别
[2021-07-10 00:25:07] [INFO] 本次运行已成功注销店铺会员数量为： 13
[2021-07-10 00:25:07] [INFO] 开始注销店铺 超级O粉
[2021-07-10 00:25:15] [INFO] 正在通过本地引擎识别
[2021-07-10 00:25:22] [INFO] 本次运行已成功注销店铺会员数量为： 14
[2021-07-10 00:25:22] [INFO] 开始注销店铺 伊利
[2021-07-10 00:25:30] [INFO] 正在通过本地引擎识别
[2021-07-10 00:25:37] [INFO] 本次运行已成功注销店铺会员数量为： 15
[2021-07-10 00:25:37] [INFO] 开始注销店铺 伊利金领冠
[2021-07-10 00:25:45] [INFO] 正在通过本地引擎识别
[2021-07-10 00:25:52] [INFO] 本次运行已成功注销店铺会员数量为： 16
[2021-07-10 00:25:52] [INFO] 开始注销店铺 卡萨帝会员
[2021-07-10 00:26:00] [INFO] 正在通过本地引擎识别
[2021-07-10 00:26:07] [INFO] 本次运行已成功注销店铺会员数量为： 17
[2021-07-10 00:26:07] [INFO] 开始注销店铺 realme
[2021-07-10 00:26:15] [INFO] 正在通过本地引擎识别
[2021-07-10 00:26:22] [INFO] 本次运行已成功注销店铺会员数量为： 18
[2021-07-10 00:26:22] [INFO] 开始注销店铺 来伊份
[2021-07-10 00:26:27] [INFO] 正在通过本地引擎识别
[2021-07-10 00:26:34] [INFO] 本次运行已成功注销店铺会员数量为： 19
[2021-07-10 00:26:34] [INFO] 开始注销店铺 蒙牛
[2021-07-10 00:26:39] [INFO] 正在通过本地引擎识别
[2021-07-10 00:26:42] [INFO] 验证码位置点击错误，尝试再试一次
[2021-07-10 00:26:43] [INFO] 正在通过本地引擎识别
[2021-07-10 00:27:16] [ERROR] 发生了一点小问题： ('图形验证码识别超时 蒙牛', None, None)
[2021-07-10 00:27:16] [INFO] 开始注销店铺 徐福记
[2021-07-10 00:27:25] [INFO] 正在通过本地引擎识别
[2021-07-10 00:27:32] [INFO] 本次运行已成功注销店铺会员数量为： 20
[2021-07-10 00:27:32] [INFO] 开始注销店铺 爱思贝会员卡
[2021-07-10 00:27:40] [INFO] 正在通过本地引擎识别
[2021-07-10 00:27:42] [INFO] 验证码位置点击错误，尝试再试一次
[2021-07-10 00:27:44] [INFO] 正在通过本地引擎识别
[2021-07-10 00:27:49] [INFO] 本次运行已成功注销店铺会员数量为： 21
[2021-07-10 00:27:49] [INFO] 开始注销店铺 杜康
[2021-07-10 00:27:58] [INFO] 正在通过本地引擎识别
[2021-07-10 00:28:04] [INFO] 本次运行已成功注销店铺会员数量为： 22
[2021-07-10 00:28:04] [INFO] 开始注销店铺 伊利成人粉
[2021-07-10 00:28:10] [INFO] 正在通过本地引擎识别
[2021-07-10 00:28:16] [INFO] 本次运行已成功注销店铺会员数量为： 23
[2021-07-10 00:28:16] [INFO] 开始注销店铺 红星二锅头
[2021-07-10 00:28:25] [INFO] 正在通过本地引擎识别
[2021-07-10 00:28:31] [INFO] 本次运行已成功注销店铺会员数量为： 24
[2021-07-10 00:28:31] [INFO] 开始注销店铺 美的会员
[2021-07-10 00:28:40] [INFO] 正在通过本地引擎识别
[2021-07-10 00:28:46] [INFO] 本次运行已成功注销店铺会员数量为： 25
[2021-07-10 00:28:46] [INFO] 开始注销店铺 超级米粉卡
[2021-07-10 00:29:18] [ERROR] 发生了一点小问题： ('发送短信验证码超时 超级米粉卡', None, None)
[2021-07-10 00:29:18] [INFO] 开始注销店铺 TENGA
[2021-07-10 00:29:25] [INFO] 正在通过本地引擎识别
[2021-07-10 00:29:31] [INFO] 本次运行已成功注销店铺会员数量为： 26
[2021-07-10 00:29:32] [INFO] 开始注销店铺 兰蔻
[2021-07-10 00:29:37] [INFO] 正在通过本地引擎识别
[2021-07-10 00:29:44] [INFO] 本次运行已成功注销店铺会员数量为： 27
[2021-07-10 00:29:44] [INFO] 开始注销店铺 宝洁
[2021-07-10 00:29:49] [INFO] 正在通过本地引擎识别
[2021-07-10 00:29:55] [INFO] 本次运行已成功注销店铺会员数量为： 28
[2021-07-10 00:29:56] [INFO] 开始注销店铺 华硕品牌会员
[2021-07-10 00:30:01] [INFO] 正在通过本地引擎识别
[2021-07-10 00:30:08] [INFO] 本次运行已成功注销店铺会员数量为： 29
[2021-07-10 00:30:08] [INFO] 开始注销店铺 帮宝适
[2021-07-10 00:30:13] [INFO] 正在通过本地引擎识别
[2021-07-10 00:30:20] [INFO] 本次运行已成功注销店铺会员数量为： 30
[2021-07-10 00:30:20] [INFO] 开始注销店铺 SK-II
[2021-07-10 00:30:28] [INFO] 正在通过本地引擎识别
[2021-07-10 00:30:35] [INFO] 本次运行已成功注销店铺会员数量为： 31
[2021-07-10 00:30:35] [INFO] 开始注销店铺 KOKUYO
[2021-07-10 00:30:43] [INFO] 正在通过本地引擎识别
[2021-07-10 00:30:50] [INFO] 本次运行已成功注销店铺会员数量为： 32
[2021-07-10 00:30:50] [INFO] 开始注销店铺 碧欧泉
[2021-07-10 00:30:58] [INFO] 正在通过本地引擎识别
[2021-07-10 00:31:05] [INFO] 本次运行已成功注销店铺会员数量为： 33
[2021-07-10 00:31:05] [INFO] 开始注销店铺 金沙VIP
[2021-07-10 00:31:13] [INFO] 正在通过本地引擎识别
[2021-07-10 00:31:20] [INFO] 本次运行已成功注销店铺会员数量为： 34
[2021-07-10 00:31:20] [INFO] 开始注销店铺 尊享会员卡
[2021-07-10 00:31:28] [INFO] 正在通过本地引擎识别
[2021-07-10 00:31:35] [INFO] 本次运行已成功注销店铺会员数量为： 35
[2021-07-10 00:31:35] [INFO] 开始注销店铺 元气森林
[2021-07-10 00:31:44] [INFO] 正在通过本地引擎识别
[2021-07-10 00:31:50] [INFO] 本次运行已成功注销店铺会员数量为： 36
[2021-07-10 00:31:50] [INFO] 开始注销店铺 天合品牌自营
[2021-07-10 00:31:59] [INFO] 正在通过本地引擎识别
[2021-07-10 00:32:05] [INFO] 本次运行已成功注销店铺会员数量为： 37
[2021-07-10 00:32:05] [INFO] 开始注销店铺 飞利浦净水
[2021-07-10 00:32:14] [INFO] 正在通过本地引擎识别
[2021-07-10 00:32:17] [INFO] 验证码位置点击错误，尝试再试一次
[2021-07-10 00:32:18] [INFO] 正在通过本地引擎识别
[2021-07-10 00:32:23] [INFO] 本次运行已成功注销店铺会员数量为： 38
[2021-07-10 00:32:23] [INFO] 开始注销店铺 阿道夫VIP
[2021-07-10 00:32:33] [INFO] 正在通过本地引擎识别
[2021-07-10 00:32:39] [INFO] 本次运行已成功注销店铺会员数量为： 39
[2021-07-10 00:32:40] [INFO] 开始注销店铺 荣耀会员
[2021-07-10 00:32:47] [INFO] 正在通过本地引擎识别
[2021-07-10 00:32:54] [INFO] 本次运行已成功注销店铺会员数量为： 40
[2021-07-10 00:32:54] [INFO] 开始注销店铺 康比特会员
[2021-07-10 00:33:55] [INFO] 等待websocket推送短信验证码超时，即将跳过 康比特会员
[2021-07-10 00:33:55] [INFO] 开始注销店铺 中兴会员卡
[2021-07-10 00:34:03] [INFO] 正在通过本地引擎识别
[2021-07-10 00:34:09] [INFO] 本次运行已成功注销店铺会员数量为： 41
[2021-07-10 00:34:09] [INFO] 开始注销店铺 欧乐B
[2021-07-10 00:34:18] [INFO] 正在通过本地引擎识别
[2021-07-10 00:34:24] [INFO] 本次运行已成功注销店铺会员数量为： 42
[2021-07-10 00:34:24] [INFO] 开始注销店铺 特仑苏会员卡
[2021-07-10 00:34:33] [INFO] 正在通过本地引擎识别
[2021-07-10 00:34:39] [INFO] 本次运行已成功注销店铺会员数量为： 43
[2021-07-10 00:34:39] [INFO] 开始注销店铺 九阳
[2021-07-10 00:34:48] [INFO] 正在通过本地引擎识别
[2021-07-10 00:34:54] [INFO] 本次运行已成功注销店铺会员数量为： 44
[2021-07-10 00:34:54] [INFO] 开始注销店铺 月星星粉会员卡
[2021-07-10 00:35:03] [INFO] 正在通过本地引擎识别
[2021-07-10 00:35:09] [INFO] 本次运行已成功注销店铺会员数量为： 45
[2021-07-10 00:35:09] [INFO] 开始注销店铺 屈臣氏饮料
[2021-07-10 00:35:18] [INFO] 正在通过本地引擎识别
[2021-07-10 00:35:24] [INFO] 本次运行已成功注销店铺会员数量为： 46
[2021-07-10 00:35:24] [INFO] 本轮店铺已执行完，即将开始获取下一轮店铺
[2021-07-10 00:35:25] [INFO] 本轮运行获取到 15 家店铺会员信息
[2021-07-10 00:35:25] [INFO] 开始注销店铺 格力电器
[2021-07-10 00:35:33] [INFO] 正在通过本地引擎识别
[2021-07-10 00:35:39] [INFO] 本次运行已成功注销店铺会员数量为： 47
[2021-07-10 00:35:40] [INFO] 开始注销店铺 兰雀品牌会员
[2021-07-10 00:35:48] [INFO] 正在通过本地引擎识别
[2021-07-10 00:35:55] [INFO] 本次运行已成功注销店铺会员数量为： 48
[2021-07-10 00:35:55] [INFO] 开始注销店铺 卡士酸奶会员卡
[2021-07-10 00:36:03] [INFO] 正在通过本地引擎识别
[2021-07-10 00:36:10] [INFO] 本次运行已成功注销店铺会员数量为： 49
[2021-07-10 00:36:10] [INFO] 开始注销店铺 汾酒
[2021-07-10 00:36:24] [INFO] 正在通过本地引擎识别
[2021-07-10 00:36:31] [INFO] 本次运行已成功注销店铺会员数量为： 50
[2021-07-10 00:36:31] [INFO] 开始注销店铺 蒙牛
[2021-07-10 00:36:39] [INFO] 正在通过本地引擎识别
[2021-07-10 00:36:46] [INFO] 本次运行已成功注销店铺会员数量为： 51
[2021-07-10 00:36:46] [INFO] 开始注销店铺 格力高
[2021-07-10 00:36:54] [INFO] 正在通过本地引擎识别
[2021-07-10 00:37:01] [INFO] 本次运行已成功注销店铺会员数量为： 52
[2021-07-10 00:37:01] [INFO] 开始注销店铺 资生堂
[2021-07-10 00:37:09] [INFO] 正在通过本地引擎识别
[2021-07-10 00:37:16] [INFO] 本次运行已成功注销店铺会员数量为： 53
[2021-07-10 00:37:16] [INFO] 开始注销店铺 康比特会员
[2021-07-10 00:37:24] [INFO] 正在通过本地引擎识别
[2021-07-10 00:37:31] [INFO] 本次运行已成功注销店铺会员数量为： 54
[2021-07-10 00:37:32] [INFO] 开始注销店铺 太粮米业会员
[2021-07-10 00:37:39] [INFO] 正在通过本地引擎识别
[2021-07-10 00:37:46] [INFO] 本次运行已成功注销店铺会员数量为： 55
[2021-07-10 00:37:46] [INFO] 开始注销店铺 超级米粉卡
[2021-07-10 00:37:54] [INFO] 正在通过本地引擎识别
[2021-07-10 00:38:01] [INFO] 本次运行已成功注销店铺会员数量为： 56
[2021-07-10 00:38:01] [INFO] 开始注销店铺 仰韶彩陶坊
[2021-07-10 00:38:10] [INFO] 正在通过本地引擎识别
[2021-07-10 00:38:16] [INFO] 本次运行已成功注销店铺会员数量为： 57
[2021-07-10 00:38:16] [INFO] 开始注销店铺 巴黎欧莱雅
[2021-07-10 00:38:25] [INFO] 正在通过本地引擎识别
[2021-07-10 00:38:31] [INFO] 本次运行已成功注销店铺会员数量为： 58
[2021-07-10 00:38:31] [INFO] 开始注销店铺 李宁品牌VIP
[2021-07-10 00:39:32] [INFO] 等待websocket推送短信验证码超时，即将跳过 李宁品牌VIP
[2021-07-10 00:39:32] [INFO] 开始注销店铺 梅见品鉴官
[2021-07-10 00:39:40] [INFO] 正在通过本地引擎识别
[2021-07-10 00:39:46] [INFO] 本次运行已成功注销店铺会员数量为： 59
[2021-07-10 00:39:46] [INFO] 开始注销店铺 桂林品牌会员
[2021-07-10 00:40:25] [ERROR] 发生了一点小问题： ('', None, None)
[2021-07-10 00:40:25] [INFO] 本轮店铺已执行完，即将开始获取下一轮店铺
[2021-07-10 00:40:25] [INFO] 本轮运行获取到 2 家店铺会员信息
[2021-07-10 00:40:26] [INFO] 开始注销店铺 李宁品牌VIP
[2021-07-10 00:41:27] [INFO] 等待websocket推送短信验证码超时，即将跳过 李宁品牌VIP
[2021-07-10 00:41:27] [INFO] 开始注销店铺 桂林品牌会员
[2021-07-10 00:41:34] [INFO] 正在通过本地引擎识别
[2021-07-10 00:41:37] [INFO] 验证码位置点击错误，尝试再试一次
[2021-07-10 00:41:38] [INFO] 正在通过本地引擎识别
[2021-07-10 00:41:43] [INFO] 本次运行已成功注销店铺会员数量为： 60
[2021-07-10 00:41:43] [INFO] 本轮店铺已执行完，即将开始获取下一轮店铺
[2021-07-10 00:41:44] [INFO] 当前接口获取到的店铺列表和上一轮一致，认为接口缓存还未刷新，即将尝试刷新缓存
[2021-07-10 00:41:44] [INFO] 理论上缓存已经刷新成功，如页面未成功自动刷新请及时反馈
[2021-07-10 00:41:44] [INFO] 本轮运行获取到 1 家店铺会员信息
[2021-07-10 00:41:44] [INFO] 开始注销店铺 李宁品牌VIP
