[2021-08-21 13:01:03] [INFO] 本轮运行获取到 50 家店铺会员信息
[2021-08-21 13:01:04] [INFO] 开始注销店铺 蓝河会员卡
[2021-08-21 13:01:09] [WARNING] 请先启动 jd_wstool 工具监听退会短信验证码
 ("Multiple exceptions: [Errno 10061] Connect call failed ('127.0.0.1', 5201), [Errno 10061] Connect call failed ('::1', 5201, 0, 0)",)
[2021-08-21 13:02:39] [INFO] 本轮运行获取到 50 家店铺会员信息
[2021-08-21 13:02:39] [INFO] 开始注销店铺 蓝河会员卡
[2021-08-21 13:02:40] [INFO] 当前店铺退会链接已失效，暂判定为缓存导致，正在尝试清除卡包列表缓存...
[2021-08-21 13:02:40] [INFO] 理论上缓存已经刷新成功，如项目未继续执行请及时反馈
[2021-08-21 13:02:40] [INFO] 本轮店铺已执行完，即将开始获取下一轮店铺
[2021-08-21 13:02:41] [INFO] 本轮运行获取到 50 家店铺会员信息
[2021-08-21 13:02:42] [INFO] 开始注销店铺 霸王洗发水
[2021-08-21 13:02:51] [INFO] 正在通过本地引擎识别
[2021-08-21 13:02:58] [INFO] 本次运行已成功注销店铺会员数量为： 1
[2021-08-21 13:02:58] [INFO] 开始注销店铺 小皮品牌会员
[2021-08-21 13:03:06] [INFO] 正在通过本地引擎识别
[2021-08-21 13:03:09] [INFO] 验证码位置点击错误，尝试再试一次
[2021-08-21 13:03:10] [INFO] 正在通过本地引擎识别
[2021-08-21 13:03:15] [INFO] 本次运行已成功注销店铺会员数量为： 2
[2021-08-21 13:03:15] [INFO] 开始注销店铺 麦富迪
[2021-08-21 13:03:24] [INFO] 正在通过本地引擎识别
[2021-08-21 13:03:30] [INFO] 本次运行已成功注销店铺会员数量为： 3
[2021-08-21 13:03:31] [INFO] 开始注销店铺 全棉时代
[2021-08-21 13:03:39] [INFO] 正在通过本地引擎识别
[2021-08-21 13:03:45] [INFO] 本次运行已成功注销店铺会员数量为： 4
[2021-08-21 13:03:46] [INFO] 开始注销店铺 红星二锅头
[2021-08-21 13:03:57] [INFO] 正在通过本地引擎识别
[2021-08-21 13:04:04] [INFO] 本次运行已成功注销店铺会员数量为： 5
[2021-08-21 13:04:04] [INFO] 开始注销店铺 宝洁
[2021-08-21 13:04:12] [INFO] 正在通过本地引擎识别
[2021-08-21 13:04:19] [INFO] 本次运行已成功注销店铺会员数量为： 6
[2021-08-21 13:04:19] [INFO] 开始注销店铺 联想品牌会员
[2021-08-21 13:04:27] [INFO] 正在通过本地引擎识别
[2021-08-21 13:04:34] [INFO] 本次运行已成功注销店铺会员数量为： 7
[2021-08-21 13:04:34] [INFO] 开始注销店铺 好孩子
[2021-08-21 13:04:42] [INFO] 正在通过本地引擎识别
[2021-08-21 13:04:49] [INFO] 本次运行已成功注销店铺会员数量为： 8
[2021-08-21 13:04:49] [INFO] 开始注销店铺 阿道夫
[2021-08-21 13:04:57] [INFO] 正在通过本地引擎识别
[2021-08-21 13:05:04] [INFO] 本次运行已成功注销店铺会员数量为： 9
[2021-08-21 13:05:04] [INFO] 开始注销店铺 海尔
[2021-08-21 13:05:12] [INFO] 正在通过本地引擎识别
[2021-08-21 13:05:19] [INFO] 本次运行已成功注销店铺会员数量为： 10
[2021-08-21 13:05:19] [INFO] 开始注销店铺 润百颜会员卡
[2021-08-21 13:05:27] [INFO] 正在通过本地引擎识别
[2021-08-21 13:05:34] [INFO] 本次运行已成功注销店铺会员数量为： 11
[2021-08-21 13:05:34] [INFO] 开始注销店铺 家庭清洁师
[2021-08-21 13:05:42] [INFO] 正在通过本地引擎识别
[2021-08-21 13:05:49] [INFO] 本次运行已成功注销店铺会员数量为： 12
[2021-08-21 13:05:49] [INFO] 开始注销店铺 露安适会员卡
[2021-08-21 13:05:58] [INFO] 正在通过本地引擎识别
[2021-08-21 13:06:05] [INFO] 本次运行已成功注销店铺会员数量为： 13
[2021-08-21 13:06:05] [INFO] 开始注销店铺 维他奶
[2021-08-21 13:06:12] [INFO] 正在通过本地引擎识别
[2021-08-21 13:06:19] [INFO] 本次运行已成功注销店铺会员数量为： 14
[2021-08-21 13:06:19] [INFO] 开始注销店铺 伊利金领冠
[2021-08-21 13:06:27] [INFO] 正在通过本地引擎识别
[2021-08-21 13:06:34] [INFO] 本次运行已成功注销店铺会员数量为： 15
[2021-08-21 13:06:34] [INFO] 开始注销店铺 孩之宝
[2021-08-21 13:06:43] [INFO] 正在通过本地引擎识别
[2021-08-21 13:06:49] [INFO] 本次运行已成功注销店铺会员数量为： 16
[2021-08-21 13:06:49] [INFO] 开始注销店铺 爱思贝会员卡
[2021-08-21 13:06:58] [INFO] 正在通过本地引擎识别
[2021-08-21 13:07:04] [INFO] 本次运行已成功注销店铺会员数量为： 17
[2021-08-21 13:07:04] [INFO] 开始注销店铺 帮宝适
[2021-08-21 13:07:13] [INFO] 正在通过本地引擎识别
[2021-08-21 13:07:19] [INFO] 本次运行已成功注销店铺会员数量为： 18
[2021-08-21 13:07:19] [INFO] 开始注销店铺 洽洽
[2021-08-21 13:07:28] [INFO] 正在通过本地引擎识别
[2021-08-21 13:07:34] [INFO] 本次运行已成功注销店铺会员数量为： 19
[2021-08-21 13:07:34] [INFO] 开始注销店铺 小黑卡
[2021-08-21 13:07:43] [INFO] 正在通过本地引擎识别
[2021-08-21 13:07:49] [INFO] 本次运行已成功注销店铺会员数量为： 20
[2021-08-21 13:07:49] [INFO] 开始注销店铺 加州乐事自营
[2021-08-21 13:07:58] [INFO] 正在通过本地引擎识别
[2021-08-21 13:08:05] [INFO] 本次运行已成功注销店铺会员数量为： 21
[2021-08-21 13:08:05] [INFO] 开始注销店铺 三元奶粉
[2021-08-21 13:08:19] [INFO] 正在通过本地引擎识别
[2021-08-21 13:08:26] [INFO] 本次运行已成功注销店铺会员数量为： 22
[2021-08-21 13:08:26] [INFO] 开始注销店铺 桂冠美食卡
[2021-08-21 13:08:37] [INFO] 正在通过本地引擎识别
[2021-08-21 13:08:44] [INFO] 本次运行已成功注销店铺会员数量为： 23
[2021-08-21 13:08:44] [INFO] 开始注销店铺 DR
[2021-08-21 13:08:52] [INFO] 正在通过本地引擎识别
[2021-08-21 13:08:59] [INFO] 本次运行已成功注销店铺会员数量为： 24
[2021-08-21 13:08:59] [INFO] 开始注销店铺 韩束
[2021-08-21 13:09:10] [INFO] 正在通过本地引擎识别
[2021-08-21 13:09:13] [INFO] 验证码位置点击错误，尝试再试一次
[2021-08-21 13:09:14] [INFO] 正在通过本地引擎识别
[2021-08-21 13:09:20] [INFO] 本次运行已成功注销店铺会员数量为： 25
[2021-08-21 13:09:20] [INFO] 开始注销店铺 盛宝
[2021-08-21 13:09:28] [INFO] 正在通过本地引擎识别
[2021-08-21 13:09:35] [INFO] 本次运行已成功注销店铺会员数量为： 26
[2021-08-21 13:09:35] [INFO] 开始注销店铺 君乐宝奶粉
[2021-08-21 13:09:49] [INFO] 正在通过本地引擎识别
[2021-08-21 13:09:56] [INFO] 本次运行已成功注销店铺会员数量为： 27
[2021-08-21 13:09:56] [INFO] 开始注销店铺 微软
[2021-08-21 13:10:04] [INFO] 正在通过本地引擎识别
[2021-08-21 13:10:11] [INFO] 本次运行已成功注销店铺会员数量为： 28
[2021-08-21 13:10:11] [INFO] 开始注销店铺 vivo
[2021-08-21 13:10:28] [INFO] 正在通过本地引擎识别
[2021-08-21 13:10:35] [INFO] 本次运行已成功注销店铺会员数量为： 29
[2021-08-21 13:10:36] [INFO] 开始注销店铺 伊利
[2021-08-21 13:10:43] [INFO] 正在通过本地引擎识别
[2021-08-21 13:10:47] [INFO] 验证码位置点击错误，尝试再试一次
[2021-08-21 13:10:48] [INFO] 正在通过本地引擎识别
[2021-08-21 13:11:09] [INFO] 本次运行已成功注销店铺会员数量为： 30
[2021-08-21 13:11:10] [INFO] 开始注销店铺 Kindle
[2021-08-21 13:11:17] [INFO] 正在通过本地引擎识别
[2021-08-21 13:11:23] [INFO] 本次运行已成功注销店铺会员数量为： 31
[2021-08-21 13:11:23] [INFO] 开始注销店铺 杰士邦
[2021-08-21 13:11:41] [INFO] 正在通过本地引擎识别
[2021-08-21 13:11:47] [INFO] 本次运行已成功注销店铺会员数量为： 32
[2021-08-21 13:11:47] [INFO] 开始注销店铺 来伊份
[2021-08-21 13:11:56] [INFO] 正在通过本地引擎识别
[2021-08-21 13:12:03] [INFO] 本次运行已成功注销店铺会员数量为： 33
[2021-08-21 13:12:03] [INFO] 开始注销店铺 蒙牛
[2021-08-21 13:12:11] [INFO] 正在通过本地引擎识别
[2021-08-21 13:12:17] [INFO] 本次运行已成功注销店铺会员数量为： 34
[2021-08-21 13:12:17] [INFO] 开始注销店铺 徐福记
[2021-08-21 13:12:26] [INFO] 正在通过本地引擎识别
[2021-08-21 13:12:32] [INFO] 本次运行已成功注销店铺会员数量为： 35
[2021-08-21 13:12:32] [INFO] 开始注销店铺 伊利成人粉
[2021-08-21 13:12:38] [INFO] 正在通过本地引擎识别
[2021-08-21 13:12:44] [INFO] 本次运行已成功注销店铺会员数量为： 36
[2021-08-21 13:12:45] [INFO] 开始注销店铺 添宁会员俱乐部
[2021-08-21 13:12:53] [INFO] 正在通过本地引擎识别
[2021-08-21 13:12:59] [INFO] 本次运行已成功注销店铺会员数量为： 37
[2021-08-21 13:13:00] [INFO] 开始注销店铺 包大人会员卡
[2021-08-21 13:13:08] [INFO] 正在通过本地引擎识别
[2021-08-21 13:13:14] [INFO] 本次运行已成功注销店铺会员数量为： 38
[2021-08-21 13:13:15] [INFO] 开始注销店铺 郎酒旗舰店会员
[2021-08-21 13:13:23] [INFO] 正在通过本地引擎识别
[2021-08-21 13:13:30] [INFO] 本次运行已成功注销店铺会员数量为： 39
[2021-08-21 13:13:30] [INFO] 开始注销店铺 贝因美
[2021-08-21 13:13:38] [INFO] 正在通过本地引擎识别
[2021-08-21 13:13:41] [INFO] 验证码位置点击错误，尝试再试一次
[2021-08-21 13:13:42] [INFO] 正在通过本地引擎识别
[2021-08-21 13:13:48] [INFO] 本次运行已成功注销店铺会员数量为： 40
[2021-08-21 13:13:48] [INFO] 开始注销店铺 香丹清
[2021-08-21 13:13:56] [INFO] 正在通过本地引擎识别
[2021-08-21 13:14:03] [INFO] 本次运行已成功注销店铺会员数量为： 41
[2021-08-21 13:14:03] [INFO] 开始注销店铺 斑布
[2021-08-21 13:14:11] [INFO] 正在通过本地引擎识别
[2021-08-21 13:14:18] [INFO] 本次运行已成功注销店铺会员数量为： 42
[2021-08-21 13:14:18] [INFO] 开始注销店铺 太太乐
[2021-08-21 13:14:29] [INFO] 正在通过本地引擎识别
[2021-08-21 13:14:36] [INFO] 本次运行已成功注销店铺会员数量为： 43
[2021-08-21 13:14:36] [INFO] 开始注销店铺 SK-II
[2021-08-21 13:14:47] [INFO] 正在通过本地引擎识别
[2021-08-21 13:14:54] [INFO] 本次运行已成功注销店铺会员数量为： 44
[2021-08-21 13:14:54] [INFO] 开始注销店铺 益肤品牌会员
[2021-08-21 13:14:59] [INFO] 正在通过本地引擎识别
[2021-08-21 13:15:06] [INFO] 本次运行已成功注销店铺会员数量为： 45
[2021-08-21 13:15:06] [INFO] 开始注销店铺 可口可乐
[2021-08-21 13:15:17] [INFO] 正在通过本地引擎识别
[2021-08-21 13:15:24] [INFO] 本次运行已成功注销店铺会员数量为： 46
[2021-08-21 13:15:24] [INFO] 开始注销店铺 青蛙王子储值卡
[2021-08-21 13:15:38] [INFO] 正在通过本地引擎识别
[2021-08-21 13:15:42] [INFO] 验证码位置点击错误，尝试再试一次
[2021-08-21 13:15:43] [INFO] 正在通过本地引擎识别
[2021-08-21 13:15:49] [INFO] 本次运行已成功注销店铺会员数量为： 47
[2021-08-21 13:15:49] [INFO] 开始注销店铺 希捷LACIE
[2021-08-21 13:16:00] [INFO] 正在通过本地引擎识别
[2021-08-21 13:16:06] [INFO] 本次运行已成功注销店铺会员数量为： 48
[2021-08-21 13:16:06] [INFO] 开始注销店铺 米小芽VIP卡
[2021-08-21 13:16:18] [INFO] 正在通过本地引擎识别
[2021-08-21 13:16:24] [INFO] 本次运行已成功注销店铺会员数量为： 49
[2021-08-21 13:16:24] [INFO] 开始注销店铺 桂林品牌会员
[2021-08-21 13:16:36] [INFO] 正在通过本地引擎识别
[2021-08-21 13:16:42] [INFO] 本次运行已成功注销店铺会员数量为： 50
[2021-08-21 13:16:42] [INFO] 本轮店铺已执行完，即将开始获取下一轮店铺
[2021-08-21 13:16:44] [INFO] 本轮运行获取到 50 家店铺会员信息
[2021-08-21 13:16:44] [INFO] 开始注销店铺 安踏VIP
[2021-08-21 13:16:54] [INFO] 正在通过本地引擎识别
[2021-08-21 13:17:00] [INFO] 本次运行已成功注销店铺会员数量为： 51
[2021-08-21 13:17:00] [INFO] 开始注销店铺 润本品牌会员
[2021-08-21 13:17:09] [INFO] 正在通过本地引擎识别
[2021-08-21 13:17:16] [INFO] 本次运行已成功注销店铺会员数量为： 52
[2021-08-21 13:17:16] [INFO] 开始注销店铺 美的会员
[2021-08-21 13:17:24] [INFO] 正在通过本地引擎识别
[2021-08-21 13:17:31] [INFO] 本次运行已成功注销店铺会员数量为： 53
[2021-08-21 13:17:31] [INFO] 开始注销店铺 自然堂
[2021-08-21 13:18:02] [ERROR] 发生了一点小问题： ('发送短信验证码超时 自然堂', None, None)
[2021-08-21 13:18:02] [INFO] 开始注销店铺 AOC京东自营
[2021-08-21 13:18:18] [INFO] 正在通过本地引擎识别
[2021-08-21 13:18:25] [INFO] 本次运行已成功注销店铺会员数量为： 54
[2021-08-21 13:18:25] [INFO] 开始注销店铺 Beaba会员
[2021-08-21 13:18:33] [INFO] 正在通过本地引擎识别
[2021-08-21 13:18:40] [INFO] 本次运行已成功注销店铺会员数量为： 55
[2021-08-21 13:18:40] [INFO] 开始注销店铺 酷客卡
[2021-08-21 13:18:48] [INFO] 正在通过本地引擎识别
[2021-08-21 13:18:55] [INFO] 本次运行已成功注销店铺会员数量为： 56
[2021-08-21 13:18:55] [INFO] 开始注销店铺 海洋丝缎
[2021-08-21 13:19:06] [INFO] 正在通过本地引擎识别
[2021-08-21 13:19:13] [INFO] 本次运行已成功注销店铺会员数量为： 57
[2021-08-21 13:19:13] [INFO] 开始注销店铺 澳谷
[2021-08-21 13:19:27] [INFO] 正在通过本地引擎识别
[2021-08-21 13:19:34] [INFO] 本次运行已成功注销店铺会员数量为： 58
[2021-08-21 13:19:34] [INFO] 开始注销店铺 雀巢优活
[2021-08-21 13:19:48] [INFO] 正在通过本地引擎识别
[2021-08-21 13:19:55] [INFO] 本次运行已成功注销店铺会员数量为： 59
[2021-08-21 13:19:55] [INFO] 开始注销店铺 张裕葡萄酒
[2021-08-21 13:20:06] [INFO] 正在通过本地引擎识别
[2021-08-21 13:20:09] [INFO] 验证码位置点击错误，尝试再试一次
[2021-08-21 13:20:10] [INFO] 正在通过本地引擎识别
[2021-08-21 13:20:16] [INFO] 本次运行已成功注销店铺会员数量为： 60
[2021-08-21 13:20:16] [INFO] 开始注销店铺 麦德氏
[2021-08-21 13:20:24] [INFO] 正在通过本地引擎识别
[2021-08-21 13:20:31] [INFO] 本次运行已成功注销店铺会员数量为： 61
[2021-08-21 13:20:31] [INFO] 开始注销店铺 汤臣倍健
[2021-08-21 13:20:39] [INFO] 正在通过本地引擎识别
[2021-08-21 13:20:46] [INFO] 本次运行已成功注销店铺会员数量为： 62
[2021-08-21 13:20:46] [INFO] 开始注销店铺 乐扣乐扣
[2021-08-21 13:21:18] [ERROR] 发生了一点小问题： ('发送短信验证码超时 乐扣乐扣', None, None)
[2021-08-21 13:21:18] [INFO] 开始注销店铺 欧舒丹丹粉
[2021-08-21 13:21:31] [INFO] 正在通过本地引擎识别
[2021-08-21 13:21:37] [INFO] 本次运行已成功注销店铺会员数量为： 63
[2021-08-21 13:21:37] [INFO] 开始注销店铺 PUMA会员卡
[2021-08-21 13:21:43] [INFO] 正在通过本地引擎识别
[2021-08-21 13:21:49] [INFO] 本次运行已成功注销店铺会员数量为： 64
[2021-08-21 13:21:49] [INFO] 开始注销店铺 保乐力加会员
[2021-08-21 13:22:01] [INFO] 正在通过本地引擎识别
[2021-08-21 13:22:07] [INFO] 本次运行已成功注销店铺会员数量为： 65
[2021-08-21 13:22:08] [INFO] 开始注销店铺 统帅会员
[2021-08-21 13:22:19] [INFO] 正在通过本地引擎识别
[2021-08-21 13:22:25] [INFO] 本次运行已成功注销店铺会员数量为： 66
[2021-08-21 13:22:25] [INFO] 开始注销店铺 惠普
[2021-08-21 13:22:34] [INFO] 正在通过本地引擎识别
[2021-08-21 13:22:40] [INFO] 本次运行已成功注销店铺会员数量为： 67
[2021-08-21 13:22:41] [INFO] 开始注销店铺 健安喜GNC
[2021-08-21 13:22:52] [INFO] 正在通过本地引擎识别
[2021-08-21 13:22:59] [INFO] 本次运行已成功注销店铺会员数量为： 68
[2021-08-21 13:22:59] [INFO] 开始注销店铺 西部数据
[2021-08-21 13:23:07] [INFO] 正在通过本地引擎识别
[2021-08-21 13:23:13] [INFO] 本次运行已成功注销店铺会员数量为： 69
[2021-08-21 13:23:14] [INFO] 开始注销店铺 李宁品牌VIP
[2021-08-21 13:24:15] [INFO] 等待websocket推送短信验证码超时，即将跳过 李宁品牌VIP
[2021-08-21 13:24:15] [INFO] 开始注销店铺 BMW悦享会员
[2021-08-21 13:24:28] [INFO] 正在通过本地引擎识别
[2021-08-21 13:24:35] [INFO] 本次运行已成功注销店铺会员数量为： 70
[2021-08-21 13:24:35] [INFO] 开始注销店铺 奥丁格会员
[2021-08-21 13:24:46] [INFO] 正在通过本地引擎识别
[2021-08-21 13:24:53] [INFO] 本次运行已成功注销店铺会员数量为： 71
[2021-08-21 13:24:53] [INFO] 开始注销店铺 超级O粉
[2021-08-21 13:25:01] [INFO] 正在通过本地引擎识别
[2021-08-21 13:25:08] [INFO] 本次运行已成功注销店铺会员数量为： 72
[2021-08-21 13:25:08] [INFO] 开始注销店铺 卡萨帝会员
[2021-08-21 13:25:19] [INFO] 正在通过本地引擎识别
[2021-08-21 13:25:22] [INFO] 验证码位置点击错误，尝试再试一次
[2021-08-21 13:25:23] [INFO] 正在通过本地引擎识别
[2021-08-21 13:25:29] [INFO] 本次运行已成功注销店铺会员数量为： 73
[2021-08-21 13:25:29] [INFO] 开始注销店铺 realme
[2021-08-21 13:25:40] [INFO] 正在通过本地引擎识别
[2021-08-21 13:25:47] [INFO] 本次运行已成功注销店铺会员数量为： 74
[2021-08-21 13:25:47] [INFO] 开始注销店铺 Dyson
[2021-08-21 13:25:58] [INFO] 正在通过本地引擎识别
[2021-08-21 13:26:06] [INFO] 本次运行已成功注销店铺会员数量为： 75
[2021-08-21 13:26:06] [INFO] 开始注销店铺 超级米粉卡
[2021-08-21 13:26:13] [INFO] 正在通过本地引擎识别
[2021-08-21 13:26:20] [INFO] 本次运行已成功注销店铺会员数量为： 76
[2021-08-21 13:26:20] [INFO] 开始注销店铺 兰蔻
[2021-08-21 13:26:28] [INFO] 正在通过本地引擎识别
[2021-08-21 13:26:35] [INFO] 本次运行已成功注销店铺会员数量为： 77
[2021-08-21 13:26:35] [INFO] 开始注销店铺 华硕品牌会员
[2021-08-21 13:26:49] [INFO] 正在通过本地引擎识别
[2021-08-21 13:26:56] [INFO] 本次运行已成功注销店铺会员数量为： 78
[2021-08-21 13:26:56] [INFO] 开始注销店铺 碧欧泉
[2021-08-21 13:27:08] [INFO] 正在通过本地引擎识别
[2021-08-21 13:27:14] [INFO] 本次运行已成功注销店铺会员数量为： 79
[2021-08-21 13:27:14] [INFO] 开始注销店铺 科伦俱乐部
[2021-08-21 13:27:23] [INFO] 正在通过本地引擎识别
[2021-08-21 13:27:29] [INFO] 本次运行已成功注销店铺会员数量为： 80
[2021-08-21 13:27:29] [INFO] 开始注销店铺 五粮浓香
[2021-08-21 13:27:41] [INFO] 正在通过本地引擎识别
[2021-08-21 13:27:47] [INFO] 本次运行已成功注销店铺会员数量为： 81
[2021-08-21 13:27:48] [INFO] 开始注销店铺 雅培血糖仪
[2021-08-21 13:27:59] [INFO] 正在通过本地引擎识别
[2021-08-21 13:28:02] [INFO] 验证码位置点击错误，尝试再试一次
[2021-08-21 13:28:03] [INFO] 正在通过本地引擎识别
[2021-08-21 13:28:08] [INFO] 本次运行已成功注销店铺会员数量为： 82
[2021-08-21 13:28:08] [INFO] 开始注销店铺 荣耀会员
[2021-08-21 13:28:20] [INFO] 正在通过本地引擎识别
[2021-08-21 13:28:26] [INFO] 本次运行已成功注销店铺会员数量为： 83
[2021-08-21 13:28:27] [INFO] 开始注销店铺 怡宝
[2021-08-21 13:28:35] [INFO] 正在通过本地引擎识别
[2021-08-21 13:28:41] [INFO] 本次运行已成功注销店铺会员数量为： 84
[2021-08-21 13:28:42] [INFO] 开始注销店铺 波司登品牌会员
[2021-08-21 13:28:56] [INFO] 正在通过本地引擎识别
[2021-08-21 13:28:59] [INFO] 验证码位置点击错误，尝试再试一次
[2021-08-21 13:29:00] [INFO] 正在通过本地引擎识别
[2021-08-21 13:29:06] [INFO] 本次运行已成功注销店铺会员数量为： 85
[2021-08-21 13:29:06] [INFO] 开始注销店铺 myNB会员
[2021-08-21 13:29:17] [INFO] 正在通过本地引擎识别
[2021-08-21 13:29:24] [INFO] 本次运行已成功注销店铺会员数量为： 86
[2021-08-21 13:29:24] [INFO] 开始注销店铺 欧乐B
[2021-08-21 13:29:38] [INFO] 正在通过本地引擎识别
[2021-08-21 13:29:45] [INFO] 本次运行已成功注销店铺会员数量为： 87
[2021-08-21 13:29:45] [INFO] 开始注销店铺 安踏VIP
[2021-08-21 13:29:56] [INFO] 正在通过本地引擎识别
[2021-08-21 13:30:03] [INFO] 本次运行已成功注销店铺会员数量为： 88
[2021-08-21 13:30:03] [INFO] 开始注销店铺 飞利浦
[2021-08-21 13:30:08] [INFO] 正在通过本地引擎识别
[2021-08-21 13:30:15] [INFO] 本次运行已成功注销店铺会员数量为： 89
[2021-08-21 13:30:15] [INFO] 开始注销店铺 九阳
[2021-08-21 13:30:29] [INFO] 正在通过本地引擎识别
[2021-08-21 13:30:36] [INFO] 本次运行已成功注销店铺会员数量为： 90
[2021-08-21 13:30:36] [INFO] 开始注销店铺 滔搏运动
[2021-08-21 13:30:47] [INFO] 正在通过本地引擎识别
[2021-08-21 13:30:54] [INFO] 本次运行已成功注销店铺会员数量为： 91
[2021-08-21 13:30:54] [INFO] 开始注销店铺 丹泉品牌会员
[2021-08-21 13:30:59] [INFO] 正在通过本地引擎识别
[2021-08-21 13:31:06] [INFO] 本次运行已成功注销店铺会员数量为： 92
[2021-08-21 13:31:06] [INFO] 开始注销店铺 潮宏基会员
[2021-08-21 13:31:14] [INFO] 正在通过本地引擎识别
[2021-08-21 13:31:21] [INFO] 本次运行已成功注销店铺会员数量为： 93
[2021-08-21 13:31:21] [INFO] 开始注销店铺 蓝宝食京东自营
[2021-08-21 13:31:35] [INFO] 正在通过本地引擎识别
[2021-08-21 13:31:42] [INFO] 本次运行已成功注销店铺会员数量为： 94
[2021-08-21 13:31:42] [INFO] 开始注销店铺 格力电器
[2021-08-21 13:31:54] [INFO] 正在通过本地引擎识别
[2021-08-21 13:32:00] [INFO] 本次运行已成功注销店铺会员数量为： 95
[2021-08-21 13:32:00] [INFO] 开始注销店铺 Arla阿尔乐
[2021-08-21 13:32:09] [INFO] 正在通过本地引擎识别
[2021-08-21 13:32:16] [INFO] 本次运行已成功注销店铺会员数量为： 96
[2021-08-21 13:32:16] [INFO] 开始注销店铺 兰雀品牌会员
[2021-08-21 13:32:30] [INFO] 正在通过本地引擎识别
[2021-08-21 13:32:36] [INFO] 本次运行已成功注销店铺会员数量为： 97
[2021-08-21 13:32:36] [INFO] 本轮店铺已执行完，即将开始获取下一轮店铺
[2021-08-21 13:32:38] [INFO] 本轮运行获取到 50 家店铺会员信息
[2021-08-21 13:32:39] [INFO] 开始注销店铺 超能VIP
[2021-08-21 13:32:51] [INFO] 正在通过本地引擎识别
[2021-08-21 13:32:57] [INFO] 本次运行已成功注销店铺会员数量为： 98
[2021-08-21 13:32:58] [INFO] 开始注销店铺 一加
[2021-08-21 13:33:06] [INFO] 正在通过本地引擎识别
[2021-08-21 13:33:09] [INFO] 验证码位置点击错误，尝试再试一次
[2021-08-21 13:33:10] [INFO] 正在通过本地引擎识别
[2021-08-21 13:33:16] [INFO] 本次运行已成功注销店铺会员数量为： 99
[2021-08-21 13:33:16] [INFO] 开始注销店铺 锋味旗舰店
[2021-08-21 13:33:24] [INFO] 正在通过本地引擎识别
[2021-08-21 13:33:30] [INFO] 本次运行已成功注销店铺会员数量为： 100
[2021-08-21 13:33:31] [INFO] 开始注销店铺 维达
[2021-08-21 13:33:42] [INFO] 正在通过本地引擎识别
[2021-08-21 13:33:48] [INFO] 本次运行已成功注销店铺会员数量为： 101
[2021-08-21 13:33:49] [INFO] 开始注销店铺 疯狂的小狗
[2021-08-21 13:33:54] [INFO] 正在通过本地引擎识别
[2021-08-21 13:34:00] [INFO] 本次运行已成功注销店铺会员数量为： 102
[2021-08-21 13:34:01] [INFO] 开始注销店铺 黄飞红功夫家族
[2021-08-21 13:34:12] [INFO] 正在通过本地引擎识别
[2021-08-21 13:34:19] [INFO] 本次运行已成功注销店铺会员数量为： 103
[2021-08-21 13:34:19] [INFO] 开始注销店铺 竹πVIP
[2021-08-21 13:34:27] [INFO] 正在通过本地引擎识别
[2021-08-21 13:34:34] [INFO] 本次运行已成功注销店铺会员数量为： 104
[2021-08-21 13:34:34] [INFO] 开始注销店铺 金沙VIP
[2021-08-21 13:34:45] [INFO] 正在通过本地引擎识别
[2021-08-21 13:34:52] [INFO] 本次运行已成功注销店铺会员数量为： 105
[2021-08-21 13:34:52] [INFO] 开始注销店铺 自然堂
[2021-08-21 13:35:03] [INFO] 正在通过本地引擎识别
[2021-08-21 13:35:10] [INFO] 本次运行已成功注销店铺会员数量为： 106
[2021-08-21 13:35:10] [INFO] 开始注销店铺 君乐宝低温乳品
[2021-08-21 13:35:18] [INFO] 正在通过本地引擎识别
[2021-08-21 13:35:25] [INFO] 本次运行已成功注销店铺会员数量为： 107
[2021-08-21 13:35:25] [INFO] 开始注销店铺 粮全其美会员
[2021-08-21 13:35:36] [INFO] 正在通过本地引擎识别
[2021-08-21 13:35:43] [INFO] 本次运行已成功注销店铺会员数量为： 108
[2021-08-21 13:35:43] [INFO] 开始注销店铺 李宁品牌VIP
[2021-08-21 13:35:54] [INFO] 正在通过本地引擎识别
[2021-08-21 13:35:57] [INFO] 验证码位置点击错误，尝试再试一次
[2021-08-21 13:35:58] [INFO] 正在通过本地引擎识别
[2021-08-21 13:36:04] [INFO] 本次运行已成功注销店铺会员数量为： 109
[2021-08-21 13:36:04] [INFO] 开始注销店铺 亨氏
[2021-08-21 13:36:15] [INFO] 正在通过本地引擎识别
[2021-08-21 13:36:22] [INFO] 本次运行已成功注销店铺会员数量为： 110
[2021-08-21 13:36:22] [INFO] 开始注销店铺 良品铺子
[2021-08-21 13:36:31] [INFO] 正在通过本地引擎识别
[2021-08-21 13:36:37] [INFO] 本次运行已成功注销店铺会员数量为： 111
[2021-08-21 13:36:37] [INFO] 开始注销店铺 奥智嘉会员
[2021-08-21 13:36:49] [INFO] 正在通过本地引擎识别
[2021-08-21 13:36:55] [INFO] 本次运行已成功注销店铺会员数量为： 112
[2021-08-21 13:36:55] [INFO] 开始注销店铺 五粮液专卖店
[2021-08-21 13:37:07] [INFO] 正在通过本地引擎识别
[2021-08-21 13:37:13] [INFO] 本次运行已成功注销店铺会员数量为： 113
[2021-08-21 13:37:13] [INFO] 开始注销店铺 衣品天成会员
[2021-08-21 13:37:22] [INFO] 正在通过本地引擎识别
[2021-08-21 13:37:28] [INFO] 本次运行已成功注销店铺会员数量为： 114
[2021-08-21 13:37:28] [INFO] 开始注销店铺 天莱香牛
[2021-08-21 13:37:40] [INFO] 正在通过本地引擎识别
[2021-08-21 13:37:47] [INFO] 本次运行已成功注销店铺会员数量为： 115
[2021-08-21 13:37:47] [INFO] 开始注销店铺 相宜本草
[2021-08-21 13:38:01] [INFO] 正在通过本地引擎识别
[2021-08-21 13:38:08] [INFO] 本次运行已成功注销店铺会员数量为： 116
[2021-08-21 13:38:08] [INFO] 开始注销店铺 迪彩会员卡
[2021-08-21 13:38:19] [INFO] 正在通过本地引擎识别
[2021-08-21 13:38:25] [INFO] 本次运行已成功注销店铺会员数量为： 117
[2021-08-21 13:38:26] [INFO] 开始注销店铺 仙维娜会员卡
[2021-08-21 13:38:37] [INFO] 正在通过本地引擎识别
[2021-08-21 13:38:40] [INFO] 验证码位置点击错误，尝试再试一次
[2021-08-21 13:38:41] [INFO] 正在通过本地引擎识别
[2021-08-21 13:38:47] [INFO] 本次运行已成功注销店铺会员数量为： 118
[2021-08-21 13:38:47] [INFO] 开始注销店铺 康比特会员
[2021-08-21 13:38:58] [INFO] 正在通过本地引擎识别
[2021-08-21 13:39:05] [INFO] 本次运行已成功注销店铺会员数量为： 119
[2021-08-21 13:39:05] [INFO] 开始注销店铺 三只松鼠
[2021-08-21 13:39:13] [INFO] 正在通过本地引擎识别
[2021-08-21 13:39:20] [INFO] 本次运行已成功注销店铺会员数量为： 120
[2021-08-21 13:39:20] [INFO] 开始注销店铺 亮荘会员卡
[2021-08-21 13:39:31] [INFO] 正在通过本地引擎识别
[2021-08-21 13:39:38] [INFO] 本次运行已成功注销店铺会员数量为： 121
[2021-08-21 13:39:38] [INFO] 开始注销店铺 屈臣氏饮料
[2021-08-21 13:39:49] [INFO] 正在通过本地引擎识别
[2021-08-21 13:39:56] [INFO] 本次运行已成功注销店铺会员数量为： 122
[2021-08-21 13:39:56] [INFO] 开始注销店铺 枝户折野
[2021-08-21 13:40:04] [INFO] 正在通过本地引擎识别
[2021-08-21 13:40:11] [INFO] 本次运行已成功注销店铺会员数量为： 123
[2021-08-21 13:40:11] [INFO] 开始注销店铺 乐扣乐扣
[2021-08-21 13:40:19] [INFO] 正在通过本地引擎识别
[2021-08-21 13:40:26] [INFO] 本次运行已成功注销店铺会员数量为： 124
[2021-08-21 13:40:26] [INFO] 开始注销店铺 泸州老窖
[2021-08-21 13:40:37] [INFO] 正在通过本地引擎识别
[2021-08-21 13:40:44] [INFO] 本次运行已成功注销店铺会员数量为： 125
[2021-08-21 13:40:44] [INFO] 开始注销店铺  
[2021-08-21 13:40:52] [INFO] 正在通过本地引擎识别
[2021-08-21 13:40:59] [INFO] 本次运行已成功注销店铺会员数量为： 126
[2021-08-21 13:40:59] [INFO] 开始注销店铺 盼盼会员卡
[2021-08-21 13:41:11] [INFO] 正在通过本地引擎识别
[2021-08-21 13:41:13] [INFO] 验证码位置点击错误，尝试再试一次
[2021-08-21 13:41:15] [INFO] 正在通过本地引擎识别
[2021-08-21 13:41:20] [INFO] 本次运行已成功注销店铺会员数量为： 127
[2021-08-21 13:41:20] [INFO] 开始注销店铺 奔图VIP
[2021-08-21 13:41:29] [INFO] 正在通过本地引擎识别
[2021-08-21 13:41:35] [INFO] 本次运行已成功注销店铺会员数量为： 128
[2021-08-21 13:41:35] [INFO] 开始注销店铺 国际自营药房
[2021-08-21 13:41:47] [INFO] 正在通过本地引擎识别
[2021-08-21 13:41:50] [INFO] 验证码位置点击错误，尝试再试一次
[2021-08-21 13:41:51] [INFO] 正在通过本地引擎识别
[2021-08-21 13:42:24] [ERROR] 发生了一点小问题： ('图形验证码识别超时 国际自营药房', None, None)
[2021-08-21 13:42:24] [INFO] 开始注销店铺 李宁品牌VIP
[2021-08-21 13:43:25] [INFO] 等待websocket推送短信验证码超时，即将跳过 李宁品牌VIP
[2021-08-21 13:43:25] [INFO] 开始注销店铺 贝亲会员卡
[2021-08-21 13:43:35] [INFO] 正在通过本地引擎识别
[2021-08-21 13:43:41] [INFO] 本次运行已成功注销店铺会员数量为： 129
[2021-08-21 13:43:42] [INFO] 开始注销店铺 安而康会员之家
[2021-08-21 13:43:59] [INFO] 正在通过本地引擎识别
[2021-08-21 13:44:05] [INFO] 本次运行已成功注销店铺会员数量为： 130
[2021-08-21 13:44:06] [INFO] 开始注销店铺 上鲜会员卡
[2021-08-21 13:44:17] [INFO] 正在通过本地引擎识别
[2021-08-21 13:44:23] [INFO] 本次运行已成功注销店铺会员数量为： 131
[2021-08-21 13:44:24] [INFO] 开始注销店铺 奶酪博士会员卡
[2021-08-21 13:44:35] [INFO] 正在通过本地引擎识别
[2021-08-21 13:44:42] [INFO] 本次运行已成功注销店铺会员数量为： 132
[2021-08-21 13:44:42] [INFO] 开始注销店铺 茅台
[2021-08-21 13:44:47] [INFO] 正在通过本地引擎识别
[2021-08-21 13:44:54] [INFO] 本次运行已成功注销店铺会员数量为： 133
[2021-08-21 13:44:54] [INFO] 开始注销店铺 希杰食品
[2021-08-21 13:45:08] [INFO] 正在通过本地引擎识别
[2021-08-21 13:45:15] [INFO] 本次运行已成功注销店铺会员数量为： 134
[2021-08-21 13:45:15] [INFO] 开始注销店铺 博朗厨房电器
[2021-08-21 13:45:26] [INFO] 正在通过本地引擎识别
[2021-08-21 13:45:33] [INFO] 本次运行已成功注销店铺会员数量为： 135
[2021-08-21 13:45:33] [INFO] 开始注销店铺 百岁山
[2021-08-21 13:45:41] [INFO] 正在通过本地引擎识别
[2021-08-21 13:45:48] [INFO] 本次运行已成功注销店铺会员数量为： 136
[2021-08-21 13:45:48] [INFO] 开始注销店铺 飞利浦净水
[2021-08-21 13:45:59] [INFO] 正在通过本地引擎识别
[2021-08-21 13:46:02] [INFO] 验证码位置点击错误，尝试再试一次
[2021-08-21 13:46:03] [INFO] 正在通过本地引擎识别
[2021-08-21 13:46:09] [INFO] 本次运行已成功注销店铺会员数量为： 137
[2021-08-21 13:46:09] [INFO] 开始注销店铺 卡西欧
[2021-08-21 13:46:17] [INFO] 正在通过本地引擎识别
[2021-08-21 13:46:24] [INFO] 本次运行已成功注销店铺会员数量为： 138
[2021-08-21 13:46:24] [INFO] 开始注销店铺 云南三七牙膏
[2021-08-21 13:46:29] [INFO] 正在通过本地引擎识别
[2021-08-21 13:46:36] [INFO] 本次运行已成功注销店铺会员数量为： 139
[2021-08-21 13:46:36] [INFO] 开始注销店铺 长虹会员
[2021-08-21 13:46:47] [INFO] 正在通过本地引擎识别
[2021-08-21 13:46:54] [INFO] 本次运行已成功注销店铺会员数量为： 140
[2021-08-21 13:46:54] [INFO] 开始注销店铺 十月稻田
[2021-08-21 13:46:59] [INFO] 正在通过本地引擎识别
[2021-08-21 13:47:06] [INFO] 本次运行已成功注销店铺会员数量为： 141
[2021-08-21 13:47:06] [INFO] 开始注销店铺 卡士酸奶会员卡
[2021-08-21 13:47:15] [INFO] 正在通过本地引擎识别
[2021-08-21 13:47:21] [INFO] 本次运行已成功注销店铺会员数量为： 142
[2021-08-21 13:47:21] [INFO] 开始注销店铺 汾酒
[2021-08-21 13:47:30] [INFO] 正在通过本地引擎识别
[2021-08-21 13:47:36] [INFO] 本次运行已成功注销店铺会员数量为： 143
[2021-08-21 13:47:36] [INFO] 开始注销店铺 保乐力加会员
[2021-08-21 13:47:45] [INFO] 正在通过本地引擎识别
[2021-08-21 13:47:51] [INFO] 本次运行已成功注销店铺会员数量为： 144
[2021-08-21 13:47:51] [INFO] 开始注销店铺 卡乐比
[2021-08-21 13:48:03] [INFO] 正在通过本地引擎识别
[2021-08-21 13:48:09] [INFO] 本次运行已成功注销店铺会员数量为： 145
[2021-08-21 13:48:09] [INFO] 本轮店铺已执行完，即将开始获取下一轮店铺
[2021-08-21 13:48:11] [INFO] 本轮运行获取到 50 家店铺会员信息
[2021-08-21 13:48:11] [INFO] 开始注销店铺 蓝月亮
[2021-08-21 13:48:24] [INFO] 正在通过本地引擎识别
[2021-08-21 13:48:31] [INFO] 本次运行已成功注销店铺会员数量为： 146
[2021-08-21 13:48:31] [INFO] 开始注销店铺 高夫会员
[2021-08-21 13:48:39] [INFO] 正在通过本地引擎识别
[2021-08-21 13:48:45] [INFO] 本次运行已成功注销店铺会员数量为： 147
[2021-08-21 13:48:46] [INFO] 开始注销店铺 莎辛那会员
[2021-08-21 13:48:54] [INFO] 正在通过本地引擎识别
[2021-08-21 13:49:00] [INFO] 本次运行已成功注销店铺会员数量为： 148
[2021-08-21 13:49:01] [INFO] 开始注销店铺 海信会员
[2021-08-21 13:49:15] [INFO] 正在通过本地引擎识别
[2021-08-21 13:49:18] [INFO] 验证码位置点击错误，尝试再试一次
[2021-08-21 13:49:19] [INFO] 正在通过本地引擎识别
[2021-08-21 13:49:25] [INFO] 本次运行已成功注销店铺会员数量为： 149
[2021-08-21 13:49:25] [INFO] 开始注销店铺 Dr艾琳
[2021-08-21 13:49:36] [INFO] 正在通过本地引擎识别
[2021-08-21 13:49:43] [INFO] 本次运行已成功注销店铺会员数量为： 150
[2021-08-21 13:49:43] [INFO] 开始注销店铺 天然博士CRM
[2021-08-21 13:49:54] [INFO] 正在通过本地引擎识别
[2021-08-21 13:50:01] [INFO] 本次运行已成功注销店铺会员数量为： 151
[2021-08-21 13:50:01] [INFO] 开始注销店铺 佰草集
[2021-08-21 13:50:15] [INFO] 正在通过本地引擎识别
[2021-08-21 13:50:22] [INFO] 本次运行已成功注销店铺会员数量为： 152
[2021-08-21 13:50:22] [INFO] 开始注销店铺 百草味
[2021-08-21 13:50:30] [INFO] 正在通过本地引擎识别
[2021-08-21 13:50:33] [INFO] 验证码位置点击错误，尝试再试一次
[2021-08-21 13:50:34] [INFO] 正在通过本地引擎识别
[2021-08-21 13:50:40] [INFO] 本次运行已成功注销店铺会员数量为： 153
[2021-08-21 13:50:40] [INFO] 开始注销店铺 FILORGA
[2021-08-21 13:50:54] [INFO] 正在通过本地引擎识别
[2021-08-21 13:50:57] [INFO] 验证码位置点击错误，尝试再试一次
[2021-08-21 13:50:58] [INFO] 正在通过本地引擎识别
[2021-08-21 13:51:31] [ERROR] 发生了一点小问题： ('图形验证码识别超时 FILORGA', None, None)
[2021-08-21 13:51:32] [INFO] 开始注销店铺 兰思诺
[2021-08-21 13:51:39] [INFO] 正在通过本地引擎识别
[2021-08-21 13:51:46] [INFO] 本次运行已成功注销店铺会员数量为： 154
[2021-08-21 13:51:46] [INFO] 开始注销店铺 菊乐
[2021-08-21 13:52:01] [INFO] 正在通过本地引擎识别
[2021-08-21 13:52:07] [INFO] 本次运行已成功注销店铺会员数量为： 155
[2021-08-21 13:52:07] [INFO] 开始注销店铺 清风自营旗舰店
[2021-08-21 13:52:19] [INFO] 正在通过本地引擎识别
[2021-08-21 13:52:25] [INFO] 本次运行已成功注销店铺会员数量为： 156
[2021-08-21 13:52:25] [INFO] 开始注销店铺 小鹿蓝蓝vip
[2021-08-21 13:52:34] [INFO] 正在通过本地引擎识别
[2021-08-21 13:52:40] [INFO] 本次运行已成功注销店铺会员数量为： 157
[2021-08-21 13:52:41] [INFO] 开始注销店铺 HFP
[2021-08-21 13:52:55] [INFO] 正在通过本地引擎识别
[2021-08-21 13:53:01] [INFO] 本次运行已成功注销店铺会员数量为： 158
[2021-08-21 13:53:01] [INFO] 开始注销店铺 牙博士会员
[2021-08-21 13:53:10] [INFO] 正在通过本地引擎识别
[2021-08-21 13:53:16] [INFO] 本次运行已成功注销店铺会员数量为： 159
[2021-08-21 13:53:16] [INFO] 开始注销店铺 庄臣VIP
[2021-08-21 13:53:31] [INFO] 正在通过本地引擎识别
[2021-08-21 13:53:37] [INFO] 本次运行已成功注销店铺会员数量为： 160
[2021-08-21 13:53:38] [INFO] 开始注销店铺 倍思会员卡
[2021-08-21 13:53:52] [INFO] 正在通过本地引擎识别
[2021-08-21 13:53:58] [INFO] 本次运行已成功注销店铺会员数量为： 161
[2021-08-21 13:53:59] [INFO] 开始注销店铺 晖致
[2021-08-21 13:54:07] [INFO] 正在通过本地引擎识别
[2021-08-21 13:54:10] [INFO] 验证码位置点击错误，尝试再试一次
[2021-08-21 13:54:11] [INFO] 正在通过本地引擎识别
[2021-08-21 13:54:16] [INFO] 本次运行已成功注销店铺会员数量为： 162
[2021-08-21 13:54:17] [INFO] 开始注销店铺 拜宠清
[2021-08-21 13:54:28] [INFO] 正在通过本地引擎识别
[2021-08-21 13:54:35] [INFO] 本次运行已成功注销店铺会员数量为： 163
[2021-08-21 13:54:35] [INFO] 开始注销店铺 伯纳天纯
[2021-08-21 13:54:46] [INFO] 正在通过本地引擎识别
[2021-08-21 13:54:49] [INFO] 验证码位置点击错误，尝试再试一次
[2021-08-21 13:54:50] [INFO] 正在通过本地引擎识别
[2021-08-21 13:54:57] [INFO] 本次运行已成功注销店铺会员数量为： 164
[2021-08-21 13:54:57] [INFO] 开始注销店铺 资生堂
[2021-08-21 13:55:10] [INFO] 正在通过本地引擎识别
[2021-08-21 13:55:17] [INFO] 本次运行已成功注销店铺会员数量为： 165
[2021-08-21 13:55:17] [INFO] 开始注销店铺 国际自营药房
[2021-08-21 13:55:28] [INFO] 正在通过本地引擎识别
[2021-08-21 13:55:35] [INFO] 本次运行已成功注销店铺会员数量为： 166
[2021-08-21 13:55:35] [INFO] 开始注销店铺 星选玩家
[2021-08-21 13:55:43] [INFO] 正在通过本地引擎识别
[2021-08-21 13:55:46] [INFO] 验证码位置点击错误，尝试再试一次
[2021-08-21 13:55:47] [INFO] 正在通过本地引擎识别
[2021-08-21 13:56:20] [ERROR] 发生了一点小问题： ('图形验证码识别超时 星选玩家', None, None)
[2021-08-21 13:56:20] [INFO] 开始注销店铺 蔚优Valio
[2021-08-21 13:56:34] [INFO] 正在通过本地引擎识别
[2021-08-21 13:56:41] [INFO] 本次运行已成功注销店铺会员数量为： 167
[2021-08-21 13:56:41] [INFO] 开始注销店铺 山图会员
[2021-08-21 13:56:49] [INFO] 正在通过本地引擎识别
[2021-08-21 13:56:56] [INFO] 本次运行已成功注销店铺会员数量为： 168
[2021-08-21 13:56:56] [INFO] 开始注销店铺 雀巢健康科学
[2021-08-21 13:57:10] [INFO] 正在通过本地引擎识别
[2021-08-21 13:57:17] [INFO] 本次运行已成功注销店铺会员数量为： 169
[2021-08-21 13:57:17] [INFO] 开始注销店铺 泰迪熊
[2021-08-21 13:57:26] [INFO] 正在通过本地引擎识别
[2021-08-21 13:57:32] [INFO] 本次运行已成功注销店铺会员数量为： 170
[2021-08-21 13:57:32] [INFO] 开始注销店铺 李宁品牌VIP
[2021-08-21 13:58:33] [INFO] 等待websocket推送短信验证码超时，即将跳过 李宁品牌VIP
[2021-08-21 13:58:34] [INFO] 开始注销店铺 Apple
[2021-08-21 13:58:47] [INFO] 正在通过本地引擎识别
[2021-08-21 13:58:50] [INFO] 验证码位置点击错误，尝试再试一次
[2021-08-21 13:58:51] [INFO] 正在通过本地引擎识别
[2021-08-21 13:58:56] [INFO] 本次运行已成功注销店铺会员数量为： 171
[2021-08-21 13:58:57] [INFO] 开始注销店铺 花王妙而舒
[2021-08-21 13:59:05] [INFO] 正在通过本地引擎识别
[2021-08-21 13:59:11] [INFO] 本次运行已成功注销店铺会员数量为： 172
[2021-08-21 13:59:12] [INFO] 开始注销店铺 美赞臣
[2021-08-21 13:59:20] [INFO] 正在通过本地引擎识别
[2021-08-21 13:59:27] [INFO] 本次运行已成功注销店铺会员数量为： 173
[2021-08-21 13:59:27] [INFO] 开始注销店铺 国台
[2021-08-21 13:59:41] [INFO] 正在通过本地引擎识别
[2021-08-21 13:59:48] [INFO] 本次运行已成功注销店铺会员数量为： 174
[2021-08-21 13:59:48] [INFO] 开始注销店铺 喜力
[2021-08-21 13:59:59] [INFO] 正在通过本地引擎识别
[2021-08-21 14:00:06] [INFO] 本次运行已成功注销店铺会员数量为： 175
[2021-08-21 14:00:06] [INFO] 开始注销店铺 长虹·美菱会员
[2021-08-21 14:00:20] [INFO] 正在通过本地引擎识别
[2021-08-21 14:00:27] [INFO] 本次运行已成功注销店铺会员数量为： 176
[2021-08-21 14:00:27] [INFO] 开始注销店铺 好丽友好朋友
[2021-08-21 14:00:35] [INFO] 正在通过本地引擎识别
[2021-08-21 14:00:42] [INFO] 本次运行已成功注销店铺会员数量为： 177
[2021-08-21 14:00:42] [INFO] 开始注销店铺 博朗
[2021-08-21 14:00:50] [INFO] 正在通过本地引擎识别
[2021-08-21 14:00:57] [INFO] 本次运行已成功注销店铺会员数量为： 178
[2021-08-21 14:00:57] [INFO] 开始注销店铺 欧姆龙会员卡
[2021-08-21 14:01:05] [INFO] 正在通过本地引擎识别
[2021-08-21 14:01:08] [INFO] 验证码位置点击错误，尝试再试一次
[2021-08-21 14:01:09] [INFO] 正在通过本地引擎识别
[2021-08-21 14:01:15] [INFO] 本次运行已成功注销店铺会员数量为： 179
[2021-08-21 14:01:15] [INFO] 开始注销店铺 a2
[2021-08-21 14:01:29] [INFO] 正在通过本地引擎识别
[2021-08-21 14:01:36] [INFO] 本次运行已成功注销店铺会员数量为： 180
[2021-08-21 14:01:36] [INFO] 开始注销店铺 库博光学
[2021-08-21 14:01:47] [INFO] 正在通过本地引擎识别
[2021-08-21 14:01:54] [INFO] 本次运行已成功注销店铺会员数量为： 181
[2021-08-21 14:01:54] [INFO] 开始注销店铺 红牛自营旗舰店
[2021-08-21 14:02:05] [INFO] 正在通过本地引擎识别
[2021-08-21 14:02:12] [INFO] 本次运行已成功注销店铺会员数量为： 182
[2021-08-21 14:02:12] [INFO] 开始注销店铺 燕之屋
[2021-08-21 14:02:23] [INFO] 正在通过本地引擎识别
[2021-08-21 14:02:30] [INFO] 本次运行已成功注销店铺会员数量为： 183
[2021-08-21 14:02:30] [INFO] 开始注销店铺 人头马
[2021-08-21 14:02:41] [INFO] 正在通过本地引擎识别
[2021-08-21 14:02:48] [INFO] 本次运行已成功注销店铺会员数量为： 184
[2021-08-21 14:02:48] [INFO] 开始注销店铺 蔻斯汀花粉会员
[2021-08-21 14:02:57] [INFO] 正在通过本地引擎识别
[2021-08-21 14:03:03] [INFO] 本次运行已成功注销店铺会员数量为： 185
[2021-08-21 14:03:03] [INFO] 开始注销店铺 开山酒品牌会员
[2021-08-21 14:03:15] [INFO] 正在通过本地引擎识别
[2021-08-21 14:03:21] [INFO] 本次运行已成功注销店铺会员数量为： 186
[2021-08-21 14:03:21] [INFO] 开始注销店铺 VIP
[2021-08-21 14:03:39] [INFO] 正在通过本地引擎识别
[2021-08-21 14:03:42] [INFO] 验证码位置点击错误，尝试再试一次
[2021-08-21 14:03:43] [INFO] 正在通过本地引擎识别
[2021-08-21 14:03:48] [INFO] 本次运行已成功注销店铺会员数量为： 187
[2021-08-21 14:03:48] [INFO] 开始注销店铺 麦沃MAIWO
[2021-08-21 14:04:09] [INFO] 正在通过本地引擎识别
[2021-08-21 14:04:15] [INFO] 本次运行已成功注销店铺会员数量为： 188
[2021-08-21 14:04:15] [INFO] 开始注销店铺 蓝洛自营旗舰店
[2021-08-21 14:04:21] [INFO] 正在通过本地引擎识别
[2021-08-21 14:04:27] [INFO] 本次运行已成功注销店铺会员数量为： 189
[2021-08-21 14:04:27] [INFO] 开始注销店铺 自然之宝
[2021-08-21 14:04:39] [INFO] 正在通过本地引擎识别
[2021-08-21 14:04:46] [INFO] 本次运行已成功注销店铺会员数量为： 190
[2021-08-21 14:04:46] [INFO] 开始注销店铺 OLLY会员
[2021-08-21 14:04:57] [INFO] 正在通过本地引擎识别
[2021-08-21 14:05:04] [INFO] 本次运行已成功注销店铺会员数量为： 191
[2021-08-21 14:05:04] [INFO] 开始注销店铺 苏泊尔品牌会员
[2021-08-21 14:05:12] [INFO] 正在通过本地引擎识别
[2021-08-21 14:05:19] [INFO] 本次运行已成功注销店铺会员数量为： 192
[2021-08-21 14:05:19] [INFO] 本轮店铺已执行完，即将开始获取下一轮店铺
[2021-08-21 14:05:20] [INFO] 本轮运行获取到 50 家店铺会员信息
[2021-08-21 14:05:20] [INFO] 开始注销店铺 锐澳鸡尾酒
[2021-08-21 14:05:33] [INFO] 正在通过本地引擎识别
[2021-08-21 14:05:40] [INFO] 本次运行已成功注销店铺会员数量为： 193
[2021-08-21 14:05:40] [INFO] 开始注销店铺 佳贝艾特
[2021-08-21 14:05:51] [INFO] 正在通过本地引擎识别
[2021-08-21 14:05:58] [INFO] 本次运行已成功注销店铺会员数量为： 194
[2021-08-21 14:05:58] [INFO] 开始注销店铺 胡姬花
[2021-08-21 14:06:03] [INFO] 正在通过本地引擎识别
[2021-08-21 14:06:10] [INFO] 本次运行已成功注销店铺会员数量为： 195
[2021-08-21 14:06:10] [INFO] 开始注销店铺 FILORGA
[2021-08-21 14:06:19] [INFO] 正在通过本地引擎识别
[2021-08-21 14:06:25] [INFO] 本次运行已成功注销店铺会员数量为： 196
[2021-08-21 14:06:25] [INFO] 开始注销店铺 蜜纽康
[2021-08-21 14:06:42] [INFO] 正在通过本地引擎识别
[2021-08-21 14:06:49] [INFO] 本次运行已成功注销店铺会员数量为： 197
[2021-08-21 14:06:49] [INFO] 开始注销店铺 来伊份旗舰店
[2021-08-21 14:06:57] [INFO] 正在通过本地引擎识别
[2021-08-21 14:07:04] [INFO] 本次运行已成功注销店铺会员数量为： 198
[2021-08-21 14:07:04] [INFO] 开始注销店铺 青花郎
[2021-08-21 14:07:12] [INFO] 正在通过本地引擎识别
[2021-08-21 14:07:19] [INFO] 本次运行已成功注销店铺会员数量为： 199
[2021-08-21 14:07:19] [INFO] 开始注销店铺 闪迪品牌会员
[2021-08-21 14:07:30] [INFO] 正在通过本地引擎识别
[2021-08-21 14:07:37] [INFO] 本次运行已成功注销店铺会员数量为： 200
[2021-08-21 14:07:37] [INFO] 开始注销店铺 正官庄
[2021-08-21 14:07:51] [INFO] 正在通过本地引擎识别
[2021-08-21 14:07:58] [INFO] 本次运行已成功注销店铺会员数量为： 201
[2021-08-21 14:07:58] [INFO] 开始注销店铺 好想你
[2021-08-21 14:08:04] [INFO] 正在通过本地引擎识别
[2021-08-21 14:08:10] [INFO] 本次运行已成功注销店铺会员数量为： 202
[2021-08-21 14:08:10] [INFO] 开始注销店铺 星选玩家
[2021-08-21 14:08:22] [INFO] 正在通过本地引擎识别
[2021-08-21 14:08:28] [INFO] 本次运行已成功注销店铺会员数量为： 203
[2021-08-21 14:08:28] [INFO] 开始注销店铺 澳诺官方旗舰店
[2021-08-21 14:08:40] [INFO] 正在通过本地引擎识别
[2021-08-21 14:08:46] [INFO] 本次运行已成功注销店铺会员数量为： 204
[2021-08-21 14:08:46] [INFO] 开始注销店铺 奥尔自营旗舰店
[2021-08-21 14:08:55] [INFO] 正在通过本地引擎识别
[2021-08-21 14:09:01] [INFO] 本次运行已成功注销店铺会员数量为： 205
[2021-08-21 14:09:01] [INFO] 开始注销店铺 双鲸VIP会员
[2021-08-21 14:09:10] [INFO] 正在通过本地引擎识别
[2021-08-21 14:09:16] [INFO] 本次运行已成功注销店铺会员数量为： 206
[2021-08-21 14:09:17] [INFO] 开始注销店铺 瑞士军刀会员
[2021-08-21 14:09:28] [INFO] 正在通过本地引擎识别
[2021-08-21 14:09:34] [INFO] 本次运行已成功注销店铺会员数量为： 207
[2021-08-21 14:09:35] [INFO] 开始注销店铺 珑骧品牌会员卡
[2021-08-21 14:09:43] [INFO] 正在通过本地引擎识别
[2021-08-21 14:09:49] [INFO] 本次运行已成功注销店铺会员数量为： 208
[2021-08-21 14:09:50] [INFO] 开始注销店铺 星鲨保健会员卡
[2021-08-21 14:09:58] [INFO] 正在通过本地引擎识别
[2021-08-21 14:10:04] [INFO] 本次运行已成功注销店铺会员数量为： 209
[2021-08-21 14:10:05] [INFO] 开始注销店铺 李宁品牌VIP
[2021-08-21 14:11:06] [INFO] 等待websocket推送短信验证码超时，即将跳过 李宁品牌VIP
[2021-08-21 14:11:06] [INFO] 开始注销店铺 科大讯飞
[2021-08-21 14:11:16] [INFO] 正在通过本地引擎识别
[2021-08-21 14:11:23] [INFO] 本次运行已成功注销店铺会员数量为： 210
[2021-08-21 14:11:23] [INFO] 开始注销店铺 瑞士天梭表
[2021-08-21 14:11:40] [INFO] 正在通过本地引擎识别
[2021-08-21 14:11:47] [INFO] 本次运行已成功注销店铺会员数量为： 211
[2021-08-21 14:11:47] [INFO] 开始注销店铺 梦特娇VIP卡
[2021-08-21 14:11:52] [INFO] 正在通过本地引擎识别
[2021-08-21 14:11:59] [INFO] 本次运行已成功注销店铺会员数量为： 212
[2021-08-21 14:11:59] [INFO] 开始注销店铺 简爱会员
[2021-08-21 14:12:10] [INFO] 正在通过本地引擎识别
[2021-08-21 14:12:17] [INFO] 本次运行已成功注销店铺会员数量为： 213
[2021-08-21 14:12:17] [INFO] 开始注销店铺 三星品牌会员
[2021-08-21 14:12:37] [INFO] 正在通过本地引擎识别
[2021-08-21 14:12:40] [INFO] 验证码位置点击错误，尝试再试一次
[2021-08-21 14:12:41] [INFO] 正在通过本地引擎识别
[2021-08-21 14:12:47] [INFO] 本次运行已成功注销店铺会员数量为： 214
[2021-08-21 14:12:47] [INFO] 开始注销店铺 花树果会员卡
[2021-08-21 14:12:55] [INFO] 正在通过本地引擎识别
[2021-08-21 14:12:58] [INFO] 验证码位置点击错误，尝试再试一次
[2021-08-21 14:12:59] [INFO] 正在通过本地引擎识别
[2021-08-21 14:13:05] [INFO] 本次运行已成功注销店铺会员数量为： 215
[2021-08-21 14:13:05] [INFO] 开始注销店铺 格之格VIP
[2021-08-21 14:13:16] [INFO] 正在通过本地引擎识别
[2021-08-21 14:13:23] [INFO] 本次运行已成功注销店铺会员数量为： 216
[2021-08-21 14:13:23] [INFO] 开始注销店铺 RAOYI口腔
[2021-08-21 14:13:40] [INFO] 正在通过本地引擎识别
[2021-08-21 14:13:47] [INFO] 本次运行已成功注销店铺会员数量为： 217
[2021-08-21 14:13:47] [INFO] 开始注销店铺 京东
[2021-08-21 14:13:59] [INFO] 正在通过本地引擎识别
[2021-08-21 14:14:05] [INFO] 本次运行已成功注销店铺会员数量为： 218
[2021-08-21 14:14:05] [INFO] 开始注销店铺 安托
[2021-08-21 14:14:17] [INFO] 正在通过本地引擎识别
[2021-08-21 14:14:23] [INFO] 本次运行已成功注销店铺会员数量为： 219
[2021-08-21 14:14:23] [INFO] 开始注销店铺 顾家家居
[2021-08-21 14:14:35] [INFO] 正在通过本地引擎识别
[2021-08-21 14:14:41] [INFO] 本次运行已成功注销店铺会员数量为： 220
[2021-08-21 14:14:41] [INFO] 开始注销店铺 京东自营旗舰店
[2021-08-21 14:14:59] [INFO] 正在通过本地引擎识别
[2021-08-21 14:15:06] [INFO] 本次运行已成功注销店铺会员数量为： 221
[2021-08-21 14:15:06] [INFO] 开始注销店铺 雅顿会员
[2021-08-21 14:15:17] [INFO] 正在通过本地引擎识别
[2021-08-21 14:15:23] [INFO] 本次运行已成功注销店铺会员数量为： 222
[2021-08-21 14:15:24] [INFO] 开始注销店铺 绿叶
[2021-08-21 14:15:38] [INFO] 正在通过本地引擎识别
[2021-08-21 14:15:45] [INFO] 本次运行已成功注销店铺会员数量为： 223
[2021-08-21 14:15:45] [INFO] 开始注销店铺 阿尔卑斯曼妥思
[2021-08-21 14:15:50] [INFO] 正在通过本地引擎识别
[2021-08-21 14:15:57] [INFO] 本次运行已成功注销店铺会员数量为： 224
[2021-08-21 14:15:57] [INFO] 开始注销店铺 娃哈哈
[2021-08-21 14:16:08] [INFO] 正在通过本地引擎识别
[2021-08-21 14:16:15] [INFO] 本次运行已成功注销店铺会员数量为： 225
[2021-08-21 14:16:15] [INFO] 开始注销店铺 宣酒品牌会员
[2021-08-21 14:16:26] [INFO] 正在通过本地引擎识别
[2021-08-21 14:16:33] [INFO] 本次运行已成功注销店铺会员数量为： 226
[2021-08-21 14:16:33] [INFO] 开始注销店铺 北井稻
[2021-08-21 14:16:50] [INFO] 正在通过本地引擎识别
[2021-08-21 14:16:57] [INFO] 本次运行已成功注销店铺会员数量为： 227
[2021-08-21 14:16:57] [INFO] 开始注销店铺 阿华田会员卡
[2021-08-21 14:17:05] [INFO] 正在通过本地引擎识别
[2021-08-21 14:17:12] [INFO] 本次运行已成功注销店铺会员数量为： 228
[2021-08-21 14:17:12] [INFO] 开始注销店铺 雪肌精
[2021-08-21 14:17:17] [INFO] 正在通过本地引擎识别
[2021-08-21 14:17:24] [INFO] 本次运行已成功注销店铺会员数量为： 229
[2021-08-21 14:17:24] [INFO] 开始注销店铺 雷达表会员卡
[2021-08-21 14:17:35] [INFO] 正在通过本地引擎识别
[2021-08-21 14:17:38] [INFO] 验证码位置点击错误，尝试再试一次
[2021-08-21 14:17:39] [INFO] 正在通过本地引擎识别
[2021-08-21 14:17:52] [INFO] 本次运行已成功注销店铺会员数量为： 230
[2021-08-21 14:17:52] [INFO] 开始注销店铺 中美史克会员卡
[2021-08-21 14:17:59] [INFO] 正在通过本地引擎识别
[2021-08-21 14:18:06] [INFO] 本次运行已成功注销店铺会员数量为： 231
[2021-08-21 14:18:06] [INFO] 开始注销店铺 狮峰
[2021-08-21 14:18:14] [INFO] 正在通过本地引擎识别
[2021-08-21 14:18:21] [INFO] 本次运行已成功注销店铺会员数量为： 232
[2021-08-21 14:18:39] [INFO] 开始注销店铺 中茶自营旗舰店
[2021-08-21 14:18:50] [INFO] 正在通过本地引擎识别
[2021-08-21 14:18:57] [INFO] 本次运行已成功注销店铺会员数量为： 233
[2021-08-21 14:18:57] [INFO] 开始注销店铺 西安杨森旗舰店
[2021-08-21 14:19:09] [INFO] 正在通过本地引擎识别
[2021-08-21 14:19:12] [INFO] 验证码位置点击错误，尝试再试一次
[2021-08-21 14:19:13] [INFO] 正在通过本地引擎识别
[2021-08-21 14:19:18] [INFO] 本次运行已成功注销店铺会员数量为： 234
[2021-08-21 14:19:18] [INFO] 开始注销店铺 吉得利知食青年
[2021-08-21 14:19:27] [INFO] 正在通过本地引擎识别
[2021-08-21 14:19:33] [INFO] 本次运行已成功注销店铺会员数量为： 235
[2021-08-21 14:19:33] [INFO] 开始注销店铺 肌肉科技
[2021-08-21 14:20:05] [ERROR] 发生了一点小问题： ('发送短信验证码超时 肌肉科技', None, None)
[2021-08-21 14:20:05] [INFO] 开始注销店铺 会员卡 
[2021-08-21 14:20:15] [INFO] 正在通过本地引擎识别
[2021-08-21 14:20:22] [INFO] 本次运行已成功注销店铺会员数量为： 236
[2021-08-21 14:20:22] [INFO] 开始注销店铺 达埔VIP卡
[2021-08-21 14:20:33] [INFO] 正在通过本地引擎识别
[2021-08-21 14:20:39] [INFO] 本次运行已成功注销店铺会员数量为： 237
[2021-08-21 14:20:39] [INFO] 开始注销店铺 茶里专属会员卡
[2021-08-21 14:20:45] [INFO] 正在通过本地引擎识别
[2021-08-21 14:20:48] [INFO] 验证码位置点击错误，尝试再试一次
[2021-08-21 14:20:49] [INFO] 正在通过本地引擎识别
[2021-08-21 14:20:54] [INFO] 本次运行已成功注销店铺会员数量为： 238
[2021-08-21 14:20:55] [INFO] 开始注销店铺 裕道府VIP
[2021-08-21 14:21:03] [INFO] 正在通过本地引擎识别
[2021-08-21 14:21:09] [INFO] 本次运行已成功注销店铺会员数量为： 239
[2021-08-21 14:21:10] [INFO] 开始注销店铺 太粮米业会员
[2021-08-21 14:21:30] [INFO] 正在通过本地引擎识别
[2021-08-21 14:21:37] [INFO] 本次运行已成功注销店铺会员数量为： 240
[2021-08-21 14:21:37] [INFO] 本轮店铺已执行完，即将开始获取下一轮店铺
[2021-08-21 14:21:39] [INFO] 本轮运行获取到 50 家店铺会员信息
[2021-08-21 14:21:39] [INFO] 开始注销店铺 DYESOO
[2021-08-21 14:21:57] [INFO] 正在通过本地引擎识别
[2021-08-21 14:22:04] [INFO] 本次运行已成功注销店铺会员数量为： 241
[2021-08-21 14:22:04] [INFO] 开始注销店铺 心相印会员
[2021-08-21 14:22:12] [INFO] 正在通过本地引擎识别
[2021-08-21 14:22:19] [INFO] 本次运行已成功注销店铺会员数量为： 242
[2021-08-21 14:22:19] [INFO] 开始注销店铺 欧诗漫
[2021-08-21 14:22:39] [INFO] 正在通过本地引擎识别
[2021-08-21 14:22:46] [INFO] 本次运行已成功注销店铺会员数量为： 243
[2021-08-21 14:22:46] [INFO] 开始注销店铺 佐卡伊珠宝
[2021-08-21 14:22:57] [INFO] 正在通过本地引擎识别
[2021-08-21 14:23:04] [INFO] 本次运行已成功注销店铺会员数量为： 244
[2021-08-21 14:23:04] [INFO] 开始注销店铺 稳健尊享会员
[2021-08-21 14:23:12] [INFO] 正在通过本地引擎识别
[2021-08-21 14:23:19] [INFO] 本次运行已成功注销店铺会员数量为： 245
[2021-08-21 14:23:19] [INFO] 开始注销店铺 养生堂
[2021-08-21 14:23:27] [INFO] 正在通过本地引擎识别
[2021-08-21 14:23:34] [INFO] 本次运行已成功注销店铺会员数量为： 246
[2021-08-21 14:23:34] [INFO] 开始注销店铺 容声品牌会员
[2021-08-21 14:23:39] [INFO] 正在通过本地引擎识别
[2021-08-21 14:23:46] [INFO] 本次运行已成功注销店铺会员数量为： 247
[2021-08-21 14:23:46] [INFO] 开始注销店铺 半亩花田会员卡
[2021-08-21 14:23:52] [INFO] 正在通过本地引擎识别
[2021-08-21 14:23:54] [INFO] 验证码位置点击错误，尝试再试一次
[2021-08-21 14:23:56] [INFO] 正在通过本地引擎识别
[2021-08-21 14:24:01] [INFO] 本次运行已成功注销店铺会员数量为： 248
[2021-08-21 14:24:01] [INFO] 开始注销店铺 周六福
[2021-08-21 14:24:19] [INFO] 正在通过本地引擎识别
[2021-08-21 14:24:25] [INFO] 本次运行已成功注销店铺会员数量为： 249
[2021-08-21 14:24:25] [INFO] 开始注销店铺 安速白元
[2021-08-21 14:24:40] [INFO] 正在通过本地引擎识别
[2021-08-21 14:24:46] [INFO] 本次运行已成功注销店铺会员数量为： 250
[2021-08-21 14:24:46] [INFO] 开始注销店铺 betu百图
[2021-08-21 14:24:58] [INFO] 正在通过本地引擎识别
[2021-08-21 14:25:04] [INFO] 本次运行已成功注销店铺会员数量为： 251
[2021-08-21 14:25:04] [INFO] 开始注销店铺 莫杰自营香氛
[2021-08-21 14:25:13] [INFO] 正在通过本地引擎识别
[2021-08-21 14:25:19] [INFO] 本次运行已成功注销店铺会员数量为： 252
[2021-08-21 14:25:19] [INFO] 开始注销店铺 界界乐
[2021-08-21 14:25:25] [INFO] 正在通过本地引擎识别
[2021-08-21 14:25:31] [INFO] 本次运行已成功注销店铺会员数量为： 253
[2021-08-21 14:25:32] [INFO] 开始注销店铺 天地精华
[2021-08-21 14:25:49] [INFO] 正在通过本地引擎识别
[2021-08-21 14:25:56] [INFO] 本次运行已成功注销店铺会员数量为： 254
[2021-08-21 14:25:56] [INFO] 开始注销店铺 梦妆自营旗舰店
[2021-08-21 14:26:04] [INFO] 正在通过本地引擎识别
[2021-08-21 14:26:11] [INFO] 本次运行已成功注销店铺会员数量为： 255
[2021-08-21 14:26:11] [INFO] 开始注销店铺 巴黎欧莱雅
[2021-08-21 14:26:19] [INFO] 正在通过本地引擎识别
[2021-08-21 14:26:26] [INFO] 本次运行已成功注销店铺会员数量为： 256
[2021-08-21 14:26:26] [INFO] 开始注销店铺 能率京东自营
[2021-08-21 14:26:57] [ERROR] 发生了一点小问题： ('发送短信验证码超时 能率京东自营', None, None)
[2021-08-21 14:26:57] [INFO] 开始注销店铺 吉香居品牌会员
[2021-08-21 14:27:07] [INFO] 正在通过本地引擎识别
[2021-08-21 14:27:14] [INFO] 本次运行已成功注销店铺会员数量为： 257
[2021-08-21 14:27:14] [INFO] 开始注销店铺 澳佳宝VIP
[2021-08-21 14:27:22] [INFO] 正在通过本地引擎识别
[2021-08-21 14:27:25] [INFO] 验证码位置点击错误，尝试再试一次
[2021-08-21 14:27:26] [INFO] 正在通过本地引擎识别
[2021-08-21 14:27:32] [INFO] 本次运行已成功注销店铺会员数量为： 258
[2021-08-21 14:27:32] [INFO] 开始注销店铺 可瑞康海外
[2021-08-21 14:27:40] [INFO] 正在通过本地引擎识别
[2021-08-21 14:27:47] [INFO] 本次运行已成功注销店铺会员数量为： 259
[2021-08-21 14:27:47] [INFO] 开始注销店铺 爱他美海外
[2021-08-21 14:28:07] [INFO] 正在通过本地引擎识别
[2021-08-21 14:28:14] [INFO] 本次运行已成功注销店铺会员数量为： 260
[2021-08-21 14:28:14] [INFO] 开始注销店铺 elleair
[2021-08-21 14:28:28] [INFO] 正在通过本地引擎识别
[2021-08-21 14:28:31] [INFO] 验证码位置点击错误，尝试再试一次
[2021-08-21 14:28:32] [INFO] 正在通过本地引擎识别
[2021-08-21 14:28:38] [INFO] 本次运行已成功注销店铺会员数量为： 261
[2021-08-21 14:28:38] [INFO] 开始注销店铺 裕道府会员专享
[2021-08-21 14:28:59] [INFO] 正在通过本地引擎识别
[2021-08-21 14:29:05] [INFO] 本次运行已成功注销店铺会员数量为： 262
[2021-08-21 14:29:05] [INFO] 开始注销店铺 李宁品牌VIP
[2021-08-21 14:30:06] [INFO] 等待websocket推送短信验证码超时，即将跳过 李宁品牌VIP
[2021-08-21 14:30:07] [INFO] 开始注销店铺 极米会员
[2021-08-21 14:30:14] [INFO] 正在通过本地引擎识别
[2021-08-21 14:30:20] [INFO] 本次运行已成功注销店铺会员数量为： 263
[2021-08-21 14:30:20] [INFO] 开始注销店铺 纽麦福
[2021-08-21 14:30:29] [INFO] 正在通过本地引擎识别
[2021-08-21 14:30:35] [INFO] 本次运行已成功注销店铺会员数量为： 264
[2021-08-21 14:30:35] [INFO] 开始注销店铺 美泰
[2021-08-21 14:30:47] [INFO] 正在通过本地引擎识别
[2021-08-21 14:30:53] [INFO] 本次运行已成功注销店铺会员数量为： 265
[2021-08-21 14:30:53] [INFO] 开始注销店铺 习酒
[2021-08-21 14:31:05] [INFO] 正在通过本地引擎识别
[2021-08-21 14:31:11] [INFO] 本次运行已成功注销店铺会员数量为： 266
[2021-08-21 14:31:12] [INFO] 开始注销店铺 三诺
[2021-08-21 14:31:17] [INFO] 正在通过本地引擎识别
[2021-08-21 14:31:20] [INFO] 验证码位置点击错误，尝试再试一次
[2021-08-21 14:31:21] [INFO] 正在通过本地引擎识别
[2021-08-21 14:31:26] [INFO] 本次运行已成功注销店铺会员数量为： 267
[2021-08-21 14:31:27] [INFO] 开始注销店铺 卡游会员
[2021-08-21 14:31:38] [INFO] 正在通过本地引擎识别
[2021-08-21 14:31:45] [INFO] 本次运行已成功注销店铺会员数量为： 268
[2021-08-21 14:31:45] [INFO] 开始注销店铺 爱仕达健康生活
[2021-08-21 14:31:53] [INFO] 正在通过本地引擎识别
[2021-08-21 14:32:00] [INFO] 本次运行已成功注销店铺会员数量为： 269
[2021-08-21 14:32:00] [INFO] 开始注销店铺 书剑古茶
[2021-08-21 14:32:17] [INFO] 正在通过本地引擎识别
[2021-08-21 14:32:24] [INFO] 本次运行已成功注销店铺会员数量为： 270
[2021-08-21 14:32:24] [INFO] 开始注销店铺 船歌鱼水饺
[2021-08-21 14:32:41] [INFO] 正在通过本地引擎识别
[2021-08-21 14:32:48] [INFO] 本次运行已成功注销店铺会员数量为： 271
[2021-08-21 14:32:48] [INFO] 开始注销店铺 碧然德会员
[2021-08-21 14:33:08] [INFO] 正在通过本地引擎识别
[2021-08-21 14:33:15] [INFO] 本次运行已成功注销店铺会员数量为： 272
[2021-08-21 14:33:15] [INFO] 开始注销店铺 健合集团
[2021-08-21 14:33:23] [INFO] 正在通过本地引擎识别
[2021-08-21 14:33:30] [INFO] 本次运行已成功注销店铺会员数量为： 273
[2021-08-21 14:33:30] [INFO] 开始注销店铺 领克汽车会员卡
[2021-08-21 14:33:47] [INFO] 正在通过本地引擎识别
[2021-08-21 14:33:50] [INFO] 验证码位置点击错误，尝试再试一次
[2021-08-21 14:33:51] [INFO] 正在通过本地引擎识别
[2021-08-21 14:33:58] [INFO] 本次运行已成功注销店铺会员数量为： 274
[2021-08-21 14:33:58] [INFO] 开始注销店铺 科勒VIP会员
[2021-08-21 14:34:14] [INFO] 正在通过本地引擎识别
[2021-08-21 14:34:21] [INFO] 本次运行已成功注销店铺会员数量为： 275
[2021-08-21 14:34:21] [INFO] 开始注销店铺 爱他美海外
[2021-08-21 14:34:35] [INFO] 正在通过本地引擎识别
[2021-08-21 14:34:42] [INFO] 本次运行已成功注销店铺会员数量为： 276
[2021-08-21 14:34:42] [INFO] 开始注销店铺 薇诺娜品牌会员
[2021-08-21 14:34:51] [INFO] 正在通过本地引擎识别
[2021-08-21 14:34:54] [INFO] 验证码位置点击错误，尝试再试一次
[2021-08-21 14:34:55] [INFO] 正在通过本地引擎识别
[2021-08-21 14:35:00] [INFO] 本次运行已成功注销店铺会员数量为： 277
[2021-08-21 14:35:00] [INFO] 开始注销店铺 肌肉科技
[2021-08-21 14:35:09] [INFO] 正在通过本地引擎识别
[2021-08-21 14:35:15] [INFO] 本次运行已成功注销店铺会员数量为： 278
[2021-08-21 14:35:15] [INFO] 开始注销店铺 百雀羚品牌会员
[2021-08-21 14:35:24] [INFO] 正在通过本地引擎识别
[2021-08-21 14:35:27] [INFO] 验证码位置点击错误，尝试再试一次
[2021-08-21 14:35:28] [INFO] 正在通过本地引擎识别
[2021-08-21 14:35:33] [INFO] 本次运行已成功注销店铺会员数量为： 279
[2021-08-21 14:35:33] [INFO] 开始注销店铺 FANCL
[2021-08-21 14:35:51] [INFO] 正在通过本地引擎识别
[2021-08-21 14:35:57] [INFO] 本次运行已成功注销店铺会员数量为： 280
[2021-08-21 14:35:57] [INFO] 开始注销店铺 摩恩会员卡
[2021-08-21 14:36:21] [INFO] 正在通过本地引擎识别
[2021-08-21 14:36:27] [INFO] 本次运行已成功注销店铺会员数量为： 281
[2021-08-21 14:36:28] [INFO] 开始注销店铺 刀唛
[2021-08-21 14:36:36] [INFO] 正在通过本地引擎识别
[2021-08-21 14:36:42] [INFO] 本次运行已成功注销店铺会员数量为： 282
[2021-08-21 14:36:43] [INFO] 开始注销店铺 加多宝
[2021-08-21 14:36:57] [INFO] 正在通过本地引擎识别
[2021-08-21 14:37:03] [INFO] 本次运行已成功注销店铺会员数量为： 283
[2021-08-21 14:37:04] [INFO] 开始注销店铺 郎牌特曲VIP
[2021-08-21 14:37:18] [INFO] 正在通过本地引擎识别
[2021-08-21 14:37:25] [INFO] 本次运行已成功注销店铺会员数量为： 284
[2021-08-21 14:37:25] [INFO] 开始注销店铺 仰韶彩陶坊
[2021-08-21 14:37:33] [INFO] 正在通过本地引擎识别
[2021-08-21 14:37:40] [INFO] 本次运行已成功注销店铺会员数量为： 285
[2021-08-21 14:37:40] [INFO] 开始注销店铺 小糊涂仙京东
[2021-08-21 14:38:00] [INFO] 正在通过本地引擎识别
[2021-08-21 14:38:07] [INFO] 本次运行已成功注销店铺会员数量为： 286
[2021-08-21 14:38:07] [INFO] 开始注销店铺 骁龙会员
[2021-08-21 14:38:15] [INFO] 正在通过本地引擎识别
[2021-08-21 14:38:18] [INFO] 验证码位置点击错误，尝试再试一次
[2021-08-21 14:38:19] [INFO] 正在通过本地引擎识别
[2021-08-21 14:38:25] [INFO] 本次运行已成功注销店铺会员数量为： 287
[2021-08-21 14:38:25] [INFO] 开始注销店铺 FILA会员卡
[2021-08-21 14:38:42] [INFO] 正在通过本地引擎识别
[2021-08-21 14:38:49] [INFO] 本次运行已成功注销店铺会员数量为： 288
[2021-08-21 14:38:49] [INFO] 本轮店铺已执行完，即将开始获取下一轮店铺
[2021-08-21 14:38:50] [INFO] 本轮运行获取到 28 家店铺会员信息
[2021-08-21 14:38:50] [INFO] 开始注销店铺 喜茶
[2021-08-21 14:39:12] [INFO] 正在通过本地引擎识别
[2021-08-21 14:39:20] [INFO] 本次运行已成功注销店铺会员数量为： 289
[2021-08-21 14:39:20] [INFO] 开始注销店铺 自然之名
[2021-08-21 14:39:39] [INFO] 正在通过本地引擎识别
[2021-08-21 14:39:46] [INFO] 本次运行已成功注销店铺会员数量为： 290
[2021-08-21 14:39:46] [INFO] 开始注销店铺 认养一头牛
[2021-08-21 14:40:03] [INFO] 正在通过本地引擎识别
[2021-08-21 14:40:10] [INFO] 本次运行已成功注销店铺会员数量为： 291
[2021-08-21 14:40:10] [INFO] 开始注销店铺 TUMI
[2021-08-21 14:40:31] [INFO] 正在通过本地引擎识别
[2021-08-21 14:40:34] [INFO] 验证码位置点击错误，尝试再试一次
[2021-08-21 14:40:35] [INFO] 正在通过本地引擎识别
[2021-08-21 14:40:40] [INFO] 本次运行已成功注销店铺会员数量为： 292
[2021-08-21 14:40:40] [INFO] 开始注销店铺 EVM品牌会员
[2021-08-21 14:41:04] [INFO] 正在通过本地引擎识别
[2021-08-21 14:41:10] [INFO] 本次运行已成功注销店铺会员数量为： 293
[2021-08-21 14:41:10] [INFO] 开始注销店铺 巴黎贝甜会员
[2021-08-21 14:41:34] [INFO] 正在通过本地引擎识别
[2021-08-21 14:41:40] [INFO] 本次运行已成功注销店铺会员数量为： 294
[2021-08-21 14:41:41] [INFO] 开始注销店铺 能率京东自营
[2021-08-21 14:41:49] [INFO] 正在通过本地引擎识别
[2021-08-21 14:41:52] [INFO] 验证码位置点击错误，尝试再试一次
[2021-08-21 14:41:53] [INFO] 正在通过本地引擎识别
[2021-08-21 14:41:58] [INFO] 本次运行已成功注销店铺会员数量为： 295
[2021-08-21 14:41:59] [INFO] 开始注销店铺 立顿旗舰店
[2021-08-21 14:42:25] [INFO] 正在通过本地引擎识别
[2021-08-21 14:42:31] [INFO] 本次运行已成功注销店铺会员数量为： 296
[2021-08-21 14:42:32] [INFO] 开始注销店铺 德芙
[2021-08-21 14:42:55] [INFO] 正在通过本地引擎识别
[2021-08-21 14:43:02] [INFO] 本次运行已成功注销店铺会员数量为： 297
[2021-08-21 14:43:02] [INFO] 开始注销店铺 品牌会员
[2021-08-21 14:43:10] [INFO] 正在通过本地引擎识别
[2021-08-21 14:43:17] [INFO] 本次运行已成功注销店铺会员数量为： 298
[2021-08-21 14:43:17] [INFO] 开始注销店铺 会员俱乐部
[2021-08-21 14:43:43] [INFO] 正在通过本地引擎识别
[2021-08-21 14:43:50] [INFO] 本次运行已成功注销店铺会员数量为： 299
[2021-08-21 14:43:50] [INFO] 开始注销店铺 振德品牌会员
[2021-08-21 14:44:04] [INFO] 正在通过本地引擎识别
[2021-08-21 14:44:11] [INFO] 本次运行已成功注销店铺会员数量为： 300
[2021-08-21 14:44:11] [INFO] 开始注销店铺 皓乐齿
[2021-08-21 14:44:16] [INFO] 正在通过本地引擎识别
[2021-08-21 14:44:19] [INFO] 验证码位置点击错误，尝试再试一次
[2021-08-21 14:44:20] [INFO] 正在通过本地引擎识别
[2021-08-21 14:44:26] [INFO] 本次运行已成功注销店铺会员数量为： 301
[2021-08-21 14:44:26] [INFO] 开始注销店铺 李宁品牌VIP
[2021-08-21 14:45:27] [INFO] 等待websocket推送短信验证码超时，即将跳过 李宁品牌VIP
[2021-08-21 14:45:28] [INFO] 开始注销店铺 倩碧
[2021-08-21 14:45:44] [INFO] 正在通过本地引擎识别
[2021-08-21 14:45:50] [INFO] 本次运行已成功注销店铺会员数量为： 302
[2021-08-21 14:45:50] [INFO] 开始注销店铺 雅诗兰黛奢雅会
[2021-08-21 14:46:08] [INFO] 正在通过本地引擎识别
[2021-08-21 14:46:14] [INFO] 本次运行已成功注销店铺会员数量为： 303
[2021-08-21 14:46:14] [INFO] 开始注销店铺 尊享
[2021-08-21 14:46:35] [INFO] 正在通过本地引擎识别
[2021-08-21 14:46:42] [INFO] 本次运行已成功注销店铺会员数量为： 304
[2021-08-21 14:46:42] [INFO] 开始注销店铺 初然之爱
[2021-08-21 14:46:56] [INFO] 正在通过本地引擎识别
[2021-08-21 14:47:02] [INFO] 本次运行已成功注销店铺会员数量为： 305
[2021-08-21 14:47:03] [INFO] 开始注销店铺 帕罗官方旗舰店
[2021-08-21 14:47:11] [INFO] 正在通过本地引擎识别
[2021-08-21 14:47:17] [INFO] 本次运行已成功注销店铺会员数量为： 306
[2021-08-21 14:47:18] [INFO] 开始注销店铺 松下
[2021-08-21 14:47:44] [INFO] 正在通过本地引擎识别
[2021-08-21 14:47:51] [INFO] 本次运行已成功注销店铺会员数量为： 307
[2021-08-21 14:47:51] [INFO] 开始注销店铺 百吉福VIP
[2021-08-21 14:47:59] [INFO] 正在通过本地引擎识别
[2021-08-21 14:48:06] [INFO] 本次运行已成功注销店铺会员数量为： 308
[2021-08-21 14:48:06] [INFO] 开始注销店铺 之宝ZIPPO
[2021-08-21 14:48:23] [INFO] 正在通过本地引擎识别
[2021-08-21 14:48:30] [INFO] 本次运行已成功注销店铺会员数量为： 309
[2021-08-21 14:48:30] [INFO] 开始注销店铺 贝德玛VIP
[2021-08-21 14:48:53] [INFO] 正在通过本地引擎识别
[2021-08-21 14:49:00] [INFO] 本次运行已成功注销店铺会员数量为： 310
[2021-08-21 14:49:00] [INFO] 开始注销店铺 倍力乐VIP
[2021-08-21 14:49:08] [INFO] 正在通过本地引擎识别
[2021-08-21 14:49:11] [INFO] 验证码位置点击错误，尝试再试一次
[2021-08-21 14:49:12] [INFO] 正在通过本地引擎识别
[2021-08-21 14:49:18] [INFO] 本次运行已成功注销店铺会员数量为： 311
[2021-08-21 14:49:18] [INFO] 开始注销店铺 文石精选会员
[2021-08-21 14:49:41] [INFO] 正在通过本地引擎识别
[2021-08-21 14:49:48] [INFO] 本次运行已成功注销店铺会员数量为： 312
[2021-08-21 14:49:48] [INFO] 开始注销店铺 小润家旗舰店
[2021-08-21 14:50:14] [INFO] 正在通过本地引擎识别
[2021-08-21 14:50:21] [INFO] 本次运行已成功注销店铺会员数量为： 313
[2021-08-21 14:50:21] [INFO] 开始注销店铺 欣和品牌会员
[2021-08-21 14:50:29] [INFO] 正在通过本地引擎识别
[2021-08-21 14:50:36] [INFO] 本次运行已成功注销店铺会员数量为： 314
[2021-08-21 14:50:36] [INFO] 开始注销店铺 星星卡
[2021-08-21 14:50:44] [INFO] 正在通过本地引擎识别
[2021-08-21 14:50:51] [INFO] 本次运行已成功注销店铺会员数量为： 315
[2021-08-21 14:50:51] [INFO] 本轮店铺已执行完，即将开始获取下一轮店铺
[2021-08-21 14:50:52] [INFO] 本轮运行获取到 1 家店铺会员信息
[2021-08-21 14:50:52] [INFO] 开始注销店铺 李宁品牌VIP
[2021-08-21 14:51:53] [INFO] 等待websocket推送短信验证码超时，即将跳过 李宁品牌VIP
[2021-08-21 14:51:53] [INFO] 本轮店铺已执行完，即将开始获取下一轮店铺
[2021-08-21 14:51:53] [INFO] 当前接口获取到的店铺列表和上一轮一致，认为接口缓存还未刷新，即将尝试刷新缓存
[2021-08-21 14:51:53] [INFO] 理论上缓存已经刷新成功，如页面未成功自动刷新请及时反馈
[2021-08-21 14:52:33] [INFO] 本轮运行获取到 1 家店铺会员信息
[2021-08-21 14:52:34] [INFO] 开始注销店铺 李宁品牌VIP
