[2021-10-24 08:47:44] [WARNING] config.yaml中的cookie值有误，请确保pt_key和pt_pin都存在，如都存在请检查cookie是否失效
[2021-10-24 08:51:52] [INFO] 本轮运行获取到 10 家店铺会员信息
[2021-10-24 08:51:52] [INFO] 开始注销店铺 中磐粮油会员
[2021-10-24 08:52:54] [INFO] 等待websocket推送短信验证码超时，即将跳过 中磐粮油会员
[2021-10-24 08:52:54] [INFO] 开始注销店铺 爱舒乐会员卡
[2021-10-24 08:53:55] [INFO] 等待websocket推送短信验证码超时，即将跳过 爱舒乐会员卡
[2021-10-24 08:53:56] [INFO] 开始注销店铺 小皮品牌会员
[2021-10-24 08:54:06] [INFO] 正在通过本地引擎识别
[2021-10-24 08:54:09] [INFO] 验证码位置点击错误，尝试再试一次
[2021-10-24 08:54:10] [INFO] 正在通过本地引擎识别
[2021-10-24 08:54:43] [ERROR] 发生了一点小问题： ('图形验证码识别超时 小皮品牌会员', None, None)
[2021-10-24 08:54:43] [INFO] 开始注销店铺 伊利金领冠
[2021-10-24 08:54:51] [INFO] 正在通过本地引擎识别
[2021-10-24 08:54:58] [INFO] 本次运行已成功注销店铺会员数量为： 1
[2021-10-24 08:54:58] [INFO] 开始注销店铺 伯纳天纯
[2021-10-24 08:55:06] [INFO] 正在通过本地引擎识别
[2021-10-24 08:55:13] [INFO] 本次运行已成功注销店铺会员数量为： 2
[2021-10-24 08:55:13] [INFO] 开始注销店铺 海尔
[2021-10-24 08:55:21] [INFO] 正在通过本地引擎识别
[2021-10-24 08:55:28] [INFO] 本次运行已成功注销店铺会员数量为： 3
[2021-10-24 08:55:28] [INFO] 开始注销店铺 潮宏基会员
[2021-10-24 08:55:36] [INFO] 正在通过本地引擎识别
[2021-10-24 08:55:43] [INFO] 本次运行已成功注销店铺会员数量为： 4
[2021-10-24 08:55:43] [INFO] 开始注销店铺 加州乐事自营
[2021-10-24 08:55:51] [INFO] 正在通过本地引擎识别
[2021-10-24 08:55:58] [INFO] 本次运行已成功注销店铺会员数量为： 5
[2021-10-24 08:55:58] [INFO] 开始注销店铺 三元奶粉
[2021-10-24 08:56:06] [INFO] 正在通过本地引擎识别
[2021-10-24 08:56:13] [INFO] 本次运行已成功注销店铺会员数量为： 6
[2021-10-24 08:56:14] [INFO] 开始注销店铺 桂冠美食卡
[2021-10-24 08:56:21] [INFO] 正在通过本地引擎识别
[2021-10-24 08:56:25] [INFO] 验证码位置点击错误，尝试再试一次
[2021-10-24 08:56:26] [INFO] 正在通过本地引擎识别
[2021-10-24 08:56:32] [INFO] 本次运行已成功注销店铺会员数量为： 7
[2021-10-24 08:56:32] [INFO] 本轮店铺已执行完，即将开始获取下一轮店铺
[2021-10-24 08:56:33] [INFO] 本轮运行获取到 10 家店铺会员信息
[2021-10-24 08:56:33] [INFO] 开始注销店铺 盛宝
[2021-10-24 08:56:42] [INFO] 正在通过本地引擎识别
[2021-10-24 08:56:49] [INFO] 本次运行已成功注销店铺会员数量为： 8
[2021-10-24 08:56:50] [INFO] 开始注销店铺 爱舒乐会员卡
[2021-10-24 08:56:58] [INFO] 正在通过本地引擎识别
[2021-10-24 08:57:05] [INFO] 本次运行已成功注销店铺会员数量为： 9
[2021-10-24 08:57:05] [INFO] 开始注销店铺 小皮品牌会员
[2021-10-24 08:57:13] [INFO] 正在通过本地引擎识别
[2021-10-24 08:57:19] [INFO] 本次运行已成功注销店铺会员数量为： 10
[2021-10-24 08:57:20] [INFO] 开始注销店铺 吉香居品牌会员
[2021-10-24 08:57:28] [INFO] 正在通过本地引擎识别
[2021-10-24 08:57:35] [INFO] 本次运行已成功注销店铺会员数量为： 11
[2021-10-24 08:57:35] [INFO] 开始注销店铺 润百颜会员卡
[2021-10-24 08:57:46] [INFO] 正在通过本地引擎识别
[2021-10-24 08:57:53] [INFO] 本次运行已成功注销店铺会员数量为： 12
[2021-10-24 08:57:53] [INFO] 开始注销店铺 麦富迪
[2021-10-24 08:58:04] [INFO] 正在通过本地引擎识别
[2021-10-24 08:58:11] [INFO] 本次运行已成功注销店铺会员数量为： 13
[2021-10-24 08:58:11] [INFO] 开始注销店铺 DR
[2021-10-24 08:58:19] [INFO] 正在通过本地引擎识别
[2021-10-24 08:58:26] [INFO] 本次运行已成功注销店铺会员数量为： 14
[2021-10-24 08:58:26] [INFO] 开始注销店铺 家庭清洁师
[2021-10-24 08:58:34] [INFO] 正在通过本地引擎识别
[2021-10-24 08:58:37] [INFO] 验证码位置点击错误，尝试再试一次
[2021-10-24 08:58:39] [INFO] 正在通过本地引擎识别
[2021-10-24 08:58:45] [INFO] 本次运行已成功注销店铺会员数量为： 15
[2021-10-24 08:58:45] [INFO] 开始注销店铺 露安适会员卡
[2021-10-24 08:58:55] [INFO] 正在通过本地引擎识别
[2021-10-24 08:59:02] [INFO] 本次运行已成功注销店铺会员数量为： 16
[2021-10-24 08:59:02] [INFO] 开始注销店铺 韩束
[2021-10-24 08:59:10] [INFO] 正在通过本地引擎识别
[2021-10-24 08:59:13] [INFO] 验证码位置点击错误，尝试再试一次
[2021-10-24 08:59:14] [INFO] 正在通过本地引擎识别
[2021-10-24 08:59:20] [INFO] 本次运行已成功注销店铺会员数量为： 17
[2021-10-24 08:59:20] [INFO] 本轮店铺已执行完，即将开始获取下一轮店铺
[2021-10-24 08:59:20] [INFO] 当前接口获取到的店铺列表和上一轮一致，认为接口缓存还未刷新，即将尝试刷新缓存
[2021-10-24 08:59:21] [INFO] 理论上缓存已经刷新成功，如页面未成功自动刷新请及时反馈
[2021-10-24 08:59:22] [INFO] 本轮运行获取到 10 家店铺会员信息
[2021-10-24 08:59:22] [INFO] 开始注销店铺 维他奶
[2021-10-24 08:59:31] [INFO] 正在通过本地引擎识别
[2021-10-24 08:59:38] [INFO] 本次运行已成功注销店铺会员数量为： 18
[2021-10-24 08:59:38] [INFO] 开始注销店铺 美的会员
[2021-10-24 08:59:48] [INFO] 正在通过本地引擎识别
[2021-10-24 08:59:54] [INFO] 本次运行已成功注销店铺会员数量为： 19
[2021-10-24 08:59:55] [INFO] 开始注销店铺 一叶子
[2021-10-24 09:00:04] [INFO] 正在通过本地引擎识别
[2021-10-24 09:00:08] [INFO] 验证码位置点击错误，尝试再试一次
[2021-10-24 09:00:09] [INFO] 正在通过本地引擎识别
[2021-10-24 09:00:15] [INFO] 本次运行已成功注销店铺会员数量为： 20
[2021-10-24 09:00:15] [INFO] 开始注销店铺 全棉时代
[2021-10-24 09:00:40] [INFO] 正在通过本地引擎识别
[2021-10-24 09:00:44] [INFO] 验证码位置点击错误，尝试再试一次
[2021-10-24 09:00:45] [INFO] 正在通过本地引擎识别
[2021-10-24 09:00:51] [INFO] 本次运行已成功注销店铺会员数量为： 21
[2021-10-24 09:00:51] [INFO] 开始注销店铺 DW品牌会员
[2021-10-24 09:00:58] [INFO] 正在通过本地引擎识别
[2021-10-24 09:01:05] [INFO] 本次运行已成功注销店铺会员数量为： 22
[2021-10-24 09:01:06] [INFO] 开始注销店铺 惠普
[2021-10-24 09:01:31] [INFO] 正在通过本地引擎识别
[2021-10-24 09:01:38] [INFO] 本次运行已成功注销店铺会员数量为： 23
[2021-10-24 09:01:39] [INFO] 开始注销店铺 君乐宝奶粉
[2021-10-24 09:01:59] [INFO] 正在通过本地引擎识别
[2021-10-24 09:02:05] [INFO] 本次运行已成功注销店铺会员数量为： 24
[2021-10-24 09:02:06] [INFO] 开始注销店铺 微软
[2021-10-24 09:02:14] [INFO] 正在通过本地引擎识别
[2021-10-24 09:02:21] [INFO] 本次运行已成功注销店铺会员数量为： 25
[2021-10-24 09:02:21] [INFO] 开始注销店铺 v星证
[2021-10-24 09:02:29] [INFO] 正在通过本地引擎识别
[2021-10-24 09:02:35] [INFO] 本次运行已成功注销店铺会员数量为： 26
[2021-10-24 09:02:36] [INFO] 开始注销店铺 伊利
[2021-10-24 09:02:47] [INFO] 正在通过本地引擎识别
[2021-10-24 09:02:54] [INFO] 本次运行已成功注销店铺会员数量为： 27
[2021-10-24 09:02:54] [INFO] 本轮店铺已执行完，即将开始获取下一轮店铺
[2021-10-24 09:03:57] [INFO] 本轮运行获取到 10 家店铺会员信息
[2021-10-24 09:03:58] [INFO] 开始注销店铺 O粉加油卡
[2021-10-24 09:04:08] [INFO] 正在通过本地引擎识别
[2021-10-24 09:04:15] [INFO] 本次运行已成功注销店铺会员数量为： 1
[2021-10-24 09:04:16] [INFO] 开始注销店铺 杰士邦
[2021-10-24 09:04:29] [INFO] 正在通过本地引擎识别
[2021-10-24 09:04:36] [INFO] 本次运行已成功注销店铺会员数量为： 2
[2021-10-24 09:04:36] [INFO] 开始注销店铺 A21
[2021-10-24 09:04:47] [INFO] 正在通过本地引擎识别
[2021-10-24 09:04:54] [INFO] 本次运行已成功注销店铺会员数量为： 3
[2021-10-24 09:04:54] [INFO] 开始注销店铺 自然堂
[2021-10-24 09:05:05] [INFO] 正在通过本地引擎识别
[2021-10-24 09:05:12] [INFO] 本次运行已成功注销店铺会员数量为： 4
[2021-10-24 09:05:12] [INFO] 开始注销店铺 孩之宝
[2021-10-24 09:05:20] [INFO] 正在通过本地引擎识别
[2021-10-24 09:05:27] [INFO] 本次运行已成功注销店铺会员数量为： 5
[2021-10-24 09:05:27] [INFO] 开始注销店铺 苏泊尔品牌会员
[2021-10-24 09:05:38] [INFO] 正在通过本地引擎识别
[2021-10-24 09:05:45] [INFO] 本次运行已成功注销店铺会员数量为： 6
[2021-10-24 09:05:45] [INFO] 开始注销店铺 西部数据
[2021-10-24 09:05:56] [INFO] 正在通过本地引擎识别
[2021-10-24 09:06:03] [INFO] 本次运行已成功注销店铺会员数量为： 7
[2021-10-24 09:06:03] [INFO] 开始注销店铺 酷客卡
[2021-10-24 09:06:14] [INFO] 正在通过本地引擎识别
[2021-10-24 09:06:21] [INFO] 本次运行已成功注销店铺会员数量为： 8
[2021-10-24 09:06:22] [INFO] 开始注销店铺 卡萨帝会员
[2021-10-24 09:06:29] [INFO] 正在通过本地引擎识别
[2021-10-24 09:06:37] [INFO] 本次运行已成功注销店铺会员数量为： 9
[2021-10-24 09:06:37] [INFO] 开始注销店铺 realme
[2021-10-24 09:06:44] [INFO] 正在通过本地引擎识别
[2021-10-24 09:06:51] [INFO] 本次运行已成功注销店铺会员数量为： 10
[2021-10-24 09:06:51] [INFO] 本轮店铺已执行完，即将开始获取下一轮店铺
[2021-10-24 09:06:52] [INFO] 当前接口获取到的店铺列表和上一轮一致，认为接口缓存还未刷新，即将尝试刷新缓存
[2021-10-24 09:06:52] [INFO] 理论上缓存已经刷新成功，如页面未成功自动刷新请及时反馈
[2021-10-24 09:06:53] [INFO] 本轮运行获取到 10 家店铺会员信息
[2021-10-24 09:06:53] [INFO] 开始注销店铺 海洋丝缎
[2021-10-24 09:07:18] [INFO] 正在通过本地引擎识别
[2021-10-24 09:07:25] [INFO] 本次运行已成功注销店铺会员数量为： 11
[2021-10-24 09:07:25] [INFO] 开始注销店铺 AOC京东自营
[2021-10-24 09:07:39] [INFO] 正在通过本地引擎识别
[2021-10-24 09:07:46] [INFO] 本次运行已成功注销店铺会员数量为： 12
[2021-10-24 09:07:46] [INFO] 开始注销店铺 Beaba会员
[2021-10-24 09:07:53] [INFO] 正在通过本地引擎识别
[2021-10-24 09:08:00] [INFO] 本次运行已成功注销店铺会员数量为： 13
[2021-10-24 09:08:01] [INFO] 开始注销店铺 蓝河会员卡
[2021-10-24 09:08:09] [INFO] 正在通过本地引擎识别
[2021-10-24 09:08:16] [INFO] 本次运行已成功注销店铺会员数量为： 14
[2021-10-24 09:08:16] [INFO] 开始注销店铺 雅培血糖仪
[2021-10-24 09:08:23] [INFO] 正在通过本地引擎识别
[2021-10-24 09:08:30] [INFO] 本次运行已成功注销店铺会员数量为： 15
[2021-10-24 09:08:31] [INFO] 开始注销店铺 保乐力加会员
[2021-10-24 09:08:39] [INFO] 正在通过本地引擎识别
[2021-10-24 09:08:42] [INFO] 验证码位置点击错误，尝试再试一次
[2021-10-24 09:08:43] [INFO] 正在通过本地引擎识别
[2021-10-24 09:09:16] [ERROR] 发生了一点小问题： ('图形验证码识别超时 保乐力加会员', None, None)
[2021-10-24 09:09:16] [INFO] 开始注销店铺 BMW悦享会员
[2021-10-24 09:09:27] [INFO] 正在通过本地引擎识别
[2021-10-24 09:09:34] [INFO] 本次运行已成功注销店铺会员数量为： 16
[2021-10-24 09:09:34] [INFO] 开始注销店铺 Dyson
[2021-10-24 09:09:45] [INFO] 正在通过本地引擎识别
[2021-10-24 09:09:52] [INFO] 本次运行已成功注销店铺会员数量为： 17
[2021-10-24 09:09:52] [INFO] 开始注销店铺 来伊份
[2021-10-24 09:10:03] [INFO] 正在通过本地引擎识别
[2021-10-24 09:10:06] [INFO] 验证码位置点击错误，尝试再试一次
[2021-10-24 09:10:07] [INFO] 正在通过本地引擎识别
[2021-10-24 09:10:13] [INFO] 本次运行已成功注销店铺会员数量为： 18
[2021-10-24 09:10:13] [INFO] 开始注销店铺 蒙牛
[2021-10-24 09:10:21] [INFO] 正在通过本地引擎识别
[2021-10-24 09:10:28] [INFO] 本次运行已成功注销店铺会员数量为： 19
[2021-10-24 09:10:28] [INFO] 本轮店铺已执行完，即将开始获取下一轮店铺
[2021-10-24 09:18:28] [INFO] 本轮运行获取到 10 家店铺会员信息
[2021-10-24 09:18:29] [INFO] 开始注销店铺 霸王洗发水
[2021-10-24 09:18:37] [INFO] 正在通过本地引擎识别
[2021-10-24 09:18:44] [INFO] 本次运行已成功注销店铺会员数量为： 1
[2021-10-24 09:18:44] [INFO] 开始注销店铺 润本品牌会员
[2021-10-24 09:18:55] [INFO] 正在通过本地引擎识别
[2021-10-24 09:19:02] [INFO] 本次运行已成功注销店铺会员数量为： 2
[2021-10-24 09:19:02] [INFO] 开始注销店铺 江小白品酒师
[2021-10-24 09:19:10] [INFO] 正在通过本地引擎识别
[2021-10-24 09:19:17] [INFO] 本次运行已成功注销店铺会员数量为： 3
[2021-10-24 09:19:17] [INFO] 开始注销店铺 杜康
[2021-10-24 09:19:31] [INFO] 正在通过本地引擎识别
[2021-10-24 09:19:38] [INFO] 本次运行已成功注销店铺会员数量为： 4
[2021-10-24 09:19:38] [INFO] 开始注销店铺 国际自营药房
[2021-10-24 09:19:49] [INFO] 正在通过本地引擎识别
[2021-10-24 09:19:56] [INFO] 本次运行已成功注销店铺会员数量为： 5
[2021-10-24 09:19:57] [INFO] 开始注销店铺 李宁品牌VIP
[2021-10-24 09:20:58] [INFO] 等待websocket推送短信验证码超时，即将跳过 李宁品牌VIP
[2021-10-24 09:22:10] [INFO] 开始注销店铺 徐福记
[2021-10-24 09:22:20] [INFO] 正在通过本地引擎识别
[2021-10-24 09:22:27] [INFO] 本次运行已成功注销店铺会员数量为： 6
[2021-10-24 09:22:27] [INFO] 开始注销店铺 伊利成人粉
[2021-10-24 09:22:35] [INFO] 正在通过本地引擎识别
[2021-10-24 09:22:38] [INFO] 验证码位置点击错误，尝试再试一次
[2021-10-24 09:22:39] [INFO] 正在通过本地引擎识别
[2021-10-24 09:22:45] [INFO] 本次运行已成功注销店铺会员数量为： 7
[2021-10-24 09:22:45] [INFO] 开始注销店铺 红星二锅头
[2021-10-24 09:22:52] [INFO] 正在通过本地引擎识别
[2021-10-24 09:23:00] [INFO] 本次运行已成功注销店铺会员数量为： 8
[2021-10-24 09:23:00] [INFO] 开始注销店铺 郎酒旗舰店会员
[2021-10-24 09:23:10] [INFO] 正在通过本地引擎识别
[2021-10-24 09:23:18] [INFO] 本次运行已成功注销店铺会员数量为： 9
[2021-10-24 09:23:18] [INFO] 本轮店铺已执行完，即将开始获取下一轮店铺
[2021-10-24 09:23:18] [INFO] 本轮运行获取到 10 家店铺会员信息
[2021-10-24 09:23:18] [INFO] 开始注销店铺  
[2021-10-24 09:23:28] [INFO] 正在通过本地引擎识别
[2021-10-24 09:23:35] [INFO] 本次运行已成功注销店铺会员数量为： 10
[2021-10-24 09:23:36] [INFO] 开始注销店铺 宝洁
[2021-10-24 09:23:47] [INFO] 正在通过本地引擎识别
[2021-10-24 09:23:54] [INFO] 本次运行已成功注销店铺会员数量为： 11
[2021-10-24 09:23:54] [INFO] 开始注销店铺 斑布
[2021-10-24 09:24:20] [INFO] 正在通过本地引擎识别
[2021-10-24 09:24:27] [INFO] 本次运行已成功注销店铺会员数量为： 12
[2021-10-24 09:24:27] [INFO] 开始注销店铺 帮宝适
[2021-10-24 09:24:35] [INFO] 正在通过本地引擎识别
[2021-10-24 09:24:41] [INFO] 本次运行已成功注销店铺会员数量为： 13
[2021-10-24 09:24:41] [INFO] 开始注销店铺 李宁品牌VIP
[2021-10-24 09:24:53] [INFO] 等待websocket推送短信验证码超时，即将跳过 李宁品牌VIP
[2021-10-24 09:24:53] [INFO] 开始注销店铺 竹πVIP
[2021-10-24 09:25:02] [INFO] 正在通过本地引擎识别
[2021-10-24 09:28:10] [ERROR] 发生了一点小问题： ('stale element reference: element is not attached to the page document\n  (Session info: chrome=94.0.4606.81)', None, None)
[2021-10-24 09:28:10] [INFO] 开始注销店铺 贝亲会员卡
[2021-10-24 09:28:20] [INFO] 正在通过本地引擎识别
[2021-10-24 09:28:27] [INFO] 本次运行已成功注销店铺会员数量为： 14
[2021-10-24 09:28:28] [INFO] 开始注销店铺 超级米粉卡
[2021-10-24 09:28:38] [INFO] 正在通过本地引擎识别
[2021-10-24 09:28:45] [INFO] 本次运行已成功注销店铺会员数量为： 15
[2021-10-24 09:28:46] [INFO] 开始注销店铺 兰蔻
[2021-10-24 09:28:53] [INFO] 正在通过本地引擎识别
[2021-10-24 09:29:00] [INFO] 本次运行已成功注销店铺会员数量为： 16
[2021-10-24 09:29:00] [INFO] 开始注销店铺 OLAY玉兰油
[2021-10-24 09:29:08] [INFO] 正在通过本地引擎识别
[2021-10-24 09:29:15] [INFO] 本次运行已成功注销店铺会员数量为： 17
[2021-10-24 09:29:15] [INFO] 本轮店铺已执行完，即将开始获取下一轮店铺
[2021-10-24 09:29:16] [INFO] 本轮运行获取到 10 家店铺会员信息
[2021-10-24 09:29:16] [INFO] 开始注销店铺 太太乐
[2021-10-24 09:29:30] [INFO] 正在通过本地引擎识别
[2021-10-24 09:29:36] [INFO] 本次运行已成功注销店铺会员数量为： 18
[2021-10-24 09:29:37] [INFO] 开始注销店铺 金沙VIP
[2021-10-24 09:29:45] [INFO] 正在通过本地引擎识别
[2021-10-24 09:29:51] [INFO] 本次运行已成功注销店铺会员数量为： 19
[2021-10-24 09:29:51] [INFO] 开始注销店铺 黄飞红功夫家族
[2021-10-24 09:30:00] [INFO] 正在通过本地引擎识别
[2021-10-24 09:30:06] [INFO] 本次运行已成功注销店铺会员数量为： 20
[2021-10-24 09:30:07] [INFO] 开始注销店铺 相宜本草会员卡
[2021-10-24 09:30:18] [INFO] 正在通过本地引擎识别
[2021-10-24 09:30:25] [INFO] 本次运行已成功注销店铺会员数量为： 21
[2021-10-24 09:30:25] [INFO] 开始注销店铺 妇炎洁
[2021-10-24 09:30:33] [INFO] 正在通过本地引擎识别
[2021-10-24 09:30:36] [INFO] 验证码位置点击错误，尝试再试一次
[2021-10-24 09:30:37] [INFO] 正在通过本地引擎识别
[2021-10-24 09:30:43] [INFO] 本次运行已成功注销店铺会员数量为： 22
[2021-10-24 09:30:43] [INFO] 开始注销店铺 洽洽
[2021-10-24 09:30:54] [INFO] 正在通过本地引擎识别
[2021-10-24 09:30:57] [INFO] 验证码位置点击错误，尝试再试一次
[2021-10-24 09:30:58] [INFO] 正在通过本地引擎识别
[2021-10-24 09:31:04] [INFO] 本次运行已成功注销店铺会员数量为： 23
[2021-10-24 09:31:04] [INFO] 开始注销店铺 迪彩会员卡
[2021-10-24 09:31:12] [INFO] 正在通过本地引擎识别
[2021-10-24 09:31:19] [INFO] 本次运行已成功注销店铺会员数量为： 24
[2021-10-24 09:31:19] [INFO] 开始注销店铺 李宁品牌VIP
[2021-10-24 09:31:30] [INFO] 等待websocket推送短信验证码超时，即将跳过 李宁品牌VIP
[2021-10-24 09:31:31] [INFO] 开始注销店铺 希杰食品
[2021-10-24 09:31:39] [INFO] 正在通过本地引擎识别
[2021-10-24 09:31:46] [INFO] 本次运行已成功注销店铺会员数量为： 25
[2021-10-24 09:31:46] [INFO] 开始注销店铺 可口可乐
[2021-10-24 09:31:54] [INFO] 正在通过本地引擎识别
[2021-10-24 09:32:01] [INFO] 本次运行已成功注销店铺会员数量为： 26
[2021-10-24 09:32:01] [INFO] 本轮店铺已执行完，即将开始获取下一轮店铺
[2021-10-24 09:32:01] [INFO] 当前接口获取到的店铺列表和上一轮一致，认为接口缓存还未刷新，即将尝试刷新缓存
[2021-10-24 09:32:02] [INFO] 理论上缓存已经刷新成功，如页面未成功自动刷新请及时反馈
[2021-10-24 09:32:03] [INFO] 本轮运行获取到 10 家店铺会员信息
[2021-10-24 09:32:03] [INFO] 开始注销店铺 联想品牌会员
[2021-10-24 09:32:12] [INFO] 正在通过本地引擎识别
[2021-10-24 09:32:15] [INFO] 验证码位置点击错误，尝试再试一次
[2021-10-24 09:32:16] [INFO] 正在通过本地引擎识别
[2021-10-24 09:32:22] [INFO] 本次运行已成功注销店铺会员数量为： 27
[2021-10-24 09:32:22] [INFO] 开始注销店铺 奥智嘉会员
[2021-10-24 09:32:33] [INFO] 正在通过本地引擎识别
[2021-10-24 09:32:36] [INFO] 验证码位置点击错误，尝试再试一次
[2021-10-24 09:32:37] [INFO] 正在通过本地引擎识别
[2021-10-24 09:32:43] [INFO] 本次运行已成功注销店铺会员数量为： 28
[2021-10-24 09:32:43] [INFO] 开始注销店铺 锋味旗舰店
[2021-10-24 09:32:54] [INFO] 正在通过本地引擎识别
[2021-10-24 09:32:57] [INFO] 验证码位置点击错误，尝试再试一次
[2021-10-24 09:32:58] [INFO] 正在通过本地引擎识别
[2021-10-24 09:33:04] [INFO] 本次运行已成功注销店铺会员数量为： 29
[2021-10-24 09:33:04] [INFO] 开始注销店铺 元气森林
[2021-10-24 09:33:12] [INFO] 正在通过本地引擎识别
[2021-10-24 09:33:19] [INFO] 本次运行已成功注销店铺会员数量为： 30
[2021-10-24 09:33:19] [INFO] 开始注销店铺 奔图VIP
[2021-10-24 09:33:30] [INFO] 正在通过本地引擎识别
[2021-10-24 09:33:37] [INFO] 本次运行已成功注销店铺会员数量为： 31
[2021-10-24 09:33:37] [INFO] 开始注销店铺 李宁品牌VIP
[2021-10-24 09:33:49] [INFO] 等待websocket推送短信验证码超时，即将跳过 李宁品牌VIP
[2021-10-24 09:33:49] [INFO] 开始注销店铺 五粮液专卖店
[2021-10-24 09:34:01] [INFO] 正在通过本地引擎识别
[2021-10-24 09:34:07] [INFO] 本次运行已成功注销店铺会员数量为： 32
[2021-10-24 09:34:07] [INFO] 开始注销店铺 奶酪博士会员卡
[2021-10-24 09:34:15] [INFO] 正在通过本地引擎识别
[2021-10-24 09:34:22] [INFO] 本次运行已成功注销店铺会员数量为： 33
[2021-10-24 09:34:22] [INFO] 开始注销店铺 青蛙王子储值卡
[2021-10-24 09:34:34] [INFO] 正在通过本地引擎识别
[2021-10-24 09:34:40] [INFO] 本次运行已成功注销店铺会员数量为： 34
[2021-10-24 09:34:41] [INFO] 开始注销店铺 天合品牌自营
[2021-10-24 09:34:52] [INFO] 正在通过本地引擎识别
[2021-10-24 09:34:58] [INFO] 本次运行已成功注销店铺会员数量为： 35
[2021-10-24 09:34:58] [INFO] 本轮店铺已执行完，即将开始获取下一轮店铺
[2021-10-24 09:37:32] [INFO] 本轮运行获取到 10 家店铺会员信息
[2021-10-24 09:37:33] [INFO] 开始注销店铺 阿道夫
[2021-10-24 09:37:43] [INFO] 正在通过本地引擎识别
[2021-10-24 09:37:50] [INFO] 本次运行已成功注销店铺会员数量为： 1
[2021-10-24 09:37:51] [INFO] 开始注销店铺 五粮浓香
[2021-10-24 09:37:58] [INFO] 正在通过本地引擎识别
[2021-10-24 09:38:05] [INFO] 本次运行已成功注销店铺会员数量为： 2
[2021-10-24 09:38:05] [INFO] 开始注销店铺 仙维娜会员卡
[2021-10-24 09:38:16] [INFO] 正在通过本地引擎识别
[2021-10-24 09:38:23] [INFO] 本次运行已成功注销店铺会员数量为： 3
[2021-10-24 09:38:23] [INFO] 开始注销店铺 李宁品牌VIP
[2021-10-24 09:38:35] [INFO] 等待websocket推送短信验证码超时，即将跳过 李宁品牌VIP
[2021-10-24 09:38:35] [INFO] 开始注销店铺 安而康会员之家
[2021-10-24 09:38:46] [INFO] 正在通过本地引擎识别
[2021-10-24 09:38:53] [INFO] 本次运行已成功注销店铺会员数量为： 4
[2021-10-24 09:38:53] [INFO] 开始注销店铺 衣品天成会员
[2021-10-24 09:39:01] [INFO] 正在通过本地引擎识别
[2021-10-24 09:39:08] [INFO] 本次运行已成功注销店铺会员数量为： 5
[2021-10-24 09:39:08] [INFO] 开始注销店铺 茅台
[2021-10-24 09:39:19] [INFO] 正在通过本地引擎识别
[2021-10-24 09:39:22] [INFO] 验证码位置点击错误，尝试再试一次
[2021-10-24 09:39:24] [INFO] 正在通过本地引擎识别
[2021-10-24 09:39:29] [INFO] 本次运行已成功注销店铺会员数量为： 6
[2021-10-24 09:39:29] [INFO] 开始注销店铺 飞利浦净水
[2021-10-24 09:39:40] [INFO] 正在通过本地引擎识别
[2021-10-24 09:39:47] [INFO] 本次运行已成功注销店铺会员数量为： 7
[2021-10-24 09:39:47] [INFO] 开始注销店铺 希捷LACIE
[2021-10-24 09:39:55] [INFO] 正在通过本地引擎识别
[2021-10-24 09:40:02] [INFO] 本次运行已成功注销店铺会员数量为： 8
[2021-10-24 09:40:02] [INFO] 开始注销店铺 好孩子
[2021-10-24 09:40:10] [INFO] 正在通过本地引擎识别
[2021-10-24 09:40:17] [INFO] 本次运行已成功注销店铺会员数量为： 9
[2021-10-24 09:40:17] [INFO] 本轮店铺已执行完，即将开始获取下一轮店铺
[2021-10-24 09:40:18] [INFO] 当前接口获取到的店铺列表和上一轮一致，认为接口缓存还未刷新，即将尝试刷新缓存
[2021-10-24 09:40:18] [INFO] 理论上缓存已经刷新成功，如页面未成功自动刷新请及时反馈
[2021-10-24 09:40:19] [INFO] 本轮运行获取到 10 家店铺会员信息
[2021-10-24 09:40:19] [INFO] 开始注销店铺 威娜造型沙龙
[2021-10-24 09:40:32] [INFO] 正在通过本地引擎识别
[2021-10-24 09:40:38] [INFO] 本次运行已成功注销店铺会员数量为： 10
[2021-10-24 09:40:39] [INFO] 开始注销店铺 卡西欧
[2021-10-24 09:40:47] [INFO] 正在通过本地引擎识别
[2021-10-24 09:40:50] [INFO] 验证码位置点击错误，尝试再试一次
[2021-10-24 09:40:51] [INFO] 正在通过本地引擎识别
[2021-10-24 09:41:03] [ERROR] 发生了一点小问题： ('图形验证码识别超时 卡西欧', None, None)
[2021-10-24 09:41:04] [INFO] 开始注销店铺 宝乐星会员
[2021-10-24 09:41:14] [INFO] 正在通过本地引擎识别
[2021-10-24 09:41:20] [INFO] 本次运行已成功注销店铺会员数量为： 11
[2021-10-24 09:41:20] [INFO] 开始注销店铺 雀巢健康科学
[2021-10-24 09:41:32] [INFO] 正在通过本地引擎识别
[2021-10-24 09:41:38] [INFO] 本次运行已成功注销店铺会员数量为： 12
[2021-10-24 09:41:39] [INFO] 开始注销店铺 李宁品牌VIP
[2021-10-24 09:41:50] [INFO] 等待websocket推送短信验证码超时，即将跳过 李宁品牌VIP
[2021-10-24 09:41:50] [INFO] 开始注销店铺 冈本
[2021-10-24 09:41:59] [INFO] 正在通过本地引擎识别
[2021-10-24 09:42:06] [INFO] 本次运行已成功注销店铺会员数量为： 13
[2021-10-24 09:42:06] [INFO] 开始注销店铺 中粮罐头旗舰店
[2021-10-24 09:42:14] [INFO] 正在通过本地引擎识别
[2021-10-24 09:42:21] [INFO] 本次运行已成功注销店铺会员数量为： 14
[2021-10-24 09:42:21] [INFO] 开始注销店铺 百岁山
[2021-10-24 09:42:29] [INFO] 正在通过本地引擎识别
[2021-10-24 09:42:36] [INFO] 本次运行已成功注销店铺会员数量为： 15
[2021-10-24 09:42:36] [INFO] 开始注销店铺 星巴克即饮咖啡
[2021-10-24 09:42:47] [INFO] 正在通过本地引擎识别
[2021-10-24 09:42:54] [INFO] 本次运行已成功注销店铺会员数量为： 16
[2021-10-24 09:42:54] [INFO] 开始注销店铺 小罐茶旗舰店
[2021-10-24 09:43:05] [INFO] 正在通过本地引擎识别
[2021-10-24 09:43:12] [INFO] 本次运行已成功注销店铺会员数量为： 17
[2021-10-24 09:43:12] [INFO] 本轮店铺已执行完，即将开始获取下一轮店铺
[2021-10-24 09:43:44] [INFO] 本轮运行获取到 10 家店铺会员信息
[2021-10-24 09:43:44] [INFO] 开始注销店铺 威娜造型沙龙
[2021-10-24 09:43:45] [INFO] 当前店铺退会链接已失效，暂判定为缓存导致，正在尝试清除卡包列表缓存...
[2021-10-24 09:43:45] [INFO] 理论上缓存已经刷新成功，如项目未继续执行请及时反馈
[2021-10-24 09:43:45] [INFO] 本轮店铺已执行完，即将开始获取下一轮店铺
[2021-10-24 09:43:46] [INFO] 本轮运行获取到 10 家店铺会员信息
[2021-10-24 09:43:46] [INFO] 开始注销店铺 贝恩施会员
[2021-10-24 09:43:53] [INFO] 正在通过本地引擎识别
[2021-10-24 09:44:00] [INFO] 本次运行已成功注销店铺会员数量为： 1
[2021-10-24 09:44:00] [INFO] 开始注销店铺 庄臣VIP
[2021-10-24 09:44:11] [INFO] 正在通过本地引擎识别
[2021-10-24 09:44:18] [INFO] 本次运行已成功注销店铺会员数量为： 2
[2021-10-24 09:44:18] [INFO] 开始注销店铺 Anchor
[2021-10-24 09:44:26] [INFO] 正在通过本地引擎识别
[2021-10-24 09:44:33] [INFO] 本次运行已成功注销店铺会员数量为： 3
[2021-10-24 09:44:33] [INFO] 开始注销店铺 卡西欧
[2021-10-24 09:44:41] [INFO] 正在通过本地引擎识别
[2021-10-24 09:44:48] [INFO] 本次运行已成功注销店铺会员数量为： 4
[2021-10-24 09:44:48] [INFO] 开始注销店铺 福临门米面
[2021-10-24 09:45:00] [INFO] 正在通过本地引擎识别
[2021-10-24 09:45:06] [INFO] 本次运行已成功注销店铺会员数量为： 5
[2021-10-24 09:45:06] [INFO] 开始注销店铺 星鲨
[2021-10-24 09:45:14] [INFO] 正在通过本地引擎识别
[2021-10-24 09:45:21] [INFO] 本次运行已成功注销店铺会员数量为： 6
[2021-10-24 09:45:22] [INFO] 开始注销店铺 李宁品牌VIP
[2021-10-24 09:45:33] [INFO] 等待websocket推送短信验证码超时，即将跳过 李宁品牌VIP
[2021-10-24 09:45:33] [INFO] 开始注销店铺 阿玛尼会员卡
[2021-10-24 09:45:42] [INFO] 正在通过本地引擎识别
[2021-10-24 09:45:48] [INFO] 本次运行已成功注销店铺会员数量为： 7
[2021-10-24 09:45:49] [INFO] 开始注销店铺 a2
[2021-10-24 09:45:57] [INFO] 正在通过本地引擎识别
[2021-10-24 09:46:03] [INFO] 本次运行已成功注销店铺会员数量为： 8
[2021-10-24 09:46:04] [INFO] 开始注销店铺 人头马
[2021-10-24 09:46:15] [INFO] 正在通过本地引擎识别
[2021-10-24 09:46:21] [INFO] 本次运行已成功注销店铺会员数量为： 9
[2021-10-24 09:46:21] [INFO] 本轮店铺已执行完，即将开始获取下一轮店铺
[2021-10-24 09:46:22] [INFO] 当前接口获取到的店铺列表和上一轮一致，认为接口缓存还未刷新，即将尝试刷新缓存
[2021-10-24 09:46:22] [INFO] 理论上缓存已经刷新成功，如页面未成功自动刷新请及时反馈
[2021-10-24 09:46:23] [INFO] 本轮运行获取到 10 家店铺会员信息
[2021-10-24 09:46:23] [INFO] 开始注销店铺 康师傅方便面
[2021-10-24 09:46:33] [INFO] 正在通过本地引擎识别
[2021-10-24 09:46:36] [INFO] 验证码位置点击错误，尝试再试一次
[2021-10-24 09:46:37] [INFO] 正在通过本地引擎识别
[2021-10-24 09:46:43] [INFO] 本次运行已成功注销店铺会员数量为： 10
[2021-10-24 09:46:43] [INFO] 开始注销店铺 高夫会员
[2021-10-24 09:46:54] [INFO] 正在通过本地引擎识别
[2021-10-24 09:47:00] [INFO] 本次运行已成功注销店铺会员数量为： 11
[2021-10-24 09:47:01] [INFO] 开始注销店铺 乌苏啤酒VIP
[2021-10-24 09:47:09] [INFO] 正在通过本地引擎识别
[2021-10-24 09:47:15] [INFO] 本次运行已成功注销店铺会员数量为： 12
[2021-10-24 09:47:16] [INFO] 开始注销店铺 李子柒
[2021-10-24 09:47:24] [INFO] 正在通过本地引擎识别
[2021-10-24 09:47:31] [INFO] 本次运行已成功注销店铺会员数量为： 13
[2021-10-24 09:47:31] [INFO] 开始注销店铺 戴尔外星人会员
[2021-10-24 09:47:42] [INFO] 正在通过本地引擎识别
[2021-10-24 09:47:49] [INFO] 本次运行已成功注销店铺会员数量为： 14
[2021-10-24 09:47:49] [INFO] 开始注销店铺 李宁品牌VIP
[2021-10-24 09:48:00] [INFO] 等待websocket推送短信验证码超时，即将跳过 李宁品牌VIP
[2021-10-24 09:48:01] [INFO] 开始注销店铺 爱乐甜VIP卡
[2021-10-24 09:48:09] [INFO] 正在通过本地引擎识别
[2021-10-24 09:48:16] [INFO] 本次运行已成功注销店铺会员数量为： 15
[2021-10-24 09:48:16] [INFO] 开始注销店铺 拉面说
[2021-10-24 09:48:24] [INFO] 正在通过本地引擎识别
[2021-10-24 09:48:31] [INFO] 本次运行已成功注销店铺会员数量为： 16
[2021-10-24 09:48:31] [INFO] 开始注销店铺 三全
[2021-10-24 09:48:39] [INFO] 正在通过本地引擎识别
[2021-10-24 09:48:46] [INFO] 本次运行已成功注销店铺会员数量为： 17
[2021-10-24 09:48:46] [INFO] 开始注销店铺 Origins
[2021-10-24 09:48:54] [INFO] 正在通过本地引擎识别
[2021-10-24 09:49:01] [INFO] 本次运行已成功注销店铺会员数量为： 18
[2021-10-24 09:49:01] [INFO] 本轮店铺已执行完，即将开始获取下一轮店铺
[2021-10-24 09:49:46] [INFO] 本轮运行获取到 10 家店铺会员信息
[2021-10-24 09:49:47] [INFO] 开始注销店铺 康师傅方便面
[2021-10-24 09:49:48] [INFO] 当前店铺退会链接已失效，暂判定为缓存导致，正在尝试清除卡包列表缓存...
[2021-10-24 09:49:49] [INFO] 理论上缓存已经刷新成功，如项目未继续执行请及时反馈
[2021-10-24 09:49:49] [INFO] 本轮店铺已执行完，即将开始获取下一轮店铺
[2021-10-24 09:49:49] [INFO] 本轮运行获取到 10 家店铺会员信息
[2021-10-24 09:49:49] [INFO] 开始注销店铺 蓝月亮
[2021-10-24 09:49:58] [INFO] 正在通过本地引擎识别
[2021-10-24 09:50:05] [INFO] 本次运行已成功注销店铺会员数量为： 1
[2021-10-24 09:50:05] [INFO] 开始注销店铺 好巴食
[2021-10-24 09:50:13] [INFO] 正在通过本地引擎识别
[2021-10-24 09:50:16] [INFO] 验证码位置点击错误，尝试再试一次
[2021-10-24 09:50:17] [INFO] 正在通过本地引擎识别
[2021-10-24 09:50:22] [INFO] 本次运行已成功注销店铺会员数量为： 2
[2021-10-24 09:50:23] [INFO] 开始注销店铺 FILORGA
[2021-10-24 09:50:31] [INFO] 正在通过本地引擎识别
[2021-10-24 09:50:37] [INFO] 本次运行已成功注销店铺会员数量为： 3
[2021-10-24 09:50:38] [INFO] 开始注销店铺 好奇
[2021-10-24 09:50:49] [INFO] 正在通过本地引擎识别
[2021-10-24 09:50:55] [INFO] 本次运行已成功注销店铺会员数量为： 4
[2021-10-24 09:50:56] [INFO] 开始注销店铺 得宝品牌会员卡
[2021-10-24 09:51:07] [INFO] 正在通过本地引擎识别
[2021-10-24 09:51:13] [INFO] 本次运行已成功注销店铺会员数量为： 5
[2021-10-24 09:51:14] [INFO] 开始注销店铺 十月结晶
[2021-10-24 09:51:22] [INFO] 正在通过本地引擎识别
[2021-10-24 09:51:28] [INFO] 本次运行已成功注销店铺会员数量为： 6
[2021-10-24 09:51:29] [INFO] 开始注销店铺 李宁品牌VIP
[2021-10-24 09:51:40] [INFO] 等待websocket推送短信验证码超时，即将跳过 李宁品牌VIP
[2021-10-24 09:51:40] [INFO] 开始注销店铺 启初会员
[2021-10-24 09:51:49] [INFO] 正在通过本地引擎识别
[2021-10-24 09:51:56] [INFO] 本次运行已成功注销店铺会员数量为： 7
[2021-10-24 09:51:56] [INFO] 开始注销店铺 百草味
[2021-10-24 09:52:07] [INFO] 正在通过本地引擎识别
[2021-10-24 09:52:13] [INFO] 本次运行已成功注销店铺会员数量为： 8
[2021-10-24 09:52:14] [INFO] 开始注销店铺 荣耀会员
[2021-10-24 09:52:25] [INFO] 正在通过本地引擎识别
[2021-10-24 09:52:28] [INFO] 验证码位置点击错误，尝试再试一次
[2021-10-24 09:52:29] [INFO] 正在通过本地引擎识别
[2021-10-24 09:52:42] [ERROR] 发生了一点小问题： ('图形验证码识别超时 荣耀会员', None, None)
[2021-10-24 09:52:42] [INFO] 本轮店铺已执行完，即将开始获取下一轮店铺
[2021-10-24 09:52:42] [INFO] 当前接口获取到的店铺列表和上一轮一致，认为接口缓存还未刷新，即将尝试刷新缓存
[2021-10-24 09:52:43] [INFO] 理论上缓存已经刷新成功，如页面未成功自动刷新请及时反馈
[2021-10-24 09:52:43] [INFO] 本轮运行获取到 10 家店铺会员信息
[2021-10-24 09:52:44] [INFO] 开始注销店铺 HFP
[2021-10-24 09:52:52] [INFO] 正在通过本地引擎识别
[2021-10-24 09:52:58] [INFO] 本次运行已成功注销店铺会员数量为： 9
[2021-10-24 09:52:59] [INFO] 开始注销店铺 君乐宝低温乳品
[2021-10-24 09:53:10] [INFO] 等待websocket推送短信验证码超时，即将跳过 君乐宝低温乳品
[2021-10-24 09:53:10] [INFO] 开始注销店铺 花王妙而舒
[2021-10-24 09:53:19] [INFO] 正在通过本地引擎识别
[2021-10-24 09:53:26] [INFO] 本次运行已成功注销店铺会员数量为： 10
[2021-10-24 09:53:26] [INFO] 开始注销店铺 蔚优Valio
[2021-10-24 09:53:34] [INFO] 正在通过本地引擎识别
[2021-10-24 09:53:41] [INFO] 本次运行已成功注销店铺会员数量为： 11
[2021-10-24 09:53:41] [INFO] 开始注销店铺 李宁品牌VIP
[2021-10-24 09:53:53] [INFO] 等待websocket推送短信验证码超时，即将跳过 李宁品牌VIP
[2021-10-24 09:53:53] [INFO] 开始注销店铺 博朗
[2021-10-24 09:54:04] [INFO] 正在通过本地引擎识别
[2021-10-24 09:54:07] [INFO] 验证码位置点击错误，尝试再试一次
[2021-10-24 09:54:08] [INFO] 正在通过本地引擎识别
[2021-10-24 09:54:14] [INFO] 本次运行已成功注销店铺会员数量为： 12
[2021-10-24 09:54:14] [INFO] 开始注销店铺 雅培
[2021-10-24 09:54:25] [INFO] 正在通过本地引擎识别
[2021-10-24 09:54:32] [INFO] 本次运行已成功注销店铺会员数量为： 13
[2021-10-24 09:54:32] [INFO] 开始注销店铺 联合利华VIP
[2021-10-24 09:54:40] [INFO] 正在通过本地引擎识别
[2021-10-24 09:54:47] [INFO] 本次运行已成功注销店铺会员数量为： 14
[2021-10-24 09:54:48] [INFO] 开始注销店铺 荣耀会员
[2021-10-24 09:54:58] [INFO] 正在通过本地引擎识别
[2021-10-24 09:55:05] [INFO] 本次运行已成功注销店铺会员数量为： 15
[2021-10-24 09:55:06] [INFO] 开始注销店铺 康比特会员
[2021-10-24 09:55:14] [INFO] 正在通过本地引擎识别
[2021-10-24 09:55:20] [INFO] 本次运行已成功注销店铺会员数量为： 16
[2021-10-24 09:55:20] [INFO] 本轮店铺已执行完，即将开始获取下一轮店铺
[2021-10-24 10:00:37] [INFO] 本轮运行获取到 10 家店铺会员信息
[2021-10-24 10:00:39] [INFO] 开始注销店铺 奥尔自营旗舰店
[2021-10-24 10:00:47] [INFO] 正在通过本地引擎识别
[2021-10-24 10:00:54] [INFO] 本次运行已成功注销店铺会员数量为： 1
[2021-10-24 10:00:54] [INFO] 开始注销店铺 君乐宝低温乳品
[2021-10-24 10:01:02] [INFO] 正在通过本地引擎识别
[2021-10-24 10:01:09] [INFO] 本次运行已成功注销店铺会员数量为： 2
[2021-10-24 10:01:09] [INFO] 开始注销店铺 天然博士CRM
[2021-10-24 10:01:20] [INFO] 等待websocket推送短信验证码超时，即将跳过 天然博士CRM
[2021-10-24 10:01:21] [INFO] 开始注销店铺 粮全其美会员
[2021-10-24 10:01:29] [INFO] 正在通过本地引擎识别
[2021-10-24 10:01:36] [INFO] 本次运行已成功注销店铺会员数量为： 3
[2021-10-24 10:01:36] [INFO] 开始注销店铺 正官庄
[2021-10-24 10:01:48] [INFO] 等待websocket推送短信验证码超时，即将跳过 正官庄
[2021-10-24 10:01:48] [INFO] 开始注销店铺 欣和品牌会员
[2021-10-24 10:01:59] [INFO] 正在通过本地引擎识别
[2021-10-24 10:02:03] [INFO] 验证码位置点击错误，尝试再试一次
[2021-10-24 10:02:04] [INFO] 正在通过本地引擎识别
[2021-10-24 10:02:16] [ERROR] 发生了一点小问题： ('图形验证码识别超时 欣和品牌会员', None, None)
[2021-10-24 10:02:17] [INFO] 开始注销店铺 李宁品牌VIP
[2021-10-24 10:02:28] [INFO] 等待websocket推送短信验证码超时，即将跳过 李宁品牌VIP
[2021-10-24 10:02:28] [INFO] 开始注销店铺 格之格VIP
[2021-10-24 10:02:40] [INFO] 等待websocket推送短信验证码超时，即将跳过 格之格VIP
[2021-10-24 10:02:40] [INFO] 开始注销店铺 怡宝
[2021-10-24 10:02:51] [INFO] 等待websocket推送短信验证码超时，即将跳过 怡宝
[2021-10-24 10:02:52] [INFO] 开始注销店铺 剑南春VIP
[2021-10-24 10:02:59] [INFO] 正在通过本地引擎识别
[2021-10-24 10:03:15] [ERROR] 发生了一点小问题： ('图形验证码识别超时 剑南春VIP', None, None)
[2021-10-24 10:03:15] [INFO] 本轮店铺已执行完，即将开始获取下一轮店铺
[2021-10-24 10:03:16] [INFO] 当前接口获取到的店铺列表和上一轮一致，认为接口缓存还未刷新，即将尝试刷新缓存
[2021-10-24 10:03:16] [INFO] 理论上缓存已经刷新成功，如页面未成功自动刷新请及时反馈
[2021-10-24 10:03:17] [INFO] 本轮运行获取到 10 家店铺会员信息
[2021-10-24 10:03:17] [INFO] 开始注销店铺 天然博士CRM
[2021-10-24 10:03:24] [INFO] 正在通过本地引擎识别
[2021-10-24 10:03:30] [INFO] 本次运行已成功注销店铺会员数量为： 4
[2021-10-24 10:03:31] [INFO] 开始注销店铺 波司登品牌会员
[2021-10-24 10:03:42] [INFO] 等待websocket推送短信验证码超时，即将跳过 波司登品牌会员
[2021-10-24 10:03:42] [INFO] 开始注销店铺 正官庄
[2021-10-24 10:03:51] [INFO] 正在通过本地引擎识别
[2021-10-24 10:04:06] [ERROR] 发生了一点小问题： ('图形验证码识别超时 正官庄', None, None)
[2021-10-24 10:04:07] [INFO] 开始注销店铺 欣和品牌会员
[2021-10-24 10:04:18] [INFO] 等待websocket推送短信验证码超时，即将跳过 欣和品牌会员
[2021-10-24 10:04:19] [INFO] 开始注销店铺 青花郎
[2021-10-24 10:04:27] [INFO] 正在通过本地引擎识别
[2021-10-24 10:04:34] [INFO] 本次运行已成功注销店铺会员数量为： 5
[2021-10-24 10:04:34] [INFO] 开始注销店铺 李宁品牌VIP
[2021-10-24 10:04:45] [INFO] 等待websocket推送短信验证码超时，即将跳过 李宁品牌VIP
[2021-10-24 10:04:45] [INFO] 开始注销店铺 格之格VIP
[2021-10-24 10:04:54] [INFO] 正在通过本地引擎识别
[2021-10-24 10:05:01] [INFO] 本次运行已成功注销店铺会员数量为： 6
[2021-10-24 10:05:01] [INFO] 开始注销店铺 怡宝
[2021-10-24 10:05:12] [INFO] 正在通过本地引擎识别
[2021-10-24 10:05:19] [INFO] 本次运行已成功注销店铺会员数量为： 7
[2021-10-24 10:05:19] [INFO] 开始注销店铺 剑南春VIP
[2021-10-24 10:05:30] [INFO] 正在通过本地引擎识别
[2021-10-24 10:05:37] [INFO] 本次运行已成功注销店铺会员数量为： 8
[2021-10-24 10:05:37] [INFO] 开始注销店铺 myNB会员
[2021-10-24 10:05:51] [INFO] 正在通过本地引擎识别
[2021-10-24 10:05:58] [INFO] 本次运行已成功注销店铺会员数量为： 9
[2021-10-24 10:05:58] [INFO] 本轮店铺已执行完，即将开始获取下一轮店铺
[2021-10-24 10:13:01] [INFO] 本轮运行获取到 10 家店铺会员信息
[2021-10-24 10:13:02] [INFO] 开始注销店铺 波司登品牌会员
[2021-10-24 10:13:14] [INFO] 等待websocket推送短信验证码超时，即将跳过 波司登品牌会员
[2021-10-24 10:13:14] [INFO] 开始注销店铺 欧乐B
[2021-10-24 10:13:23] [INFO] 正在通过本地引擎识别
[2021-10-24 10:13:30] [INFO] 本次运行已成功注销店铺会员数量为： 1
[2021-10-24 10:13:30] [INFO] 开始注销店铺 来伊份旗舰店
[2021-10-24 10:13:37] [INFO] 正在通过本地引擎识别
[2021-10-24 10:13:40] [INFO] 验证码位置点击错误，尝试再试一次
[2021-10-24 10:13:41] [INFO] 正在通过本地引擎识别
[2021-10-24 10:13:54] [ERROR] 发生了一点小问题： ('图形验证码识别超时 来伊份旗舰店', None, None)
[2021-10-24 10:13:54] [INFO] 开始注销店铺 正官庄
[2021-10-24 10:14:05] [INFO] 等待websocket推送短信验证码超时，即将跳过 正官庄
[2021-10-24 10:14:06] [INFO] 开始注销店铺 欣和品牌会员
[2021-10-24 10:14:10] [INFO] 正在通过本地引擎识别
[2021-10-24 10:14:26] [ERROR] 发生了一点小问题： ('图形验证码识别超时 欣和品牌会员', None, None)
[2021-10-24 10:14:27] [INFO] 开始注销店铺 李宁品牌VIP
[2021-10-24 10:14:38] [INFO] 等待websocket推送短信验证码超时，即将跳过 李宁品牌VIP
[2021-10-24 10:14:38] [INFO] 开始注销店铺 美泰
[2021-10-24 10:14:49] [INFO] 等待websocket推送短信验证码超时，即将跳过 美泰
[2021-10-24 10:14:50] [INFO] 开始注销店铺 京东
[2021-10-24 10:14:58] [INFO] 正在通过本地引擎识别
[2021-10-24 10:15:05] [INFO] 本次运行已成功注销店铺会员数量为： 2
[2021-10-24 10:15:05] [INFO] 开始注销店铺 京东自营旗舰店
[2021-10-24 10:15:16] [INFO] 正在通过本地引擎识别
[2021-10-24 10:15:23] [INFO] 本次运行已成功注销店铺会员数量为： 3
[2021-10-24 10:15:23] [INFO] 开始注销店铺 拜耳医药会员卡
[2021-10-24 10:15:35] [INFO] 等待websocket推送短信验证码超时，即将跳过 拜耳医药会员卡
[2021-10-24 10:15:35] [INFO] 本轮店铺已执行完，即将开始获取下一轮店铺
[2021-10-24 10:15:35] [INFO] 当前接口获取到的店铺列表和上一轮一致，认为接口缓存还未刷新，即将尝试刷新缓存
[2021-10-24 10:15:36] [INFO] 理论上缓存已经刷新成功，如页面未成功自动刷新请及时反馈
[2021-10-24 10:15:36] [INFO] 本轮运行获取到 10 家店铺会员信息
[2021-10-24 10:15:37] [INFO] 开始注销店铺 波司登品牌会员
[2021-10-24 10:15:43] [INFO] 正在通过本地引擎识别
[2021-10-24 10:15:50] [INFO] 本次运行已成功注销店铺会员数量为： 4
[2021-10-24 10:15:50] [INFO] 开始注销店铺 来伊份旗舰店
[2021-10-24 10:15:58] [INFO] 正在通过本地引擎识别
[2021-10-24 10:16:05] [INFO] 本次运行已成功注销店铺会员数量为： 5
[2021-10-24 10:16:05] [INFO] 开始注销店铺 正官庄
[2021-10-24 10:16:17] [INFO] 等待websocket推送短信验证码超时，即将跳过 正官庄
[2021-10-24 10:16:17] [INFO] 开始注销店铺 欣和品牌会员
[2021-10-24 10:16:28] [INFO] 等待websocket推送短信验证码超时，即将跳过 欣和品牌会员
[2021-10-24 10:16:29] [INFO] 开始注销店铺 李宁品牌VIP
[2021-10-24 10:16:38] [INFO] 正在通过本地引擎识别
[2021-10-24 10:16:54] [ERROR] 发生了一点小问题： ('图形验证码识别超时 李宁品牌VIP', None, None)
[2021-10-24 10:16:54] [INFO] 开始注销店铺 极米会员
[2021-10-24 10:17:02] [INFO] 正在通过本地引擎识别
[2021-10-24 10:18:04] [ERROR] 发生了一点小问题： ('stale element reference: element is not attached to the page document\n  (Session info: chrome=94.0.4606.81)', None, None)
[2021-10-24 10:18:04] [INFO] 开始注销店铺 美泰
[2021-10-24 10:18:14] [INFO] 正在通过本地引擎识别
[2021-10-24 10:18:21] [INFO] 本次运行已成功注销店铺会员数量为： 6
[2021-10-24 10:18:21] [INFO] 开始注销店铺 健合集团
[2021-10-24 10:18:35] [INFO] 正在通过本地引擎识别
[2021-10-24 10:18:42] [INFO] 本次运行已成功注销店铺会员数量为： 7
[2021-10-24 10:18:42] [INFO] 开始注销店铺 拜耳医药会员卡
[2021-10-24 10:18:50] [INFO] 正在通过本地引擎识别
[2021-10-24 10:18:57] [INFO] 本次运行已成功注销店铺会员数量为： 8
[2021-10-24 10:18:57] [INFO] 开始注销店铺 娃哈哈
[2021-10-24 10:19:05] [INFO] 正在通过本地引擎识别
[2021-10-24 10:19:12] [INFO] 本次运行已成功注销店铺会员数量为： 9
[2021-10-24 10:19:12] [INFO] 本轮店铺已执行完，即将开始获取下一轮店铺
[2021-10-24 10:23:48] [INFO] 本轮运行获取到 10 家店铺会员信息
[2021-10-24 10:23:49] [INFO] 开始注销店铺 民酒网VIP
[2021-10-24 10:24:00] [INFO] 等待websocket推送短信验证码超时，即将跳过 民酒网VIP
[2021-10-24 10:24:00] [INFO] 开始注销店铺 雀巢优活
[2021-10-24 10:24:09] [INFO] 正在通过本地引擎识别
[2021-10-24 10:24:16] [INFO] 本次运行已成功注销店铺会员数量为： 1
[2021-10-24 10:24:16] [INFO] 开始注销店铺 正官庄
[2021-10-24 10:24:26] [INFO] 正在通过本地引擎识别
[2021-10-24 10:24:33] [INFO] 本次运行已成功注销店铺会员数量为： 2
[2021-10-24 10:24:33] [INFO] 开始注销店铺 全友家居友粉
[2021-10-24 10:24:41] [INFO] 正在通过本地引擎识别
[2021-10-24 10:24:48] [INFO] 本次运行已成功注销店铺会员数量为： 3
[2021-10-24 10:24:49] [INFO] 开始注销店铺 三只松鼠
[2021-10-24 10:25:00] [INFO] 等待websocket推送短信验证码超时，即将跳过 三只松鼠
[2021-10-24 10:25:00] [INFO] 开始注销店铺 欣和品牌会员
[2021-10-24 10:25:12] [INFO] 正在通过本地引擎识别
[2021-10-24 10:25:18] [INFO] 本次运行已成功注销店铺会员数量为： 4
[2021-10-24 10:25:19] [INFO] 开始注销店铺 李宁品牌VIP
[2021-10-24 10:25:30] [INFO] 等待websocket推送短信验证码超时，即将跳过 李宁品牌VIP
[2021-10-24 10:25:30] [INFO] 开始注销店铺 天地精华
[2021-10-24 10:25:39] [INFO] 正在通过本地引擎识别
[2021-10-24 10:25:45] [INFO] 本次运行已成功注销店铺会员数量为： 5
[2021-10-24 10:25:46] [INFO] 开始注销店铺 爱仕达健康生活
[2021-10-24 10:25:57] [INFO] 正在通过本地引擎识别
[2021-10-24 10:28:29] [ERROR] 发生了一点小问题： ('stale element reference: element is not attached to the page document\n  (Session info: chrome=94.0.4606.81)', None, None)
[2021-10-24 10:28:29] [INFO] 开始注销店铺 碧然德会员
[2021-10-24 10:29:00] [INFO] 正在通过本地引擎识别
[2021-10-24 10:29:03] [INFO] 验证码位置点击错误，尝试再试一次
[2021-10-24 10:29:04] [INFO] 正在通过本地引擎识别
[2021-10-24 10:29:10] [INFO] 本次运行已成功注销店铺会员数量为： 6
[2021-10-24 10:29:10] [INFO] 本轮店铺已执行完，即将开始获取下一轮店铺
[2021-10-24 10:29:11] [INFO] 本轮运行获取到 10 家店铺会员信息
[2021-10-24 10:29:11] [INFO] 开始注销店铺 振德品牌会员
[2021-10-24 10:29:21] [INFO] 正在通过本地引擎识别
[2021-10-24 10:29:28] [INFO] 本次运行已成功注销店铺会员数量为： 7
[2021-10-24 10:29:28] [INFO] 开始注销店铺 民酒网VIP
[2021-10-24 10:29:42] [INFO] 正在通过本地引擎识别
[2021-10-24 10:29:49] [INFO] 本次运行已成功注销店铺会员数量为： 8
[2021-10-24 10:29:49] [INFO] 开始注销店铺 稳健尊享会员
[2021-10-24 10:30:00] [INFO] 正在通过本地引擎识别
[2021-10-24 10:30:07] [INFO] 本次运行已成功注销店铺会员数量为： 9
[2021-10-24 10:30:07] [INFO] 开始注销店铺 三只松鼠
[2021-10-24 10:30:18] [INFO] 等待websocket推送短信验证码超时，即将跳过 三只松鼠
[2021-10-24 10:30:19] [INFO] 开始注销店铺 亮荘会员卡
[2021-10-24 10:30:27] [INFO] 正在通过本地引擎识别
[2021-10-24 10:30:34] [INFO] 本次运行已成功注销店铺会员数量为： 10
[2021-10-24 10:30:35] [INFO] 开始注销店铺 官方会员卡
[2021-10-24 10:30:42] [INFO] 正在通过本地引擎识别
[2021-10-24 10:30:49] [INFO] 本次运行已成功注销店铺会员数量为： 11
[2021-10-24 10:30:50] [INFO] 开始注销店铺 帕罗官方旗舰店
[2021-10-24 10:30:58] [INFO] 正在通过本地引擎识别
[2021-10-24 10:31:01] [INFO] 验证码位置点击错误，尝试再试一次
[2021-10-24 10:31:02] [INFO] 正在通过本地引擎识别
[2021-10-24 10:31:07] [INFO] 本次运行已成功注销店铺会员数量为： 12
[2021-10-24 10:31:08] [INFO] 开始注销店铺 李宁品牌VIP
[2021-10-24 10:31:19] [INFO] 等待websocket推送短信验证码超时，即将跳过 李宁品牌VIP
[2021-10-24 10:31:19] [INFO] 开始注销店铺 民酒网VIP
[2021-10-24 10:31:30] [INFO] 正在通过本地引擎识别
[2021-10-24 10:31:37] [INFO] 本次运行已成功注销店铺会员数量为： 13
[2021-10-24 10:31:37] [INFO] 开始注销店铺 飞利浦
[2021-10-24 10:31:49] [INFO] 正在通过本地引擎识别
[2021-10-24 10:31:55] [INFO] 本次运行已成功注销店铺会员数量为： 14
[2021-10-24 10:31:55] [INFO] 本轮店铺已执行完，即将开始获取下一轮店铺
[2021-10-24 10:31:56] [INFO] 当前接口获取到的店铺列表和上一轮一致，认为接口缓存还未刷新，即将尝试刷新缓存
[2021-10-24 10:31:56] [INFO] 理论上缓存已经刷新成功，如页面未成功自动刷新请及时反馈
[2021-10-24 10:31:57] [INFO] 本轮运行获取到 10 家店铺会员信息
[2021-10-24 10:31:57] [INFO] 开始注销店铺 EVM品牌会员
[2021-10-24 10:32:09] [INFO] 正在通过本地引擎识别
[2021-10-24 10:32:16] [INFO] 本次运行已成功注销店铺会员数量为： 15
[2021-10-24 10:32:16] [INFO] 开始注销店铺 喜茶
[2021-10-24 10:32:28] [INFO] 等待websocket推送短信验证码超时，即将跳过 喜茶
[2021-10-24 10:32:28] [INFO] 开始注销店铺 高露洁会员
[2021-10-24 20:06:03] [INFO] 本轮运行获取到 10 家店铺会员信息
[2021-10-24 20:06:04] [INFO] 开始注销店铺 喜茶
[2021-10-24 20:06:16] [INFO] 等待websocket推送短信验证码超时，即将跳过 喜茶
[2021-10-24 20:06:16] [INFO] 开始注销店铺 高露洁会员
[2021-10-24 20:06:27] [INFO] 等待websocket推送短信验证码超时，即将跳过 高露洁会员
[2021-10-24 20:06:28] [INFO] 开始注销店铺 三只松鼠
[2021-10-24 20:06:39] [INFO] 等待websocket推送短信验证码超时，即将跳过 三只松鼠
[2021-10-24 20:06:39] [INFO] 开始注销店铺 丹泉品牌会员
[2021-10-24 20:06:51] [INFO] 等待websocket推送短信验证码超时，即将跳过 丹泉品牌会员
[2021-10-24 20:06:51] [INFO] 开始注销店铺 亿滋
[2021-10-24 20:07:01] [INFO] 正在通过本地引擎识别
[2021-10-24 20:07:17] [ERROR] 发生了一点小问题： ('图形验证码识别超时 亿滋', None, None)
[2021-10-24 20:07:17] [INFO] 开始注销店铺 李宁品牌VIP
[2021-10-24 20:07:28] [INFO] 等待websocket推送短信验证码超时，即将跳过 李宁品牌VIP
[2021-10-24 20:07:29] [INFO] 开始注销店铺 RAOYI会员
[2021-10-24 20:07:37] [INFO] 正在通过本地引擎识别
[2021-10-24 20:07:44] [INFO] 本次运行已成功注销店铺会员数量为： 1
[2021-10-24 20:08:02] [INFO] 开始注销店铺 松下
[2021-10-24 20:08:14] [INFO] 等待websocket推送短信验证码超时，即将跳过 松下
[2021-10-24 20:08:14] [INFO] 开始注销店铺 百事可乐
[2021-10-24 20:08:25] [INFO] 等待websocket推送短信验证码超时，即将跳过 百事可乐
[2021-10-24 20:08:32] [INFO] 开始注销店铺 威莱
[2021-10-24 20:08:43] [INFO] 等待websocket推送短信验证码超时，即将跳过 威莱
[2021-10-24 20:08:43] [INFO] 本轮店铺已执行完，即将开始获取下一轮店铺
[2021-10-24 20:08:44] [INFO] 当前接口获取到的店铺列表和上一轮一致，认为接口缓存还未刷新，即将尝试刷新缓存
[2021-10-24 20:08:44] [INFO] 理论上缓存已经刷新成功，如页面未成功自动刷新请及时反馈
[2021-10-24 20:08:45] [INFO] 本轮运行获取到 10 家店铺会员信息
[2021-10-24 20:08:45] [INFO] 开始注销店铺 喜茶
[2021-10-24 20:08:55] [INFO] 正在通过本地引擎识别
[2021-10-24 20:09:02] [INFO] 本次运行已成功注销店铺会员数量为： 2
[2021-10-24 20:09:02] [INFO] 开始注销店铺 TCL会员
[2021-10-24 20:09:14] [INFO] 等待websocket推送短信验证码超时，即将跳过 TCL会员
[2021-10-24 20:09:14] [INFO] 开始注销店铺 高露洁会员
[2021-10-24 20:09:22] [INFO] 正在通过本地引擎识别
[2021-10-24 20:09:29] [INFO] 本次运行已成功注销店铺会员数量为： 3
[2021-10-24 20:09:29] [INFO] 开始注销店铺 三只松鼠
[2021-10-24 20:09:40] [INFO] 等待websocket推送短信验证码超时，即将跳过 三只松鼠
[2021-10-24 20:09:41] [INFO] 开始注销店铺 丹泉品牌会员
[2021-10-24 20:09:49] [INFO] 正在通过本地引擎识别
[2021-10-24 20:09:52] [INFO] 验证码位置点击错误，尝试再试一次
[2021-10-24 20:09:54] [INFO] 正在通过本地引擎识别
[2021-10-24 20:09:59] [INFO] 本次运行已成功注销店铺会员数量为： 4
[2021-10-24 20:10:00] [INFO] 开始注销店铺 亿滋
[2021-10-24 20:10:11] [INFO] 等待websocket推送短信验证码超时，即将跳过 亿滋
[2021-10-24 20:10:11] [INFO] 开始注销店铺 李宁品牌VIP
[2021-10-24 20:10:22] [INFO] 等待websocket推送短信验证码超时，即将跳过 李宁品牌VIP
[2021-10-24 20:10:23] [INFO] 开始注销店铺 松下
[2021-10-24 20:10:34] [INFO] 等待websocket推送短信验证码超时，即将跳过 松下
[2021-10-24 20:10:34] [INFO] 开始注销店铺 百事可乐
[2021-10-24 20:10:46] [INFO] 等待websocket推送短信验证码超时，即将跳过 百事可乐
[2021-10-24 20:10:46] [INFO] 开始注销店铺 威莱
[2021-10-24 20:10:57] [INFO] 等待websocket推送短信验证码超时，即将跳过 威莱
[2021-10-24 20:10:57] [INFO] 本轮店铺已执行完，即将开始获取下一轮店铺
[2021-10-24 20:11:35] [INFO] 本轮运行获取到 10 家店铺会员信息
[2021-10-24 20:11:36] [INFO] 开始注销店铺 喜茶
[2021-10-24 20:12:04] [INFO] 本轮运行获取到 10 家店铺会员信息
[2021-10-24 20:12:05] [INFO] 开始注销店铺 喜茶
[2021-10-24 20:12:05] [INFO] 当前店铺退会链接已失效，暂判定为缓存导致，正在尝试清除卡包列表缓存...
[2021-10-24 20:12:06] [INFO] 理论上缓存已经刷新成功，如项目未继续执行请及时反馈
[2021-10-24 20:12:06] [INFO] 本轮店铺已执行完，即将开始获取下一轮店铺
[2021-10-24 20:12:07] [INFO] 本轮运行获取到 10 家店铺会员信息
[2021-10-24 20:12:07] [INFO] 开始注销店铺 TCL会员
[2021-10-24 20:12:14] [INFO] 正在通过本地引擎识别
[2021-10-24 20:12:17] [INFO] 验证码位置点击错误，尝试再试一次
[2021-10-24 20:12:18] [INFO] 正在通过本地引擎识别
[2021-10-24 20:12:24] [INFO] 本次运行已成功注销店铺会员数量为： 1
[2021-10-24 20:12:24] [INFO] 开始注销店铺 美肤宝品牌会员
[2021-10-24 20:12:35] [INFO] 正在通过本地引擎识别
[2021-10-24 20:12:42] [INFO] 本次运行已成功注销店铺会员数量为： 2
[2021-10-24 20:12:42] [INFO] 开始注销店铺 三只松鼠
[2021-10-24 20:12:50] [INFO] 正在通过本地引擎识别
[2021-10-24 20:12:57] [INFO] 本次运行已成功注销店铺会员数量为： 3
[2021-10-24 20:12:57] [INFO] 开始注销店铺 雀巢
[2021-10-24 20:13:05] [INFO] 正在通过本地引擎识别
[2021-10-24 20:13:12] [INFO] 本次运行已成功注销店铺会员数量为： 4
[2021-10-24 20:13:12] [INFO] 开始注销店铺 亿滋
[2021-10-24 20:13:20] [INFO] 正在通过本地引擎识别
[2021-10-24 20:13:23] [INFO] 验证码位置点击错误，尝试再试一次
[2021-10-24 20:13:24] [INFO] 正在通过本地引擎识别
[2021-10-24 20:13:30] [INFO] 本次运行已成功注销店铺会员数量为： 5
[2021-10-24 20:13:30] [INFO] 开始注销店铺 李宁品牌VIP
[2021-10-24 20:13:41] [INFO] 等待websocket推送短信验证码超时，即将跳过 李宁品牌VIP
[2021-10-24 20:13:42] [INFO] 开始注销店铺 松下
[2021-10-24 20:13:50] [INFO] 正在通过本地引擎识别
[2021-10-24 20:13:56] [INFO] 本次运行已成功注销店铺会员数量为： 6
[2021-10-24 20:13:57] [INFO] 开始注销店铺 百事可乐
[2021-10-24 20:14:05] [INFO] 正在通过本地引擎识别
[2021-10-24 20:14:12] [INFO] 本次运行已成功注销店铺会员数量为： 7
[2021-10-24 20:14:12] [INFO] 开始注销店铺 威莱
[2021-10-24 20:14:23] [INFO] 等待websocket推送短信验证码超时，即将跳过 威莱
[2021-10-24 20:14:24] [INFO] 开始注销店铺 张裕葡萄酒
[2021-10-24 20:14:32] [INFO] 正在通过本地引擎识别
[2021-10-24 20:14:39] [INFO] 本次运行已成功注销店铺会员数量为： 8
[2021-10-24 20:14:39] [INFO] 本轮店铺已执行完，即将开始获取下一轮店铺
[2021-10-24 20:14:41] [INFO] 当前接口获取到的店铺列表和上一轮一致，认为接口缓存还未刷新，即将尝试刷新缓存
[2021-10-24 20:14:41] [INFO] 理论上缓存已经刷新成功，如页面未成功自动刷新请及时反馈
[2021-10-24 20:14:43] [INFO] 本轮运行获取到 10 家店铺会员信息
[2021-10-24 20:14:43] [INFO] 开始注销店铺 澳牧会员
[2021-10-24 20:14:50] [INFO] 正在通过本地引擎识别
[2021-10-24 20:14:57] [INFO] 本次运行已成功注销店铺会员数量为： 9
[2021-10-24 20:14:57] [INFO] 开始注销店铺 思莱德会员卡
[2021-10-24 20:15:05] [INFO] 正在通过本地引擎识别
[2021-10-24 20:15:08] [INFO] 验证码位置点击错误，尝试再试一次
[2021-10-24 20:15:09] [INFO] 正在通过本地引擎识别
[2021-10-24 20:15:15] [INFO] 本次运行已成功注销店铺会员数量为： 10
[2021-10-24 20:15:15] [INFO] 开始注销店铺 ONLY会员
[2021-10-24 20:15:27] [INFO] 等待websocket推送短信验证码超时，即将跳过 ONLY会员
[2021-10-24 20:15:27] [INFO] 开始注销店铺 爱慕
[2021-10-24 20:15:38] [INFO] 等待websocket推送短信验证码超时，即将跳过 爱慕
[2021-10-24 20:15:39] [INFO] 开始注销店铺 百丽会员中心
[2021-10-24 20:15:50] [INFO] 等待websocket推送短信验证码超时，即将跳过 百丽会员中心
[2021-10-24 20:15:50] [INFO] 开始注销店铺 枝户折野
[2021-10-24 20:16:02] [INFO] 等待websocket推送短信验证码超时，即将跳过 枝户折野
[2021-10-24 20:16:02] [INFO] 开始注销店铺 李宁品牌VIP
[2021-10-24 20:16:13] [INFO] 等待websocket推送短信验证码超时，即将跳过 李宁品牌VIP
[2021-10-24 20:16:14] [INFO] 开始注销店铺 齐鲁慢病会员
[2021-10-24 20:16:24] [INFO] 正在通过本地引擎识别
[2021-10-24 20:16:30] [INFO] 本次运行已成功注销店铺会员数量为： 11
[2021-10-24 20:16:31] [INFO] 开始注销店铺 威莱
[2021-10-24 20:16:42] [INFO] 等待websocket推送短信验证码超时，即将跳过 威莱
[2021-10-24 20:16:42] [INFO] 开始注销店铺 阿华田会员卡
[2021-10-24 20:16:51] [INFO] 正在通过本地引擎识别
[2021-10-24 20:16:58] [INFO] 本次运行已成功注销店铺会员数量为： 12
[2021-10-24 20:16:58] [INFO] 本轮店铺已执行完，即将开始获取下一轮店铺
[2021-10-24 20:18:49] [INFO] 本轮运行获取到 10 家店铺会员信息
[2021-10-24 20:18:52] [INFO] 开始注销店铺 ONLY会员
[2021-10-24 20:19:03] [INFO] 正在通过本地引擎识别
[2021-10-24 20:19:10] [INFO] 本次运行已成功注销店铺会员数量为： 1
[2021-10-24 20:19:11] [INFO] 开始注销店铺 爱慕
[2021-10-24 20:19:18] [INFO] 正在通过本地引擎识别
[2021-10-24 20:19:25] [INFO] 本次运行已成功注销店铺会员数量为： 2
[2021-10-24 20:19:25] [INFO] 开始注销店铺 百丽会员中心
[2021-10-24 20:19:36] [INFO] 等待websocket推送短信验证码超时，即将跳过 百丽会员中心
[2021-10-24 20:19:37] [INFO] 开始注销店铺 娇韵诗宠粉社
[2021-10-24 20:19:45] [INFO] 正在通过本地引擎识别
[2021-10-24 20:19:52] [INFO] 本次运行已成功注销店铺会员数量为： 3
[2021-10-24 20:19:52] [INFO] 开始注销店铺 枝户折野
[2021-10-24 20:20:03] [INFO] 等待websocket推送短信验证码超时，即将跳过 枝户折野
[2021-10-24 20:20:04] [INFO] 开始注销店铺 三胖蛋
[2021-10-24 20:20:12] [INFO] 正在通过本地引擎识别
[2021-10-24 20:20:19] [INFO] 本次运行已成功注销店铺会员数量为： 4
[2021-10-24 20:20:19] [INFO] 开始注销店铺 李宁品牌VIP
[2021-10-24 20:20:30] [INFO] 等待websocket推送短信验证码超时，即将跳过 李宁品牌VIP
[2021-10-24 20:20:31] [INFO] 开始注销店铺 会员专区
[2021-10-24 20:20:39] [INFO] 正在通过本地引擎识别
[2021-10-24 20:20:46] [INFO] 本次运行已成功注销店铺会员数量为： 5
[2021-10-24 20:20:46] [INFO] 开始注销店铺 海氏海诺旗舰店
[2021-10-24 20:20:58] [INFO] 等待websocket推送短信验证码超时，即将跳过 海氏海诺旗舰店
[2021-10-24 20:20:58] [INFO] 开始注销店铺 威莱
[2021-10-24 20:21:07] [INFO] 正在通过本地引擎识别
[2021-10-24 20:21:13] [INFO] 本次运行已成功注销店铺会员数量为： 6
[2021-10-24 20:21:13] [INFO] 本轮店铺已执行完，即将开始获取下一轮店铺
[2021-10-24 20:21:14] [INFO] 当前接口获取到的店铺列表和上一轮一致，认为接口缓存还未刷新，即将尝试刷新缓存
[2021-10-24 20:21:16] [INFO] 理论上缓存已经刷新成功，如页面未成功自动刷新请及时反馈
[2021-10-24 20:21:17] [INFO] 本轮运行获取到 10 家店铺会员信息
[2021-10-24 20:21:17] [INFO] 开始注销店铺 百丽会员中心
[2021-10-24 20:21:24] [INFO] 正在通过本地引擎识别
[2021-10-24 20:21:31] [INFO] 本次运行已成功注销店铺会员数量为： 7
[2021-10-24 20:21:31] [INFO] 开始注销店铺 枝户折野
[2021-10-24 20:21:43] [INFO] 等待websocket推送短信验证码超时，即将跳过 枝户折野
[2021-10-24 20:21:43] [INFO] 开始注销店铺 云南三七牙膏
[2021-10-24 20:21:54] [INFO] 等待websocket推送短信验证码超时，即将跳过 云南三七牙膏
[2021-10-24 20:21:55] [INFO] 开始注销店铺 李宁品牌VIP
[2021-10-24 20:22:06] [INFO] 等待websocket推送短信验证码超时，即将跳过 李宁品牌VIP
[2021-10-24 20:22:06] [INFO] 开始注销店铺 海氏海诺旗舰店
[2021-10-24 20:22:16] [INFO] 正在通过本地引擎识别
[2021-10-24 20:22:22] [INFO] 本次运行已成功注销店铺会员数量为： 8
[2021-10-24 20:22:23] [INFO] 开始注销店铺 唯他可可
[2021-10-24 20:22:31] [INFO] 正在通过本地引擎识别
[2021-10-24 20:22:37] [INFO] 本次运行已成功注销店铺会员数量为： 9
[2021-10-24 20:22:37] [INFO] 开始注销店铺 万魔1MORE
[2021-10-24 20:22:49] [INFO] 等待websocket推送短信验证码超时，即将跳过 万魔1MORE
[2021-10-24 20:22:49] [INFO] 开始注销店铺 欧柏兰奴会员
[2021-10-24 20:23:01] [INFO] 正在通过本地引擎识别
[2021-10-24 20:23:07] [INFO] 本次运行已成功注销店铺会员数量为： 10
[2021-10-24 20:23:08] [INFO] 开始注销店铺 桂林品牌会员
[2021-10-24 20:23:16] [INFO] 正在通过本地引擎识别
[2021-10-24 20:23:22] [INFO] 本次运行已成功注销店铺会员数量为： 11
[2021-10-24 20:23:23] [INFO] 开始注销店铺 雅诗兰黛奢雅会
[2021-10-24 20:23:31] [INFO] 正在通过本地引擎识别
[2021-10-24 20:23:38] [INFO] 本次运行已成功注销店铺会员数量为： 12
[2021-10-24 20:23:38] [INFO] 本轮店铺已执行完，即将开始获取下一轮店铺
[2021-10-24 20:24:09] [INFO] 本轮运行获取到 10 家店铺会员信息
[2021-10-24 20:24:11] [INFO] 开始注销店铺 百丽会员中心
[2021-10-24 20:24:11] [INFO] 当前店铺退会链接已失效，暂判定为缓存导致，正在尝试清除卡包列表缓存...
[2021-10-24 20:24:12] [INFO] 理论上缓存已经刷新成功，如项目未继续执行请及时反馈
[2021-10-24 20:24:12] [INFO] 本轮店铺已执行完，即将开始获取下一轮店铺
[2021-10-24 20:24:13] [INFO] 本轮运行获取到 10 家店铺会员信息
[2021-10-24 20:24:13] [INFO] 开始注销店铺 U-CLUB
[2021-10-24 20:24:24] [INFO] 等待websocket推送短信验证码超时，即将跳过 U-CLUB
[2021-10-24 20:24:25] [INFO] 开始注销店铺 李宁品牌VIP
[2021-10-24 20:24:38] [INFO] 正在通过本地引擎识别
[2021-10-24 20:24:45] [INFO] 本次运行已成功注销店铺会员数量为： 1
[2021-10-24 20:24:45] [INFO] 开始注销店铺 枝户折野
[2021-10-24 20:24:55] [INFO] 正在通过本地引擎识别
[2021-10-24 20:25:02] [INFO] 本次运行已成功注销店铺会员数量为： 2
[2021-10-24 20:25:02] [INFO] 开始注销店铺 云南三七牙膏
[2021-10-24 20:25:13] [INFO] 正在通过本地引擎识别
[2021-10-24 20:25:20] [INFO] 本次运行已成功注销店铺会员数量为： 3
[2021-10-24 20:25:20] [INFO] 开始注销店铺 阿迪达斯儿童
[2021-10-24 20:25:28] [INFO] 正在通过本地引擎识别
[2021-10-24 20:25:35] [INFO] 本次运行已成功注销店铺会员数量为： 4
[2021-10-24 20:25:35] [INFO] 开始注销店铺 李宁品牌VIP
[2021-10-24 20:25:47] [INFO] 等待websocket推送短信验证码超时，即将跳过 李宁品牌VIP
[2021-10-24 20:25:47] [INFO] 开始注销店铺 佳沛
[2021-10-24 20:25:55] [INFO] 正在通过本地引擎识别
[2021-10-24 20:26:02] [INFO] 本次运行已成功注销店铺会员数量为： 5
[2021-10-24 20:26:02] [INFO] 开始注销店铺 加护灵品牌会员
[2021-10-24 20:26:11] [INFO] 正在通过本地引擎识别
[2021-10-24 20:26:17] [INFO] 本次运行已成功注销店铺会员数量为： 6
[2021-10-24 20:26:18] [INFO] 开始注销店铺 万魔1MORE
[2021-10-24 20:26:29] [INFO] 等待websocket推送短信验证码超时，即将跳过 万魔1MORE
[2021-10-24 20:26:29] [INFO] 开始注销店铺 初萃
[2021-10-24 20:26:41] [INFO] 正在通过本地引擎识别
[2021-10-24 20:26:47] [INFO] 本次运行已成功注销店铺会员数量为： 7
[2021-10-24 20:26:47] [INFO] 本轮店铺已执行完，即将开始获取下一轮店铺
[2021-10-24 20:26:48] [INFO] 当前接口获取到的店铺列表和上一轮一致，认为接口缓存还未刷新，即将尝试刷新缓存
[2021-10-24 20:26:48] [INFO] 理论上缓存已经刷新成功，如页面未成功自动刷新请及时反馈
[2021-10-24 20:26:50] [INFO] 本轮运行获取到 10 家店铺会员信息
[2021-10-24 20:26:50] [INFO] 开始注销店铺 福来恩
[2021-10-24 20:26:59] [INFO] 正在通过本地引擎识别
[2021-10-24 20:27:05] [INFO] 本次运行已成功注销店铺会员数量为： 8
[2021-10-24 20:27:06] [INFO] 开始注销店铺 U-CLUB
[2021-10-24 20:27:17] [INFO] 正在通过本地引擎识别
[2021-10-24 20:27:23] [INFO] 本次运行已成功注销店铺会员数量为： 9
[2021-10-24 20:27:24] [INFO] 开始注销店铺 Genanx潮
[2021-10-24 20:27:32] [INFO] 正在通过本地引擎识别
[2021-10-24 20:27:38] [INFO] 本次运行已成功注销店铺会员数量为： 10
[2021-10-24 20:27:39] [INFO] 开始注销店铺 网易严选
[2021-10-24 20:27:50] [INFO] 等待websocket推送短信验证码超时，即将跳过 网易严选
[2021-10-24 20:27:50] [INFO] 开始注销店铺 春光
[2021-10-24 20:28:02] [INFO] 等待websocket推送短信验证码超时，即将跳过 春光
[2021-10-24 20:28:02] [INFO] 开始注销店铺 李宁品牌VIP
[2021-10-24 20:28:13] [INFO] 等待websocket推送短信验证码超时，即将跳过 李宁品牌VIP
[2021-10-24 20:28:14] [INFO] 开始注销店铺 儿童玩具
[2021-10-24 20:28:26] [INFO] 正在通过本地引擎识别
[2021-10-24 20:28:33] [INFO] 本次运行已成功注销店铺会员数量为： 11
[2021-10-24 20:28:33] [INFO] 开始注销店铺 万魔1MORE
[2021-10-24 20:28:44] [INFO] 等待websocket推送短信验证码超时，即将跳过 万魔1MORE
[2021-10-24 20:28:44] [INFO] 开始注销店铺 乐肴居
[2021-10-24 20:28:53] [INFO] 正在通过本地引擎识别
[2021-10-24 20:29:00] [INFO] 本次运行已成功注销店铺会员数量为： 12
[2021-10-24 20:29:00] [INFO] 开始注销店铺 十月稻田
[2021-10-24 20:29:11] [INFO] 正在通过本地引擎识别
[2021-10-24 20:29:18] [INFO] 本次运行已成功注销店铺会员数量为： 13
[2021-10-24 20:29:18] [INFO] 本轮店铺已执行完，即将开始获取下一轮店铺
[2021-10-24 20:29:56] [INFO] 本轮运行获取到 10 家店铺会员信息
[2021-10-24 20:29:57] [INFO] 开始注销店铺 福来恩
[2021-10-24 20:29:58] [INFO] 当前店铺退会链接已失效，暂判定为缓存导致，正在尝试清除卡包列表缓存...
[2021-10-24 20:29:59] [INFO] 理论上缓存已经刷新成功，如项目未继续执行请及时反馈
[2021-10-24 20:29:59] [INFO] 本轮店铺已执行完，即将开始获取下一轮店铺
[2021-10-24 20:30:00] [INFO] 本轮运行获取到 10 家店铺会员信息
[2021-10-24 20:30:00] [INFO] 开始注销店铺 爱步舒履会
[2021-10-24 20:30:09] [INFO] 正在通过本地引擎识别
[2021-10-24 20:30:16] [INFO] 本次运行已成功注销店铺会员数量为： 1
[2021-10-24 20:30:16] [INFO] 开始注销店铺 ITO会员
[2021-10-24 20:30:27] [INFO] 等待websocket推送短信验证码超时，即将跳过 ITO会员
[2021-10-24 20:30:28] [INFO] 开始注销店铺 BE会员卡
[2021-10-24 20:30:38] [INFO] 正在通过本地引擎识别
[2021-10-24 20:30:41] [INFO] 验证码位置点击错误，尝试再试一次
[2021-10-24 20:30:43] [INFO] 正在通过本地引擎识别
[2021-10-24 20:30:55] [ERROR] 发生了一点小问题： ('图形验证码识别超时 BE会员卡', None, None)
[2021-10-24 20:30:56] [INFO] 开始注销店铺 网易严选
[2021-10-24 20:31:07] [INFO] 等待websocket推送短信验证码超时，即将跳过 网易严选
[2021-10-24 20:31:07] [INFO] 开始注销店铺 春光
[2021-10-24 20:31:19] [INFO] 等待websocket推送短信验证码超时，即将跳过 春光
[2021-10-24 20:31:19] [INFO] 开始注销店铺 D-cal迪巧
[2021-10-24 20:31:32] [INFO] 正在通过本地引擎识别
[2021-10-24 20:31:35] [INFO] 验证码位置点击错误，尝试再试一次
[2021-10-24 20:31:37] [INFO] 正在通过本地引擎识别
[2021-10-24 20:31:42] [INFO] 本次运行已成功注销店铺会员数量为： 2
[2021-10-24 20:31:43] [INFO] 开始注销店铺 百事可乐
[2021-10-24 20:31:54] [INFO] 等待websocket推送短信验证码超时，即将跳过 百事可乐
[2021-10-24 20:31:54] [INFO] 开始注销店铺 李宁品牌VIP
[2021-10-24 20:32:06] [INFO] 等待websocket推送短信验证码超时，即将跳过 李宁品牌VIP
[2021-10-24 20:32:06] [INFO] 开始注销店铺 万魔1MORE
[2021-10-24 20:32:17] [INFO] 等待websocket推送短信验证码超时，即将跳过 万魔1MORE
[2021-10-24 20:32:18] [INFO] 开始注销店铺 SANA莎娜
[2021-10-24 20:32:26] [INFO] 正在通过本地引擎识别
[2021-10-24 20:32:33] [INFO] 本次运行已成功注销店铺会员数量为： 3
[2021-10-24 20:32:33] [INFO] 本轮店铺已执行完，即将开始获取下一轮店铺
[2021-10-24 20:32:34] [INFO] 当前接口获取到的店铺列表和上一轮一致，认为接口缓存还未刷新，即将尝试刷新缓存
[2021-10-24 20:32:34] [INFO] 理论上缓存已经刷新成功，如页面未成功自动刷新请及时反馈
[2021-10-24 20:32:35] [INFO] 本轮运行获取到 10 家店铺会员信息
[2021-10-24 20:32:35] [INFO] 开始注销店铺 ITO会员
[2021-10-24 20:32:47] [INFO] 等待websocket推送短信验证码超时，即将跳过 ITO会员
[2021-10-24 20:32:47] [INFO] 开始注销店铺 BE会员卡
[2021-10-24 20:32:58] [INFO] 等待websocket推送短信验证码超时，即将跳过 BE会员卡
[2021-10-24 20:32:59] [INFO] 开始注销店铺 网易严选
[2021-10-24 20:33:10] [INFO] 等待websocket推送短信验证码超时，即将跳过 网易严选
[2021-10-24 20:33:10] [INFO] 开始注销店铺 春光
[2021-10-24 20:33:24] [INFO] 正在通过本地引擎识别
[2021-10-24 20:33:30] [INFO] 本次运行已成功注销店铺会员数量为： 4
[2021-10-24 20:33:30] [INFO] 开始注销店铺 百事可乐
[2021-10-24 20:33:42] [INFO] 等待websocket推送短信验证码超时，即将跳过 百事可乐
[2021-10-24 20:33:42] [INFO] 开始注销店铺 李宁品牌VIP
[2021-10-24 20:33:53] [INFO] 等待websocket推送短信验证码超时，即将跳过 李宁品牌VIP
[2021-10-24 20:33:54] [INFO] 开始注销店铺 新新精艺
[2021-10-24 20:34:03] [INFO] 正在通过本地引擎识别
[2021-10-24 20:34:10] [INFO] 本次运行已成功注销店铺会员数量为： 5
[2021-10-24 20:34:10] [INFO] 开始注销店铺 美加净会员卡
[2021-10-24 20:34:21] [INFO] 正在通过本地引擎识别
[2021-10-24 20:34:28] [INFO] 本次运行已成功注销店铺会员数量为： 6
[2021-10-24 20:34:28] [INFO] 开始注销店铺 万魔1MORE
[2021-10-24 20:34:36] [INFO] 正在通过本地引擎识别
[2021-10-24 20:34:42] [INFO] 本次运行已成功注销店铺会员数量为： 7
[2021-10-24 20:34:43] [INFO] 开始注销店铺 兰雀品牌会员
[2021-10-24 20:34:51] [INFO] 正在通过本地引擎识别
[2021-10-24 20:34:58] [INFO] 本次运行已成功注销店铺会员数量为： 8
[2021-10-24 20:34:58] [INFO] 本轮店铺已执行完，即将开始获取下一轮店铺
[2021-10-24 20:36:17] [INFO] 本轮运行获取到 10 家店铺会员信息
[2021-10-24 20:36:18] [INFO] 开始注销店铺 ITO会员
[2021-10-24 20:36:30] [INFO] 等待websocket推送短信验证码超时，即将跳过 ITO会员
[2021-10-24 20:36:30] [INFO] 开始注销店铺 BE会员卡
[2021-10-24 20:36:41] [INFO] 等待websocket推送短信验证码超时，即将跳过 BE会员卡
[2021-10-24 20:36:42] [INFO] 开始注销店铺 网易严选
[2021-10-24 20:36:53] [INFO] 等待websocket推送短信验证码超时，即将跳过 网易严选
[2021-10-24 20:36:53] [INFO] 开始注销店铺 春光
[2021-10-24 20:36:54] [INFO] 当前店铺退会链接已失效，暂判定为缓存导致，正在尝试清除卡包列表缓存...
[2021-10-24 20:36:55] [INFO] 理论上缓存已经刷新成功，如项目未继续执行请及时反馈
[2021-10-24 20:36:55] [INFO] 本轮店铺已执行完，即将开始获取下一轮店铺
[2021-10-24 20:36:57] [INFO] 本轮运行获取到 10 家店铺会员信息
[2021-10-24 20:36:57] [INFO] 开始注销店铺 ITO会员
[2021-10-24 20:37:08] [INFO] 等待websocket推送短信验证码超时，即将跳过 ITO会员
[2021-10-24 20:37:09] [INFO] 开始注销店铺 费列罗
[2021-10-24 20:37:20] [INFO] 等待websocket推送短信验证码超时，即将跳过 费列罗
[2021-10-24 20:37:20] [INFO] 开始注销店铺 参半口腔护理
[2021-10-24 20:37:31] [INFO] 等待websocket推送短信验证码超时，即将跳过 参半口腔护理
[2021-10-24 20:37:32] [INFO] 开始注销店铺 BE会员卡
[2021-10-24 20:37:43] [INFO] 正在通过本地引擎识别
[2021-10-24 20:37:50] [INFO] 本次运行已成功注销店铺会员数量为： 1
[2021-10-24 20:37:50] [INFO] 开始注销店铺 网易严选
[2021-10-24 20:38:04] [INFO] 正在通过本地引擎识别
[2021-10-24 20:38:10] [INFO] 本次运行已成功注销店铺会员数量为： 2
[2021-10-24 20:38:11] [INFO] 开始注销店铺 百事可乐
[2021-10-24 20:38:21] [INFO] 正在通过本地引擎识别
[2021-10-24 20:38:28] [INFO] 本次运行已成功注销店铺会员数量为： 3
[2021-10-24 20:38:29] [INFO] 开始注销店铺  
[2021-10-24 20:38:40] [INFO] 正在通过本地引擎识别
[2021-10-24 20:38:46] [INFO] 本次运行已成功注销店铺会员数量为： 4
[2021-10-24 20:38:47] [INFO] 开始注销店铺 李宁品牌VIP
[2021-10-24 20:38:58] [INFO] 等待websocket推送短信验证码超时，即将跳过 李宁品牌VIP
[2021-10-24 20:38:58] [INFO] 开始注销店铺 外星人
[2021-10-24 20:39:07] [INFO] 正在通过本地引擎识别
[2021-10-24 20:39:13] [INFO] 本次运行已成功注销店铺会员数量为： 5
[2021-10-24 20:39:14] [INFO] 开始注销店铺 粮全其美会员
[2021-10-24 20:39:22] [INFO] 正在通过本地引擎识别
[2021-10-24 20:39:28] [INFO] 本次运行已成功注销店铺会员数量为： 6
[2021-10-24 20:39:28] [INFO] 本轮店铺已执行完，即将开始获取下一轮店铺
[2021-10-24 20:39:29] [INFO] 当前接口获取到的店铺列表和上一轮一致，认为接口缓存还未刷新，即将尝试刷新缓存
[2021-10-24 20:39:30] [INFO] 理论上缓存已经刷新成功，如页面未成功自动刷新请及时反馈
[2021-10-24 20:39:31] [INFO] 本轮运行获取到 10 家店铺会员信息
[2021-10-24 20:39:31] [INFO] 开始注销店铺 羽西
[2021-10-24 20:39:42] [INFO] 等待websocket推送短信验证码超时，即将跳过 羽西
[2021-10-24 20:39:43] [INFO] 开始注销店铺 ITO会员
[2021-10-24 20:39:52] [INFO] 正在通过本地引擎识别
[2021-10-24 20:39:59] [INFO] 本次运行已成功注销店铺会员数量为： 7
[2021-10-24 20:39:59] [INFO] 开始注销店铺 费列罗
[2021-10-24 20:40:10] [INFO] 等待websocket推送短信验证码超时，即将跳过 费列罗
[2021-10-24 20:40:11] [INFO] 开始注销店铺 赫丽尔斯会员卡
[2021-10-24 20:40:22] [INFO] 等待websocket推送短信验证码超时，即将跳过 赫丽尔斯会员卡
[2021-10-24 20:40:22] [INFO] 开始注销店铺 参半口腔护理
[2021-10-24 20:40:31] [INFO] 正在通过本地引擎识别
[2021-10-24 20:40:38] [INFO] 本次运行已成功注销店铺会员数量为： 8
[2021-10-24 20:40:38] [INFO] 开始注销店铺 皇家
[2021-10-24 20:40:49] [INFO] 等待websocket推送短信验证码超时，即将跳过 皇家
[2021-10-24 20:40:50] [INFO] 开始注销店铺 李宁品牌VIP
[2021-10-24 20:41:01] [INFO] 等待websocket推送短信验证码超时，即将跳过 李宁品牌VIP
[2021-10-24 20:41:01] [INFO] 开始注销店铺 奇莫自营旗舰店
[2021-10-24 20:41:11] [INFO] 正在通过本地引擎识别
[2021-10-24 20:41:19] [INFO] 本次运行已成功注销店铺会员数量为： 9
[2021-10-24 20:41:20] [INFO] 开始注销店铺 惠氏营养品
[2021-10-24 20:41:31] [INFO] 等待websocket推送短信验证码超时，即将跳过 惠氏营养品
[2021-10-24 20:41:31] [INFO] 开始注销店铺 片仔癀会员卡
[2021-10-24 20:41:42] [INFO] 等待websocket推送短信验证码超时，即将跳过 片仔癀会员卡
[2021-10-24 20:41:42] [INFO] 本轮店铺已执行完，即将开始获取下一轮店铺
[2021-10-24 20:52:14] [INFO] 本轮运行获取到 10 家店铺会员信息
[2021-10-24 20:52:14] [INFO] 开始注销店铺 羽西
[2021-10-24 20:52:21] [INFO] 正在通过本地引擎识别
[2021-10-24 20:52:28] [INFO] 本次运行已成功注销店铺会员数量为： 1
[2021-10-24 20:52:28] [INFO] 开始注销店铺 费列罗
[2021-10-24 20:52:38] [INFO] 正在通过本地引擎识别
[2021-10-24 20:52:41] [INFO] 验证码位置点击错误，尝试再试一次
[2021-10-24 20:52:42] [INFO] 正在通过本地引擎识别
[2021-10-24 20:52:48] [INFO] 本次运行已成功注销店铺会员数量为： 2
[2021-10-24 20:52:48] [INFO] 开始注销店铺 赫丽尔斯会员卡
[2021-10-24 20:52:59] [INFO] 正在通过本地引擎识别
[2021-10-24 20:53:06] [INFO] 本次运行已成功注销店铺会员数量为： 3
[2021-10-24 20:53:06] [INFO] 开始注销店铺 皇家
[2021-10-24 20:53:22] [INFO] 等待websocket推送短信验证码超时，即将跳过 皇家
[2021-10-24 20:53:23] [INFO] 开始注销店铺 联想
[2021-10-24 20:53:32] [INFO] 正在通过本地引擎识别
[2021-10-24 20:53:39] [INFO] 本次运行已成功注销店铺会员数量为： 4
[2021-10-24 20:53:39] [INFO] 开始注销店铺 李宁品牌VIP
[2021-10-24 20:53:56] [INFO] 等待websocket推送短信验证码超时，即将跳过 李宁品牌VIP
[2021-10-24 20:53:56] [INFO] 开始注销店铺 健力宝品牌会员
[2021-10-24 20:54:06] [INFO] 正在通过本地引擎识别
[2021-10-24 20:54:12] [INFO] 本次运行已成功注销店铺会员数量为： 5
[2021-10-24 20:54:13] [INFO] 开始注销店铺 小鹏汽车会员卡
[2021-10-24 20:54:29] [INFO] 等待websocket推送短信验证码超时，即将跳过 小鹏汽车会员卡
[2021-10-24 20:54:29] [INFO] 开始注销店铺 惠氏营养品
[2021-10-24 20:54:38] [INFO] 正在通过本地引擎识别
[2021-10-24 20:54:45] [INFO] 本次运行已成功注销店铺会员数量为： 6
[2021-10-24 20:54:45] [INFO] 开始注销店铺 片仔癀会员卡
[2021-10-24 20:54:57] [INFO] 正在通过本地引擎识别
[2021-10-24 20:55:03] [INFO] 本次运行已成功注销店铺会员数量为： 7
[2021-10-24 20:55:03] [INFO] 本轮店铺已执行完，即将开始获取下一轮店铺
[2021-10-24 20:55:04] [INFO] 当前接口获取到的店铺列表和上一轮一致，认为接口缓存还未刷新，即将尝试刷新缓存
[2021-10-24 20:55:05] [INFO] 理论上缓存已经刷新成功，如页面未成功自动刷新请及时反馈
[2021-10-24 20:55:06] [INFO] 本轮运行获取到 10 家店铺会员信息
[2021-10-24 20:55:07] [INFO] 开始注销店铺 森田
[2021-10-24 20:55:23] [INFO] 等待websocket推送短信验证码超时，即将跳过 森田
[2021-10-24 20:55:23] [INFO] 开始注销店铺 安妍科
[2021-10-24 20:55:30] [INFO] 正在通过本地引擎识别
[2021-10-24 20:55:36] [INFO] 本次运行已成功注销店铺会员数量为： 8
[2021-10-24 20:55:37] [INFO] 开始注销店铺 李锦记
[2021-10-24 20:55:45] [INFO] 正在通过本地引擎识别
[2021-10-24 20:55:51] [INFO] 本次运行已成功注销店铺会员数量为： 9
[2021-10-24 20:55:52] [INFO] 开始注销店铺 皇家
[2021-10-24 20:56:08] [INFO] 等待websocket推送短信验证码超时，即将跳过 皇家
[2021-10-24 20:56:08] [INFO] 开始注销店铺 燕塘品牌会员
[2021-10-24 20:56:18] [INFO] 正在通过本地引擎识别
[2021-10-24 20:56:24] [INFO] 本次运行已成功注销店铺会员数量为： 10
[2021-10-24 20:56:24] [INFO] 开始注销店铺 李宁品牌VIP
[2021-10-24 20:56:40] [INFO] 等待websocket推送短信验证码超时，即将跳过 李宁品牌VIP
[2021-10-24 20:56:41] [INFO] 开始注销店铺 AHC品牌会员
[2021-10-24 20:56:50] [INFO] 正在通过本地引擎识别
[2021-10-24 20:56:57] [INFO] 本次运行已成功注销店铺会员数量为： 11
[2021-10-24 20:56:57] [INFO] 开始注销店铺 小鹏汽车会员卡
[2021-10-24 20:57:07] [INFO] 正在通过本地引擎识别
[2021-10-24 20:57:14] [INFO] 本次运行已成功注销店铺会员数量为： 12
[2021-10-24 21:05:02] [INFO] 开始注销店铺 大悦会员
[2021-10-24 21:05:10] [INFO] 正在通过本地引擎识别
[2021-10-24 21:05:58] [ERROR] 发生了一点小问题： ('stale element reference: element is not attached to the page document\n  (Session info: chrome=94.0.4606.81)', None, None)
[2021-10-24 21:05:58] [INFO] 开始注销店铺 Q星人部落
[2021-10-24 21:06:15] [INFO] 等待websocket推送短信验证码超时，即将跳过 Q星人部落
[2021-10-24 21:06:15] [INFO] 本轮店铺已执行完，即将开始获取下一轮店铺
[2021-10-24 21:06:16] [INFO] 本轮运行获取到 10 家店铺会员信息
[2021-10-24 21:06:16] [INFO] 开始注销店铺 森田
[2021-10-24 21:06:28] [INFO] 正在通过本地引擎识别
[2021-10-24 21:06:34] [INFO] 本次运行已成功注销店铺会员数量为： 13
[2021-10-24 21:24:34] [INFO] 开始注销店铺 九三
[2021-10-24 21:24:50] [INFO] 等待websocket推送短信验证码超时，即将跳过 九三
[2021-10-24 21:24:50] [INFO] 开始注销店铺 五丰大米
[2021-10-24 21:25:03] [INFO] 正在通过本地引擎识别
[2021-10-24 21:25:09] [INFO] 本次运行已成功注销店铺会员数量为： 14
[2021-10-24 21:25:09] [INFO] 开始注销店铺 皇家
[2021-10-24 21:25:18] [INFO] 正在通过本地引擎识别
[2021-10-24 21:25:24] [INFO] 本次运行已成功注销店铺会员数量为： 15
[2021-10-24 21:25:24] [INFO] 开始注销店铺 李宁品牌VIP
[2021-10-24 21:25:40] [INFO] 等待websocket推送短信验证码超时，即将跳过 李宁品牌VIP
[2021-10-24 21:25:46] [INFO] 开始注销店铺 习酒
[2021-10-24 21:25:57] [INFO] 正在通过本地引擎识别
[2021-10-24 21:26:03] [INFO] 本次运行已成功注销店铺会员数量为： 16
[2021-10-24 21:26:03] [INFO] 开始注销店铺 坚果会员
[2021-10-24 21:26:12] [INFO] 正在通过本地引擎识别
[2021-10-24 21:26:18] [INFO] 本次运行已成功注销店铺会员数量为： 17
[2021-10-24 21:26:18] [INFO] 开始注销店铺 香纳兰
[2021-10-24 21:26:27] [INFO] 正在通过本地引擎识别
[2021-10-24 21:26:33] [INFO] 本次运行已成功注销店铺会员数量为： 18
[2021-10-24 21:26:34] [INFO] 开始注销店铺 煦贝乐VIP
[2021-10-24 21:26:50] [INFO] 等待websocket推送短信验证码超时，即将跳过 煦贝乐VIP
[2021-10-24 21:26:50] [INFO] 开始注销店铺 Q星人部落
[2021-10-24 21:27:00] [INFO] 正在通过本地引擎识别
[2021-10-24 21:27:06] [INFO] 本次运行已成功注销店铺会员数量为： 19
[2021-10-24 21:27:06] [INFO] 本轮店铺已执行完，即将开始获取下一轮店铺
[2021-10-24 21:27:08] [INFO] 本轮运行获取到 10 家店铺会员信息
[2021-10-24 21:27:08] [INFO] 开始注销店铺 飞利浦新安怡
[2021-10-24 21:27:18] [INFO] 正在通过本地引擎识别
[2021-10-24 21:27:21] [INFO] 验证码位置点击错误，尝试再试一次
[2021-10-24 21:27:22] [INFO] 正在通过本地引擎识别
[2021-10-24 21:27:27] [INFO] 本次运行已成功注销店铺会员数量为： 20
[2021-10-24 21:27:27] [INFO] 开始注销店铺 九三
[2021-10-24 21:27:39] [INFO] 正在通过本地引擎识别
[2021-10-24 21:27:45] [INFO] 本次运行已成功注销店铺会员数量为： 21
[2021-10-24 21:27:46] [INFO] 开始注销店铺    
[2021-10-24 21:27:54] [INFO] 正在通过本地引擎识别
[2021-10-24 21:28:01] [INFO] 本次运行已成功注销店铺会员数量为： 22
[2021-10-24 21:28:01] [INFO] 开始注销店铺 红狗VIP
[2021-10-24 21:28:09] [INFO] 正在通过本地引擎识别
[2021-10-24 21:28:15] [INFO] 本次运行已成功注销店铺会员数量为： 23
[2021-10-24 21:28:16] [INFO] 开始注销店铺 李宁品牌VIP
[2021-10-24 21:28:32] [INFO] 等待websocket推送短信验证码超时，即将跳过 李宁品牌VIP
[2021-10-24 21:28:32] [INFO] 开始注销店铺 煦贝乐VIP
[2021-10-24 21:28:45] [INFO] 正在通过本地引擎识别
[2021-10-24 21:28:52] [INFO] 本次运行已成功注销店铺会员数量为： 24
[2021-10-24 21:28:52] [INFO] 开始注销店铺 小龍坎会员
[2021-10-24 21:29:03] [INFO] 正在通过本地引擎识别
[2021-10-24 21:29:10] [INFO] 本次运行已成功注销店铺会员数量为： 25
[2021-10-24 21:29:10] [INFO] 开始注销店铺 天坛家尊享会员
[2021-10-24 21:29:26] [INFO] 等待websocket推送短信验证码超时，即将跳过 天坛家尊享会员
[2021-10-24 21:29:26] [INFO] 开始注销店铺 九生堂品牌会员
[2021-10-24 21:29:39] [INFO] 正在通过本地引擎识别
[2021-10-24 21:29:46] [INFO] 本次运行已成功注销店铺会员数量为： 26
[2021-10-24 21:29:46] [INFO] 开始注销店铺 tous会员卡
[2021-10-24 21:29:54] [INFO] 正在通过本地引擎识别
[2021-10-24 21:30:01] [INFO] 本次运行已成功注销店铺会员数量为： 27
[2021-10-24 21:30:01] [INFO] 本轮店铺已执行完，即将开始获取下一轮店铺
[2021-10-24 21:30:58] [INFO] 本轮运行获取到 10 家店铺会员信息
[2021-10-24 21:31:00] [INFO] 开始注销店铺 飞利浦新安怡
[2021-10-24 21:31:01] [INFO] 当前店铺退会链接已失效，暂判定为缓存导致，正在尝试清除卡包列表缓存...
[2021-10-24 21:31:01] [INFO] 理论上缓存已经刷新成功，如项目未继续执行请及时反馈
[2021-10-24 21:31:01] [INFO] 本轮店铺已执行完，即将开始获取下一轮店铺
[2021-10-24 21:31:02] [INFO] 本轮运行获取到 10 家店铺会员信息
[2021-10-24 21:31:02] [INFO] 开始注销店铺 北京同仁堂健康
[2021-10-24 21:31:16] [INFO] 正在通过本地引擎识别
[2021-10-24 21:31:22] [INFO] 本次运行已成功注销店铺会员数量为： 1
[2021-10-24 21:31:22] [INFO] 开始注销店铺 玖姿会员卡
[2021-10-24 21:31:31] [INFO] 正在通过本地引擎识别
[2021-10-24 21:31:37] [INFO] 本次运行已成功注销店铺会员数量为： 2
[2021-10-24 21:31:37] [INFO] 开始注销店铺 耐克儿童会员卡
[2021-10-24 21:31:49] [INFO] 正在通过本地引擎识别
[2021-10-24 21:31:55] [INFO] 本次运行已成功注销店铺会员数量为： 3
[2021-10-24 21:31:55] [INFO] 开始注销店铺 采埃孚京东自营
[2021-10-24 21:32:07] [INFO] 正在通过本地引擎识别
[2021-10-24 21:32:13] [INFO] 本次运行已成功注销店铺会员数量为： 4
[2021-10-24 21:32:13] [INFO] 开始注销店铺 任天堂
[2021-10-24 21:32:22] [INFO] 正在通过本地引擎识别
[2021-10-24 21:32:28] [INFO] 本次运行已成功注销店铺会员数量为： 5
[2021-10-24 21:32:28] [INFO] 开始注销店铺 李宁品牌VIP
[2021-10-24 21:32:45] [INFO] 等待websocket推送短信验证码超时，即将跳过 李宁品牌VIP
[2021-10-24 21:32:45] [INFO] 开始注销店铺 嘿喽
[2021-10-24 21:32:58] [INFO] 正在通过本地引擎识别
[2021-10-24 21:33:04] [INFO] 本次运行已成功注销店铺会员数量为： 6
[2021-10-24 21:33:04] [INFO] 开始注销店铺 海昌旅游会员卡
[2021-10-24 21:33:16] [INFO] 正在通过本地引擎识别
[2021-10-24 21:33:22] [INFO] 本次运行已成功注销店铺会员数量为： 7
[2021-10-24 21:33:22] [INFO] 开始注销店铺 天坛家尊享会员
[2021-10-24 21:33:39] [INFO] 等待websocket推送短信验证码超时，即将跳过 天坛家尊享会员
[2021-10-24 21:33:39] [INFO] 开始注销店铺 乐扣乐扣
[2021-10-24 21:33:49] [INFO] 正在通过本地引擎识别
[2021-10-24 21:33:56] [INFO] 本次运行已成功注销店铺会员数量为： 8
[2021-10-24 21:33:56] [INFO] 本轮店铺已执行完，即将开始获取下一轮店铺
[2021-10-24 21:33:58] [INFO] 当前接口获取到的店铺列表和上一轮一致，认为接口缓存还未刷新，即将尝试刷新缓存
[2021-10-24 21:33:59] [INFO] 理论上缓存已经刷新成功，如页面未成功自动刷新请及时反馈
[2021-10-24 21:33:59] [INFO] 本轮运行获取到 10 家店铺会员信息
[2021-10-24 21:34:00] [INFO] 开始注销店铺 疯狂的小狗
[2021-10-24 21:34:10] [INFO] 正在通过本地引擎识别
[2021-10-24 21:34:17] [INFO] 本次运行已成功注销店铺会员数量为： 9
[2021-10-24 21:34:17] [INFO] 开始注销店铺 李宁品牌VIP
[2021-10-24 21:34:33] [INFO] 等待websocket推送短信验证码超时，即将跳过 李宁品牌VIP
[2021-10-24 21:34:33] [INFO] 开始注销店铺 诗篇旗舰店
[2021-10-24 21:34:43] [INFO] 正在通过本地引擎识别
[2021-10-24 21:34:50] [INFO] 本次运行已成功注销店铺会员数量为： 10
[2021-10-24 21:34:50] [INFO] 开始注销店铺 朗姿品牌会员卡
[2021-10-24 21:35:01] [INFO] 正在通过本地引擎识别
[2021-10-24 21:35:08] [INFO] 本次运行已成功注销店铺会员数量为： 11
[2021-10-24 21:35:08] [INFO] 开始注销店铺 音儿会员卡
[2021-10-24 21:35:19] [INFO] 正在通过本地引擎识别
[2021-10-24 21:35:22] [INFO] 验证码位置点击错误，尝试再试一次
[2021-10-24 21:35:23] [INFO] 正在通过本地引擎识别
[2021-10-24 21:35:29] [INFO] 本次运行已成功注销店铺会员数量为： 12
[2021-10-24 21:35:29] [INFO] 开始注销店铺 天坛家尊享会员
[2021-10-24 21:35:40] [INFO] 正在通过本地引擎识别
[2021-10-24 21:35:43] [INFO] 验证码位置点击错误，尝试再试一次
[2021-10-24 21:35:44] [INFO] 正在通过本地引擎识别
[2021-10-24 21:35:50] [INFO] 本次运行已成功注销店铺会员数量为： 13
[2021-10-24 21:35:50] [INFO] 开始注销店铺 探索者
[2021-10-24 21:35:58] [INFO] 正在通过本地引擎识别
[2021-10-24 21:36:05] [INFO] 本次运行已成功注销店铺会员数量为： 14
[2021-10-24 21:36:05] [INFO] 开始注销店铺 暇步士箱包会员
[2021-10-24 21:36:17] [INFO] 正在通过本地引擎识别
[2021-10-24 21:36:23] [INFO] 本次运行已成功注销店铺会员数量为： 15
[2021-10-24 21:36:23] [INFO] 开始注销店铺 卡士酸奶会员卡
[2021-10-24 21:36:35] [INFO] 正在通过本地引擎识别
[2021-10-24 21:36:41] [INFO] 本次运行已成功注销店铺会员数量为： 16
[2021-10-24 21:36:41] [INFO] 开始注销店铺 植护
[2021-10-24 21:36:47] [INFO] 正在通过本地引擎识别
[2021-10-24 21:36:53] [INFO] 本次运行已成功注销店铺会员数量为： 17
[2021-10-24 21:36:53] [INFO] 本轮店铺已执行完，即将开始获取下一轮店铺
[2021-10-24 21:38:14] [INFO] 本轮运行获取到 10 家店铺会员信息
[2021-10-24 21:38:15] [INFO] 开始注销店铺 亨氏
[2021-10-24 21:38:32] [INFO] 正在通过本地引擎识别
[2021-10-24 21:38:39] [INFO] 本次运行已成功注销店铺会员数量为： 1
[2021-10-24 21:38:39] [INFO] 开始注销店铺 C粉会员卡
[2021-10-24 21:38:50] [INFO] 正在通过本地引擎识别
[2021-10-24 21:38:56] [INFO] 本次运行已成功注销店铺会员数量为： 2
[2021-10-24 21:38:57] [INFO] 开始注销店铺 国家地理
[2021-10-24 21:39:05] [INFO] 正在通过本地引擎识别
[2021-10-24 21:39:11] [INFO] 本次运行已成功注销店铺会员数量为： 3
[2021-10-24 21:39:12] [INFO] 开始注销店铺 李宁品牌VIP
[2021-10-24 21:39:28] [INFO] 等待websocket推送短信验证码超时，即将跳过 李宁品牌VIP
[2021-10-24 21:39:28] [INFO] 开始注销店铺 PLAYGO
[2021-10-24 21:39:38] [INFO] 正在通过本地引擎识别
[2021-10-24 21:39:45] [INFO] 本次运行已成功注销店铺会员数量为： 4
[2021-10-24 21:39:45] [INFO] 开始注销店铺 AMD品牌会员
[2021-10-24 21:40:01] [INFO] 等待websocket推送短信验证码超时，即将跳过 AMD品牌会员
[2021-10-24 21:40:02] [INFO] 开始注销店铺 恩裳官方旗舰店
[2021-10-24 21:40:08] [INFO] 正在通过本地引擎识别
[2021-10-24 21:40:11] [INFO] 验证码位置点击错误，尝试再试一次
[2021-10-24 21:40:12] [INFO] 正在通过本地引擎识别
[2021-10-24 21:40:18] [INFO] 本次运行已成功注销店铺会员数量为： 5
[2021-10-24 21:40:18] [INFO] 开始注销店铺 强生安视优
[2021-10-24 21:40:29] [INFO] 正在通过本地引擎识别
[2021-10-24 21:40:36] [INFO] 本次运行已成功注销店铺会员数量为： 6
[2021-10-24 21:40:36] [INFO] 开始注销店铺 厨邦
[2021-10-24 21:40:52] [INFO] 等待websocket推送短信验证码超时，即将跳过 厨邦
[2021-10-24 21:40:52] [INFO] 开始注销店铺 北海牧场
[2021-10-24 21:41:09] [INFO] 等待websocket推送短信验证码超时，即将跳过 北海牧场
[2021-10-24 21:41:09] [INFO] 本轮店铺已执行完，即将开始获取下一轮店铺
[2021-10-24 21:41:09] [INFO] 当前接口获取到的店铺列表和上一轮一致，认为接口缓存还未刷新，即将尝试刷新缓存
[2021-10-24 21:41:10] [INFO] 理论上缓存已经刷新成功，如页面未成功自动刷新请及时反馈
[2021-10-24 21:41:11] [INFO] 本轮运行获取到 10 家店铺会员信息
[2021-10-24 21:41:12] [INFO] 开始注销店铺 茵曼会员卡
[2021-10-24 21:41:20] [INFO] 正在通过本地引擎识别
[2021-10-24 21:41:27] [INFO] 本次运行已成功注销店铺会员数量为： 7
[2021-10-24 21:41:27] [INFO] 开始注销店铺 亨利摩根
[2021-10-24 21:41:35] [INFO] 正在通过本地引擎识别
[2021-10-24 21:41:42] [INFO] 本次运行已成功注销店铺会员数量为： 8
[2021-10-24 21:41:42] [INFO] 开始注销店铺 木瓜膏会员卡
[2021-10-24 21:41:47] [INFO] 正在通过本地引擎识别
[2021-10-24 21:41:54] [INFO] 本次运行已成功注销店铺会员数量为： 9
[2021-10-24 21:41:54] [INFO] 开始注销店铺 夏娃之秀会员
[2021-10-24 21:42:05] [INFO] 正在通过本地引擎识别
[2021-10-24 21:42:12] [INFO] 本次运行已成功注销店铺会员数量为： 10
[2021-10-24 21:42:12] [INFO] 开始注销店铺 拉菲会员体系
[2021-10-24 21:42:21] [INFO] 正在通过本地引擎识别
[2021-10-24 21:42:27] [INFO] 本次运行已成功注销店铺会员数量为： 11
[2021-10-24 21:42:27] [INFO] 开始注销店铺 李宁品牌VIP
[2021-10-24 21:42:43] [INFO] 等待websocket推送短信验证码超时，即将跳过 李宁品牌VIP
[2021-10-24 21:42:44] [INFO] 开始注销店铺 AMD品牌会员
[2021-10-24 21:42:54] [INFO] 正在通过本地引擎识别
[2021-10-24 21:43:00] [INFO] 本次运行已成功注销店铺会员数量为： 12
[2021-10-24 21:43:00] [INFO] 开始注销店铺 炊大皇尊享卡
[2021-10-24 21:43:12] [INFO] 正在通过本地引擎识别
[2021-10-24 21:43:18] [INFO] 本次运行已成功注销店铺会员数量为： 13
[2021-10-24 21:43:18] [INFO] 开始注销店铺 厨邦
[2021-10-24 21:43:28] [INFO] 正在通过本地引擎识别
[2021-10-24 21:43:34] [INFO] 本次运行已成功注销店铺会员数量为： 14
[2021-10-24 21:43:35] [INFO] 开始注销店铺 北海牧场
[2021-10-24 21:43:45] [INFO] 正在通过本地引擎识别
[2021-10-24 21:43:51] [INFO] 本次运行已成功注销店铺会员数量为： 15
[2021-10-24 21:43:51] [INFO] 本轮店铺已执行完，即将开始获取下一轮店铺
[2021-10-24 22:09:50] [INFO] 本轮运行获取到 10 家店铺会员信息
[2021-10-24 22:09:52] [INFO] 开始注销店铺 东北农嫂VIP
[2021-10-24 22:10:03] [INFO] 正在通过本地引擎识别
[2021-10-24 22:10:09] [INFO] 本次运行已成功注销店铺会员数量为： 1
[2021-10-24 22:10:09] [INFO] 开始注销店铺 碧生源专属会员
[2021-10-24 22:10:26] [INFO] 等待websocket推送短信验证码超时，即将跳过 碧生源专属会员
[2021-10-24 22:10:26] [INFO] 开始注销店铺 燕京啤酒
[2021-10-24 22:10:38] [INFO] 正在通过本地引擎识别
[2021-10-24 22:10:45] [INFO] 本次运行已成功注销店铺会员数量为： 2
[2021-10-24 22:10:45] [INFO] 开始注销店铺 李宁品牌VIP
[2021-10-24 22:11:01] [INFO] 等待websocket推送短信验证码超时，即将跳过 李宁品牌VIP
[2021-10-24 22:11:02] [INFO] 开始注销店铺 脉动
[2021-10-24 22:11:15] [INFO] 正在通过本地引擎识别
[2021-10-24 22:11:21] [INFO] 本次运行已成功注销店铺会员数量为： 3
[2021-10-24 22:11:21] [INFO] 开始注销店铺 小胖瓶
[2021-10-24 22:11:33] [INFO] 正在通过本地引擎识别
[2021-10-24 22:11:39] [INFO] 本次运行已成功注销店铺会员数量为： 4
[2021-10-24 22:11:39] [INFO] 开始注销店铺 金松缤纷卡
[2021-10-24 22:11:51] [INFO] 正在通过本地引擎识别
[2021-10-24 22:11:53] [INFO] 验证码位置点击错误，尝试再试一次
[2021-10-24 22:11:55] [INFO] 正在通过本地引擎识别
[2021-10-24 22:12:00] [INFO] 本次运行已成功注销店铺会员数量为： 5
[2021-10-24 22:12:00] [INFO] 开始注销店铺 梦桥VIP会员
[2021-10-24 22:12:16] [INFO] 等待websocket推送短信验证码超时，即将跳过 梦桥VIP会员
[2021-10-24 22:12:17] [INFO] 开始注销店铺 零跑汽车
[2021-10-24 22:12:24] [INFO] 正在通过本地引擎识别
[2021-10-24 22:12:30] [INFO] 本次运行已成功注销店铺会员数量为： 6
[2021-10-24 22:12:31] [INFO] 开始注销店铺 汾酒
[2021-10-24 22:12:39] [INFO] 正在通过本地引擎识别
[2021-10-24 22:12:45] [INFO] 本次运行已成功注销店铺会员数量为： 7
[2021-10-24 22:12:45] [INFO] 本轮店铺已执行完，即将开始获取下一轮店铺
[2021-10-24 22:12:46] [INFO] 当前接口获取到的店铺列表和上一轮一致，认为接口缓存还未刷新，即将尝试刷新缓存
[2021-10-24 22:12:46] [INFO] 理论上缓存已经刷新成功，如页面未成功自动刷新请及时反馈
[2021-10-24 22:12:47] [INFO] 本轮运行获取到 10 家店铺会员信息
[2021-10-24 22:12:47] [INFO] 开始注销店铺 三元
[2021-10-24 22:12:54] [INFO] 正在通过本地引擎识别
[2021-10-24 22:13:00] [INFO] 本次运行已成功注销店铺会员数量为： 8
[2021-10-24 22:13:00] [INFO] 开始注销店铺 碧生源专属会员
[2021-10-24 22:13:09] [INFO] 正在通过本地引擎识别
[2021-10-24 22:13:15] [INFO] 本次运行已成功注销店铺会员数量为： 9
[2021-10-24 22:13:16] [INFO] 开始注销店铺 金龙鱼
[2021-10-24 22:13:32] [INFO] 等待websocket推送短信验证码超时，即将跳过 金龙鱼
[2021-10-24 22:13:32] [INFO] 开始注销店铺 百吉福会员
[2021-10-24 22:13:39] [INFO] 正在通过本地引擎识别
[2021-10-24 22:13:45] [INFO] 本次运行已成功注销店铺会员数量为： 10
[2021-10-24 22:13:46] [INFO] 开始注销店铺 SP品牌会员
[2021-10-24 22:13:57] [INFO] 正在通过本地引擎识别
[2021-10-24 22:14:03] [INFO] 本次运行已成功注销店铺会员数量为： 11
[2021-10-24 22:14:04] [INFO] 开始注销店铺 李宁品牌VIP
[2021-10-24 22:14:20] [INFO] 等待websocket推送短信验证码超时，即将跳过 李宁品牌VIP
[2021-10-24 22:14:20] [INFO] 开始注销店铺 三胖蛋
[2021-10-24 22:14:30] [INFO] 正在通过本地引擎识别
[2021-10-24 22:14:37] [INFO] 本次运行已成功注销店铺会员数量为： 12
[2021-10-24 22:14:37] [INFO] 开始注销店铺 奇瑞新能源
[2021-10-24 22:14:48] [INFO] 正在通过本地引擎识别
[2021-10-24 22:14:55] [INFO] 本次运行已成功注销店铺会员数量为： 13
[2021-10-24 22:14:55] [INFO] 开始注销店铺 梦桥VIP会员
[2021-10-24 22:15:03] [INFO] 正在通过本地引擎识别
[2021-10-24 22:15:09] [INFO] 本次运行已成功注销店铺会员数量为： 14
[2021-10-24 22:15:10] [INFO] 开始注销店铺 保乐力加会员
[2021-10-24 22:15:26] [INFO] 等待websocket推送短信验证码超时，即将跳过 保乐力加会员
[2021-10-24 22:15:26] [INFO] 本轮店铺已执行完，即将开始获取下一轮店铺
[2021-10-24 22:15:48] [INFO] 本轮运行获取到 10 家店铺会员信息
[2021-10-24 22:15:50] [INFO] 开始注销店铺 三元
[2021-10-24 22:15:50] [INFO] 当前店铺退会链接已失效，暂判定为缓存导致，正在尝试清除卡包列表缓存...
[2021-10-24 22:15:50] [INFO] 理论上缓存已经刷新成功，如项目未继续执行请及时反馈
[2021-10-24 22:15:50] [INFO] 本轮店铺已执行完，即将开始获取下一轮店铺
[2021-10-24 22:15:51] [INFO] 本轮运行获取到 10 家店铺会员信息
[2021-10-24 22:15:51] [INFO] 开始注销店铺 五色养
[2021-10-24 22:16:07] [INFO] 等待websocket推送短信验证码超时，即将跳过 五色养
[2021-10-24 22:16:08] [INFO] 开始注销店铺 金龙鱼
[2021-10-24 22:16:19] [INFO] 正在通过本地引擎识别
[2021-10-24 22:16:25] [INFO] 本次运行已成功注销店铺会员数量为： 1
[2021-10-24 22:16:26] [INFO] 开始注销店铺 李宁品牌VIP
[2021-10-24 22:16:42] [INFO] 等待websocket推送短信验证码超时，即将跳过 李宁品牌VIP
[2021-10-24 22:16:43] [INFO] 开始注销店铺 今世缘
[2021-10-24 22:16:52] [INFO] 正在通过本地引擎识别
[2021-10-24 22:16:59] [INFO] 本次运行已成功注销店铺会员数量为： 2
[2021-10-24 22:16:59] [INFO] 开始注销店铺 MASTO
[2021-10-24 22:17:13] [INFO] 正在通过本地引擎识别
[2021-10-24 22:17:16] [INFO] 验证码位置点击错误，尝试再试一次
[2021-10-24 22:17:17] [INFO] 正在通过本地引擎识别
[2021-10-24 22:17:22] [INFO] 本次运行已成功注销店铺会员数量为： 3
[2021-10-24 22:17:22] [INFO] 开始注销店铺 卫神京东旗舰店
[2021-10-24 22:17:34] [INFO] 正在通过本地引擎识别
[2021-10-24 22:17:40] [INFO] 本次运行已成功注销店铺会员数量为： 4
[2021-10-24 22:17:41] [INFO] 开始注销店铺 董酒自营VIP
[2021-10-24 22:17:52] [INFO] 正在通过本地引擎识别
[2021-10-24 22:17:58] [INFO] 本次运行已成功注销店铺会员数量为： 5
[2021-10-24 22:17:58] [INFO] 开始注销店铺 菲安妮品牌会员
[2021-10-24 22:18:07] [INFO] 正在通过本地引擎识别
[2021-10-24 22:18:10] [INFO] 验证码位置点击错误，尝试再试一次
[2021-10-24 22:18:11] [INFO] 正在通过本地引擎识别
[2021-10-24 22:18:16] [INFO] 本次运行已成功注销店铺会员数量为： 6
[2021-10-24 22:18:16] [INFO] 开始注销店铺 保乐力加会员
[2021-10-24 22:18:25] [INFO] 正在通过本地引擎识别
[2021-10-24 22:18:31] [INFO] 本次运行已成功注销店铺会员数量为： 7
[2021-10-24 22:18:32] [INFO] 开始注销店铺 卡乐比
[2021-10-24 22:18:40] [INFO] 正在通过本地引擎识别
[2021-10-24 22:18:46] [INFO] 本次运行已成功注销店铺会员数量为： 8
[2021-10-24 22:18:46] [INFO] 本轮店铺已执行完，即将开始获取下一轮店铺
[2021-10-24 22:18:47] [INFO] 当前接口获取到的店铺列表和上一轮一致，认为接口缓存还未刷新，即将尝试刷新缓存
[2021-10-24 22:18:48] [INFO] 理论上缓存已经刷新成功，如页面未成功自动刷新请及时反馈
[2021-10-24 22:18:49] [INFO] 本轮运行获取到 10 家店铺会员信息
[2021-10-24 22:18:49] [INFO] 开始注销店铺 BIOE柠檬精
[2021-10-24 22:18:58] [INFO] 正在通过本地引擎识别
[2021-10-24 22:19:05] [INFO] 本次运行已成功注销店铺会员数量为： 9
[2021-10-24 22:19:05] [INFO] 开始注销店铺 五色养
[2021-10-24 22:19:16] [INFO] 正在通过本地引擎识别
[2021-10-24 22:19:19] [INFO] 验证码位置点击错误，尝试再试一次
[2021-10-24 22:19:20] [INFO] 正在通过本地引擎识别
[2021-10-24 22:19:25] [INFO] 本次运行已成功注销店铺会员数量为： 10
[2021-10-24 22:19:25] [INFO] 开始注销店铺 棉花朵朵
[2021-10-24 22:19:42] [INFO] 等待websocket推送短信验证码超时，即将跳过 棉花朵朵
[2021-10-24 22:19:42] [INFO] 开始注销店铺 华硕网络会员
[2021-10-24 22:19:52] [INFO] 正在通过本地引擎识别
[2021-10-24 22:19:59] [INFO] 本次运行已成功注销店铺会员数量为： 11
[2021-10-24 22:19:59] [INFO] 开始注销店铺 薇诺娜品牌会员
[2021-10-24 22:20:04] [INFO] 正在通过本地引擎识别
[2021-10-24 22:20:11] [INFO] 本次运行已成功注销店铺会员数量为： 12
[2021-10-24 22:20:11] [INFO] 开始注销店铺 徽记会员
[2021-10-24 22:20:22] [INFO] 正在通过本地引擎识别
[2021-10-24 22:20:29] [INFO] 本次运行已成功注销店铺会员数量为： 13
[2021-10-24 22:20:29] [INFO] 开始注销店铺 李宁品牌VIP
[2021-10-24 22:20:45] [INFO] 等待websocket推送短信验证码超时，即将跳过 李宁品牌VIP
[2021-10-24 22:20:45] [INFO] 开始注销店铺 京东国际会员卡
[2021-10-24 22:21:02] [INFO] 等待websocket推送短信验证码超时，即将跳过 京东国际会员卡
[2021-10-24 22:21:02] [INFO] 开始注销店铺 Hape会员
[2021-10-24 22:21:10] [INFO] 正在通过本地引擎识别
[2021-10-24 22:21:17] [INFO] 本次运行已成功注销店铺会员数量为： 14
[2021-10-24 22:21:17] [INFO] 开始注销店铺 五粮春会员
[2021-10-24 22:21:25] [INFO] 正在通过本地引擎识别
[2021-10-24 22:21:32] [INFO] 本次运行已成功注销店铺会员数量为： 15
[2021-10-24 22:21:32] [INFO] 本轮店铺已执行完，即将开始获取下一轮店铺
[2021-10-24 22:22:20] [INFO] 本轮运行获取到 10 家店铺会员信息
[2021-10-24 22:22:22] [INFO] 开始注销店铺 BIOE柠檬精
[2021-10-24 22:22:22] [INFO] 当前店铺退会链接已失效，暂判定为缓存导致，正在尝试清除卡包列表缓存...
[2021-10-24 22:22:23] [INFO] 理论上缓存已经刷新成功，如项目未继续执行请及时反馈
[2021-10-24 22:22:23] [INFO] 本轮店铺已执行完，即将开始获取下一轮店铺
[2021-10-24 22:22:24] [INFO] 本轮运行获取到 10 家店铺会员信息
[2021-10-24 22:22:25] [INFO] 开始注销店铺 波司登品牌会员
[2021-10-24 22:22:35] [INFO] 正在通过本地引擎识别
[2021-10-24 22:22:38] [INFO] 验证码位置点击错误，尝试再试一次
[2021-10-24 22:22:39] [INFO] 正在通过本地引擎识别
[2021-10-24 22:22:44] [INFO] 本次运行已成功注销店铺会员数量为： 1
[2021-10-24 22:22:45] [INFO] 开始注销店铺 飞利浦会员
[2021-10-24 22:23:01] [INFO] 等待websocket推送短信验证码超时，即将跳过 飞利浦会员
[2021-10-24 22:23:01] [INFO] 开始注销店铺 亲皙品牌会员
[2021-10-24 22:23:09] [INFO] 正在通过本地引擎识别
[2021-10-24 22:23:15] [INFO] 本次运行已成功注销店铺会员数量为： 2
[2021-10-24 22:23:15] [INFO] 开始注销店铺 棉花朵朵
[2021-10-24 22:23:24] [INFO] 正在通过本地引擎识别
[2021-10-24 22:23:30] [INFO] 本次运行已成功注销店铺会员数量为： 3
[2021-10-24 22:23:30] [INFO] 开始注销店铺 黄老五会员卡
[2021-10-24 22:23:42] [INFO] 正在通过本地引擎识别
[2021-10-24 22:23:48] [INFO] 本次运行已成功注销店铺会员数量为： 4
[2021-10-24 22:23:48] [INFO] 开始注销店铺 李宁品牌VIP
[2021-10-24 22:24:04] [INFO] 等待websocket推送短信验证码超时，即将跳过 李宁品牌VIP
[2021-10-24 22:24:05] [INFO] 开始注销店铺 京东国际会员卡
[2021-10-24 22:24:18] [INFO] 正在通过本地引擎识别
[2021-10-24 22:24:24] [INFO] 本次运行已成功注销店铺会员数量为： 5
[2021-10-24 22:24:24] [INFO] 开始注销店铺 果子熟了
[2021-10-24 22:24:33] [INFO] 正在通过本地引擎识别
[2021-10-24 22:24:36] [INFO] 验证码位置点击错误，尝试再试一次
[2021-10-24 22:24:37] [INFO] 正在通过本地引擎识别
[2021-10-24 22:24:49] [ERROR] 发生了一点小问题： ('图形验证码识别超时 果子熟了', None, None)
[2021-10-24 22:24:49] [INFO] 开始注销店铺 光明
[2021-10-24 22:25:00] [INFO] 正在通过本地引擎识别
[2021-10-24 22:25:06] [INFO] 本次运行已成功注销店铺会员数量为： 6
[2021-10-24 22:25:07] [INFO] 开始注销店铺 贝拉米大贸
[2021-10-24 22:25:15] [INFO] 正在通过本地引擎识别
[2021-10-24 22:25:21] [INFO] 本次运行已成功注销店铺会员数量为： 7
[2021-10-24 22:25:21] [INFO] 本轮店铺已执行完，即将开始获取下一轮店铺
[2021-10-24 22:25:22] [INFO] 当前接口获取到的店铺列表和上一轮一致，认为接口缓存还未刷新，即将尝试刷新缓存
[2021-10-24 22:25:23] [INFO] 理论上缓存已经刷新成功，如页面未成功自动刷新请及时反馈
[2021-10-24 22:25:23] [INFO] 本轮运行获取到 10 家店铺会员信息
[2021-10-24 22:25:24] [INFO] 开始注销店铺 吉得利知食青年
[2021-10-24 22:25:30] [INFO] 正在通过本地引擎识别
[2021-10-24 22:25:36] [INFO] 本次运行已成功注销店铺会员数量为： 8
[2021-10-24 22:25:37] [INFO] 开始注销店铺 雅兰品牌会员
[2021-10-24 22:25:45] [INFO] 正在通过本地引擎识别
[2021-10-24 22:25:51] [INFO] 本次运行已成功注销店铺会员数量为： 9
[2021-10-24 22:25:52] [INFO] 开始注销店铺 科颜氏
[2021-10-24 22:26:03] [INFO] 正在通过本地引擎识别
[2021-10-24 22:26:06] [INFO] 验证码位置点击错误，尝试再试一次
[2021-10-24 22:26:07] [INFO] 正在通过本地引擎识别
[2021-10-24 22:26:12] [INFO] 本次运行已成功注销店铺会员数量为： 10
[2021-10-24 22:26:13] [INFO] 开始注销店铺 飞利浦会员
[2021-10-24 22:26:24] [INFO] 正在通过本地引擎识别
[2021-10-24 22:26:27] [INFO] 验证码位置点击错误，尝试再试一次
[2021-10-24 22:26:28] [INFO] 正在通过本地引擎识别
[2021-10-24 22:26:40] [ERROR] 发生了一点小问题： ('图形验证码识别超时 飞利浦会员', None, None)
[2021-10-24 22:26:41] [INFO] 开始注销店铺 酩悦轩尼诗
[2021-10-24 22:26:51] [INFO] 正在通过本地引擎识别
[2021-10-24 22:26:58] [INFO] 本次运行已成功注销店铺会员数量为： 11
[2021-10-24 22:26:58] [INFO] 开始注销店铺 李宁品牌VIP
[2021-10-24 22:27:14] [INFO] 等待websocket推送短信验证码超时，即将跳过 李宁品牌VIP
[2021-10-24 22:27:14] [INFO] 开始注销店铺 四季宝店铺会员
[2021-10-24 22:27:30] [INFO] 等待websocket推送短信验证码超时，即将跳过 四季宝店铺会员
[2021-10-24 22:27:31] [INFO] 开始注销店铺 高麓圣典园
[2021-10-24 22:27:42] [INFO] 正在通过本地引擎识别
[2021-10-24 22:27:49] [INFO] 本次运行已成功注销店铺会员数量为： 12
[2021-10-24 22:27:49] [INFO] 开始注销店铺 APM星粉
[2021-10-24 22:27:57] [INFO] 正在通过本地引擎识别
[2021-10-24 22:28:04] [INFO] 本次运行已成功注销店铺会员数量为： 13
[2021-10-24 22:28:04] [INFO] 开始注销店铺 果子熟了
[2021-10-24 22:28:20] [INFO] 等待websocket推送短信验证码超时，即将跳过 果子熟了
[2021-10-24 22:28:20] [INFO] 本轮店铺已执行完，即将开始获取下一轮店铺
[2021-10-24 22:32:29] [INFO] 本轮运行获取到 10 家店铺会员信息
[2021-10-24 22:32:30] [INFO] 开始注销店铺 飞利浦会员
[2021-10-24 22:32:43] [INFO] 正在通过本地引擎识别
[2021-10-24 22:32:50] [INFO] 本次运行已成功注销店铺会员数量为： 1
[2021-10-24 22:32:50] [INFO] 开始注销店铺 罗莎庄园葡萄酒
[2021-10-24 22:33:06] [INFO] 等待websocket推送短信验证码超时，即将跳过 罗莎庄园葡萄酒
[2021-10-24 22:33:06] [INFO] 开始注销店铺 北通会员卡
[2021-10-24 22:33:19] [INFO] 正在通过本地引擎识别
[2021-10-24 22:33:26] [INFO] 本次运行已成功注销店铺会员数量为： 2
[2021-10-24 22:33:26] [INFO] 开始注销店铺 李宁品牌VIP
[2021-10-24 22:33:42] [INFO] 等待websocket推送短信验证码超时，即将跳过 李宁品牌VIP
[2021-10-24 22:33:42] [INFO] 开始注销店铺 洁碧自营旗舰店
[2021-10-24 22:33:59] [INFO] 等待websocket推送短信验证码超时，即将跳过 洁碧自营旗舰店
[2021-10-24 22:33:59] [INFO] 开始注销店铺 利菲品牌会员
[2021-10-24 22:34:07] [INFO] 正在通过本地引擎识别
[2021-10-24 22:34:14] [INFO] 本次运行已成功注销店铺会员数量为： 3
[2021-10-24 22:34:14] [INFO] 开始注销店铺 四季宝店铺会员
[2021-10-24 22:34:25] [INFO] 正在通过本地引擎识别
[2021-10-24 22:34:32] [INFO] 本次运行已成功注销店铺会员数量为： 4
[2021-10-24 22:34:32] [INFO] 开始注销店铺 VIP卡
[2021-10-24 22:34:40] [INFO] 正在通过本地引擎识别
[2021-10-24 22:34:47] [INFO] 本次运行已成功注销店铺会员数量为： 5
[2021-10-24 22:34:47] [INFO] 开始注销店铺 VIP
[2021-10-24 22:34:55] [INFO] 正在通过本地引擎识别
[2021-10-24 22:35:02] [INFO] 本次运行已成功注销店铺会员数量为： 6
[2021-10-24 22:35:02] [INFO] 开始注销店铺 果子熟了
[2021-10-24 22:35:18] [INFO] 等待websocket推送短信验证码超时，即将跳过 果子熟了
[2021-10-24 22:35:18] [INFO] 本轮店铺已执行完，即将开始获取下一轮店铺
[2021-10-24 22:35:19] [INFO] 当前接口获取到的店铺列表和上一轮一致，认为接口缓存还未刷新，即将尝试刷新缓存
[2021-10-24 22:35:19] [INFO] 理论上缓存已经刷新成功，如页面未成功自动刷新请及时反馈
[2021-10-24 22:35:20] [INFO] 本轮运行获取到 10 家店铺会员信息
[2021-10-24 22:35:20] [INFO] 开始注销店铺 洁云VIP
[2021-10-24 22:35:31] [INFO] 正在通过本地引擎识别
[2021-10-24 22:35:38] [INFO] 本次运行已成功注销店铺会员数量为： 7
[2021-10-24 22:35:38] [INFO] 开始注销店铺 百雀羚品牌会员
[2021-10-24 22:35:50] [INFO] 正在通过本地引擎识别
[2021-10-24 22:35:56] [INFO] 本次运行已成功注销店铺会员数量为： 8
[2021-10-24 22:35:56] [INFO] 开始注销店铺 箭牌会员
[2021-10-24 22:36:05] [INFO] 正在通过本地引擎识别
[2021-10-24 22:36:11] [INFO] 本次运行已成功注销店铺会员数量为： 9
[2021-10-24 22:36:11] [INFO] 开始注销店铺 罗莎庄园葡萄酒
[2021-10-24 22:36:28] [INFO] 等待websocket推送短信验证码超时，即将跳过 罗莎庄园葡萄酒
[2021-10-24 22:36:28] [INFO] 开始注销店铺 悦鲜活品牌会员
[2021-10-24 22:36:44] [INFO] 等待websocket推送短信验证码超时，即将跳过 悦鲜活品牌会员
[2021-10-24 22:36:44] [INFO] 开始注销店铺 李宁品牌VIP
[2021-10-24 22:37:01] [INFO] 等待websocket推送短信验证码超时，即将跳过 李宁品牌VIP
[2021-10-24 22:37:01] [INFO] 开始注销店铺 洁碧自营旗舰店
[2021-10-24 22:37:17] [INFO] 等待websocket推送短信验证码超时，即将跳过 洁碧自营旗舰店
[2021-10-24 22:37:17] [INFO] 开始注销店铺 果子熟了
[2021-10-24 22:37:29] [INFO] 正在通过本地引擎识别
[2021-10-24 22:37:35] [INFO] 本次运行已成功注销店铺会员数量为： 10
[2021-10-24 22:37:35] [INFO] 开始注销店铺 北极熊
[2021-10-24 22:37:47] [INFO] 正在通过本地引擎识别
[2021-10-24 22:37:50] [INFO] 验证码位置点击错误，尝试再试一次
[2021-10-24 22:37:51] [INFO] 正在通过本地引擎识别
[2021-10-24 22:37:56] [INFO] 本次运行已成功注销店铺会员数量为： 11
[2021-10-24 22:37:56] [INFO] 开始注销店铺 格力高
[2021-10-24 22:38:05] [INFO] 正在通过本地引擎识别
[2021-10-24 22:38:11] [INFO] 本次运行已成功注销店铺会员数量为： 12
[2021-10-24 22:38:11] [INFO] 本轮店铺已执行完，即将开始获取下一轮店铺
[2021-10-24 22:43:59] [INFO] 本轮运行获取到 10 家店铺会员信息
[2021-10-24 22:44:00] [INFO] 开始注销店铺 BK会员
[2021-10-24 22:44:17] [INFO] 等待websocket推送短信验证码超时，即将跳过 BK会员
[2021-10-24 22:44:17] [INFO] 开始注销店铺 可靠会员卡
[2021-10-24 22:44:27] [INFO] 正在通过本地引擎识别
[2021-10-24 22:44:34] [INFO] 本次运行已成功注销店铺会员数量为： 1
[2021-10-24 22:44:34] [INFO] 开始注销店铺 袋鼠妈妈会员卡
[2021-10-24 22:44:50] [INFO] 等待websocket推送短信验证码超时，即将跳过 袋鼠妈妈会员卡
[2021-10-24 22:44:50] [INFO] 开始注销店铺 微软商用会员
[2021-10-24 22:45:07] [INFO] 等待websocket推送短信验证码超时，即将跳过 微软商用会员
[2021-10-24 22:45:07] [INFO] 开始注销店铺 罗莎庄园葡萄酒
[2021-10-24 22:45:18] [INFO] 正在通过本地引擎识别
[2021-10-24 22:45:24] [INFO] 本次运行已成功注销店铺会员数量为： 2
[2021-10-24 22:45:24] [INFO] 开始注销店铺 悦鲜活品牌会员
[2021-10-24 22:45:36] [INFO] 正在通过本地引擎识别
[2021-10-24 22:45:42] [INFO] 本次运行已成功注销店铺会员数量为： 3
[2021-10-24 22:45:42] [INFO] 开始注销店铺 李宁品牌VIP
[2021-10-24 22:45:59] [INFO] 等待websocket推送短信验证码超时，即将跳过 李宁品牌VIP
[2021-10-24 22:45:59] [INFO] 开始注销店铺 洁碧自营旗舰店
[2021-10-24 22:46:09] [INFO] 正在通过本地引擎识别
[2021-10-24 22:46:15] [INFO] 本次运行已成功注销店铺会员数量为： 4
[2021-10-24 22:46:15] [INFO] 开始注销店铺 都市丽人品牌
[2021-10-24 22:46:32] [INFO] 等待websocket推送短信验证码超时，即将跳过 都市丽人品牌
[2021-10-24 22:46:32] [INFO] 开始注销店铺 晖致
[2021-10-24 22:46:42] [INFO] 正在通过本地引擎识别
[2021-10-24 22:46:48] [INFO] 本次运行已成功注销店铺会员数量为： 5
[2021-10-24 22:46:48] [INFO] 本轮店铺已执行完，即将开始获取下一轮店铺
[2021-10-24 22:46:49] [INFO] 当前接口获取到的店铺列表和上一轮一致，认为接口缓存还未刷新，即将尝试刷新缓存
[2021-10-24 22:46:49] [INFO] 理论上缓存已经刷新成功，如页面未成功自动刷新请及时反馈
[2021-10-24 22:46:50] [INFO] 本轮运行获取到 10 家店铺会员信息
[2021-10-24 22:46:50] [INFO] 开始注销店铺 伊粉会员卡
[2021-10-24 22:47:07] [INFO] 等待websocket推送短信验证码超时，即将跳过 伊粉会员卡
[2021-10-24 22:47:07] [INFO] 开始注销店铺 卫至 24
[2021-10-24 22:47:23] [INFO] 等待websocket推送短信验证码超时，即将跳过 卫至 24
[2021-10-24 22:47:23] [INFO] 开始注销店铺 星期六集团会员
[2021-10-24 22:47:30] [INFO] 正在通过本地引擎识别
[2021-10-24 22:47:37] [INFO] 本次运行已成功注销店铺会员数量为： 6
[2021-10-24 22:47:37] [INFO] 开始注销店铺 BK会员
[2021-10-24 22:47:53] [INFO] 等待websocket推送短信验证码超时，即将跳过 BK会员
[2021-10-24 22:47:53] [INFO] 开始注销店铺 袋鼠妈妈会员卡
[2021-10-24 22:48:00] [INFO] 正在通过本地引擎识别
[2021-10-24 22:48:06] [INFO] 本次运行已成功注销店铺会员数量为： 7
[2021-10-24 22:48:07] [INFO] 开始注销店铺 大希地VIP
[2021-10-24 22:48:15] [INFO] 正在通过本地引擎识别
[2021-10-24 22:48:22] [INFO] 本次运行已成功注销店铺会员数量为： 8
[2021-10-24 22:48:22] [INFO] 开始注销店铺 微软商用会员
[2021-10-24 22:48:38] [INFO] 等待websocket推送短信验证码超时，即将跳过 微软商用会员
[2021-10-24 22:48:38] [INFO] 开始注销店铺 李宁品牌VIP
[2021-10-24 22:48:54] [INFO] 等待websocket推送短信验证码超时，即将跳过 李宁品牌VIP
[2021-10-24 22:48:55] [INFO] 开始注销店铺 都市丽人品牌
[2021-10-24 22:49:03] [INFO] 正在通过本地引擎识别
[2021-10-24 22:49:10] [INFO] 本次运行已成功注销店铺会员数量为： 9
[2021-10-24 22:49:10] [INFO] 开始注销店铺 植粉会员
[2021-10-24 22:49:26] [INFO] 等待websocket推送短信验证码超时，即将跳过 植粉会员
[2021-10-24 22:49:26] [INFO] 本轮店铺已执行完，即将开始获取下一轮店铺
[2021-10-24 22:54:28] [INFO] 本轮运行获取到 10 家店铺会员信息
[2021-10-24 22:54:30] [INFO] 开始注销店铺 伊粉会员卡
[2021-10-24 22:54:46] [INFO] 等待websocket推送短信验证码超时，即将跳过 伊粉会员卡
[2021-10-24 22:54:46] [INFO] 开始注销店铺 卫至 24
[2021-10-24 22:55:02] [INFO] 等待websocket推送短信验证码超时，即将跳过 卫至 24
[2021-10-24 22:55:02] [INFO] 开始注销店铺 BK会员
[2021-10-24 22:55:19] [INFO] 等待websocket推送短信验证码超时，即将跳过 BK会员
[2021-10-24 22:55:19] [INFO] 开始注销店铺 拜宠清
[2021-10-24 22:55:35] [INFO] 等待websocket推送短信验证码超时，即将跳过 拜宠清
[2021-10-24 22:55:35] [INFO] 开始注销店铺 微软商用会员
[2021-10-24 22:55:52] [INFO] 等待websocket推送短信验证码超时，即将跳过 微软商用会员
[2021-10-24 22:55:52] [INFO] 开始注销店铺 李宁品牌VIP
[2021-10-24 22:56:08] [INFO] 等待websocket推送短信验证码超时，即将跳过 李宁品牌VIP
[2021-10-24 22:56:08] [INFO] 开始注销店铺 欧姆龙
[2021-10-24 22:56:25] [INFO] 等待websocket推送短信验证码超时，即将跳过 欧姆龙
[2021-10-24 22:56:25] [INFO] 开始注销店铺 植粉会员
[2021-10-24 22:56:41] [INFO] 等待websocket推送短信验证码超时，即将跳过 植粉会员
[2021-10-24 22:56:41] [INFO] 开始注销店铺 美帕会员
[2021-10-24 22:56:49] [INFO] 正在通过本地引擎识别
[2021-10-24 22:56:56] [INFO] 本次运行已成功注销店铺会员数量为： 1
[2021-10-24 22:56:56] [INFO] 开始注销店铺 海霸王会员卡
[2021-10-24 22:57:12] [INFO] 等待websocket推送短信验证码超时，即将跳过 海霸王会员卡
[2021-10-24 22:57:12] [INFO] 本轮店铺已执行完，即将开始获取下一轮店铺
[2021-10-24 22:57:13] [INFO] 当前接口获取到的店铺列表和上一轮一致，认为接口缓存还未刷新，即将尝试刷新缓存
[2021-10-24 22:57:14] [INFO] 理论上缓存已经刷新成功，如页面未成功自动刷新请及时反馈
[2021-10-24 22:57:14] [INFO] 本轮运行获取到 10 家店铺会员信息
[2021-10-24 22:57:15] [INFO] 开始注销店铺 伊粉会员卡
[2021-10-24 22:57:31] [INFO] 等待websocket推送短信验证码超时，即将跳过 伊粉会员卡
[2021-10-24 22:57:31] [INFO] 开始注销店铺 卫至 24
[2021-10-24 22:57:40] [INFO] 正在通过本地引擎识别
[2021-10-24 22:57:43] [INFO] 验证码位置点击错误，尝试再试一次
[2021-10-24 22:57:44] [INFO] 正在通过本地引擎识别
[2021-10-24 22:57:49] [INFO] 本次运行已成功注销店铺会员数量为： 2
[2021-10-24 22:57:50] [INFO] 开始注销店铺 BK会员
[2021-10-24 22:58:06] [INFO] 等待websocket推送短信验证码超时，即将跳过 BK会员
[2021-10-24 22:58:08] [INFO] 开始注销店铺 拜宠清
[2021-10-24 22:58:19] [INFO] 正在通过本地引擎识别
[2021-10-24 22:58:26] [INFO] 本次运行已成功注销店铺会员数量为： 3
[2021-10-24 22:58:26] [INFO] 开始注销店铺 微软商用会员
[2021-10-24 22:58:42] [INFO] 等待websocket推送短信验证码超时，即将跳过 微软商用会员
[2021-10-24 22:58:42] [INFO] 开始注销店铺 李宁品牌VIP
[2021-10-24 22:58:59] [INFO] 等待websocket推送短信验证码超时，即将跳过 李宁品牌VIP
[2021-10-24 22:58:59] [INFO] 开始注销店铺 欧姆龙
[2021-10-24 22:59:10] [INFO] 正在通过本地引擎识别
[2021-10-24 22:59:17] [INFO] 本次运行已成功注销店铺会员数量为： 4
[2021-10-24 22:59:17] [INFO] 开始注销店铺 植粉会员
[2021-10-24 22:59:33] [INFO] 等待websocket推送短信验证码超时，即将跳过 植粉会员
[2021-10-24 22:59:34] [INFO] 开始注销店铺 海霸王会员卡
[2021-10-24 22:59:40] [INFO] 正在通过本地引擎识别
[2021-10-24 22:59:47] [INFO] 本次运行已成功注销店铺会员数量为： 5
[2021-10-24 22:59:47] [INFO] 开始注销店铺 蔡司会员
[2021-10-24 22:59:56] [INFO] 正在通过本地引擎识别
[2021-10-24 23:00:02] [INFO] 本次运行已成功注销店铺会员数量为： 6
[2021-10-24 23:00:02] [INFO] 本轮店铺已执行完，即将开始获取下一轮店铺
[2021-10-24 23:03:07] [INFO] 本轮运行获取到 10 家店铺会员信息
[2021-10-24 23:03:10] [INFO] 开始注销店铺 伊粉会员卡
[2021-10-24 23:03:26] [INFO] 等待websocket推送短信验证码超时，即将跳过 伊粉会员卡
[2021-10-24 23:03:26] [INFO] 开始注销店铺 BK会员
[2021-10-24 23:03:32] [INFO] 正在通过本地引擎识别
[2021-10-24 23:03:39] [INFO] 本次运行已成功注销店铺会员数量为： 1
[2021-10-24 23:03:39] [INFO] 开始注销店铺 慕思尊享会员
[2021-10-24 23:03:47] [INFO] 正在通过本地引擎识别
[2021-10-24 23:03:53] [INFO] 本次运行已成功注销店铺会员数量为： 2
[2021-10-24 23:03:54] [INFO] 开始注销店铺 微软商用会员
[2021-10-24 23:04:02] [INFO] 正在通过本地引擎识别
[2021-10-24 23:04:08] [INFO] 本次运行已成功注销店铺会员数量为： 3
[2021-10-24 23:04:09] [INFO] 开始注销店铺 李宁品牌VIP
[2021-10-24 23:04:25] [INFO] 等待websocket推送短信验证码超时，即将跳过 李宁品牌VIP
[2021-10-24 23:04:25] [INFO] 开始注销店铺 植粉会员
[2021-10-24 23:04:35] [INFO] 正在通过本地引擎识别
[2021-10-24 23:04:42] [INFO] 本次运行已成功注销店铺会员数量为： 4
[2021-10-24 23:04:42] [INFO] 开始注销店铺 丹米琦会员
[2021-10-24 23:04:50] [INFO] 正在通过本地引擎识别
[2021-10-24 23:04:57] [INFO] 本次运行已成功注销店铺会员数量为： 5
[2021-10-24 23:04:57] [INFO] 开始注销店铺 摩恩会员卡
[2021-10-24 23:05:08] [INFO] 正在通过本地引擎识别
[2021-10-24 23:05:15] [INFO] 本次运行已成功注销店铺会员数量为： 6
[2021-10-24 23:05:15] [INFO] 开始注销店铺 绿之源品牌会员
[2021-10-24 23:05:23] [INFO] 正在通过本地引擎识别
[2021-10-24 23:05:26] [INFO] 验证码位置点击错误，尝试再试一次
[2021-10-24 23:05:27] [INFO] 正在通过本地引擎识别
[2021-10-24 23:05:33] [INFO] 本次运行已成功注销店铺会员数量为： 7
[2021-10-24 23:05:33] [INFO] 开始注销店铺 奇姬
[2021-10-24 23:05:41] [INFO] 正在通过本地引擎识别
[2021-10-24 23:05:44] [INFO] 验证码位置点击错误，尝试再试一次
[2021-10-24 23:05:45] [INFO] 正在通过本地引擎识别
[2021-10-24 23:05:51] [INFO] 本次运行已成功注销店铺会员数量为： 8
[2021-10-24 23:05:51] [INFO] 本轮店铺已执行完，即将开始获取下一轮店铺
[2021-10-24 23:05:51] [INFO] 当前接口获取到的店铺列表和上一轮一致，认为接口缓存还未刷新，即将尝试刷新缓存
[2021-10-24 23:05:52] [INFO] 理论上缓存已经刷新成功，如页面未成功自动刷新请及时反馈
[2021-10-24 23:05:53] [INFO] 本轮运行获取到 10 家店铺会员信息
[2021-10-24 23:05:53] [INFO] 开始注销店铺 伊粉会员卡
[2021-10-24 23:06:00] [INFO] 正在通过本地引擎识别
[2021-10-24 23:06:06] [INFO] 本次运行已成功注销店铺会员数量为： 9
[2021-10-24 23:06:06] [INFO] 开始注销店铺 妈咪爱会员
[2021-10-24 23:06:17] [INFO] 正在通过本地引擎识别
[2021-10-24 23:06:24] [INFO] 本次运行已成功注销店铺会员数量为： 10
[2021-10-24 23:06:24] [INFO] 开始注销店铺 茶里专属会员卡
[2021-10-24 23:06:32] [INFO] 正在通过本地引擎识别
[2021-10-24 23:06:35] [INFO] 验证码位置点击错误，尝试再试一次
[2021-10-24 23:06:36] [INFO] 正在通过本地引擎识别
[2021-10-24 23:06:42] [INFO] 本次运行已成功注销店铺会员数量为： 11
[2021-10-24 23:06:42] [INFO] 开始注销店铺 菲婷丝
[2021-10-24 23:06:58] [INFO] 等待websocket推送短信验证码超时，即将跳过 菲婷丝
[2021-10-24 23:06:58] [INFO] 开始注销店铺 李宁品牌VIP
[2021-10-24 23:07:15] [INFO] 等待websocket推送短信验证码超时，即将跳过 李宁品牌VIP
[2021-10-24 23:07:15] [INFO] 开始注销店铺 雀巢健康科学
[2021-10-24 23:07:24] [INFO] 正在通过本地引擎识别
[2021-10-24 23:07:30] [INFO] 本次运行已成功注销店铺会员数量为： 12
[2021-10-24 23:07:30] [INFO] 开始注销店铺 菊乐
[2021-10-24 23:07:39] [INFO] 正在通过本地引擎识别
[2021-10-24 23:07:45] [INFO] 本次运行已成功注销店铺会员数量为： 13
[2021-10-24 23:07:45] [INFO] 开始注销店铺 HAZZYS
[2021-10-24 23:07:54] [INFO] 正在通过本地引擎识别
[2021-10-24 23:08:00] [INFO] 本次运行已成功注销店铺会员数量为： 14
[2021-10-24 23:08:00] [INFO] 开始注销店铺 衡水老白干
[2021-10-24 23:08:09] [INFO] 正在通过本地引擎识别
[2021-10-24 23:10:53] [ERROR] 发生了一点小问题： ('stale element reference: element is not attached to the page document\n  (Session info: chrome=94.0.4606.81)', None, None)
[2021-10-24 23:10:54] [INFO] 开始注销店铺 裕道府VIP
[2021-10-24 23:11:06] [INFO] 正在通过本地引擎识别
[2021-10-24 23:11:36] [ERROR] 发生了一点小问题： ('stale element reference: element is not attached to the page document\n  (Session info: chrome=94.0.4606.81)', None, None)
[2021-10-24 23:11:36] [INFO] 本轮店铺已执行完，即将开始获取下一轮店铺
[2021-10-24 23:11:38] [INFO] 本轮运行获取到 10 家店铺会员信息
[2021-10-24 23:11:38] [INFO] 开始注销店铺 菲婷丝
[2021-10-24 23:11:54] [INFO] 等待websocket推送短信验证码超时，即将跳过 菲婷丝
[2021-10-24 23:12:02] [INFO] 开始注销店铺 奥兰葡萄酒
[2021-10-24 23:12:12] [INFO] 正在通过本地引擎识别
[2021-10-24 23:12:19] [INFO] 本次运行已成功注销店铺会员数量为： 15
[2021-10-24 23:12:19] [INFO] 开始注销店铺 李宁品牌VIP
[2021-10-24 23:12:35] [INFO] 等待websocket推送短信验证码超时，即将跳过 李宁品牌VIP
[2021-10-24 23:12:35] [INFO] 开始注销店铺 太粮米业会员
[2021-10-24 23:12:52] [INFO] 等待websocket推送短信验证码超时，即将跳过 太粮米业会员
[2021-10-24 23:12:52] [INFO] 开始注销店铺 迎驾贡酒会员
[2021-10-24 23:13:08] [INFO] 等待websocket推送短信验证码超时，即将跳过 迎驾贡酒会员
[2021-10-24 23:13:08] [INFO] 开始注销店铺 郎牌特曲VIP
[2021-10-24 23:13:25] [INFO] 等待websocket推送短信验证码超时，即将跳过 郎牌特曲VIP
[2021-10-24 23:13:25] [INFO] 开始注销店铺 容声品牌会员
[2021-10-24 23:13:41] [INFO] 等待websocket推送短信验证码超时，即将跳过 容声品牌会员
[2021-10-24 23:13:41] [INFO] 开始注销店铺 大王
[2021-10-24 23:13:55] [INFO] 正在通过本地引擎识别
[2021-10-24 23:14:02] [INFO] 本次运行已成功注销店铺会员数量为： 16
[2021-10-24 23:14:02] [INFO] 开始注销店铺 仰韶彩陶坊
[2021-10-24 23:14:18] [INFO] 等待websocket推送短信验证码超时，即将跳过 仰韶彩陶坊
[2021-10-24 23:14:19] [INFO] 开始注销店铺 苏菲娜品牌会员
[2021-10-24 23:14:28] [INFO] 正在通过本地引擎识别
[2021-10-24 23:14:34] [INFO] 本次运行已成功注销店铺会员数量为： 17
[2021-10-24 23:14:34] [INFO] 本轮店铺已执行完，即将开始获取下一轮店铺
