[2021-08-22 08:04:13] [INFO] 本轮运行获取到 27 家店铺会员信息
[2021-08-22 08:04:14] [INFO] 开始注销店铺 爱舒乐会员卡
[2021-08-22 08:05:12] [WARNING] config.yaml中的cookie值有误，请确保pt_key和pt_pin都存在，如都存在请检查cookie是否失效
[2021-08-22 08:06:27] [WARNING] config.yaml中的cookie值有误，请确保pt_key和pt_pin都存在，如都存在请检查cookie是否失效
[2021-08-22 08:10:17] [INFO] 本轮运行获取到 50 家店铺会员信息
[2021-08-22 08:10:18] [INFO] 开始注销店铺 爱舒乐会员卡
[2021-08-22 08:10:26] [INFO] 正在通过本地引擎识别
[2021-08-22 08:10:32] [INFO] 本次运行已成功注销店铺会员数量为： 1
[2021-08-22 08:10:33] [INFO] 开始注销店铺 霸王洗发水
[2021-08-22 08:10:40] [INFO] 正在通过本地引擎识别
[2021-08-22 08:10:47] [INFO] 本次运行已成功注销店铺会员数量为： 2
[2021-08-22 08:10:47] [INFO] 开始注销店铺 黄飞红功夫家族
[2021-08-22 08:10:56] [INFO] 正在通过本地引擎识别
[2021-08-22 08:11:02] [INFO] 本次运行已成功注销店铺会员数量为： 3
[2021-08-22 08:11:02] [INFO] 开始注销店铺 小皮品牌会员
[2021-08-22 08:11:11] [INFO] 正在通过本地引擎识别
[2021-08-22 08:11:18] [INFO] 本次运行已成功注销店铺会员数量为： 4
[2021-08-22 08:11:18] [INFO] 开始注销店铺 好太太VIP
[2021-08-22 08:11:29] [INFO] 正在通过本地引擎识别
[2021-08-22 08:11:35] [INFO] 本次运行已成功注销店铺会员数量为： 5
[2021-08-22 08:11:35] [INFO] 开始注销店铺 麦富迪
[2021-08-22 08:11:41] [INFO] 正在通过本地引擎识别
[2021-08-22 08:11:48] [INFO] 本次运行已成功注销店铺会员数量为： 6
[2021-08-22 08:11:48] [INFO] 开始注销店铺 全棉时代
[2021-08-22 08:11:59] [INFO] 正在通过本地引擎识别
[2021-08-22 08:12:05] [INFO] 本次运行已成功注销店铺会员数量为： 7
[2021-08-22 08:12:05] [INFO] 开始注销店铺 红星二锅头
[2021-08-22 08:12:14] [INFO] 正在通过本地引擎识别
[2021-08-22 08:12:17] [INFO] 验证码位置点击错误，尝试再试一次
[2021-08-22 08:12:18] [INFO] 正在通过本地引擎识别
[2021-08-22 08:12:24] [INFO] 本次运行已成功注销店铺会员数量为： 8
[2021-08-22 08:12:24] [INFO] 开始注销店铺 金沙VIP
[2021-08-22 08:12:32] [INFO] 正在通过本地引擎识别
[2021-08-22 08:12:38] [INFO] 本次运行已成功注销店铺会员数量为： 9
[2021-08-22 08:12:39] [INFO] 开始注销店铺 好孩子
[2021-08-22 08:12:47] [INFO] 正在通过本地引擎识别
[2021-08-22 08:12:53] [INFO] 本次运行已成功注销店铺会员数量为： 10
[2021-08-22 08:12:54] [INFO] 开始注销店铺 阿道夫
[2021-08-22 08:12:59] [INFO] 正在通过本地引擎识别
[2021-08-22 08:13:06] [INFO] 本次运行已成功注销店铺会员数量为： 11
[2021-08-22 08:13:06] [INFO] 开始注销店铺 来伊份旗舰店
[2021-08-22 08:13:17] [INFO] 正在通过本地引擎识别
[2021-08-22 08:13:20] [INFO] 验证码位置点击错误，尝试再试一次
[2021-08-22 08:13:21] [INFO] 正在通过本地引擎识别
[2021-08-22 08:13:27] [INFO] 本次运行已成功注销店铺会员数量为： 12
[2021-08-22 08:13:27] [INFO] 开始注销店铺 海尔
[2021-08-22 08:13:35] [INFO] 正在通过本地引擎识别
[2021-08-22 08:13:42] [INFO] 本次运行已成功注销店铺会员数量为： 13
[2021-08-22 08:13:42] [INFO] 开始注销店铺 家庭清洁师
[2021-08-22 08:13:50] [INFO] 正在通过本地引擎识别
[2021-08-22 08:13:57] [INFO] 本次运行已成功注销店铺会员数量为： 14
[2021-08-22 08:13:57] [INFO] 开始注销店铺 维他奶
[2021-08-22 08:14:05] [INFO] 正在通过本地引擎识别
[2021-08-22 08:14:12] [INFO] 本次运行已成功注销店铺会员数量为： 15
[2021-08-22 08:14:12] [INFO] 开始注销店铺 伊利金领冠
[2021-08-22 08:14:20] [INFO] 正在通过本地引擎识别
[2021-08-22 08:14:27] [INFO] 本次运行已成功注销店铺会员数量为： 16
[2021-08-22 08:14:27] [INFO] 开始注销店铺 孩之宝
[2021-08-22 08:14:35] [INFO] 正在通过本地引擎识别
[2021-08-22 08:14:42] [INFO] 本次运行已成功注销店铺会员数量为： 17
[2021-08-22 08:14:42] [INFO] 开始注销店铺 和路雪会员卡
[2021-08-22 08:14:50] [INFO] 正在通过本地引擎识别
[2021-08-22 08:14:57] [INFO] 本次运行已成功注销店铺会员数量为： 18
[2021-08-22 08:14:57] [INFO] 开始注销店铺 相宜本草
[2021-08-22 08:15:58] [INFO] 等待websocket推送短信验证码超时，即将跳过 相宜本草
[2021-08-22 08:15:58] [INFO] 开始注销店铺 洽洽
[2021-08-22 08:17:00] [INFO] 等待websocket推送短信验证码超时，即将跳过 洽洽
[2021-08-22 08:17:00] [INFO] 开始注销店铺 益肤品牌会员
[2021-08-22 08:18:01] [INFO] 等待websocket推送短信验证码超时，即将跳过 益肤品牌会员
[2021-08-22 08:18:01] [INFO] 开始注销店铺 欧舒丹丹粉
[2021-08-22 08:18:12] [INFO] 正在通过本地引擎识别
[2021-08-22 08:18:15] [INFO] 验证码位置点击错误，尝试再试一次
[2021-08-22 08:18:16] [INFO] 正在通过本地引擎识别
[2021-08-22 08:18:22] [INFO] 本次运行已成功注销店铺会员数量为： 19
[2021-08-22 08:18:22] [INFO] 开始注销店铺 多多宠粉卡
[2021-08-22 08:18:30] [INFO] 正在通过本地引擎识别
[2021-08-22 08:18:36] [INFO] 本次运行已成功注销店铺会员数量为： 20
[2021-08-22 08:18:36] [INFO] 开始注销店铺 加州乐事自营
[2021-08-22 08:18:45] [INFO] 正在通过本地引擎识别
[2021-08-22 08:18:51] [INFO] 本次运行已成功注销店铺会员数量为： 21
[2021-08-22 08:18:52] [INFO] 开始注销店铺 三元奶粉
[2021-08-22 08:19:03] [INFO] 正在通过本地引擎识别
[2021-08-22 08:19:09] [INFO] 本次运行已成功注销店铺会员数量为： 22
[2021-08-22 08:19:10] [INFO] 开始注销店铺 桂冠美食卡
[2021-08-22 08:19:18] [INFO] 正在通过本地引擎识别
[2021-08-22 08:19:21] [INFO] 验证码位置点击错误，尝试再试一次
[2021-08-22 08:19:22] [INFO] 正在通过本地引擎识别
[2021-08-22 08:19:27] [INFO] 本次运行已成功注销店铺会员数量为： 23
[2021-08-22 08:19:28] [INFO] 开始注销店铺 韩束
[2021-08-22 08:19:36] [INFO] 正在通过本地引擎识别
[2021-08-22 08:19:43] [INFO] 本次运行已成功注销店铺会员数量为： 24
[2021-08-22 08:19:43] [INFO] 开始注销店铺 盛宝
[2021-08-22 08:19:54] [INFO] 正在通过本地引擎识别
[2021-08-22 08:20:01] [INFO] 本次运行已成功注销店铺会员数量为： 25
[2021-08-22 08:20:01] [INFO] 开始注销店铺 君乐宝奶粉
[2021-08-22 08:20:09] [INFO] 正在通过本地引擎识别
[2021-08-22 08:20:16] [INFO] 本次运行已成功注销店铺会员数量为： 26
[2021-08-22 08:20:16] [INFO] 开始注销店铺 vivo
[2021-08-22 08:20:24] [INFO] 正在通过本地引擎识别
[2021-08-22 08:20:31] [INFO] 本次运行已成功注销店铺会员数量为： 27
[2021-08-22 08:20:31] [INFO] 开始注销店铺 花王妙而舒
[2021-08-22 08:20:42] [INFO] 正在通过本地引擎识别
[2021-08-22 08:20:49] [INFO] 本次运行已成功注销店铺会员数量为： 28
[2021-08-22 08:20:49] [INFO] 开始注销店铺 杰士邦
[2021-08-22 08:20:57] [INFO] 正在通过本地引擎识别
[2021-08-22 08:21:04] [INFO] 本次运行已成功注销店铺会员数量为： 29
[2021-08-22 08:21:04] [INFO] 开始注销店铺 对子哈特
[2021-08-22 08:21:15] [INFO] 正在通过本地引擎识别
[2021-08-22 08:21:22] [INFO] 本次运行已成功注销店铺会员数量为： 30
[2021-08-22 08:21:22] [INFO] 开始注销店铺 来伊份
[2021-08-22 08:21:30] [INFO] 正在通过本地引擎识别
[2021-08-22 08:21:37] [INFO] 本次运行已成功注销店铺会员数量为： 31
[2021-08-22 08:21:37] [INFO] 开始注销店铺 蒙牛
[2021-08-22 08:21:42] [INFO] 正在通过本地引擎识别
[2021-08-22 08:21:49] [INFO] 本次运行已成功注销店铺会员数量为： 32
[2021-08-22 08:21:49] [INFO] 开始注销店铺 索粉卡
[2021-08-22 08:21:55] [INFO] 正在通过本地引擎识别
[2021-08-22 08:22:01] [INFO] 本次运行已成功注销店铺会员数量为： 33
[2021-08-22 08:22:02] [INFO] 开始注销店铺 徐福记
[2021-08-22 08:22:19] [INFO] 正在通过本地引擎识别
[2021-08-22 08:22:25] [INFO] 本次运行已成功注销店铺会员数量为： 34
[2021-08-22 08:22:25] [INFO] 开始注销店铺 伊利成人粉
[2021-08-22 08:22:57] [ERROR] 发生了一点小问题： ('发送短信验证码超时 伊利成人粉', None, None)
[2021-08-22 08:22:57] [INFO] 开始注销店铺 添宁会员俱乐部
[2021-08-22 08:23:10] [INFO] 正在通过本地引擎识别
[2021-08-22 08:23:16] [INFO] 本次运行已成功注销店铺会员数量为： 35
[2021-08-22 08:23:17] [INFO] 开始注销店铺 包大人会员卡
[2021-08-22 08:23:28] [INFO] 正在通过本地引擎识别
[2021-08-22 08:23:34] [INFO] 本次运行已成功注销店铺会员数量为： 36
[2021-08-22 08:23:35] [INFO] 开始注销店铺 郎酒旗舰店会员
[2021-08-22 08:23:46] [INFO] 正在通过本地引擎识别
[2021-08-22 08:23:53] [INFO] 本次运行已成功注销店铺会员数量为： 37
[2021-08-22 08:23:53] [INFO] 开始注销店铺 香丹清
[2021-08-22 08:24:01] [INFO] 正在通过本地引擎识别
[2021-08-22 08:24:07] [INFO] 本次运行已成功注销店铺会员数量为： 38
[2021-08-22 08:24:08] [INFO] 开始注销店铺 三诺
[2021-08-22 08:24:19] [INFO] 正在通过本地引擎识别
[2021-08-22 08:24:26] [INFO] 本次运行已成功注销店铺会员数量为： 39
[2021-08-22 08:24:26] [INFO] 开始注销店铺 斑布
[2021-08-22 08:24:40] [INFO] 正在通过本地引擎识别
[2021-08-22 08:24:47] [INFO] 本次运行已成功注销店铺会员数量为： 40
[2021-08-22 08:24:47] [INFO] 开始注销店铺 太太乐
[2021-08-22 08:24:58] [INFO] 正在通过本地引擎识别
[2021-08-22 08:25:05] [INFO] 本次运行已成功注销店铺会员数量为： 41
[2021-08-22 08:25:05] [INFO] 开始注销店铺 可口可乐
[2021-08-22 08:25:16] [INFO] 正在通过本地引擎识别
[2021-08-22 08:25:23] [INFO] 本次运行已成功注销店铺会员数量为： 42
[2021-08-22 08:25:23] [INFO] 开始注销店铺 元气森林
[2021-08-22 08:25:34] [INFO] 正在通过本地引擎识别
[2021-08-22 08:25:41] [INFO] 本次运行已成功注销店铺会员数量为： 43
[2021-08-22 08:25:41] [INFO] 开始注销店铺 青蛙王子储值卡
[2021-08-22 08:25:52] [INFO] 正在通过本地引擎识别
[2021-08-22 08:25:59] [INFO] 本次运行已成功注销店铺会员数量为： 44
[2021-08-22 08:25:59] [INFO] 开始注销店铺 福临门米面
[2021-08-22 08:26:10] [INFO] 正在通过本地引擎识别
[2021-08-22 08:26:13] [INFO] 验证码位置点击错误，尝试再试一次
[2021-08-22 08:26:14] [INFO] 正在通过本地引擎识别
[2021-08-22 08:26:21] [INFO] 本次运行已成功注销店铺会员数量为： 45
[2021-08-22 08:26:21] [INFO] 开始注销店铺 官方会员卡
[2021-08-22 08:26:28] [INFO] 正在通过本地引擎识别
[2021-08-22 08:26:31] [INFO] 验证码位置点击错误，尝试再试一次
[2021-08-22 08:26:32] [INFO] 正在通过本地引擎识别
[2021-08-22 08:26:38] [INFO] 本次运行已成功注销店铺会员数量为： 46
[2021-08-22 08:26:38] [INFO] 本轮店铺已执行完，即将开始获取下一轮店铺
[2021-08-22 08:26:40] [INFO] 本轮运行获取到 50 家店铺会员信息
[2021-08-22 08:26:40] [INFO] 开始注销店铺 蓝河会员卡
[2021-08-22 08:26:46] [INFO] 正在通过本地引擎识别
[2021-08-22 08:26:50] [INFO] 验证码位置点击错误，尝试再试一次
[2021-08-22 08:26:51] [INFO] 正在通过本地引擎识别
[2021-08-22 08:26:56] [INFO] 本次运行已成功注销店铺会员数量为： 47
[2021-08-22 08:26:56] [INFO] 开始注销店铺 疯狂的小狗
[2021-08-22 08:27:08] [INFO] 正在通过本地引擎识别
[2021-08-22 08:27:14] [INFO] 本次运行已成功注销店铺会员数量为： 48
[2021-08-22 08:27:15] [INFO] 开始注销店铺 中磐粮油会员
[2021-08-22 08:27:23] [INFO] 正在通过本地引擎识别
[2021-08-22 08:27:29] [INFO] 本次运行已成功注销店铺会员数量为： 49
[2021-08-22 08:27:30] [INFO] 开始注销店铺 润本品牌会员
[2021-08-22 08:27:41] [INFO] 正在通过本地引擎识别
[2021-08-22 08:27:47] [INFO] 本次运行已成功注销店铺会员数量为： 50
[2021-08-22 08:27:48] [INFO] 开始注销店铺 柏翠丝
[2021-08-22 08:27:59] [INFO] 正在通过本地引擎识别
[2021-08-22 08:28:05] [INFO] 本次运行已成功注销店铺会员数量为： 51
[2021-08-22 08:28:05] [INFO] 开始注销店铺 联想品牌会员
[2021-08-22 08:28:11] [INFO] 正在通过本地引擎识别
[2021-08-22 08:28:14] [INFO] 验证码位置点击错误，尝试再试一次
[2021-08-22 08:28:15] [INFO] 正在通过本地引擎识别
[2021-08-22 08:28:21] [INFO] 本次运行已成功注销店铺会员数量为： 52
[2021-08-22 08:28:21] [INFO] 开始注销店铺 金沙酒类旗舰店
[2021-08-22 08:28:32] [INFO] 正在通过本地引擎识别
[2021-08-22 08:28:39] [INFO] 本次运行已成功注销店铺会员数量为： 53
[2021-08-22 08:28:39] [INFO] 开始注销店铺 亨氏
[2021-08-22 08:28:44] [INFO] 正在通过本地引擎识别
[2021-08-22 08:28:50] [INFO] 本次运行已成功注销店铺会员数量为： 54
[2021-08-22 08:28:51] [INFO] 开始注销店铺 AOC京东自营
[2021-08-22 08:29:02] [INFO] 正在通过本地引擎识别
[2021-08-22 08:29:09] [INFO] 本次运行已成功注销店铺会员数量为： 55
[2021-08-22 08:29:09] [INFO] 开始注销店铺 Beaba会员
[2021-08-22 08:29:20] [INFO] 正在通过本地引擎识别
[2021-08-22 08:29:27] [INFO] 本次运行已成功注销店铺会员数量为： 56
[2021-08-22 08:29:27] [INFO] 开始注销店铺 润百颜会员卡
[2021-08-22 08:29:38] [INFO] 正在通过本地引擎识别
[2021-08-22 08:29:45] [INFO] 本次运行已成功注销店铺会员数量为： 57
[2021-08-22 08:29:45] [INFO] 开始注销店铺 露安适会员卡
[2021-08-22 08:29:56] [INFO] 正在通过本地引擎识别
[2021-08-22 08:29:59] [INFO] 验证码位置点击错误，尝试再试一次
[2021-08-22 08:30:00] [INFO] 正在通过本地引擎识别
[2021-08-22 08:30:06] [INFO] 本次运行已成功注销店铺会员数量为： 58
[2021-08-22 08:30:07] [INFO] 开始注销店铺 金沙酒自营店
[2021-08-22 08:30:17] [INFO] 正在通过本地引擎识别
[2021-08-22 08:30:24] [INFO] 本次运行已成功注销店铺会员数量为： 59
[2021-08-22 08:30:24] [INFO] 开始注销店铺 爱思贝会员卡
[2021-08-22 08:30:32] [INFO] 正在通过本地引擎识别
[2021-08-22 08:30:39] [INFO] 本次运行已成功注销店铺会员数量为： 60
[2021-08-22 08:30:39] [INFO] 开始注销店铺 相宜本草
[2021-08-22 08:30:47] [INFO] 正在通过本地引擎识别
[2021-08-22 08:30:54] [INFO] 本次运行已成功注销店铺会员数量为： 61
[2021-08-22 08:30:54] [INFO] 开始注销店铺 洽洽
[2021-08-22 08:31:05] [INFO] 正在通过本地引擎识别
[2021-08-22 08:31:12] [INFO] 本次运行已成功注销店铺会员数量为： 62
[2021-08-22 08:31:12] [INFO] 开始注销店铺 益肤品牌会员
[2021-08-22 08:31:23] [INFO] 正在通过本地引擎识别
[2021-08-22 08:31:30] [INFO] 本次运行已成功注销店铺会员数量为： 63
[2021-08-22 08:31:30] [INFO] 开始注销店铺 雀巢优活
[2021-08-22 08:31:38] [INFO] 正在通过本地引擎识别
[2021-08-22 08:31:45] [INFO] 本次运行已成功注销店铺会员数量为： 64
[2021-08-22 08:31:45] [INFO] 开始注销店铺 蓝宝食京东自营
[2021-08-22 08:31:54] [INFO] 正在通过本地引擎识别
[2021-08-22 08:32:00] [INFO] 本次运行已成功注销店铺会员数量为： 65
[2021-08-22 08:32:01] [INFO] 开始注销店铺 麦德氏
[2021-08-22 08:32:12] [INFO] 正在通过本地引擎识别
[2021-08-22 08:32:15] [INFO] 验证码位置点击错误，尝试再试一次
[2021-08-22 08:32:16] [INFO] 正在通过本地引擎识别
[2021-08-22 08:32:21] [INFO] 本次运行已成功注销店铺会员数量为： 66
[2021-08-22 08:32:21] [INFO] 开始注销店铺 乐扣乐扣
[2021-08-22 08:32:33] [INFO] 正在通过本地引擎识别
[2021-08-22 08:32:39] [INFO] 本次运行已成功注销店铺会员数量为： 67
[2021-08-22 08:32:39] [INFO] 开始注销店铺 小黑卡
[2021-08-22 08:32:51] [INFO] 正在通过本地引擎识别
[2021-08-22 08:32:57] [INFO] 本次运行已成功注销店铺会员数量为： 68
[2021-08-22 08:32:58] [INFO] 开始注销店铺 DR
[2021-08-22 08:33:03] [INFO] 正在通过本地引擎识别
[2021-08-22 08:33:06] [INFO] 验证码位置点击错误，尝试再试一次
[2021-08-22 08:33:07] [INFO] 正在通过本地引擎识别
[2021-08-22 08:33:13] [INFO] 本次运行已成功注销店铺会员数量为： 69
[2021-08-22 08:33:13] [INFO] 开始注销店铺 安踏VIP
[2021-08-22 08:33:24] [INFO] 正在通过本地引擎识别
[2021-08-22 08:33:31] [INFO] 本次运行已成功注销店铺会员数量为： 70
[2021-08-22 08:33:31] [INFO] 开始注销店铺 BMW悦享会员
[2021-08-22 08:33:36] [INFO] 正在通过本地引擎识别
[2021-08-22 08:33:42] [INFO] 本次运行已成功注销店铺会员数量为： 71
[2021-08-22 08:33:43] [INFO] 开始注销店铺 超级O粉
[2021-08-22 08:33:54] [INFO] 正在通过本地引擎识别
[2021-08-22 08:34:01] [INFO] 本次运行已成功注销店铺会员数量为： 72
[2021-08-22 08:34:01] [INFO] 开始注销店铺 Kindle
[2021-08-22 08:34:12] [INFO] 正在通过本地引擎识别
[2021-08-22 08:34:19] [INFO] 本次运行已成功注销店铺会员数量为： 73
[2021-08-22 08:34:19] [INFO] 开始注销店铺 海洋丝缎
[2021-08-22 08:34:30] [INFO] 正在通过本地引擎识别
[2021-08-22 08:34:33] [INFO] 验证码位置点击错误，尝试再试一次
[2021-08-22 08:34:34] [INFO] 正在通过本地引擎识别
[2021-08-22 08:34:40] [INFO] 本次运行已成功注销店铺会员数量为： 74
[2021-08-22 08:34:40] [INFO] 开始注销店铺 澳谷
[2021-08-22 08:34:48] [INFO] 正在通过本地引擎识别
[2021-08-22 08:34:55] [INFO] 本次运行已成功注销店铺会员数量为： 75
[2021-08-22 08:34:55] [INFO] 开始注销店铺 安而康会员之家
[2021-08-22 08:35:03] [INFO] 正在通过本地引擎识别
[2021-08-22 08:35:06] [INFO] 验证码位置点击错误，尝试再试一次
[2021-08-22 08:35:07] [INFO] 正在通过本地引擎识别
[2021-08-22 08:35:40] [ERROR] 发生了一点小问题： ('图形验证码识别超时 安而康会员之家', None, None)
[2021-08-22 08:35:41] [INFO] 开始注销店铺 伊利成人粉
[2021-08-22 08:35:54] [INFO] 正在通过本地引擎识别
[2021-08-22 08:36:01] [INFO] 本次运行已成功注销店铺会员数量为： 76
[2021-08-22 08:36:01] [INFO] 开始注销店铺 小欧CLUB
[2021-08-22 08:36:06] [INFO] 正在通过本地引擎识别
[2021-08-22 08:36:13] [INFO] 本次运行已成功注销店铺会员数量为： 77
[2021-08-22 08:36:13] [INFO] 开始注销店铺 超级米粉卡
[2021-08-22 08:36:27] [INFO] 正在通过本地引擎识别
[2021-08-22 08:36:34] [INFO] 本次运行已成功注销店铺会员数量为： 78
[2021-08-22 08:36:34] [INFO] 开始注销店铺 贝因美
[2021-08-22 08:36:43] [INFO] 正在通过本地引擎识别
[2021-08-22 08:36:49] [INFO] 本次运行已成功注销店铺会员数量为： 79
[2021-08-22 08:36:49] [INFO] 开始注销店铺 茅台
[2021-08-22 08:36:58] [INFO] 正在通过本地引擎识别
[2021-08-22 08:37:04] [INFO] 本次运行已成功注销店铺会员数量为： 80
[2021-08-22 08:37:04] [INFO] 开始注销店铺 五粮浓香
[2021-08-22 08:37:10] [INFO] 正在通过本地引擎识别
[2021-08-22 08:37:13] [INFO] 验证码位置点击错误，尝试再试一次
[2021-08-22 08:37:14] [INFO] 正在通过本地引擎识别
[2021-08-22 08:37:19] [INFO] 本次运行已成功注销店铺会员数量为： 81
[2021-08-22 08:37:19] [INFO] 开始注销店铺 雅培血糖仪
[2021-08-22 08:37:34] [INFO] 正在通过本地引擎识别
[2021-08-22 08:37:40] [INFO] 本次运行已成功注销店铺会员数量为： 82
[2021-08-22 08:37:40] [INFO] 开始注销店铺 怡宝
[2021-08-22 08:37:49] [INFO] 正在通过本地引擎识别
[2021-08-22 08:37:56] [INFO] 本次运行已成功注销店铺会员数量为： 83
[2021-08-22 08:37:56] [INFO] 开始注销店铺 米小芽VIP卡
[2021-08-22 08:38:04] [INFO] 正在通过本地引擎识别
[2021-08-22 08:38:11] [INFO] 本次运行已成功注销店铺会员数量为： 84
[2021-08-22 08:38:11] [INFO] 开始注销店铺 欧乐B
[2021-08-22 08:38:22] [INFO] 正在通过本地引擎识别
[2021-08-22 08:38:28] [INFO] 本次运行已成功注销店铺会员数量为： 85
[2021-08-22 08:38:29] [INFO] 开始注销店铺 丹泉品牌会员
[2021-08-22 08:38:34] [INFO] 正在通过本地引擎识别
[2021-08-22 08:38:40] [INFO] 本次运行已成功注销店铺会员数量为： 86
[2021-08-22 08:38:41] [INFO] 开始注销店铺 桂林品牌会员
[2021-08-22 08:38:55] [INFO] 正在通过本地引擎识别
[2021-08-22 08:38:58] [INFO] 验证码位置点击错误，尝试再试一次
[2021-08-22 08:38:59] [INFO] 正在通过本地引擎识别
[2021-08-22 08:39:04] [INFO] 本次运行已成功注销店铺会员数量为： 87
[2021-08-22 08:39:05] [INFO] 开始注销店铺 潮宏基会员
[2021-08-22 08:39:19] [INFO] 正在通过本地引擎识别
[2021-08-22 08:39:22] [INFO] 验证码位置点击错误，尝试再试一次
[2021-08-22 08:39:23] [INFO] 正在通过本地引擎识别
[2021-08-22 08:39:28] [INFO] 本次运行已成功注销店铺会员数量为： 88
[2021-08-22 08:39:29] [INFO] 开始注销店铺 格力电器
[2021-08-22 08:39:34] [INFO] 正在通过本地引擎识别
[2021-08-22 08:39:41] [INFO] 本次运行已成功注销店铺会员数量为： 89
[2021-08-22 08:39:41] [INFO] 开始注销店铺 Arla阿尔乐
[2021-08-22 08:39:46] [INFO] 正在通过本地引擎识别
[2021-08-22 08:39:53] [INFO] 本次运行已成功注销店铺会员数量为： 90
[2021-08-22 08:39:53] [INFO] 开始注销店铺 初萃
[2021-08-22 08:40:04] [INFO] 正在通过本地引擎识别
[2021-08-22 08:40:11] [INFO] 本次运行已成功注销店铺会员数量为： 91
[2021-08-22 08:40:11] [INFO] 开始注销店铺 十月稻田
[2021-08-22 08:40:16] [INFO] 正在通过本地引擎识别
[2021-08-22 08:40:23] [INFO] 本次运行已成功注销店铺会员数量为： 92
[2021-08-22 08:40:23] [INFO] 开始注销店铺 兰雀品牌会员
[2021-08-22 08:40:31] [INFO] 正在通过本地引擎识别
[2021-08-22 08:40:34] [INFO] 验证码位置点击错误，尝试再试一次
[2021-08-22 08:40:35] [INFO] 正在通过本地引擎识别
[2021-08-22 08:40:41] [INFO] 本次运行已成功注销店铺会员数量为： 93
[2021-08-22 08:40:41] [INFO] 开始注销店铺 立白&好爸爸
[2021-08-22 08:40:52] [INFO] 正在通过本地引擎识别
[2021-08-22 08:40:59] [INFO] 本次运行已成功注销店铺会员数量为： 94
[2021-08-22 08:40:59] [INFO] 开始注销店铺 卡士酸奶会员卡
[2021-08-22 08:41:10] [INFO] 正在通过本地引擎识别
[2021-08-22 08:41:17] [INFO] 本次运行已成功注销店铺会员数量为： 95
[2021-08-22 08:41:17] [INFO] 本轮店铺已执行完，即将开始获取下一轮店铺
[2021-08-22 08:41:19] [INFO] 本轮运行获取到 50 家店铺会员信息
[2021-08-22 08:41:19] [INFO] 开始注销店铺 锋味旗舰店
[2021-08-22 08:41:26] [INFO] 正在通过本地引擎识别
[2021-08-22 08:41:32] [INFO] 本次运行已成功注销店铺会员数量为： 96
[2021-08-22 08:41:32] [INFO] 开始注销店铺 竹πVIP
[2021-08-22 08:41:41] [INFO] 正在通过本地引擎识别
[2021-08-22 08:41:47] [INFO] 本次运行已成功注销店铺会员数量为： 97
[2021-08-22 08:41:47] [INFO] 开始注销店铺 美的会员
[2021-08-22 08:42:02] [INFO] 正在通过本地引擎识别
[2021-08-22 08:42:08] [INFO] 本次运行已成功注销店铺会员数量为： 98
[2021-08-22 08:42:08] [INFO] 开始注销店铺 宝洁
[2021-08-22 08:42:40] [ERROR] 发生了一点小问题： ('发送短信验证码超时 宝洁', None, None)
[2021-08-22 08:42:40] [INFO] 开始注销店铺 粮全其美会员
[2021-08-22 08:42:53] [INFO] 正在通过本地引擎识别
[2021-08-22 08:42:59] [INFO] 本次运行已成功注销店铺会员数量为： 99
[2021-08-22 08:43:00] [INFO] 开始注销店铺 健康100
[2021-08-22 08:43:05] [INFO] 正在通过本地引擎识别
[2021-08-22 08:43:12] [INFO] 本次运行已成功注销店铺会员数量为： 100
[2021-08-22 08:43:12] [INFO] 开始注销店铺 百吉福VIP
[2021-08-22 08:43:43] [ERROR] 发生了一点小问题： ('发送短信验证码超时 百吉福VIP', None, None)
[2021-08-22 08:43:43] [INFO] 开始注销店铺 帮宝适
[2021-08-22 08:43:50] [INFO] 正在通过本地引擎识别
[2021-08-22 08:43:56] [INFO] 本次运行已成功注销店铺会员数量为： 101
[2021-08-22 08:43:57] [INFO] 开始注销店铺 迪彩会员卡
[2021-08-22 08:44:02] [INFO] 正在通过本地引擎识别
[2021-08-22 08:44:05] [INFO] 验证码位置点击错误，尝试再试一次
[2021-08-22 08:44:06] [INFO] 正在通过本地引擎识别
[2021-08-22 08:44:12] [INFO] 本次运行已成功注销店铺会员数量为： 102
[2021-08-22 08:44:12] [INFO] 开始注销店铺 仙维娜会员卡
[2021-08-22 08:44:23] [INFO] 正在通过本地引擎识别
[2021-08-22 08:44:30] [INFO] 本次运行已成功注销店铺会员数量为： 103
[2021-08-22 08:44:30] [INFO] 开始注销店铺 康比特会员
[2021-08-22 08:44:38] [INFO] 正在通过本地引擎识别
[2021-08-22 08:44:45] [INFO] 本次运行已成功注销店铺会员数量为： 104
[2021-08-22 08:44:45] [INFO] 开始注销店铺 亮荘会员卡
[2021-08-22 08:44:56] [INFO] 正在通过本地引擎识别
[2021-08-22 08:45:03] [INFO] 本次运行已成功注销店铺会员数量为： 105
[2021-08-22 08:45:03] [INFO] 开始注销店铺 屈臣氏饮料
[2021-08-22 08:45:17] [INFO] 正在通过本地引擎识别
[2021-08-22 08:45:24] [INFO] 本次运行已成功注销店铺会员数量为： 106
[2021-08-22 08:45:24] [INFO] 开始注销店铺 枝户折野
[2021-08-22 08:45:35] [INFO] 正在通过本地引擎识别
[2021-08-22 08:45:42] [INFO] 本次运行已成功注销店铺会员数量为： 107
[2021-08-22 08:45:42] [INFO] 开始注销店铺 倍思会员卡
[2021-08-22 08:45:56] [INFO] 正在通过本地引擎识别
[2021-08-22 08:45:59] [INFO] 验证码位置点击错误，尝试再试一次
[2021-08-22 08:46:00] [INFO] 正在通过本地引擎识别
[2021-08-22 08:46:06] [INFO] 本次运行已成功注销店铺会员数量为： 108
[2021-08-22 08:46:06] [INFO] 开始注销店铺 滋源
[2021-08-22 08:46:17] [INFO] 正在通过本地引擎识别
[2021-08-22 08:46:24] [INFO] 本次运行已成功注销店铺会员数量为： 109
[2021-08-22 08:46:24] [INFO] 开始注销店铺 拜宠清
[2021-08-22 08:46:35] [INFO] 正在通过本地引擎识别
[2021-08-22 08:46:42] [INFO] 本次运行已成功注销店铺会员数量为： 110
[2021-08-22 08:46:42] [INFO] 开始注销店铺  
[2021-08-22 08:46:50] [INFO] 正在通过本地引擎识别
[2021-08-22 08:46:57] [INFO] 本次运行已成功注销店铺会员数量为： 111
[2021-08-22 08:46:57] [INFO] 开始注销店铺 盼盼会员卡
[2021-08-22 08:47:06] [INFO] 正在通过本地引擎识别
[2021-08-22 08:47:09] [INFO] 验证码位置点击错误，尝试再试一次
[2021-08-22 08:47:10] [INFO] 正在通过本地引擎识别
[2021-08-22 08:47:24] [INFO] 本次运行已成功注销店铺会员数量为： 112
[2021-08-22 08:47:24] [INFO] 开始注销店铺 奔图VIP
[2021-08-22 08:47:33] [INFO] 正在通过本地引擎识别
[2021-08-22 08:47:39] [INFO] 本次运行已成功注销店铺会员数量为： 113
[2021-08-22 08:47:39] [INFO] 开始注销店铺 好万家健康药房
[2021-08-22 08:47:51] [INFO] 正在通过本地引擎识别
[2021-08-22 08:47:57] [INFO] 本次运行已成功注销店铺会员数量为： 114
[2021-08-22 08:47:57] [INFO] 开始注销店铺 保乐力加会员
[2021-08-22 08:48:03] [INFO] 正在通过本地引擎识别
[2021-08-22 08:48:09] [INFO] 本次运行已成功注销店铺会员数量为： 115
[2021-08-22 08:48:09] [INFO] 开始注销店铺 统帅会员
[2021-08-22 08:48:21] [INFO] 正在通过本地引擎识别
[2021-08-22 08:48:27] [INFO] 本次运行已成功注销店铺会员数量为： 116
[2021-08-22 08:48:27] [INFO] 开始注销店铺 惠普
[2021-08-22 08:48:36] [INFO] 正在通过本地引擎识别
[2021-08-22 08:48:42] [INFO] 本次运行已成功注销店铺会员数量为： 117
[2021-08-22 08:48:43] [INFO] 开始注销店铺 李宁品牌VIP
[2021-08-22 08:49:44] [INFO] 等待websocket推送短信验证码超时，即将跳过 李宁品牌VIP
[2021-08-22 08:49:44] [INFO] 开始注销店铺 微软
[2021-08-22 08:50:03] [INFO] 正在通过本地引擎识别
[2021-08-22 08:50:10] [INFO] 本次运行已成功注销店铺会员数量为： 118
[2021-08-22 08:50:10] [INFO] 开始注销店铺 奥丁格会员
[2021-08-22 08:50:18] [INFO] 正在通过本地引擎识别
[2021-08-22 08:50:25] [INFO] 本次运行已成功注销店铺会员数量为： 119
[2021-08-22 08:50:25] [INFO] 开始注销店铺 伊利
[2021-08-22 08:50:30] [INFO] 正在通过本地引擎识别
[2021-08-22 08:50:37] [INFO] 本次运行已成功注销店铺会员数量为： 120
[2021-08-22 08:50:37] [INFO] 开始注销店铺 卡萨帝会员
[2021-08-22 08:50:51] [INFO] 正在通过本地引擎识别
[2021-08-22 08:50:58] [INFO] 本次运行已成功注销店铺会员数量为： 121
[2021-08-22 08:50:58] [INFO] 开始注销店铺 庄民
[2021-08-22 08:51:09] [INFO] 正在通过本地引擎识别
[2021-08-22 08:51:16] [INFO] 本次运行已成功注销店铺会员数量为： 122
[2021-08-22 08:51:16] [INFO] 开始注销店铺 安而康会员之家
[2021-08-22 08:51:21] [INFO] 正在通过本地引擎识别
[2021-08-22 08:51:28] [INFO] 本次运行已成功注销店铺会员数量为： 123
[2021-08-22 08:51:28] [INFO] 开始注销店铺 贝亲会员卡
[2021-08-22 08:51:33] [INFO] 正在通过本地引擎识别
[2021-08-22 08:51:36] [INFO] 验证码位置点击错误，尝试再试一次
[2021-08-22 08:51:37] [INFO] 正在通过本地引擎识别
[2021-08-22 08:51:43] [INFO] 本次运行已成功注销店铺会员数量为： 124
[2021-08-22 08:51:43] [INFO] 开始注销店铺 奶酪博士会员卡
[2021-08-22 08:51:51] [INFO] 正在通过本地引擎识别
[2021-08-22 08:51:58] [INFO] 本次运行已成功注销店铺会员数量为： 125
[2021-08-22 08:51:58] [INFO] 开始注销店铺 华硕品牌会员
[2021-08-22 08:52:09] [INFO] 正在通过本地引擎识别
[2021-08-22 08:52:16] [INFO] 本次运行已成功注销店铺会员数量为： 126
[2021-08-22 08:52:16] [INFO] 开始注销店铺 希杰食品
[2021-08-22 08:52:31] [INFO] 正在通过本地引擎识别
[2021-08-22 08:52:37] [INFO] 本次运行已成功注销店铺会员数量为： 127
[2021-08-22 08:52:37] [INFO] 开始注销店铺 妇炎洁
[2021-08-22 08:52:52] [INFO] 正在通过本地引擎识别
[2021-08-22 08:52:58] [INFO] 本次运行已成功注销店铺会员数量为： 128
[2021-08-22 08:52:58] [INFO] 开始注销店铺 碧欧泉
[2021-08-22 08:53:10] [INFO] 正在通过本地引擎识别
[2021-08-22 08:53:16] [INFO] 本次运行已成功注销店铺会员数量为： 129
[2021-08-22 08:53:16] [INFO] 开始注销店铺 科伦俱乐部
[2021-08-22 08:53:25] [INFO] 正在通过本地引擎识别
[2021-08-22 08:53:31] [INFO] 本次运行已成功注销店铺会员数量为： 130
[2021-08-22 08:53:31] [INFO] 开始注销店铺 飞利浦净水
[2021-08-22 08:53:40] [INFO] 正在通过本地引擎识别
[2021-08-22 08:53:46] [INFO] 本次运行已成功注销店铺会员数量为： 131
[2021-08-22 08:53:46] [INFO] 开始注销店铺 荣耀会员
[2021-08-22 08:54:01] [INFO] 正在通过本地引擎识别
[2021-08-22 08:54:07] [INFO] 本次运行已成功注销店铺会员数量为： 132
[2021-08-22 08:54:07] [INFO] 开始注销店铺 拜耳医药会员卡
[2021-08-22 08:54:16] [INFO] 正在通过本地引擎识别
[2021-08-22 08:54:22] [INFO] 本次运行已成功注销店铺会员数量为： 133
[2021-08-22 08:54:23] [INFO] 开始注销店铺 全友家居友粉
[2021-08-22 08:54:34] [INFO] 正在通过本地引擎识别
[2021-08-22 08:54:40] [INFO] 本次运行已成功注销店铺会员数量为： 134
[2021-08-22 08:54:41] [INFO] 开始注销店铺 九阳
[2021-08-22 08:54:49] [INFO] 正在通过本地引擎识别
[2021-08-22 08:54:55] [INFO] 本次运行已成功注销店铺会员数量为： 135
[2021-08-22 08:54:56] [INFO] 开始注销店铺 云南三七牙膏
[2021-08-22 08:55:01] [INFO] 正在通过本地引擎识别
[2021-08-22 08:55:04] [INFO] 验证码位置点击错误，尝试再试一次
[2021-08-22 08:55:05] [INFO] 正在通过本地引擎识别
[2021-08-22 08:55:11] [INFO] 本次运行已成功注销店铺会员数量为： 136
[2021-08-22 08:55:11] [INFO] 开始注销店铺 汾酒
[2021-08-22 08:55:22] [INFO] 正在通过本地引擎识别
[2021-08-22 08:55:29] [INFO] 本次运行已成功注销店铺会员数量为： 137
[2021-08-22 08:55:29] [INFO] 开始注销店铺 保乐力加会员
[2021-08-22 08:55:43] [INFO] 正在通过本地引擎识别
[2021-08-22 08:55:50] [INFO] 本次运行已成功注销店铺会员数量为： 138
[2021-08-22 08:55:50] [INFO] 开始注销店铺 卡乐比
[2021-08-22 08:56:04] [INFO] 正在通过本地引擎识别
[2021-08-22 08:56:11] [INFO] 本次运行已成功注销店铺会员数量为： 139
[2021-08-22 08:56:11] [INFO] 开始注销店铺 苏泊尔品牌会员
[2021-08-22 08:56:28] [INFO] 正在通过本地引擎识别
[2021-08-22 08:56:35] [INFO] 本次运行已成功注销店铺会员数量为： 140
[2021-08-22 08:56:35] [INFO] 开始注销店铺 晖致
[2021-08-22 08:56:43] [INFO] 正在通过本地引擎识别
[2021-08-22 08:56:50] [INFO] 本次运行已成功注销店铺会员数量为： 141
[2021-08-22 08:56:50] [INFO] 开始注销店铺 德龙
[2021-08-22 08:57:04] [INFO] 正在通过本地引擎识别
[2021-08-22 08:57:11] [INFO] 本次运行已成功注销店铺会员数量为： 142
[2021-08-22 08:57:11] [INFO] 本轮店铺已执行完，即将开始获取下一轮店铺
[2021-08-22 08:57:13] [INFO] 本轮运行获取到 50 家店铺会员信息
[2021-08-22 08:57:13] [INFO] 开始注销店铺 秦老太
[2021-08-22 08:57:25] [INFO] 正在通过本地引擎识别
[2021-08-22 08:57:32] [INFO] 本次运行已成功注销店铺会员数量为： 143
[2021-08-22 08:57:32] [INFO] 开始注销店铺 贝恩施会员
[2021-08-22 08:57:47] [INFO] 正在通过本地引擎识别
[2021-08-22 08:57:53] [INFO] 本次运行已成功注销店铺会员数量为： 144
[2021-08-22 08:57:53] [INFO] 开始注销店铺 弘书阁旗舰店
[2021-08-22 08:58:02] [INFO] 正在通过本地引擎识别
[2021-08-22 08:58:04] [INFO] 验证码位置点击错误，尝试再试一次
[2021-08-22 08:58:06] [INFO] 正在通过本地引擎识别
[2021-08-22 08:58:11] [INFO] 本次运行已成功注销店铺会员数量为： 145
[2021-08-22 08:58:11] [INFO] 开始注销店铺 珀芙研会员
[2021-08-22 08:58:20] [INFO] 正在通过本地引擎识别
[2021-08-22 08:58:26] [INFO] 本次运行已成功注销店铺会员数量为： 146
[2021-08-22 08:58:26] [INFO] 开始注销店铺 宝洁
[2021-08-22 08:58:35] [INFO] 正在通过本地引擎识别
[2021-08-22 08:58:41] [INFO] 本次运行已成功注销店铺会员数量为： 147
[2021-08-22 08:58:42] [INFO] 开始注销店铺 自然堂
[2021-08-22 08:58:56] [INFO] 正在通过本地引擎识别
[2021-08-22 08:59:02] [INFO] 本次运行已成功注销店铺会员数量为： 148
[2021-08-22 08:59:02] [INFO] 开始注销店铺 君乐宝低温乳品
[2021-08-22 08:59:17] [INFO] 正在通过本地引擎识别
[2021-08-22 08:59:20] [INFO] 验证码位置点击错误，尝试再试一次
[2021-08-22 08:59:21] [INFO] 正在通过本地引擎识别
[2021-08-22 08:59:54] [ERROR] 发生了一点小问题： ('图形验证码识别超时 君乐宝低温乳品', None, None)
[2021-08-22 08:59:54] [INFO] 开始注销店铺 兰思诺
[2021-08-22 09:00:08] [INFO] 正在通过本地引擎识别
[2021-08-22 09:00:15] [INFO] 本次运行已成功注销店铺会员数量为： 149
[2021-08-22 09:00:15] [INFO] 开始注销店铺 菊乐
[2021-08-22 09:00:35] [INFO] 正在通过本地引擎识别
[2021-08-22 09:00:42] [INFO] 本次运行已成功注销店铺会员数量为： 150
[2021-08-22 09:00:42] [INFO] 开始注销店铺 新贵品牌会员
[2021-08-22 09:00:56] [INFO] 正在通过本地引擎识别
[2021-08-22 09:01:03] [INFO] 本次运行已成功注销店铺会员数量为： 151
[2021-08-22 09:01:03] [INFO] 开始注销店铺 谭八爷
[2021-08-22 09:01:17] [INFO] 正在通过本地引擎识别
[2021-08-22 09:01:20] [INFO] 验证码位置点击错误，尝试再试一次
[2021-08-22 09:01:21] [INFO] 正在通过本地引擎识别
[2021-08-22 09:01:27] [INFO] 本次运行已成功注销店铺会员数量为： 152
[2021-08-22 09:01:27] [INFO] 开始注销店铺 百吉福VIP
[2021-08-22 09:01:35] [INFO] 正在通过本地引擎识别
[2021-08-22 09:01:42] [INFO] 本次运行已成功注销店铺会员数量为： 153
[2021-08-22 09:01:42] [INFO] 开始注销店铺 真牛馆尊享会员
[2021-08-22 09:01:47] [INFO] 正在通过本地引擎识别
[2021-08-22 09:01:54] [INFO] 本次运行已成功注销店铺会员数量为： 154
[2021-08-22 09:01:54] [INFO] 开始注销店铺 奥智嘉会员
[2021-08-22 09:01:59] [INFO] 正在通过本地引擎识别
[2021-08-22 09:02:02] [INFO] 验证码位置点击错误，尝试再试一次
[2021-08-22 09:02:03] [INFO] 正在通过本地引擎识别
[2021-08-22 09:02:09] [INFO] 本次运行已成功注销店铺会员数量为： 155
[2021-08-22 09:02:09] [INFO] 开始注销店铺 亚麻公社
[2021-08-22 09:02:29] [INFO] 正在通过本地引擎识别
[2021-08-22 09:02:32] [INFO] 验证码位置点击错误，尝试再试一次
[2021-08-22 09:02:33] [INFO] 正在通过本地引擎识别
[2021-08-22 09:02:39] [INFO] 本次运行已成功注销店铺会员数量为： 156
[2021-08-22 09:02:39] [INFO] 开始注销店铺 宝乐星会员
[2021-08-22 09:02:47] [INFO] 正在通过本地引擎识别
[2021-08-22 09:02:54] [INFO] 本次运行已成功注销店铺会员数量为： 157
[2021-08-22 09:02:54] [INFO] 开始注销店铺 衣品天成会员
[2021-08-22 09:03:03] [INFO] 正在通过本地引擎识别
[2021-08-22 09:03:09] [INFO] 本次运行已成功注销店铺会员数量为： 158
[2021-08-22 09:03:09] [INFO] 开始注销店铺 天莱香牛
[2021-08-22 09:03:33] [INFO] 正在通过本地引擎识别
[2021-08-22 09:03:39] [INFO] 本次运行已成功注销店铺会员数量为： 159
[2021-08-22 09:03:39] [INFO] 开始注销店铺 伯纳天纯
[2021-08-22 09:03:54] [INFO] 正在通过本地引擎识别
[2021-08-22 09:04:01] [INFO] 本次运行已成功注销店铺会员数量为： 160
[2021-08-22 09:04:01] [INFO] 开始注销店铺 资生堂
[2021-08-22 09:04:15] [INFO] 正在通过本地引擎识别
[2021-08-22 09:04:21] [INFO] 本次运行已成功注销店铺会员数量为： 161
[2021-08-22 09:04:21] [INFO] 开始注销店铺 好想你
[2021-08-22 09:04:36] [INFO] 正在通过本地引擎识别
[2021-08-22 09:04:42] [INFO] 本次运行已成功注销店铺会员数量为： 162
[2021-08-22 09:04:43] [INFO] 开始注销店铺 DR.WU
[2021-08-22 09:04:57] [INFO] 正在通过本地引擎识别
[2021-08-22 09:05:03] [INFO] 本次运行已成功注销店铺会员数量为： 163
[2021-08-22 09:05:03] [INFO] 开始注销店铺 纽仕兰
[2021-08-22 09:05:18] [INFO] 正在通过本地引擎识别
[2021-08-22 09:05:24] [INFO] 本次运行已成功注销店铺会员数量为： 164
[2021-08-22 09:05:25] [INFO] 开始注销店铺 四特
[2021-08-22 09:05:39] [INFO] 正在通过本地引擎识别
[2021-08-22 09:05:42] [INFO] 验证码位置点击错误，尝试再试一次
[2021-08-22 09:05:43] [INFO] 正在通过本地引擎识别
[2021-08-22 09:05:48] [INFO] 本次运行已成功注销店铺会员数量为： 165
[2021-08-22 09:05:49] [INFO] 开始注销店铺 采乐会员
[2021-08-22 09:05:57] [INFO] 正在通过本地引擎识别
[2021-08-22 09:06:04] [INFO] 本次运行已成功注销店铺会员数量为： 166
[2021-08-22 09:06:04] [INFO] 开始注销店铺 纯漾会员
[2021-08-22 09:06:09] [INFO] 正在通过本地引擎识别
[2021-08-22 09:06:13] [INFO] 验证码位置点击错误，尝试再试一次
[2021-08-22 09:06:14] [INFO] 正在通过本地引擎识别
[2021-08-22 09:06:19] [INFO] 本次运行已成功注销店铺会员数量为： 167
[2021-08-22 09:06:19] [INFO] 开始注销店铺 李宁品牌VIP
[2021-08-22 09:07:20] [INFO] 等待websocket推送短信验证码超时，即将跳过 李宁品牌VIP
[2021-08-22 09:07:21] [INFO] 开始注销店铺 朗科品牌会员
[2021-08-22 09:07:42] [INFO] 正在通过本地引擎识别
[2021-08-22 09:07:49] [INFO] 本次运行已成功注销店铺会员数量为： 168
[2021-08-22 09:07:49] [INFO] 开始注销店铺 桂枫
[2021-08-22 09:08:03] [INFO] 正在通过本地引擎识别
[2021-08-22 09:08:10] [INFO] 本次运行已成功注销店铺会员数量为： 169
[2021-08-22 09:08:10] [INFO] 开始注销店铺 酷客卡
[2021-08-22 09:08:27] [INFO] 正在通过本地引擎识别
[2021-08-22 09:08:34] [INFO] 本次运行已成功注销店铺会员数量为： 170
[2021-08-22 09:08:34] [INFO] 开始注销店铺 Dyson
[2021-08-22 09:08:52] [INFO] 正在通过本地引擎识别
[2021-08-22 09:09:00] [INFO] 本次运行已成功注销店铺会员数量为： 171
[2021-08-22 09:09:00] [INFO] 开始注销店铺 五粮液专卖店
[2021-08-22 09:09:19] [INFO] 正在通过本地引擎识别
[2021-08-22 09:09:25] [INFO] 本次运行已成功注销店铺会员数量为： 172
[2021-08-22 09:09:25] [INFO] 开始注销店铺 中粮罐头旗舰店
[2021-08-22 09:09:34] [INFO] 正在通过本地引擎识别
[2021-08-22 09:09:40] [INFO] 本次运行已成功注销店铺会员数量为： 173
[2021-08-22 09:09:40] [INFO] 开始注销店铺 博朗厨房电器
[2021-08-22 09:09:58] [INFO] 正在通过本地引擎识别
[2021-08-22 09:10:01] [INFO] 验证码位置点击错误，尝试再试一次
[2021-08-22 09:10:02] [INFO] 正在通过本地引擎识别
[2021-08-22 09:10:08] [INFO] 本次运行已成功注销店铺会员数量为： 174
[2021-08-22 09:10:08] [INFO] 开始注销店铺 百岁山
[2021-08-22 09:10:25] [INFO] 正在通过本地引擎识别
[2021-08-22 09:10:31] [INFO] 本次运行已成功注销店铺会员数量为： 175
[2021-08-22 09:10:31] [INFO] 开始注销店铺 TF会员卡
[2021-08-22 09:10:37] [INFO] 正在通过本地引擎识别
[2021-08-22 09:10:43] [INFO] 本次运行已成功注销店铺会员数量为： 176
[2021-08-22 09:10:44] [INFO] 开始注销店铺 荷兰乳牛
[2021-08-22 09:11:01] [INFO] 正在通过本地引擎识别
[2021-08-22 09:11:08] [INFO] 本次运行已成功注销店铺会员数量为： 177
[2021-08-22 09:11:08] [INFO] 开始注销店铺 卡西欧
[2021-08-22 09:11:16] [INFO] 正在通过本地引擎识别
[2021-08-22 09:11:23] [INFO] 本次运行已成功注销店铺会员数量为： 178
[2021-08-22 09:11:23] [INFO] 开始注销店铺 尾巴生活
[2021-08-22 09:11:40] [INFO] 正在通过本地引擎识别
[2021-08-22 09:11:47] [INFO] 本次运行已成功注销店铺会员数量为： 179
[2021-08-22 09:11:47] [INFO] 开始注销店铺 波司登品牌会员
[2021-08-22 09:12:01] [INFO] 正在通过本地引擎识别
[2021-08-22 09:12:08] [INFO] 本次运行已成功注销店铺会员数量为： 180
[2021-08-22 09:12:08] [INFO] 开始注销店铺 myNB会员
[2021-08-22 09:12:22] [INFO] 正在通过本地引擎识别
[2021-08-22 09:12:29] [INFO] 本次运行已成功注销店铺会员数量为： 181
[2021-08-22 09:12:29] [INFO] 开始注销店铺 麦沃MAIWO
[2021-08-22 09:12:37] [INFO] 正在通过本地引擎识别
[2021-08-22 09:12:44] [INFO] 本次运行已成功注销店铺会员数量为： 182
[2021-08-22 09:12:44] [INFO] 开始注销店铺 飞利浦
[2021-08-22 09:12:52] [INFO] 正在通过本地引擎识别
[2021-08-22 09:12:59] [INFO] 本次运行已成功注销店铺会员数量为： 183
[2021-08-22 09:12:59] [INFO] 开始注销店铺 滔搏运动
[2021-08-22 09:13:07] [INFO] 正在通过本地引擎识别
[2021-08-22 09:13:14] [INFO] 本次运行已成功注销店铺会员数量为： 184
[2021-08-22 09:13:14] [INFO] 开始注销店铺 长虹会员
[2021-08-22 09:13:37] [INFO] 正在通过本地引擎识别
[2021-08-22 09:13:44] [INFO] 本次运行已成功注销店铺会员数量为： 185
[2021-08-22 09:13:44] [INFO] 开始注销店铺 大宠爱
[2021-08-22 09:14:04] [INFO] 正在通过本地引擎识别
[2021-08-22 09:14:11] [INFO] 本次运行已成功注销店铺会员数量为： 186
[2021-08-22 09:14:11] [INFO] 开始注销店铺 植护
[2021-08-22 09:14:26] [INFO] 正在通过本地引擎识别
[2021-08-22 09:14:32] [INFO] 本次运行已成功注销店铺会员数量为： 187
[2021-08-22 09:14:32] [INFO] 开始注销店铺 DQ冰淇淋
[2021-08-22 09:14:50] [INFO] 正在通过本地引擎识别
[2021-08-22 09:14:56] [INFO] 本次运行已成功注销店铺会员数量为： 188
[2021-08-22 09:14:56] [INFO] 开始注销店铺 长城葡萄酒
[2021-08-22 09:15:11] [INFO] 正在通过本地引擎识别
[2021-08-22 09:15:17] [INFO] 本次运行已成功注销店铺会员数量为： 189
[2021-08-22 09:15:17] [INFO] 开始注销店铺 加多宝
[2021-08-22 09:15:32] [INFO] 正在通过本地引擎识别
[2021-08-22 09:15:40] [INFO] 本次运行已成功注销店铺会员数量为： 190
[2021-08-22 09:15:40] [INFO] 本轮店铺已执行完，即将开始获取下一轮店铺
[2021-08-22 09:15:42] [INFO] 本轮运行获取到 50 家店铺会员信息
[2021-08-22 09:15:42] [INFO] 开始注销店铺 莎辛那会员
[2021-08-22 09:15:59] [INFO] 正在通过本地引擎识别
[2021-08-22 09:16:02] [INFO] 验证码位置点击错误，尝试再试一次
[2021-08-22 09:16:03] [INFO] 正在通过本地引擎识别
[2021-08-22 09:16:08] [INFO] 本次运行已成功注销店铺会员数量为： 191
[2021-08-22 09:16:08] [INFO] 开始注销店铺 雅漾会员卡
[2021-08-22 09:16:14] [INFO] 正在通过本地引擎识别
[2021-08-22 09:16:20] [INFO] 本次运行已成功注销店铺会员数量为： 192
[2021-08-22 09:16:21] [INFO] 开始注销店铺 康师傅方便面
[2021-08-22 09:16:26] [INFO] 正在通过本地引擎识别
[2021-08-22 09:16:32] [INFO] 本次运行已成功注销店铺会员数量为： 193
[2021-08-22 09:16:33] [INFO] 开始注销店铺 窝小芽会员
[2021-08-22 09:16:47] [INFO] 正在通过本地引擎识别
[2021-08-22 09:16:54] [INFO] 本次运行已成功注销店铺会员数量为： 194
[2021-08-22 09:16:54] [INFO] 开始注销店铺 十月天使
[2021-08-22 09:17:08] [INFO] 正在通过本地引擎识别
[2021-08-22 09:17:15] [INFO] 本次运行已成功注销店铺会员数量为： 195
[2021-08-22 09:17:15] [INFO] 开始注销店铺 Dr艾琳
[2021-08-22 09:17:20] [INFO] 正在通过本地引擎识别
[2021-08-22 09:17:27] [INFO] 本次运行已成功注销店铺会员数量为： 196
[2021-08-22 09:17:27] [INFO] 开始注销店铺 鱼跃
[2021-08-22 09:17:41] [INFO] 正在通过本地引擎识别
[2021-08-22 09:17:48] [INFO] 本次运行已成功注销店铺会员数量为： 197
[2021-08-22 09:17:48] [INFO] 开始注销店铺 好巴食
[2021-08-22 09:17:59] [INFO] 正在通过本地引擎识别
[2021-08-22 09:18:06] [INFO] 本次运行已成功注销店铺会员数量为： 198
[2021-08-22 09:18:06] [INFO] 开始注销店铺 Anchor
[2021-08-22 09:18:17] [INFO] 正在通过本地引擎识别
[2021-08-22 09:18:24] [INFO] 本次运行已成功注销店铺会员数量为： 199
[2021-08-22 09:18:24] [INFO] 开始注销店铺 君乐宝低温乳品
[2021-08-22 09:18:29] [INFO] 正在通过本地引擎识别
[2021-08-22 09:18:36] [INFO] 本次运行已成功注销店铺会员数量为： 200
[2021-08-22 09:18:36] [INFO] 开始注销店铺 NW VIP
[2021-08-22 09:18:44] [INFO] 正在通过本地引擎识别
[2021-08-22 09:18:51] [INFO] 本次运行已成功注销店铺会员数量为： 201
[2021-08-22 09:18:51] [INFO] 开始注销店铺 五羊会员卡
[2021-08-22 09:19:03] [INFO] 正在通过本地引擎识别
[2021-08-22 09:19:09] [INFO] 本次运行已成功注销店铺会员数量为： 202
[2021-08-22 09:19:09] [INFO] 开始注销店铺 品诺品牌会员卡
[2021-08-22 09:19:18] [INFO] 正在通过本地引擎识别
[2021-08-22 09:19:24] [INFO] 本次运行已成功注销店铺会员数量为： 203
[2021-08-22 09:19:24] [INFO] 开始注销店铺 庄臣VIP
[2021-08-22 09:19:33] [INFO] 正在通过本地引擎识别
[2021-08-22 09:19:39] [INFO] 本次运行已成功注销店铺会员数量为： 204
[2021-08-22 09:19:39] [INFO] 开始注销店铺 汤臣倍健
[2021-08-22 09:19:48] [INFO] 正在通过本地引擎识别
[2021-08-22 09:19:54] [INFO] 本次运行已成功注销店铺会员数量为： 205
[2021-08-22 09:19:54] [INFO] 开始注销店铺 背背佳
[2021-08-22 09:20:06] [INFO] 正在通过本地引擎识别
[2021-08-22 09:20:12] [INFO] 本次运行已成功注销店铺会员数量为： 206
[2021-08-22 09:20:12] [INFO] 开始注销店铺 PUMA会员卡
[2021-08-22 09:20:18] [INFO] 正在通过本地引擎识别
[2021-08-22 09:20:24] [INFO] 本次运行已成功注销店铺会员数量为： 207
[2021-08-22 09:20:24] [INFO] 开始注销店铺 十月结晶
[2021-08-22 09:20:30] [INFO] 正在通过本地引擎识别
[2021-08-22 09:20:33] [INFO] 验证码位置点击错误，尝试再试一次
[2021-08-22 09:20:34] [INFO] 正在通过本地引擎识别
[2021-08-22 09:20:39] [INFO] 本次运行已成功注销店铺会员数量为： 208
[2021-08-22 09:20:39] [INFO] 开始注销店铺 得力
[2021-08-22 09:20:48] [INFO] 正在通过本地引擎识别
[2021-08-22 09:20:54] [INFO] 本次运行已成功注销店铺会员数量为： 209
[2021-08-22 09:20:55] [INFO] 开始注销店铺 橙蔻
[2021-08-22 09:21:06] [INFO] 正在通过本地引擎识别
[2021-08-22 09:21:13] [INFO] 本次运行已成功注销店铺会员数量为： 210
[2021-08-22 09:21:13] [INFO] 开始注销店铺 山图会员
[2021-08-22 09:21:27] [INFO] 正在通过本地引擎识别
[2021-08-22 09:21:34] [INFO] 本次运行已成功注销店铺会员数量为： 211
[2021-08-22 09:21:34] [INFO] 开始注销店铺 李宁品牌VIP
[2021-08-22 09:22:35] [INFO] 等待websocket推送短信验证码超时，即将跳过 李宁品牌VIP
[2021-08-22 09:22:35] [INFO] 开始注销店铺 西部数据
[2021-08-22 09:22:42] [INFO] 正在通过本地引擎识别
[2021-08-22 09:22:49] [INFO] 本次运行已成功注销店铺会员数量为： 212
[2021-08-22 09:22:49] [INFO] 开始注销店铺 Apple
[2021-08-22 09:22:57] [INFO] 正在通过本地引擎识别
[2021-08-22 09:23:04] [INFO] 本次运行已成功注销店铺会员数量为： 213
[2021-08-22 09:23:04] [INFO] 开始注销店铺 善存钙尔奇
[2021-08-22 09:23:12] [INFO] 正在通过本地引擎识别
[2021-08-22 09:23:19] [INFO] 本次运行已成功注销店铺会员数量为： 214
[2021-08-22 09:23:19] [INFO] 开始注销店铺 追风尊享会员
[2021-08-22 09:23:24] [INFO] 正在通过本地引擎识别
[2021-08-22 09:23:27] [INFO] 验证码位置点击错误，尝试再试一次
[2021-08-22 09:23:28] [INFO] 正在通过本地引擎识别
[2021-08-22 09:23:34] [INFO] 本次运行已成功注销店铺会员数量为： 215
[2021-08-22 09:23:34] [INFO] 开始注销店铺 美赞臣
[2021-08-22 09:23:39] [INFO] 正在通过本地引擎识别
[2021-08-22 09:23:42] [INFO] 验证码位置点击错误，尝试再试一次
[2021-08-22 09:23:43] [INFO] 正在通过本地引擎识别
[2021-08-22 09:23:49] [INFO] 本次运行已成功注销店铺会员数量为： 216
[2021-08-22 09:23:49] [INFO] 开始注销店铺 壳牌
[2021-08-22 09:23:57] [INFO] 正在通过本地引擎识别
[2021-08-22 09:24:04] [INFO] 本次运行已成功注销店铺会员数量为： 217
[2021-08-22 09:24:04] [INFO] 开始注销店铺 好奇
[2021-08-22 09:24:22] [INFO] 正在通过本地引擎识别
[2021-08-22 09:24:24] [INFO] 验证码位置点击错误，尝试再试一次
[2021-08-22 09:24:25] [INFO] 正在通过本地引擎识别
[2021-08-22 09:24:31] [INFO] 本次运行已成功注销店铺会员数量为： 218
[2021-08-22 09:24:31] [INFO] 开始注销店铺 喜力
[2021-08-22 09:25:01] [INFO] 正在通过本地引擎识别
[2021-08-22 09:25:07] [INFO] 本次运行已成功注销店铺会员数量为： 219
[2021-08-22 09:25:07] [INFO] 开始注销店铺 德国马牌
[2021-08-22 09:25:16] [INFO] 正在通过本地引擎识别
[2021-08-22 09:25:22] [INFO] 本次运行已成功注销店铺会员数量为： 220
[2021-08-22 09:25:22] [INFO] 开始注销店铺 阿玛尼会员卡
[2021-08-22 09:25:34] [INFO] 正在通过本地引擎识别
[2021-08-22 09:25:40] [INFO] 本次运行已成功注销店铺会员数量为： 221
[2021-08-22 09:25:40] [INFO] 开始注销店铺 好丽友好朋友
[2021-08-22 09:25:55] [INFO] 正在通过本地引擎识别
[2021-08-22 09:26:01] [INFO] 本次运行已成功注销店铺会员数量为： 222
[2021-08-22 09:26:01] [INFO] 开始注销店铺 启初会员
[2021-08-22 09:26:10] [INFO] 正在通过本地引擎识别
[2021-08-22 09:26:16] [INFO] 本次运行已成功注销店铺会员数量为： 223
[2021-08-22 09:26:17] [INFO] 开始注销店铺 博士伦精选会员
[2021-08-22 09:26:31] [INFO] 正在通过本地引擎识别
[2021-08-22 09:26:37] [INFO] 本次运行已成功注销店铺会员数量为： 224
[2021-08-22 09:26:38] [INFO] 开始注销店铺 爱乐甜VIP卡
[2021-08-22 09:26:46] [INFO] 正在通过本地引擎识别
[2021-08-22 09:26:52] [INFO] 本次运行已成功注销店铺会员数量为： 225
[2021-08-22 09:26:53] [INFO] 开始注销店铺 库博光学
[2021-08-22 09:27:01] [INFO] 正在通过本地引擎识别
[2021-08-22 09:27:04] [INFO] 验证码位置点击错误，尝试再试一次
[2021-08-22 09:27:05] [INFO] 正在通过本地引擎识别
[2021-08-22 09:27:18] [INFO] 本次运行已成功注销店铺会员数量为： 226
[2021-08-22 09:27:18] [INFO] 开始注销店铺 红牛自营旗舰店
[2021-08-22 09:27:31] [INFO] 正在通过本地引擎识别
[2021-08-22 09:27:38] [INFO] 本次运行已成功注销店铺会员数量为： 227
[2021-08-22 09:27:38] [INFO] 开始注销店铺 三全
[2021-08-22 09:27:46] [INFO] 正在通过本地引擎识别
[2021-08-22 09:27:53] [INFO] 本次运行已成功注销店铺会员数量为： 228
[2021-08-22 09:27:53] [INFO] 开始注销店铺 人头马
[2021-08-22 09:28:01] [INFO] 正在通过本地引擎识别
[2021-08-22 09:28:08] [INFO] 本次运行已成功注销店铺会员数量为： 229
[2021-08-22 09:28:08] [INFO] 开始注销店铺 美素佳儿美妈汇
[2021-08-22 09:28:22] [INFO] 正在通过本地引擎识别
[2021-08-22 09:28:29] [INFO] 本次运行已成功注销店铺会员数量为： 230
[2021-08-22 09:28:29] [INFO] 开始注销店铺 李子柒
[2021-08-22 09:28:43] [INFO] 正在通过本地引擎识别
[2021-08-22 09:28:50] [INFO] 本次运行已成功注销店铺会员数量为： 231
[2021-08-22 09:28:50] [INFO] 开始注销店铺 雷蛇
[2021-08-22 09:29:04] [INFO] 正在通过本地引擎识别
[2021-08-22 09:29:11] [INFO] 本次运行已成功注销店铺会员数量为： 232
[2021-08-22 09:29:11] [INFO] 开始注销店铺 VIP
[2021-08-22 09:29:20] [INFO] 正在通过本地引擎识别
[2021-08-22 09:29:26] [INFO] 本次运行已成功注销店铺会员数量为： 233
[2021-08-22 09:29:26] [INFO] 开始注销店铺 安踏VIP
[2021-08-22 09:29:41] [INFO] 正在通过本地引擎识别
[2021-08-22 09:29:47] [INFO] 本次运行已成功注销店铺会员数量为： 234
[2021-08-22 09:29:47] [INFO] 开始注销店铺 公牛仪乐VIP
[2021-08-22 09:29:56] [INFO] 正在通过本地引擎识别
[2021-08-22 09:30:02] [INFO] 本次运行已成功注销店铺会员数量为： 235
[2021-08-22 09:30:02] [INFO] 开始注销店铺 婧麒
[2021-08-22 09:30:17] [INFO] 正在通过本地引擎识别
[2021-08-22 09:30:23] [INFO] 本次运行已成功注销店铺会员数量为： 236
[2021-08-22 09:30:23] [INFO] 开始注销店铺 OLLY会员
[2021-08-22 09:30:38] [INFO] 正在通过本地引擎识别
[2021-08-22 09:30:44] [INFO] 本次运行已成功注销店铺会员数量为： 237
[2021-08-22 09:30:44] [INFO] 开始注销店铺 哆猫猫会员卡
[2021-08-22 09:30:53] [INFO] 正在通过本地引擎识别
[2021-08-22 09:30:59] [INFO] 本次运行已成功注销店铺会员数量为： 238
[2021-08-22 09:31:00] [INFO] 开始注销店铺 茶里专属会员卡
[2021-08-22 09:31:14] [INFO] 正在通过本地引擎识别
[2021-08-22 09:31:21] [INFO] 本次运行已成功注销店铺会员数量为： 239
[2021-08-22 09:31:21] [INFO] 本轮店铺已执行完，即将开始获取下一轮店铺
[2021-08-22 09:31:23] [INFO] 本轮运行获取到 50 家店铺会员信息
[2021-08-22 09:31:23] [INFO] 开始注销店铺 蓝月亮
[2021-08-22 09:31:29] [INFO] 正在通过本地引擎识别
[2021-08-22 09:31:36] [INFO] 本次运行已成功注销店铺会员数量为： 240
[2021-08-22 09:31:36] [INFO] 开始注销店铺 天然博士CRM
[2021-08-22 09:31:47] [INFO] 正在通过本地引擎识别
[2021-08-22 09:31:54] [INFO] 本次运行已成功注销店铺会员数量为： 241
[2021-08-22 09:31:54] [INFO] 开始注销店铺 半亩花田会员卡
[2021-08-22 09:32:08] [INFO] 正在通过本地引擎识别
[2021-08-22 09:32:15] [INFO] 本次运行已成功注销店铺会员数量为： 242
[2021-08-22 09:32:15] [INFO] 开始注销店铺 佳贝艾特
[2021-08-22 09:32:23] [INFO] 正在通过本地引擎识别
[2021-08-22 09:32:30] [INFO] 本次运行已成功注销店铺会员数量为： 243
[2021-08-22 09:32:30] [INFO] 开始注销店铺 百草味
[2021-08-22 09:32:47] [INFO] 正在通过本地引擎识别
[2021-08-22 09:32:54] [INFO] 本次运行已成功注销店铺会员数量为： 244
[2021-08-22 09:32:54] [INFO] 开始注销店铺 胡姬花
[2021-08-22 09:33:05] [INFO] 正在通过本地引擎识别
[2021-08-22 09:33:12] [INFO] 本次运行已成功注销店铺会员数量为： 245
[2021-08-22 09:33:12] [INFO] 开始注销店铺 李宁品牌VIP
[2021-08-22 09:33:20] [INFO] 正在通过本地引擎识别
[2021-08-22 09:33:27] [INFO] 本次运行已成功注销店铺会员数量为： 246
[2021-08-22 09:33:27] [INFO] 开始注销店铺 狮峰
[2021-08-22 09:33:41] [INFO] 正在通过本地引擎识别
[2021-08-22 09:33:48] [INFO] 本次运行已成功注销店铺会员数量为： 247
[2021-08-22 09:33:48] [INFO] 开始注销店铺 周六福
[2021-08-22 09:34:02] [INFO] 正在通过本地引擎识别
[2021-08-22 09:34:09] [INFO] 本次运行已成功注销店铺会员数量为： 248
[2021-08-22 09:34:09] [INFO] 开始注销店铺 青花郎
[2021-08-22 09:34:24] [INFO] 正在通过本地引擎识别
[2021-08-22 09:34:30] [INFO] 本次运行已成功注销店铺会员数量为： 249
[2021-08-22 09:34:30] [INFO] 开始注销店铺 小鹿蓝蓝vip
[2021-08-22 09:34:45] [INFO] 正在通过本地引擎识别
[2021-08-22 09:34:48] [INFO] 验证码位置点击错误，尝试再试一次
[2021-08-22 09:34:49] [INFO] 正在通过本地引擎识别
[2021-08-22 09:35:22] [ERROR] 发生了一点小问题： ('图形验证码识别超时 小鹿蓝蓝vip', None, None)
[2021-08-22 09:35:22] [INFO] 开始注销店铺 正官庄
[2021-08-22 09:35:30] [INFO] 正在通过本地引擎识别
[2021-08-22 09:35:33] [INFO] 验证码位置点击错误，尝试再试一次
[2021-08-22 09:35:34] [INFO] 正在通过本地引擎识别
[2021-08-22 09:35:39] [INFO] 本次运行已成功注销店铺会员数量为： 250
[2021-08-22 09:35:39] [INFO] 开始注销店铺 张裕葡萄酒
[2021-08-22 09:35:48] [INFO] 正在通过本地引擎识别
[2021-08-22 09:35:54] [INFO] 本次运行已成功注销店铺会员数量为： 251
[2021-08-22 09:35:54] [INFO] 开始注销店铺 星选玩家
[2021-08-22 09:36:09] [INFO] 正在通过本地引擎识别
[2021-08-22 09:36:15] [INFO] 本次运行已成功注销店铺会员数量为： 252
[2021-08-22 09:36:15] [INFO] 开始注销店铺 澳诺官方旗舰店
[2021-08-22 09:36:27] [INFO] 正在通过本地引擎识别
[2021-08-22 09:36:33] [INFO] 本次运行已成功注销店铺会员数量为： 253
[2021-08-22 09:36:34] [INFO] 开始注销店铺 奥尔自营旗舰店
[2021-08-22 09:36:42] [INFO] 正在通过本地引擎识别
[2021-08-22 09:36:48] [INFO] 本次运行已成功注销店铺会员数量为： 254
[2021-08-22 09:36:49] [INFO] 开始注销店铺 蔚优Valio
[2021-08-22 09:36:57] [INFO] 正在通过本地引擎识别
[2021-08-22 09:37:03] [INFO] 本次运行已成功注销店铺会员数量为： 255
[2021-08-22 09:37:04] [INFO] 开始注销店铺 双鲸VIP会员
[2021-08-22 09:37:09] [INFO] 正在通过本地引擎识别
[2021-08-22 09:37:16] [INFO] 本次运行已成功注销店铺会员数量为： 256
[2021-08-22 09:37:16] [INFO] 开始注销店铺 星鲨保健会员卡
[2021-08-22 09:37:30] [INFO] 正在通过本地引擎识别
[2021-08-22 09:37:37] [INFO] 本次运行已成功注销店铺会员数量为： 257
[2021-08-22 09:37:37] [INFO] 开始注销店铺 泰迪熊
[2021-08-22 09:37:45] [INFO] 正在通过本地引擎识别
[2021-08-22 09:37:52] [INFO] 本次运行已成功注销店铺会员数量为： 258
[2021-08-22 09:37:52] [INFO] 开始注销店铺 戴尔外星人会员
[2021-08-22 09:38:00] [INFO] 正在通过本地引擎识别
[2021-08-22 09:38:07] [INFO] 本次运行已成功注销店铺会员数量为： 259
[2021-08-22 09:38:07] [INFO] 开始注销店铺 李宁品牌VIP
[2021-08-22 09:39:08] [INFO] 等待websocket推送短信验证码超时，即将跳过 李宁品牌VIP
[2021-08-22 09:39:08] [INFO] 开始注销店铺 梦特娇VIP卡
[2021-08-22 09:39:22] [INFO] 正在通过本地引擎识别
[2021-08-22 09:39:28] [INFO] 本次运行已成功注销店铺会员数量为： 260
[2021-08-22 09:39:28] [INFO] 开始注销店铺 齐鲁慢病会员
[2021-08-22 09:39:34] [INFO] 正在通过本地引擎识别
[2021-08-22 09:39:40] [INFO] 本次运行已成功注销店铺会员数量为： 261
[2021-08-22 09:39:40] [INFO] 开始注销店铺 三星品牌会员
[2021-08-22 09:39:52] [INFO] 正在通过本地引擎识别
[2021-08-22 09:39:58] [INFO] 本次运行已成功注销店铺会员数量为： 262
[2021-08-22 09:39:58] [INFO] 开始注销店铺 花树果会员卡
[2021-08-22 09:40:13] [INFO] 正在通过本地引擎识别
[2021-08-22 09:40:19] [INFO] 本次运行已成功注销店铺会员数量为： 263
[2021-08-22 09:40:19] [INFO] 开始注销店铺 格之格VIP
[2021-08-22 09:40:34] [INFO] 正在通过本地引擎识别
[2021-08-22 09:40:37] [INFO] 验证码位置点击错误，尝试再试一次
[2021-08-22 09:40:38] [INFO] 正在通过本地引擎识别
[2021-08-22 09:40:43] [INFO] 本次运行已成功注销店铺会员数量为： 264
[2021-08-22 09:40:43] [INFO] 开始注销店铺 国台
[2021-08-22 09:40:52] [INFO] 正在通过本地引擎识别
[2021-08-22 09:40:55] [INFO] 验证码位置点击错误，尝试再试一次
[2021-08-22 09:40:56] [INFO] 正在通过本地引擎识别
[2021-08-22 09:41:01] [INFO] 本次运行已成功注销店铺会员数量为： 265
[2021-08-22 09:41:01] [INFO] 开始注销店铺 博朗
[2021-08-22 09:41:13] [INFO] 正在通过本地引擎识别
[2021-08-22 09:41:19] [INFO] 本次运行已成功注销店铺会员数量为： 266
[2021-08-22 09:41:19] [INFO] 开始注销店铺 欧姆龙会员卡
[2021-08-22 09:41:34] [INFO] 正在通过本地引擎识别
[2021-08-22 09:41:40] [INFO] 本次运行已成功注销店铺会员数量为： 267
[2021-08-22 09:41:41] [INFO] 开始注销店铺 希捷LACIE
[2021-08-22 09:41:49] [INFO] 正在通过本地引擎识别
[2021-08-22 09:41:55] [INFO] 本次运行已成功注销店铺会员数量为： 268
[2021-08-22 09:41:56] [INFO] 开始注销店铺 泸州养生酒会员
[2021-08-22 09:42:04] [INFO] 正在通过本地引擎识别
[2021-08-22 09:42:07] [INFO] 验证码位置点击错误，尝试再试一次
[2021-08-22 09:42:08] [INFO] 正在通过本地引擎识别
[2021-08-22 09:42:41] [ERROR] 发生了一点小问题： ('图形验证码识别超时 泸州养生酒会员', None, None)
[2021-08-22 09:42:41] [INFO] 开始注销店铺 绿叶
[2021-08-22 09:42:55] [INFO] 正在通过本地引擎识别
[2021-08-22 09:43:02] [INFO] 本次运行已成功注销店铺会员数量为： 269
[2021-08-22 09:43:02] [INFO] 开始注销店铺 开山酒品牌会员
[2021-08-22 09:43:07] [INFO] 正在通过本地引擎识别
[2021-08-22 09:43:14] [INFO] 本次运行已成功注销店铺会员数量为： 270
[2021-08-22 09:43:14] [INFO] 开始注销店铺 娃哈哈
[2021-08-22 09:43:19] [INFO] 正在通过本地引擎识别
[2021-08-22 09:43:22] [INFO] 验证码位置点击错误，尝试再试一次
[2021-08-22 09:43:23] [INFO] 正在通过本地引擎识别
[2021-08-22 09:43:29] [INFO] 本次运行已成功注销店铺会员数量为： 271
[2021-08-22 09:43:29] [INFO] 开始注销店铺 蓝洛自营旗舰店
[2021-08-22 09:43:37] [INFO] 正在通过本地引擎识别
[2021-08-22 09:43:44] [INFO] 本次运行已成功注销店铺会员数量为： 272
[2021-08-22 09:43:44] [INFO] 开始注销店铺 宣酒品牌会员
[2021-08-22 09:43:52] [INFO] 正在通过本地引擎识别
[2021-08-22 09:43:59] [INFO] 本次运行已成功注销店铺会员数量为： 273
[2021-08-22 09:43:59] [INFO] 开始注销店铺 北井稻
[2021-08-22 09:44:07] [INFO] 正在通过本地引擎识别
[2021-08-22 09:44:14] [INFO] 本次运行已成功注销店铺会员数量为： 274
[2021-08-22 09:44:14] [INFO] 开始注销店铺 阿华田会员卡
[2021-08-22 09:44:32] [INFO] 正在通过本地引擎识别
[2021-08-22 09:44:35] [INFO] 验证码位置点击错误，尝试再试一次
[2021-08-22 09:44:36] [INFO] 正在通过本地引擎识别
[2021-08-22 09:44:41] [INFO] 本次运行已成功注销店铺会员数量为： 275
[2021-08-22 09:44:41] [INFO] 开始注销店铺 雪肌精
[2021-08-22 09:45:02] [INFO] 正在通过本地引擎识别
[2021-08-22 09:45:08] [INFO] 本次运行已成功注销店铺会员数量为： 276
[2021-08-22 09:45:08] [INFO] 开始注销店铺 中美史克会员卡
[2021-08-22 09:45:23] [INFO] 正在通过本地引擎识别
[2021-08-22 09:45:26] [INFO] 验证码位置点击错误，尝试再试一次
[2021-08-22 09:45:27] [INFO] 正在通过本地引擎识别
[2021-08-22 09:45:35] [INFO] 本次运行已成功注销店铺会员数量为： 277
[2021-08-22 09:45:35] [INFO] 开始注销店铺 西安杨森旗舰店
[2021-08-22 09:45:44] [INFO] 正在通过本地引擎识别
[2021-08-22 09:45:50] [INFO] 本次运行已成功注销店铺会员数量为： 278
[2021-08-22 09:45:50] [INFO] 开始注销店铺 吉得利知食青年
[2021-08-22 09:46:08] [INFO] 正在通过本地引擎识别
[2021-08-22 09:46:15] [INFO] 本次运行已成功注销店铺会员数量为： 279
[2021-08-22 09:46:15] [INFO] 开始注销店铺 会员卡 
[2021-08-22 09:46:20] [INFO] 正在通过本地引擎识别
[2021-08-22 09:46:26] [INFO] 本次运行已成功注销店铺会员数量为： 280
[2021-08-22 09:46:27] [INFO] 开始注销店铺 达埔VIP卡
[2021-08-22 09:46:35] [INFO] 正在通过本地引擎识别
[2021-08-22 09:46:42] [INFO] 本次运行已成功注销店铺会员数量为： 281
[2021-08-22 09:46:42] [INFO] 开始注销店铺 太粮米业会员
[2021-08-22 09:46:59] [INFO] 正在通过本地引擎识别
[2021-08-22 09:47:06] [INFO] 本次运行已成功注销店铺会员数量为： 282
[2021-08-22 09:47:06] [INFO] 开始注销店铺 迎驾贡酒会员
[2021-08-22 09:47:23] [INFO] 正在通过本地引擎识别
[2021-08-22 09:47:30] [INFO] 本次运行已成功注销店铺会员数量为： 283
[2021-08-22 09:47:30] [INFO] 开始注销店铺 郎牌特曲VIP
[2021-08-22 09:47:35] [INFO] 正在通过本地引擎识别
[2021-08-22 09:47:42] [INFO] 本次运行已成功注销店铺会员数量为： 284
[2021-08-22 09:47:42] [INFO] 开始注销店铺 仰韶彩陶坊
[2021-08-22 09:47:50] [INFO] 正在通过本地引擎识别
[2021-08-22 09:47:57] [INFO] 本次运行已成功注销店铺会员数量为： 285
[2021-08-22 09:47:57] [INFO] 开始注销店铺 苏菲娜品牌会员
[2021-08-22 09:48:14] [INFO] 正在通过本地引擎识别
[2021-08-22 09:48:21] [INFO] 本次运行已成功注销店铺会员数量为： 286
[2021-08-22 09:48:21] [INFO] 本轮店铺已执行完，即将开始获取下一轮店铺
[2021-08-22 09:48:23] [INFO] 本轮运行获取到 50 家店铺会员信息
[2021-08-22 09:48:23] [INFO] 开始注销店铺 高夫会员
[2021-08-22 09:48:29] [INFO] 正在通过本地引擎识别
[2021-08-22 09:48:36] [INFO] 本次运行已成功注销店铺会员数量为： 287
[2021-08-22 09:48:36] [INFO] 开始注销店铺 锐澳鸡尾酒
[2021-08-22 09:48:50] [INFO] 正在通过本地引擎识别
[2021-08-22 09:48:57] [INFO] 本次运行已成功注销店铺会员数量为： 288
[2021-08-22 09:48:57] [INFO] 开始注销店铺 心相印会员
[2021-08-22 09:49:14] [INFO] 正在通过本地引擎识别
[2021-08-22 09:49:21] [INFO] 本次运行已成功注销店铺会员数量为： 289
[2021-08-22 09:49:21] [INFO] 开始注销店铺 海信会员
[2021-08-22 09:49:39] [INFO] 正在通过本地引擎识别
[2021-08-22 09:49:45] [INFO] 本次运行已成功注销店铺会员数量为： 290
[2021-08-22 09:49:45] [INFO] 开始注销店铺 泸州老窖
[2021-08-22 09:50:03] [INFO] 正在通过本地引擎识别
[2021-08-22 09:50:09] [INFO] 本次运行已成功注销店铺会员数量为： 291
[2021-08-22 09:50:09] [INFO] 开始注销店铺 冈本
[2021-08-22 09:50:27] [INFO] 正在通过本地引擎识别
[2021-08-22 09:50:30] [INFO] 验证码位置点击错误，尝试再试一次
[2021-08-22 09:50:31] [INFO] 正在通过本地引擎识别
[2021-08-22 09:50:46] [INFO] 本次运行已成功注销店铺会员数量为： 292
[2021-08-22 09:50:46] [INFO] 开始注销店铺 佰草集
[2021-08-22 09:51:03] [INFO] 正在通过本地引擎识别
[2021-08-22 09:51:09] [INFO] 本次运行已成功注销店铺会员数量为： 293
[2021-08-22 09:51:10] [INFO] 开始注销店铺 云南白药VIP
[2021-08-22 09:52:11] [INFO] 等待websocket推送短信验证码超时，即将跳过 云南白药VIP
[2021-08-22 09:52:11] [INFO] 开始注销店铺 碧然德会员
[2021-08-22 09:52:18] [INFO] 正在通过本地引擎识别
[2021-08-22 09:52:24] [INFO] 本次运行已成功注销店铺会员数量为： 294
[2021-08-22 09:52:25] [INFO] 开始注销店铺 中国李宁VIP
[2021-08-22 09:53:26] [INFO] 等待websocket推送短信验证码超时，即将跳过 中国李宁VIP
[2021-08-22 09:53:26] [INFO] 开始注销店铺 FILORGA
[2021-08-22 09:54:27] [INFO] 等待websocket推送短信验证码超时，即将跳过 FILORGA
[2021-08-22 09:54:28] [INFO] 开始注销店铺 蜜纽康
[2021-08-22 09:55:29] [INFO] 等待websocket推送短信验证码超时，即将跳过 蜜纽康
[2021-08-22 09:55:29] [INFO] 开始注销店铺 容声品牌会员
[2021-08-22 09:56:30] [INFO] 等待websocket推送短信验证码超时，即将跳过 容声品牌会员
[2021-08-22 09:56:30] [INFO] 开始注销店铺 安速白元
[2021-08-22 09:56:39] [INFO] 正在通过本地引擎识别
[2021-08-22 09:56:46] [INFO] 本次运行已成功注销店铺会员数量为： 295
[2021-08-22 09:56:46] [INFO] 开始注销店铺 闪迪品牌会员
[2021-08-22 09:56:54] [INFO] 正在通过本地引擎识别
[2021-08-22 09:57:01] [INFO] 本次运行已成功注销店铺会员数量为： 296
[2021-08-22 09:57:01] [INFO] 开始注销店铺 习酒
[2021-08-22 09:58:02] [INFO] 等待websocket推送短信验证码超时，即将跳过 习酒
[2021-08-22 09:58:02] [INFO] 开始注销店铺 小鹿蓝蓝vip
[2021-08-22 09:58:07] [INFO] 正在通过本地引擎识别
[2021-08-22 09:58:43] [ERROR] 发生了一点小问题： ('图形验证码识别超时 小鹿蓝蓝vip', None, None)
[2021-08-22 09:58:43] [INFO] 开始注销店铺 HFP
[2021-08-22 09:58:49] [INFO] 正在通过本地引擎识别
[2021-08-22 09:58:55] [INFO] 本次运行已成功注销店铺会员数量为： 297
[2021-08-22 09:58:55] [INFO] 开始注销店铺 吉香居品牌会员
[2021-08-22 09:59:19] [INFO] 正在通过本地引擎识别
[2021-08-22 09:59:25] [INFO] 本次运行已成功注销店铺会员数量为： 298
[2021-08-22 09:59:25] [INFO] 开始注销店铺 立顿旗舰店
[2021-08-22 09:59:31] [INFO] 正在通过本地引擎识别
[2021-08-22 09:59:34] [INFO] 验证码位置点击错误，尝试再试一次
[2021-08-22 09:59:35] [INFO] 正在通过本地引擎识别
[2021-08-22 09:59:40] [INFO] 本次运行已成功注销店铺会员数量为： 299
[2021-08-22 09:59:40] [INFO] 开始注销店铺 白兰氏VIP
[2021-08-22 09:59:46] [INFO] 正在通过本地引擎识别
[2021-08-22 09:59:52] [INFO] 本次运行已成功注销店铺会员数量为： 300
[2021-08-22 09:59:53] [INFO] 开始注销店铺 FANCL
[2021-08-22 10:00:54] [INFO] 等待websocket推送短信验证码超时，即将跳过 FANCL
[2021-08-22 10:00:54] [INFO] 开始注销店铺 爱他美海外
[2021-08-22 10:01:01] [INFO] 正在通过本地引擎识别
[2021-08-22 10:01:08] [INFO] 本次运行已成功注销店铺会员数量为： 301
[2021-08-22 10:01:08] [INFO] 开始注销店铺 elleair
[2021-08-22 10:01:28] [INFO] 正在通过本地引擎识别
[2021-08-22 10:01:31] [INFO] 验证码位置点击错误，尝试再试一次
[2021-08-22 10:01:32] [INFO] 正在通过本地引擎识别
[2021-08-22 10:02:05] [ERROR] 发生了一点小问题： ('图形验证码识别超时 elleair', None, None)
[2021-08-22 10:02:05] [INFO] 开始注销店铺 健安喜GNC
[2021-08-22 10:02:10] [INFO] 正在通过本地引擎识别
[2021-08-22 10:02:17] [INFO] 本次运行已成功注销店铺会员数量为： 302
[2021-08-22 10:02:17] [INFO] 开始注销店铺 李宁品牌VIP
[2021-08-22 10:03:19] [INFO] 等待websocket推送短信验证码超时，即将跳过 李宁品牌VIP
[2021-08-22 10:03:20] [INFO] 开始注销店铺 BH会员
[2021-08-22 10:03:29] [INFO] 正在通过本地引擎识别
[2021-08-22 10:03:35] [INFO] 本次运行已成功注销店铺会员数量为： 303
[2021-08-22 10:03:35] [INFO] 开始注销店铺 极米会员
[2021-08-22 10:03:44] [INFO] 正在通过本地引擎识别
[2021-08-22 10:03:50] [INFO] 本次运行已成功注销店铺会员数量为： 304
[2021-08-22 10:03:50] [INFO] 开始注销店铺 科大讯飞
[2021-08-22 10:03:56] [INFO] 正在通过本地引擎识别
[2021-08-22 10:04:02] [INFO] 本次运行已成功注销店铺会员数量为： 305
[2021-08-22 10:04:02] [INFO] 开始注销店铺 简爱会员
[2021-08-22 10:04:29] [INFO] 正在通过本地引擎识别
[2021-08-22 10:04:35] [INFO] 本次运行已成功注销店铺会员数量为： 306
[2021-08-22 10:04:35] [INFO] 开始注销店铺 美泰
[2021-08-22 10:04:44] [INFO] 正在通过本地引擎识别
[2021-08-22 10:04:47] [INFO] 验证码位置点击错误，尝试再试一次
[2021-08-22 10:04:48] [INFO] 正在通过本地引擎识别
[2021-08-22 10:05:20] [ERROR] 发生了一点小问题： ('图形验证码识别超时 美泰', None, None)
[2021-08-22 10:05:20] [INFO] 开始注销店铺 RAOYI口腔
[2021-08-22 10:05:26] [INFO] 正在通过本地引擎识别
[2021-08-22 10:05:32] [INFO] 本次运行已成功注销店铺会员数量为： 307
[2021-08-22 10:05:32] [INFO] 开始注销店铺 京东
[2021-08-22 10:05:56] [INFO] 正在通过本地引擎识别
[2021-08-22 10:06:02] [INFO] 本次运行已成功注销店铺会员数量为： 308
[2021-08-22 10:06:02] [INFO] 开始注销店铺 江小白品酒师
[2021-08-22 10:06:08] [INFO] 正在通过本地引擎识别
[2021-08-22 10:06:14] [INFO] 本次运行已成功注销店铺会员数量为： 309
[2021-08-22 10:06:15] [INFO] 开始注销店铺 卡游会员
[2021-08-22 10:06:23] [INFO] 正在通过本地引擎识别
[2021-08-22 10:06:29] [INFO] 本次运行已成功注销店铺会员数量为： 310
[2021-08-22 10:06:30] [INFO] 开始注销店铺 a2
[2021-08-22 10:06:38] [INFO] 正在通过本地引擎识别
[2021-08-22 10:06:45] [INFO] 本次运行已成功注销店铺会员数量为： 311
[2021-08-22 10:06:45] [INFO] 开始注销店铺 安托
[2021-08-22 10:06:53] [INFO] 正在通过本地引擎识别
[2021-08-22 10:06:56] [INFO] 验证码位置点击错误，尝试再试一次
[2021-08-22 10:06:57] [INFO] 正在通过本地引擎识别
[2021-08-22 10:07:02] [INFO] 本次运行已成功注销店铺会员数量为： 312
[2021-08-22 10:07:03] [INFO] 开始注销店铺 京东自营旗舰店
[2021-08-22 10:07:08] [INFO] 正在通过本地引擎识别
[2021-08-22 10:07:15] [INFO] 本次运行已成功注销店铺会员数量为： 313
[2021-08-22 10:07:15] [INFO] 开始注销店铺 泸州养生酒会员
[2021-08-22 10:07:23] [INFO] 正在通过本地引擎识别
[2021-08-22 10:07:30] [INFO] 本次运行已成功注销店铺会员数量为： 314
[2021-08-22 10:07:30] [INFO] 开始注销店铺 阿尔卑斯曼妥思
[2021-08-22 10:07:38] [INFO] 正在通过本地引擎识别
[2021-08-22 10:07:45] [INFO] 本次运行已成功注销店铺会员数量为： 315
[2021-08-22 10:07:45] [INFO] 开始注销店铺 健合集团
[2021-08-22 10:07:50] [INFO] 正在通过本地引擎识别
[2021-08-22 10:07:53] [INFO] 验证码位置点击错误，尝试再试一次
[2021-08-22 10:07:54] [INFO] 正在通过本地引擎识别
[2021-08-22 10:08:00] [INFO] 本次运行已成功注销店铺会员数量为： 316
[2021-08-22 10:08:00] [INFO] 开始注销店铺 Origins
[2021-08-22 10:08:08] [INFO] 正在通过本地引擎识别
[2021-08-22 10:08:11] [INFO] 验证码位置点击错误，尝试再试一次
[2021-08-22 10:08:12] [INFO] 正在通过本地引擎识别
[2021-08-22 10:08:18] [INFO] 本次运行已成功注销店铺会员数量为： 317
[2021-08-22 10:08:18] [INFO] 开始注销店铺 蔻斯汀花粉会员
[2021-08-22 10:08:26] [INFO] 正在通过本地引擎识别
[2021-08-22 10:08:29] [INFO] 验证码位置点击错误，尝试再试一次
[2021-08-22 10:08:30] [INFO] 正在通过本地引擎识别
[2021-08-22 10:08:36] [INFO] 本次运行已成功注销店铺会员数量为： 318
[2021-08-22 10:08:36] [INFO] 开始注销店铺 母婴电器小白熊
[2021-08-22 10:08:41] [INFO] 正在通过本地引擎识别
[2021-08-22 10:08:48] [INFO] 本次运行已成功注销店铺会员数量为： 319
[2021-08-22 10:08:48] [INFO] 开始注销店铺 雷达表会员卡
[2021-08-22 10:09:21] [INFO] 正在通过本地引擎识别
[2021-08-22 10:09:27] [INFO] 本次运行已成功注销店铺会员数量为： 320
[2021-08-22 10:09:27] [INFO] 开始注销店铺 中茶自营旗舰店
[2021-08-22 10:09:54] [INFO] 正在通过本地引擎识别
[2021-08-22 10:10:00] [INFO] 本次运行已成功注销店铺会员数量为： 321
[2021-08-22 10:10:00] [INFO] 开始注销店铺 爱他美海外
[2021-08-22 10:10:27] [INFO] 正在通过本地引擎识别
[2021-08-22 10:10:33] [INFO] 本次运行已成功注销店铺会员数量为： 322
[2021-08-22 10:10:34] [INFO] 开始注销店铺 云南白药尊享卡
[2021-08-22 10:10:57] [INFO] 正在通过本地引擎识别
[2021-08-22 10:11:03] [INFO] 本次运行已成功注销店铺会员数量为： 323
[2021-08-22 10:11:03] [INFO] 开始注销店铺 摩恩会员卡
[2021-08-22 10:11:12] [INFO] 正在通过本地引擎识别
[2021-08-22 10:11:15] [INFO] 验证码位置点击错误，尝试再试一次
[2021-08-22 10:11:16] [INFO] 正在通过本地引擎识别
[2021-08-22 10:11:21] [INFO] 本次运行已成功注销店铺会员数量为： 324
[2021-08-22 10:11:21] [INFO] 开始注销店铺 骁龙会员
[2021-08-22 10:11:30] [INFO] 正在通过本地引擎识别
[2021-08-22 10:11:36] [INFO] 本次运行已成功注销店铺会员数量为： 325
[2021-08-22 10:11:36] [INFO] 本轮店铺已执行完，即将开始获取下一轮店铺
[2021-08-22 10:11:38] [INFO] 本轮运行获取到 50 家店铺会员信息
[2021-08-22 10:11:38] [INFO] 开始注销店铺 一加
[2021-08-22 10:12:06] [INFO] 正在通过本地引擎识别
[2021-08-22 10:12:13] [INFO] 本次运行已成功注销店铺会员数量为： 326
[2021-08-22 10:12:13] [INFO] 开始注销店铺 喜茶
[2021-08-22 10:12:39] [INFO] 正在通过本地引擎识别
[2021-08-22 10:12:46] [INFO] 本次运行已成功注销店铺会员数量为： 327
[2021-08-22 10:12:46] [INFO] 开始注销店铺 自然之名
[2021-08-22 10:13:09] [INFO] 正在通过本地引擎识别
[2021-08-22 10:13:16] [INFO] 本次运行已成功注销店铺会员数量为： 328
[2021-08-22 10:13:16] [INFO] 开始注销店铺 维达
[2021-08-22 10:13:42] [INFO] 正在通过本地引擎识别
[2021-08-22 10:13:49] [INFO] 本次运行已成功注销店铺会员数量为： 329
[2021-08-22 10:13:49] [INFO] 开始注销店铺 EVM品牌会员
[2021-08-22 10:13:54] [INFO] 正在通过本地引擎识别
[2021-08-22 10:14:02] [INFO] 本次运行已成功注销店铺会员数量为： 330
[2021-08-22 10:14:03] [INFO] 开始注销店铺 佐卡伊珠宝
[2021-08-22 10:14:10] [INFO] 正在通过本地引擎识别
[2021-08-22 10:14:16] [INFO] 本次运行已成功注销店铺会员数量为： 331
[2021-08-22 10:14:16] [INFO] 开始注销店铺 云南白药VIP
[2021-08-22 10:14:43] [INFO] 正在通过本地引擎识别
[2021-08-22 10:14:45] [INFO] 验证码位置点击错误，尝试再试一次
[2021-08-22 10:14:46] [INFO] 正在通过本地引擎识别
[2021-08-22 10:14:52] [INFO] 本次运行已成功注销店铺会员数量为： 332
[2021-08-22 10:14:52] [INFO] 开始注销店铺 TUMI
[2021-08-22 10:15:16] [INFO] 正在通过本地引擎识别
[2021-08-22 10:15:22] [INFO] 本次运行已成功注销店铺会员数量为： 333
[2021-08-22 10:15:22] [INFO] 开始注销店铺 稳健品牌会员
[2021-08-22 10:15:28] [INFO] 正在通过本地引擎识别
[2021-08-22 10:15:34] [INFO] 本次运行已成功注销店铺会员数量为： 334
[2021-08-22 10:15:34] [INFO] 开始注销店铺 中国李宁VIP
[2021-08-22 10:15:40] [INFO] 正在通过本地引擎识别
[2021-08-22 10:15:46] [INFO] 本次运行已成功注销店铺会员数量为： 335
[2021-08-22 10:15:46] [INFO] 开始注销店铺 FILORGA
[2021-08-22 10:16:10] [INFO] 正在通过本地引擎识别
[2021-08-22 10:16:17] [INFO] 本次运行已成功注销店铺会员数量为： 336
[2021-08-22 10:16:17] [INFO] 开始注销店铺 蜜纽康
[2021-08-22 10:16:43] [INFO] 正在通过本地引擎识别
[2021-08-22 10:16:46] [INFO] 验证码位置点击错误，尝试再试一次
[2021-08-22 10:16:47] [INFO] 正在通过本地引擎识别
[2021-08-22 10:16:52] [INFO] 本次运行已成功注销店铺会员数量为： 337
[2021-08-22 10:16:52] [INFO] 开始注销店铺 容声品牌会员
[2021-08-22 10:17:19] [INFO] 正在通过本地引擎识别
[2021-08-22 10:17:26] [INFO] 本次运行已成功注销店铺会员数量为： 338
[2021-08-22 10:17:26] [INFO] 开始注销店铺 巴黎贝甜会员
[2021-08-22 10:17:52] [INFO] 正在通过本地引擎识别
[2021-08-22 10:17:59] [INFO] 本次运行已成功注销店铺会员数量为： 339
[2021-08-22 10:17:59] [INFO] 开始注销店铺 界界乐
[2021-08-22 10:18:22] [INFO] 正在通过本地引擎识别
[2021-08-22 10:18:29] [INFO] 本次运行已成功注销店铺会员数量为： 340
[2021-08-22 10:18:29] [INFO] 开始注销店铺 习酒
[2021-08-22 10:18:55] [INFO] 正在通过本地引擎识别
[2021-08-22 10:19:02] [INFO] 本次运行已成功注销店铺会员数量为： 341
[2021-08-22 10:19:02] [INFO] 开始注销店铺 小鹿蓝蓝vip
[2021-08-22 10:19:10] [INFO] 正在通过本地引擎识别
[2021-08-22 10:19:17] [INFO] 本次运行已成功注销店铺会员数量为： 342
[2021-08-22 10:19:17] [INFO] 开始注销店铺 天地精华
[2021-08-22 10:19:43] [INFO] 正在通过本地引擎识别
[2021-08-22 10:19:50] [INFO] 本次运行已成功注销店铺会员数量为： 343
[2021-08-22 10:19:50] [INFO] 开始注销店铺 品牌会员
[2021-08-22 10:19:55] [INFO] 正在通过本地引擎识别
[2021-08-22 10:20:02] [INFO] 本次运行已成功注销店铺会员数量为： 344
[2021-08-22 10:20:02] [INFO] 开始注销店铺 FANCL
[2021-08-22 10:20:07] [INFO] 正在通过本地引擎识别
[2021-08-22 10:20:10] [INFO] 验证码位置点击错误，尝试再试一次
[2021-08-22 10:20:11] [INFO] 正在通过本地引擎识别
[2021-08-22 10:20:17] [INFO] 本次运行已成功注销店铺会员数量为： 345
[2021-08-22 10:20:17] [INFO] 开始注销店铺 谭八爷
[2021-08-22 10:20:41] [INFO] 正在通过本地引擎识别
[2021-08-22 10:20:43] [INFO] 验证码位置点击错误，尝试再试一次
[2021-08-22 10:20:44] [INFO] 正在通过本地引擎识别
[2021-08-22 10:20:56] [INFO] 本次运行已成功注销店铺会员数量为： 346
[2021-08-22 10:20:56] [INFO] 开始注销店铺 elleair
[2021-08-22 10:21:20] [INFO] 正在通过本地引擎识别
[2021-08-22 10:21:26] [INFO] 本次运行已成功注销店铺会员数量为： 347
[2021-08-22 10:21:26] [INFO] 开始注销店铺 雀巢健康科学
[2021-08-22 10:21:47] [INFO] 正在通过本地引擎识别
[2021-08-22 10:21:53] [INFO] 本次运行已成功注销店铺会员数量为： 348
[2021-08-22 10:21:53] [INFO] 开始注销店铺 李宁品牌VIP
[2021-08-22 10:22:54] [INFO] 等待websocket推送短信验证码超时，即将跳过 李宁品牌VIP
[2021-08-22 10:22:55] [INFO] 开始注销店铺 纽麦福
[2021-08-22 10:23:02] [INFO] 正在通过本地引擎识别
[2021-08-22 10:23:08] [INFO] 本次运行已成功注销店铺会员数量为： 349
[2021-08-22 10:23:08] [INFO] 开始注销店铺 英睿达品牌会员
[2021-08-22 10:23:35] [INFO] 正在通过本地引擎识别
[2021-08-22 10:23:41] [INFO] 本次运行已成功注销店铺会员数量为： 350
[2021-08-22 10:23:41] [INFO] 开始注销店铺 美泰
[2021-08-22 10:24:08] [INFO] 正在通过本地引擎识别
[2021-08-22 10:24:14] [INFO] 本次运行已成功注销店铺会员数量为： 351
[2021-08-22 10:24:15] [INFO] 开始注销店铺 习酒
[2021-08-22 10:24:23] [INFO] 正在通过本地引擎识别
[2021-08-22 10:24:29] [INFO] 本次运行已成功注销店铺会员数量为： 352
[2021-08-22 10:24:30] [INFO] 开始注销店铺 燃茶
[2021-08-22 10:24:59] [INFO] 正在通过本地引擎识别
[2021-08-22 10:25:06] [INFO] 本次运行已成功注销店铺会员数量为： 353
[2021-08-22 10:25:06] [INFO] 开始注销店铺 百事可乐
[2021-08-22 10:25:11] [INFO] 正在通过本地引擎识别
[2021-08-22 10:25:18] [INFO] 本次运行已成功注销店铺会员数量为： 354
[2021-08-22 10:25:18] [INFO] 开始注销店铺 MAPUTI
[2021-08-22 10:25:41] [INFO] 正在通过本地引擎识别
[2021-08-22 10:25:48] [INFO] 本次运行已成功注销店铺会员数量为： 355
[2021-08-22 10:25:48] [INFO] 开始注销店铺 顾家家居
[2021-08-22 10:26:11] [INFO] 正在通过本地引擎识别
[2021-08-22 10:26:18] [INFO] 本次运行已成功注销店铺会员数量为： 356
[2021-08-22 10:26:18] [INFO] 开始注销店铺 爱仕达健康生活
[2021-08-22 10:26:23] [INFO] 正在通过本地引擎识别
[2021-08-22 10:26:30] [INFO] 本次运行已成功注销店铺会员数量为： 357
[2021-08-22 10:26:30] [INFO] 开始注销店铺 书剑古茶
[2021-08-22 10:26:35] [INFO] 正在通过本地引擎识别
[2021-08-22 10:26:42] [INFO] 本次运行已成功注销店铺会员数量为： 358
[2021-08-22 10:26:42] [INFO] 开始注销店铺 振德品牌会员
[2021-08-22 10:27:12] [INFO] 正在通过本地引擎识别
[2021-08-22 10:27:18] [INFO] 本次运行已成功注销店铺会员数量为： 359
[2021-08-22 10:27:18] [INFO] 开始注销店铺 皓乐齿
[2021-08-22 10:27:27] [INFO] 正在通过本地引擎识别
[2021-08-22 10:27:33] [INFO] 本次运行已成功注销店铺会员数量为： 360
[2021-08-22 10:27:33] [INFO] 开始注销店铺 月神臻享
[2021-08-22 10:27:57] [INFO] 正在通过本地引擎识别
[2021-08-22 10:28:03] [INFO] 本次运行已成功注销店铺会员数量为： 361
[2021-08-22 10:28:03] [INFO] 开始注销店铺 领克汽车会员卡
[2021-08-22 10:28:33] [INFO] 正在通过本地引擎识别
[2021-08-22 10:28:36] [INFO] 验证码位置点击错误，尝试再试一次
[2021-08-22 10:28:37] [INFO] 正在通过本地引擎识别
[2021-08-22 10:28:42] [INFO] 本次运行已成功注销店铺会员数量为： 362
[2021-08-22 10:28:42] [INFO] 开始注销店铺 倩碧
[2021-08-22 10:28:51] [INFO] 正在通过本地引擎识别
[2021-08-22 10:28:57] [INFO] 本次运行已成功注销店铺会员数量为： 363
[2021-08-22 10:28:57] [INFO] 开始注销店铺 雅诗兰黛奢雅会
[2021-08-22 10:29:24] [INFO] 正在通过本地引擎识别
[2021-08-22 10:29:27] [INFO] 验证码位置点击错误，尝试再试一次
[2021-08-22 10:29:28] [INFO] 正在通过本地引擎识别
[2021-08-22 10:29:33] [INFO] 本次运行已成功注销店铺会员数量为： 364
[2021-08-22 10:29:33] [INFO] 开始注销店铺 科勒VIP会员
[2021-08-22 10:29:42] [INFO] 正在通过本地引擎识别
[2021-08-22 10:29:48] [INFO] 本次运行已成功注销店铺会员数量为： 365
[2021-08-22 10:29:49] [INFO] 开始注销店铺 薇诺娜品牌会员
[2021-08-22 10:30:18] [INFO] 正在通过本地引擎识别
[2021-08-22 10:30:24] [INFO] 本次运行已成功注销店铺会员数量为： 366
[2021-08-22 10:30:25] [INFO] 开始注销店铺 帕罗官方旗舰店
[2021-08-22 10:30:30] [INFO] 正在通过本地引擎识别
[2021-08-22 10:30:37] [INFO] 本次运行已成功注销店铺会员数量为： 367
[2021-08-22 10:30:37] [INFO] 开始注销店铺 刀唛
[2021-08-22 10:31:03] [INFO] 正在通过本地引擎识别
[2021-08-22 10:31:06] [INFO] 验证码位置点击错误，尝试再试一次
[2021-08-22 10:31:07] [INFO] 正在通过本地引擎识别
[2021-08-22 10:31:14] [INFO] 本次运行已成功注销店铺会员数量为： 368
[2021-08-22 10:31:14] [INFO] 开始注销店铺 能率京东自营
[2021-08-22 10:31:21] [INFO] 正在通过本地引擎识别
[2021-08-22 10:31:28] [INFO] 本次运行已成功注销店铺会员数量为： 369
[2021-08-22 10:31:28] [INFO] 开始注销店铺 betu百图
[2021-08-22 10:31:57] [INFO] 正在通过本地引擎识别
[2021-08-22 10:32:04] [INFO] 本次运行已成功注销店铺会员数量为： 370
[2021-08-22 10:32:04] [INFO] 开始注销店铺 七粉福利卡
[2021-08-22 10:32:30] [INFO] 正在通过本地引擎识别
[2021-08-22 10:32:37] [INFO] 本次运行已成功注销店铺会员数量为： 371
[2021-08-22 10:32:37] [INFO] 开始注销店铺 百吉福VIP
[2021-08-22 10:33:00] [INFO] 正在通过本地引擎识别
[2021-08-22 10:33:07] [INFO] 本次运行已成功注销店铺会员数量为： 372
[2021-08-22 10:33:07] [INFO] 开始注销店铺 之宝ZIPPO
[2021-08-22 10:33:12] [INFO] 正在通过本地引擎识别
[2021-08-22 10:33:19] [INFO] 本次运行已成功注销店铺会员数量为： 373
[2021-08-22 10:33:19] [INFO] 开始注销店铺 倍力乐VIP
[2021-08-22 10:33:25] [INFO] 正在通过本地引擎识别
[2021-08-22 10:33:31] [INFO] 本次运行已成功注销店铺会员数量为： 374
[2021-08-22 10:33:31] [INFO] 本轮店铺已执行完，即将开始获取下一轮店铺
[2021-08-22 10:33:32] [INFO] 本轮运行获取到 32 家店铺会员信息
[2021-08-22 10:33:32] [INFO] 开始注销店铺 OLAY玉兰油
[2021-08-22 10:33:40] [INFO] 正在通过本地引擎识别
[2021-08-22 10:33:46] [INFO] 本次运行已成功注销店铺会员数量为： 375
[2021-08-22 10:33:46] [INFO] 开始注销店铺 TCL会员
[2021-08-22 10:33:52] [INFO] 正在通过本地引擎识别
[2021-08-22 10:33:54] [INFO] 验证码位置点击错误，尝试再试一次
[2021-08-22 10:33:56] [INFO] 正在通过本地引擎识别
[2021-08-22 10:34:02] [INFO] 本次运行已成功注销店铺会员数量为： 376
[2021-08-22 10:34:02] [INFO] 开始注销店铺 清风自营旗舰店
[2021-08-22 10:34:10] [INFO] 正在通过本地引擎识别
[2021-08-22 10:34:16] [INFO] 本次运行已成功注销店铺会员数量为： 377
[2021-08-22 10:34:16] [INFO] 开始注销店铺 高露洁会员
[2021-08-22 10:34:25] [INFO] 正在通过本地引擎识别
[2021-08-22 10:34:31] [INFO] 本次运行已成功注销店铺会员数量为： 378
[2021-08-22 10:34:31] [INFO] 开始注销店铺 三只松鼠
[2021-08-22 10:35:04] [INFO] 正在通过本地引擎识别
[2021-08-22 10:35:10] [INFO] 本次运行已成功注销店铺会员数量为： 379
[2021-08-22 10:35:10] [INFO] 开始注销店铺 恒都牛气冲天
[2021-08-22 10:35:19] [INFO] 正在通过本地引擎识别
[2021-08-22 10:35:25] [INFO] 本次运行已成功注销店铺会员数量为： 380
[2021-08-22 10:35:26] [INFO] 开始注销店铺 玉泽品牌会员卡
[2021-08-22 10:35:34] [INFO] 正在通过本地引擎识别
[2021-08-22 10:35:40] [INFO] 本次运行已成功注销店铺会员数量为： 381
[2021-08-22 10:35:41] [INFO] 开始注销店铺 七维健康会员
[2021-08-22 10:36:07] [INFO] 正在通过本地引擎识别
[2021-08-22 10:36:14] [INFO] 本次运行已成功注销店铺会员数量为： 382
[2021-08-22 10:36:14] [INFO] 开始注销店铺 卡西欧东方会员
[2021-08-22 10:36:19] [INFO] 正在通过本地引擎识别
[2021-08-22 10:36:26] [INFO] 本次运行已成功注销店铺会员数量为： 383
[2021-08-22 10:36:26] [INFO] 开始注销店铺 德芙
[2021-08-22 10:36:52] [INFO] 正在通过本地引擎识别
[2021-08-22 10:36:59] [INFO] 本次运行已成功注销店铺会员数量为： 384
[2021-08-22 10:36:59] [INFO] 开始注销店铺 亿滋
[2021-08-22 10:37:07] [INFO] 正在通过本地引擎识别
[2021-08-22 10:37:14] [INFO] 本次运行已成功注销店铺会员数量为： 385
[2021-08-22 10:37:14] [INFO] 开始注销店铺 会员俱乐部
[2021-08-22 10:37:40] [INFO] 正在通过本地引擎识别
[2021-08-22 10:37:47] [INFO] 本次运行已成功注销店铺会员数量为： 386
[2021-08-22 10:37:47] [INFO] 开始注销店铺 百富门洋酒
[2021-08-22 10:37:55] [INFO] 正在通过本地引擎识别
[2021-08-22 10:37:58] [INFO] 验证码位置点击错误，尝试再试一次
[2021-08-22 10:37:59] [INFO] 正在通过本地引擎识别
[2021-08-22 10:38:05] [INFO] 本次运行已成功注销店铺会员数量为： 387
[2021-08-22 10:38:05] [INFO] 开始注销店铺 雅培
[2021-08-22 10:38:10] [INFO] 正在通过本地引擎识别
[2021-08-22 10:38:17] [INFO] 本次运行已成功注销店铺会员数量为： 388
[2021-08-22 10:38:17] [INFO] 开始注销店铺 舒适达护齿部落
[2021-08-22 10:38:23] [INFO] 正在通过本地引擎识别
[2021-08-22 10:38:29] [INFO] 本次运行已成功注销店铺会员数量为： 389
[2021-08-22 10:38:29] [INFO] 开始注销店铺 威莱
[2021-08-22 10:38:35] [INFO] 正在通过本地引擎识别
[2021-08-22 10:38:41] [INFO] 本次运行已成功注销店铺会员数量为： 390
[2021-08-22 10:38:41] [INFO] 开始注销店铺 李宁品牌VIP
[2021-08-22 10:39:42] [INFO] 等待websocket推送短信验证码超时，即将跳过 李宁品牌VIP
[2021-08-22 10:39:46] [INFO] 开始注销店铺 尊享
[2021-08-22 10:39:53] [INFO] 正在通过本地引擎识别
[2021-08-22 10:39:59] [INFO] 本次运行已成功注销店铺会员数量为： 391
[2021-08-22 10:39:59] [INFO] 开始注销店铺 初然之爱
[2021-08-22 10:40:08] [INFO] 正在通过本地引擎识别
[2021-08-22 10:40:11] [INFO] 验证码位置点击错误，尝试再试一次
[2021-08-22 10:40:12] [INFO] 正在通过本地引擎识别
[2021-08-22 10:40:17] [INFO] 本次运行已成功注销店铺会员数量为： 392
[2021-08-22 10:40:17] [INFO] 开始注销店铺 惠发美食行家
[2021-08-22 10:40:26] [INFO] 正在通过本地引擎识别
[2021-08-22 10:40:32] [INFO] 本次运行已成功注销店铺会员数量为： 393
[2021-08-22 10:40:33] [INFO] 开始注销店铺 鱼极VIP会员
[2021-08-22 10:41:02] [INFO] 正在通过本地引擎识别
[2021-08-22 10:41:08] [INFO] 本次运行已成功注销店铺会员数量为： 394
[2021-08-22 10:41:09] [INFO] 开始注销店铺 RAOYI会员
[2021-08-22 10:41:35] [INFO] 正在通过本地引擎识别
[2021-08-22 10:41:42] [INFO] 本次运行已成功注销店铺会员数量为： 395
[2021-08-22 10:41:42] [INFO] 开始注销店铺 雀巢奶粉
[2021-08-22 10:41:47] [INFO] 正在通过本地引擎识别
[2021-08-22 10:41:54] [INFO] 本次运行已成功注销店铺会员数量为： 396
[2021-08-22 10:41:54] [INFO] 开始注销店铺 林内会员
[2021-08-22 10:42:14] [INFO] 正在通过本地引擎识别
[2021-08-22 10:42:21] [INFO] 本次运行已成功注销店铺会员数量为： 397
[2021-08-22 10:42:21] [INFO] 开始注销店铺 吴大嫂VIP
[2021-08-22 10:42:44] [INFO] 正在通过本地引擎识别
[2021-08-22 10:42:51] [INFO] 本次运行已成功注销店铺会员数量为： 398
[2021-08-22 10:42:51] [INFO] 开始注销店铺 松下
[2021-08-22 10:43:17] [INFO] 正在通过本地引擎识别
[2021-08-22 10:43:24] [INFO] 本次运行已成功注销店铺会员数量为： 399
[2021-08-22 10:43:24] [INFO] 开始注销店铺 文石精选会员
[2021-08-22 10:43:32] [INFO] 正在通过本地引擎识别
[2021-08-22 10:43:39] [INFO] 本次运行已成功注销店铺会员数量为： 400
[2021-08-22 10:43:39] [INFO] 开始注销店铺 小润家旗舰店
[2021-08-22 10:44:06] [INFO] 正在通过本地引擎识别
[2021-08-22 10:44:12] [INFO] 本次运行已成功注销店铺会员数量为： 401
[2021-08-22 10:44:12] [INFO] 开始注销店铺 花王碧柔
[2021-08-22 10:44:39] [INFO] 正在通过本地引擎识别
[2021-08-22 10:44:45] [INFO] 本次运行已成功注销店铺会员数量为： 402
[2021-08-22 10:44:45] [INFO] 开始注销店铺 修哲
[2021-08-22 10:45:12] [INFO] 正在通过本地引擎识别
[2021-08-22 10:45:18] [INFO] 本次运行已成功注销店铺会员数量为： 403
[2021-08-22 10:45:18] [INFO] 开始注销店铺 欣和品牌会员
[2021-08-22 10:45:48] [INFO] 正在通过本地引擎识别
[2021-08-22 10:45:51] [INFO] 验证码位置点击错误，尝试再试一次
[2021-08-22 10:45:52] [INFO] 正在通过本地引擎识别
[2021-08-22 10:46:25] [ERROR] 发生了一点小问题： ('图形验证码识别超时 欣和品牌会员', None, None)
[2021-08-22 10:46:25] [INFO] 开始注销店铺 星星卡
[2021-08-22 10:46:33] [INFO] 正在通过本地引擎识别
[2021-08-22 10:46:39] [INFO] 本次运行已成功注销店铺会员数量为： 404
[2021-08-22 10:46:39] [INFO] 本轮店铺已执行完，即将开始获取下一轮店铺
[2021-08-22 10:46:40] [INFO] 本轮运行获取到 2 家店铺会员信息
[2021-08-22 10:46:40] [INFO] 开始注销店铺 李宁品牌VIP
[2021-08-22 10:47:41] [INFO] 等待websocket推送短信验证码超时，即将跳过 李宁品牌VIP
[2021-08-22 10:47:41] [INFO] 开始注销店铺 欣和品牌会员
[2021-08-22 10:48:12] [INFO] 正在通过本地引擎识别
[2021-08-22 10:48:19] [INFO] 本次运行已成功注销店铺会员数量为： 405
[2021-08-22 10:48:19] [INFO] 本轮店铺已执行完，即将开始获取下一轮店铺
[2021-08-22 10:48:19] [INFO] 当前接口获取到的店铺列表和上一轮一致，认为接口缓存还未刷新，即将尝试刷新缓存
[2021-08-22 10:48:19] [INFO] 理论上缓存已经刷新成功，如页面未成功自动刷新请及时反馈
[2021-08-22 10:48:20] [INFO] 本轮运行获取到 1 家店铺会员信息
[2021-08-22 10:48:20] [INFO] 开始注销店铺 李宁品牌VIP
[2021-08-22 10:49:21] [INFO] 等待websocket推送短信验证码超时，即将跳过 李宁品牌VIP
[2021-08-22 10:49:21] [INFO] 本轮店铺已执行完，即将开始获取下一轮店铺
[2021-08-22 10:50:06] [INFO] 本轮运行获取到 1 家店铺会员信息
[2021-08-22 10:50:07] [INFO] 开始注销店铺 李宁品牌VIP
