[2021-07-03 23:17:02] [INFO] 本轮运行获取到 50 家店铺会员信息
[2021-07-03 23:17:03] [INFO] 开始注销店铺 爱舒乐会员卡
[2021-07-03 23:17:08] [WARNING] 请先启动 jd_wstool 工具监听退会短信验证码
 ("Multiple exceptions: [Errno 10061] Connect call failed ('127.0.0.1', 5201), [Errno 10061] Connect call failed ('::1', 5201, 0, 0)",)
[2021-07-03 23:23:18] [INFO] 本轮运行获取到 50 家店铺会员信息
[2021-07-03 23:23:19] [INFO] 开始注销店铺 爱舒乐会员卡
[2021-07-03 23:23:24] [WARNING] 请先启动 jd_wstool 工具监听退会短信验证码
 ("Multiple exceptions: [Errno 10061] Connect call failed ('127.0.0.1', 5201), [Errno 10061] Connect call failed ('::1', 5201, 0, 0)",)
[2021-07-03 23:24:58] [INFO] 本轮运行获取到 50 家店铺会员信息
[2021-07-03 23:24:58] [INFO] 开始注销店铺 爱舒乐会员卡
[2021-07-03 23:24:59] [INFO] 当前店铺退会链接已失效，暂判定为缓存导致，正在尝试清除卡包列表缓存...
[2021-07-03 23:24:59] [INFO] 理论上缓存已经刷新成功，如项目未继续执行请及时反馈
[2021-07-03 23:24:59] [INFO] 本轮店铺已执行完，即将开始获取下一轮店铺
[2021-07-03 23:25:00] [INFO] 本轮运行获取到 50 家店铺会员信息
[2021-07-03 23:25:00] [INFO] 开始注销店铺 绿巨能官方自营
[2021-07-03 23:25:09] [INFO] 正在通过本地引擎识别
[2021-07-03 23:25:15] [INFO] 本次运行已成功注销店铺会员数量为： 1
[2021-07-03 23:25:15] [INFO] 开始注销店铺 好太太VIP
[2021-07-03 23:25:23] [INFO] 正在通过本地引擎识别
[2021-07-03 23:25:30] [INFO] 本次运行已成功注销店铺会员数量为： 2
[2021-07-03 23:25:30] [INFO] 开始注销店铺 加州乐事自营
[2021-07-03 23:25:38] [INFO] 正在通过本地引擎识别
[2021-07-03 23:25:45] [INFO] 本次运行已成功注销店铺会员数量为： 3
[2021-07-03 23:25:45] [INFO] 开始注销店铺 海尔
[2021-07-03 23:25:53] [INFO] 正在通过本地引擎识别
[2021-07-03 23:26:00] [INFO] 本次运行已成功注销店铺会员数量为： 4
[2021-07-03 23:26:00] [INFO] 开始注销店铺 盛宝
[2021-07-03 23:26:08] [INFO] 正在通过本地引擎识别
[2021-07-03 23:26:15] [INFO] 本次运行已成功注销店铺会员数量为： 5
[2021-07-03 23:26:15] [INFO] 开始注销店铺 微软
[2021-07-03 23:26:24] [INFO] 正在通过本地引擎识别
[2021-07-03 23:26:26] [INFO] 验证码位置点击错误，尝试再试一次
[2021-07-03 23:26:28] [INFO] 正在通过本地引擎识别
[2021-07-03 23:26:33] [INFO] 本次运行已成功注销店铺会员数量为： 6
[2021-07-03 23:26:33] [INFO] 开始注销店铺 广州酒家
[2021-07-03 23:26:42] [INFO] 正在通过本地引擎识别
[2021-07-03 23:26:48] [INFO] 本次运行已成功注销店铺会员数量为： 7
[2021-07-03 23:26:48] [INFO] 开始注销店铺 全棉时代
[2021-07-03 23:26:57] [INFO] 正在通过本地引擎识别
[2021-07-03 23:27:03] [INFO] 本次运行已成功注销店铺会员数量为： 8
[2021-07-03 23:27:03] [INFO] 开始注销店铺 DW品牌会员
[2021-07-03 23:27:12] [INFO] 正在通过本地引擎识别
[2021-07-03 23:27:15] [INFO] 验证码位置点击错误，尝试再试一次
[2021-07-03 23:27:16] [INFO] 正在通过本地引擎识别
[2021-07-03 23:27:21] [INFO] 本次运行已成功注销店铺会员数量为： 9
[2021-07-03 23:27:21] [INFO] 开始注销店铺 vivo
[2021-07-03 23:27:27] [INFO] 正在通过本地引擎识别
[2021-07-03 23:27:30] [INFO] 验证码位置点击错误，尝试再试一次
[2021-07-03 23:27:31] [INFO] 正在通过本地引擎识别
[2021-07-03 23:27:36] [INFO] 本次运行已成功注销店铺会员数量为： 10
[2021-07-03 23:27:36] [INFO] 开始注销店铺 伊利
[2021-07-03 23:27:45] [INFO] 正在通过本地引擎识别
[2021-07-03 23:27:51] [INFO] 本次运行已成功注销店铺会员数量为： 11
[2021-07-03 23:27:51] [INFO] 开始注销店铺 Kindle
[2021-07-03 23:28:00] [INFO] 正在通过本地引擎识别
[2021-07-03 23:28:03] [INFO] 验证码位置点击错误，尝试再试一次
[2021-07-03 23:28:04] [INFO] 正在通过本地引擎识别
[2021-07-03 23:28:09] [INFO] 本次运行已成功注销店铺会员数量为： 12
[2021-07-03 23:28:09] [INFO] 开始注销店铺 杰士邦
[2021-07-03 23:28:18] [INFO] 正在通过本地引擎识别
[2021-07-03 23:28:25] [INFO] 本次运行已成功注销店铺会员数量为： 13
[2021-07-03 23:28:25] [INFO] 开始注销店铺 A21
[2021-07-03 23:28:33] [INFO] 正在通过本地引擎识别
[2021-07-03 23:28:40] [INFO] 本次运行已成功注销店铺会员数量为： 14
[2021-07-03 23:28:40] [INFO] 开始注销店铺 孩之宝
[2021-07-03 23:28:48] [INFO] 正在通过本地引擎识别
[2021-07-03 23:28:55] [INFO] 本次运行已成功注销店铺会员数量为： 15
[2021-07-03 23:28:55] [INFO] 开始注销店铺 对子哈特
[2021-07-03 23:29:00] [INFO] 正在通过本地引擎识别
[2021-07-03 23:29:07] [INFO] 本次运行已成功注销店铺会员数量为： 16
[2021-07-03 23:29:07] [INFO] 开始注销店铺 蒙牛
[2021-07-03 23:29:12] [INFO] 正在通过本地引擎识别
[2021-07-03 23:29:19] [INFO] 本次运行已成功注销店铺会员数量为： 17
[2021-07-03 23:29:19] [INFO] 开始注销店铺 洁客会员卡
[2021-07-03 23:29:27] [INFO] 正在通过本地引擎识别
[2021-07-03 23:29:34] [INFO] 本次运行已成功注销店铺会员数量为： 18
[2021-07-03 23:29:34] [INFO] 开始注销店铺 索粉卡
[2021-07-03 23:29:42] [INFO] 正在通过本地引擎识别
[2021-07-03 23:29:45] [INFO] 验证码位置点击错误，尝试再试一次
[2021-07-03 23:29:46] [INFO] 正在通过本地引擎识别
[2021-07-03 23:29:52] [INFO] 本次运行已成功注销店铺会员数量为： 19
[2021-07-03 23:29:52] [INFO] 开始注销店铺 徐福记
[2021-07-03 23:30:00] [INFO] 正在通过本地引擎识别
[2021-07-03 23:30:07] [INFO] 本次运行已成功注销店铺会员数量为： 20
[2021-07-03 23:30:07] [INFO] 开始注销店铺 杜康
[2021-07-03 23:30:15] [INFO] 正在通过本地引擎识别
[2021-07-03 23:30:22] [INFO] 本次运行已成功注销店铺会员数量为： 21
[2021-07-03 23:30:22] [INFO] 开始注销店铺 伊利成人粉
[2021-07-03 23:30:30] [INFO] 正在通过本地引擎识别
[2021-07-03 23:30:37] [INFO] 本次运行已成功注销店铺会员数量为： 22
[2021-07-03 23:30:37] [INFO] 开始注销店铺 红星二锅头
[2021-07-03 23:30:45] [INFO] 正在通过本地引擎识别
[2021-07-03 23:30:52] [INFO] 本次运行已成功注销店铺会员数量为： 23
[2021-07-03 23:30:52] [INFO] 开始注销店铺 郎酒旗舰店会员
[2021-07-03 23:31:00] [INFO] 正在通过本地引擎识别
[2021-07-03 23:31:07] [INFO] 本次运行已成功注销店铺会员数量为： 24
[2021-07-03 23:31:07] [INFO] 开始注销店铺 香丹清
[2021-07-03 23:31:16] [INFO] 正在通过本地引擎识别
[2021-07-03 23:31:22] [INFO] 本次运行已成功注销店铺会员数量为： 25
[2021-07-03 23:31:22] [INFO] 开始注销店铺 大岛椿尊贵会员
[2021-07-03 23:31:31] [INFO] 正在通过本地引擎识别
[2021-07-03 23:31:37] [INFO] 本次运行已成功注销店铺会员数量为： 26
[2021-07-03 23:31:37] [INFO] 开始注销店铺 宝洁
[2021-07-03 23:31:46] [INFO] 正在通过本地引擎识别
[2021-07-03 23:31:52] [INFO] 本次运行已成功注销店铺会员数量为： 27
[2021-07-03 23:31:52] [INFO] 开始注销店铺 OLAY玉兰油
[2021-07-03 23:32:01] [INFO] 正在通过本地引擎识别
[2021-07-03 23:32:07] [INFO] 本次运行已成功注销店铺会员数量为： 28
[2021-07-03 23:32:07] [INFO] 开始注销店铺 斑布
[2021-07-03 23:32:16] [INFO] 正在通过本地引擎识别
[2021-07-03 23:32:22] [INFO] 本次运行已成功注销店铺会员数量为： 29
[2021-07-03 23:32:22] [INFO] 开始注销店铺 帮宝适
[2021-07-03 23:32:31] [INFO] 正在通过本地引擎识别
[2021-07-03 23:32:38] [INFO] 本次运行已成功注销店铺会员数量为： 30
[2021-07-03 23:32:38] [INFO] 开始注销店铺 BT card
[2021-07-03 23:32:46] [INFO] 正在通过本地引擎识别
[2021-07-03 23:32:53] [INFO] 本次运行已成功注销店铺会员数量为： 31
[2021-07-03 23:32:53] [INFO] 开始注销店铺 梅林
[2021-07-03 23:32:58] [INFO] 正在通过本地引擎识别
[2021-07-03 23:33:05] [INFO] 本次运行已成功注销店铺会员数量为： 32
[2021-07-03 23:33:05] [INFO] 开始注销店铺 洽洽
[2021-07-03 23:33:10] [INFO] 正在通过本地引擎识别
[2021-07-03 23:33:17] [INFO] 本次运行已成功注销店铺会员数量为： 33
[2021-07-03 23:33:17] [INFO] 开始注销店铺 益肤品牌会员
[2021-07-03 23:33:25] [INFO] 正在通过本地引擎识别
[2021-07-03 23:33:32] [INFO] 本次运行已成功注销店铺会员数量为： 34
[2021-07-03 23:33:32] [INFO] 开始注销店铺 联想品牌会员
[2021-07-03 23:33:40] [INFO] 正在通过本地引擎识别
[2021-07-03 23:33:47] [INFO] 本次运行已成功注销店铺会员数量为： 35
[2021-07-03 23:33:47] [INFO] 开始注销店铺 元气森林
[2021-07-03 23:33:55] [INFO] 正在通过本地引擎识别
[2021-07-03 23:34:02] [INFO] 本次运行已成功注销店铺会员数量为： 36
[2021-07-03 23:34:02] [INFO] 开始注销店铺 希捷LACIE
[2021-07-03 23:34:07] [INFO] 正在通过本地引擎识别
[2021-07-03 23:34:14] [INFO] 本次运行已成功注销店铺会员数量为： 37
[2021-07-03 23:34:14] [INFO] 开始注销店铺 好孩子
[2021-07-03 23:34:22] [INFO] 正在通过本地引擎识别
[2021-07-03 23:34:29] [INFO] 本次运行已成功注销店铺会员数量为： 38
[2021-07-03 23:34:29] [INFO] 开始注销店铺 AB会员
[2021-07-03 23:34:37] [INFO] 正在通过本地引擎识别
[2021-07-03 23:34:44] [INFO] 本次运行已成功注销店铺会员数量为： 39
[2021-07-03 23:34:44] [INFO] 开始注销店铺 喜得佳
[2021-07-03 23:34:49] [INFO] 正在通过本地引擎识别
[2021-07-03 23:34:56] [INFO] 本次运行已成功注销店铺会员数量为： 40
[2021-07-03 23:34:56] [INFO] 开始注销店铺 福临门米面
[2021-07-03 23:35:04] [INFO] 正在通过本地引擎识别
[2021-07-03 23:35:07] [INFO] 验证码位置点击错误，尝试再试一次
[2021-07-03 23:35:08] [INFO] 正在通过本地引擎识别
[2021-07-03 23:35:14] [INFO] 本次运行已成功注销店铺会员数量为： 41
[2021-07-03 23:35:15] [INFO] 开始注销店铺  昆仑润滑会员
[2021-07-03 23:35:23] [INFO] 正在通过本地引擎识别
[2021-07-03 23:35:29] [INFO] 本次运行已成功注销店铺会员数量为： 42
[2021-07-03 23:35:29] [INFO] 开始注销店铺 剑南春VIP
[2021-07-03 23:36:00] [ERROR] 发生了一点小问题： ('发送短信验证码超时 剑南春VIP', None, None)
[2021-07-03 23:36:05] [INFO] 开始注销店铺 来福太VIP
[2021-07-03 23:36:14] [INFO] 正在通过本地引擎识别
[2021-07-03 23:36:20] [INFO] 本次运行已成功注销店铺会员数量为： 43
[2021-07-03 23:36:20] [INFO] 开始注销店铺 有品会员卡
[2021-07-03 23:36:29] [INFO] 正在通过本地引擎识别
[2021-07-03 23:36:35] [INFO] 本次运行已成功注销店铺会员数量为： 44
[2021-07-03 23:36:35] [INFO] 开始注销店铺 羽粉臻享
[2021-07-03 23:36:44] [INFO] 正在通过本地引擎识别
[2021-07-03 23:36:47] [INFO] 验证码位置点击错误，尝试再试一次
[2021-07-03 23:36:48] [INFO] 正在通过本地引擎识别
[2021-07-03 23:36:53] [INFO] 本次运行已成功注销店铺会员数量为： 45
[2021-07-03 23:36:53] [INFO] 开始注销店铺 特仑苏会员卡
[2021-07-03 23:37:02] [INFO] 正在通过本地引擎识别
[2021-07-03 23:37:08] [INFO] 本次运行已成功注销店铺会员数量为： 46
[2021-07-03 23:37:09] [INFO] 开始注销店铺 blush会员
[2021-07-03 23:37:17] [INFO] 正在通过本地引擎识别
[2021-07-03 23:37:23] [INFO] 本次运行已成功注销店铺会员数量为： 47
[2021-07-03 23:37:24] [INFO] 开始注销店铺 官方会员卡
[2021-07-03 23:37:32] [INFO] 正在通过本地引擎识别
[2021-07-03 23:37:38] [INFO] 本次运行已成功注销店铺会员数量为： 48
[2021-07-03 23:37:39] [INFO] 开始注销店铺 桂林品牌会员
[2021-07-03 23:37:47] [INFO] 正在通过本地引擎识别
[2021-07-03 23:37:54] [INFO] 本次运行已成功注销店铺会员数量为： 49
[2021-07-03 23:37:54] [INFO] 本轮店铺已执行完，即将开始获取下一轮店铺
[2021-07-03 23:37:56] [INFO] 本轮运行获取到 50 家店铺会员信息
[2021-07-03 23:37:56] [INFO] 开始注销店铺 苍茫谣旗舰会员
[2021-07-03 23:38:05] [INFO] 正在通过本地引擎识别
[2021-07-03 23:38:12] [INFO] 本次运行已成功注销店铺会员数量为： 50
[2021-07-03 23:38:12] [INFO] 开始注销店铺 多多宠粉卡
[2021-07-03 23:38:17] [INFO] 正在通过本地引擎识别
[2021-07-03 23:38:20] [INFO] 验证码位置点击错误，尝试再试一次
[2021-07-03 23:38:21] [INFO] 正在通过本地引擎识别
[2021-07-03 23:38:27] [INFO] 本次运行已成功注销店铺会员数量为： 51
[2021-07-03 23:38:27] [INFO] 开始注销店铺 四海鱼蛋星人
[2021-07-03 23:38:35] [INFO] 正在通过本地引擎识别
[2021-07-03 23:38:42] [INFO] 本次运行已成功注销店铺会员数量为： 52
[2021-07-03 23:38:42] [INFO] 开始注销店铺 康福瑞会员卡
[2021-07-03 23:38:50] [INFO] 正在通过本地引擎识别
[2021-07-03 23:38:57] [INFO] 本次运行已成功注销店铺会员数量为： 53
[2021-07-03 23:38:57] [INFO] 开始注销店铺 FIIL旗舰店
[2021-07-03 23:39:05] [INFO] 正在通过本地引擎识别
[2021-07-03 23:39:12] [INFO] 本次运行已成功注销店铺会员数量为： 54
[2021-07-03 23:39:12] [INFO] 开始注销店铺 富邑会员
[2021-07-03 23:39:17] [INFO] 正在通过本地引擎识别
[2021-07-03 23:39:24] [INFO] 本次运行已成功注销店铺会员数量为： 55
[2021-07-03 23:39:24] [INFO] 开始注销店铺 帝亚吉欧俱乐部
[2021-07-03 23:39:29] [INFO] 正在通过本地引擎识别
[2021-07-03 23:39:36] [INFO] 本次运行已成功注销店铺会员数量为： 56
[2021-07-03 23:39:36] [INFO] 开始注销店铺 帝麦
[2021-07-03 23:39:44] [INFO] 正在通过本地引擎识别
[2021-07-03 23:39:51] [INFO] 本次运行已成功注销店铺会员数量为： 57
[2021-07-03 23:39:51] [INFO] 开始注销店铺 桂冠美食卡
[2021-07-03 23:39:59] [INFO] 正在通过本地引擎识别
[2021-07-03 23:40:06] [INFO] 本次运行已成功注销店铺会员数量为： 58
[2021-07-03 23:40:06] [INFO] 开始注销店铺 家庭清洁师
[2021-07-03 23:40:14] [INFO] 正在通过本地引擎识别
[2021-07-03 23:40:21] [INFO] 本次运行已成功注销店铺会员数量为： 59
[2021-07-03 23:40:21] [INFO] 开始注销店铺 卫龙食品
[2021-07-03 23:40:30] [INFO] 正在通过本地引擎识别
[2021-07-03 23:40:36] [INFO] 本次运行已成功注销店铺会员数量为： 60
[2021-07-03 23:40:36] [INFO] 开始注销店铺 倍轻松
[2021-07-03 23:40:45] [INFO] 正在通过本地引擎识别
[2021-07-03 23:40:51] [INFO] 本次运行已成功注销店铺会员数量为： 61
[2021-07-03 23:40:51] [INFO] 开始注销店铺 韩束
[2021-07-03 23:41:00] [INFO] 正在通过本地引擎识别
[2021-07-03 23:41:06] [INFO] 本次运行已成功注销店铺会员数量为： 62
[2021-07-03 23:41:06] [INFO] 开始注销店铺 君乐宝奶粉
[2021-07-03 23:41:15] [INFO] 正在通过本地引擎识别
[2021-07-03 23:41:21] [INFO] 本次运行已成功注销店铺会员数量为： 63
[2021-07-03 23:41:21] [INFO] 开始注销店铺 一叶子
[2021-07-03 23:41:27] [INFO] 正在通过本地引擎识别
[2021-07-03 23:41:33] [INFO] 本次运行已成功注销店铺会员数量为： 64
[2021-07-03 23:41:33] [INFO] 开始注销店铺 维他奶
[2021-07-03 23:41:42] [INFO] 正在通过本地引擎识别
[2021-07-03 23:41:48] [INFO] 本次运行已成功注销店铺会员数量为： 65
[2021-07-03 23:41:49] [INFO] 开始注销店铺 麦维他京东自营
[2021-07-03 23:41:57] [INFO] 正在通过本地引擎识别
[2021-07-03 23:42:03] [INFO] 本次运行已成功注销店铺会员数量为： 66
[2021-07-03 23:42:04] [INFO] 开始注销店铺 美度MIDO
[2021-07-03 23:42:09] [INFO] 正在通过本地引擎识别
[2021-07-03 23:42:15] [INFO] 本次运行已成功注销店铺会员数量为： 67
[2021-07-03 23:42:16] [INFO] 开始注销店铺 伊利金领冠
[2021-07-03 23:42:21] [INFO] 正在通过本地引擎识别
[2021-07-03 23:42:27] [INFO] 本次运行已成功注销店铺会员数量为： 68
[2021-07-03 23:42:28] [INFO] 开始注销店铺 来伊份
[2021-07-03 23:42:33] [INFO] 正在通过本地引擎识别
[2021-07-03 23:42:39] [INFO] 本次运行已成功注销店铺会员数量为： 69
[2021-07-03 23:42:40] [INFO] 开始注销店铺 霸王洗发水
[2021-07-03 23:42:45] [INFO] 正在通过本地引擎识别
[2021-07-03 23:42:52] [INFO] 本次运行已成功注销店铺会员数量为： 70
[2021-07-03 23:42:52] [INFO] 开始注销店铺 和路雪会员卡
[2021-07-03 23:43:00] [INFO] 正在通过本地引擎识别
[2021-07-03 23:43:07] [INFO] 本次运行已成功注销店铺会员数量为： 71
[2021-07-03 23:43:07] [INFO] 开始注销店铺 添宁会员俱乐部
[2021-07-03 23:43:15] [INFO] 正在通过本地引擎识别
[2021-07-03 23:43:22] [INFO] 本次运行已成功注销店铺会员数量为： 72
[2021-07-03 23:43:22] [INFO] 开始注销店铺 包大人会员卡
[2021-07-03 23:43:30] [INFO] 正在通过本地引擎识别
[2021-07-03 23:43:37] [INFO] 本次运行已成功注销店铺会员数量为： 73
[2021-07-03 23:43:37] [INFO] 开始注销店铺 黄尾袋鼠葡萄酒
[2021-07-03 23:43:45] [INFO] 正在通过本地引擎识别
[2021-07-03 23:43:52] [INFO] 本次运行已成功注销店铺会员数量为： 74
[2021-07-03 23:43:52] [INFO] 开始注销店铺 太太乐
[2021-07-03 23:44:00] [INFO] 正在通过本地引擎识别
[2021-07-03 23:44:03] [INFO] 验证码位置点击错误，尝试再试一次
[2021-07-03 23:44:04] [INFO] 正在通过本地引擎识别
[2021-07-03 23:44:10] [INFO] 本次运行已成功注销店铺会员数量为： 75
[2021-07-03 23:44:10] [INFO] 开始注销店铺 幸福草京东会员
[2021-07-03 23:44:21] [INFO] 正在通过本地引擎识别
[2021-07-03 23:44:28] [INFO] 本次运行已成功注销店铺会员数量为： 76
[2021-07-03 23:44:28] [INFO] 开始注销店铺 可口可乐
[2021-07-03 23:44:33] [INFO] 正在通过本地引擎识别
[2021-07-03 23:44:36] [INFO] 验证码位置点击错误，尝试再试一次
[2021-07-03 23:44:37] [INFO] 正在通过本地引擎识别
[2021-07-03 23:44:43] [INFO] 本次运行已成功注销店铺会员数量为： 77
[2021-07-03 23:44:43] [INFO] 开始注销店铺 青蛙王子储值卡
[2021-07-03 23:44:51] [INFO] 正在通过本地引擎识别
[2021-07-03 23:44:58] [INFO] 本次运行已成功注销店铺会员数量为： 78
[2021-07-03 23:44:58] [INFO] 开始注销店铺 阿道夫VIP
[2021-07-03 23:45:06] [INFO] 正在通过本地引擎识别
[2021-07-03 23:45:13] [INFO] 本次运行已成功注销店铺会员数量为： 79
[2021-07-03 23:45:13] [INFO] 开始注销店铺 LORDE里兜
[2021-07-03 23:45:21] [INFO] 正在通过本地引擎识别
[2021-07-03 23:45:28] [INFO] 本次运行已成功注销店铺会员数量为： 80
[2021-07-03 23:45:28] [INFO] 开始注销店铺 剑南春VIP
[2021-07-03 23:45:37] [INFO] 正在通过本地引擎识别
[2021-07-03 23:45:43] [INFO] 本次运行已成功注销店铺会员数量为： 81
[2021-07-03 23:45:43] [INFO] 开始注销店铺 欧洁自营会员卡
[2021-07-03 23:45:52] [INFO] 正在通过本地引擎识别
[2021-07-03 23:45:58] [INFO] 本次运行已成功注销店铺会员数量为： 82
[2021-07-03 23:45:58] [INFO] 开始注销店铺 5100尊享会
[2021-07-03 23:46:04] [INFO] 正在通过本地引擎识别
[2021-07-03 23:46:10] [INFO] 本次运行已成功注销店铺会员数量为： 83
[2021-07-03 23:46:10] [INFO] 开始注销店铺 新希望
[2021-07-03 23:46:19] [INFO] 正在通过本地引擎识别
[2021-07-03 23:46:25] [INFO] 本次运行已成功注销店铺会员数量为： 84
[2021-07-03 23:46:25] [INFO] 开始注销店铺 明治雪糕会员
[2021-07-03 23:46:34] [INFO] 正在通过本地引擎识别
[2021-07-03 23:46:40] [INFO] 本次运行已成功注销店铺会员数量为： 85
[2021-07-03 23:46:41] [INFO] 开始注销店铺 潮宏基会员
[2021-07-03 23:46:49] [INFO] 正在通过本地引擎识别
[2021-07-03 23:46:55] [INFO] 本次运行已成功注销店铺会员数量为： 86
[2021-07-03 23:46:56] [INFO] 开始注销店铺 格力电器
[2021-07-03 23:47:04] [INFO] 正在通过本地引擎识别
[2021-07-03 23:47:07] [INFO] 验证码位置点击错误，尝试再试一次
[2021-07-03 23:47:08] [INFO] 正在通过本地引擎识别
[2021-07-03 23:47:41] [ERROR] 发生了一点小问题： ('图形验证码识别超时 格力电器', None, None)
[2021-07-03 23:47:41] [INFO] 开始注销店铺 Arla阿尔乐
[2021-07-03 23:47:49] [INFO] 正在通过本地引擎识别
[2021-07-03 23:47:56] [INFO] 本次运行已成功注销店铺会员数量为： 87
[2021-07-03 23:47:56] [INFO] 开始注销店铺 初萃
[2021-07-03 23:48:04] [INFO] 正在通过本地引擎识别
[2021-07-03 23:48:11] [INFO] 本次运行已成功注销店铺会员数量为： 88
[2021-07-03 23:48:11] [INFO] 开始注销店铺 兰雀品牌会员
[2021-07-03 23:48:19] [INFO] 正在通过本地引擎识别
[2021-07-03 23:48:26] [INFO] 本次运行已成功注销店铺会员数量为： 89
[2021-07-03 23:48:26] [INFO] 开始注销店铺 乐高
[2021-07-03 23:48:35] [INFO] 正在通过本地引擎识别
[2021-07-03 23:48:41] [INFO] 本次运行已成功注销店铺会员数量为： 90
[2021-07-03 23:48:41] [INFO] 开始注销店铺 小火车&托马斯
[2021-07-03 23:49:42] [INFO] 等待websocket推送短信验证码超时，即将跳过 小火车&托马斯
[2021-07-03 23:49:43] [INFO] 开始注销店铺 安吉尔专属会员
[2021-07-03 23:50:10] [INFO] 正在通过本地引擎识别
[2021-07-03 23:50:16] [INFO] 本次运行已成功注销店铺会员数量为： 91
[2021-07-03 23:50:16] [INFO] 开始注销店铺 立白&好爸爸
[2021-07-03 23:50:25] [INFO] 正在通过本地引擎识别
[2021-07-03 23:50:28] [INFO] 验证码位置点击错误，尝试再试一次
[2021-07-03 23:50:29] [INFO] 正在通过本地引擎识别
[2021-07-03 23:50:34] [INFO] 本次运行已成功注销店铺会员数量为： 92
[2021-07-03 23:50:34] [INFO] 开始注销店铺 VIP管家
[2021-07-03 23:51:23] [INFO] 正在通过本地引擎识别
[2021-07-03 23:51:29] [INFO] 本次运行已成功注销店铺会员数量为： 93
[2021-07-03 23:51:29] [INFO] 开始注销店铺 乐扣乐扣
[2021-07-03 23:51:38] [INFO] 正在通过本地引擎识别
[2021-07-03 23:51:44] [INFO] 本次运行已成功注销店铺会员数量为： 94
[2021-07-03 23:51:44] [INFO] 开始注销店铺 疯狂的小狗
[2021-07-03 23:51:50] [INFO] 正在通过本地引擎识别
[2021-07-03 23:51:56] [INFO] 本次运行已成功注销店铺会员数量为： 95
[2021-07-03 23:51:56] [INFO] 开始注销店铺 宝菲凡
[2021-07-03 23:52:02] [INFO] 正在通过本地引擎识别
[2021-07-03 23:52:08] [INFO] 本次运行已成功注销店铺会员数量为： 96
[2021-07-03 23:52:08] [INFO] 开始注销店铺 亨氏
[2021-07-03 23:52:21] [INFO] 正在通过本地引擎识别
[2021-07-03 23:52:24] [INFO] 验证码位置点击错误，尝试再试一次
[2021-07-03 23:52:25] [INFO] 正在通过本地引擎识别
[2021-07-03 23:52:30] [INFO] 本次运行已成功注销店铺会员数量为： 97
[2021-07-03 23:52:30] [INFO] 本轮店铺已执行完，即将开始获取下一轮店铺
[2021-07-03 23:52:32] [INFO] 本轮运行获取到 50 家店铺会员信息
[2021-07-03 23:52:32] [INFO] 开始注销店铺 玄谷村
[2021-07-03 23:52:39] [INFO] 正在通过本地引擎识别
[2021-07-03 23:52:45] [INFO] 本次运行已成功注销店铺会员数量为： 98
[2021-07-03 23:52:45] [INFO] 开始注销店铺 小皮品牌会员
[2021-07-03 23:52:57] [INFO] 正在通过本地引擎识别
[2021-07-03 23:53:04] [INFO] 本次运行已成功注销店铺会员数量为： 99
[2021-07-03 23:53:04] [INFO] 开始注销店铺 小黑卡
[2021-07-03 23:53:15] [INFO] 正在通过本地引擎识别
[2021-07-03 23:53:22] [INFO] 本次运行已成功注销店铺会员数量为： 100
[2021-07-03 23:53:22] [INFO] 开始注销店铺 三元奶粉
[2021-07-03 23:53:32] [INFO] 正在通过本地引擎识别
[2021-07-03 23:53:38] [INFO] 本次运行已成功注销店铺会员数量为： 101
[2021-07-03 23:53:38] [INFO] 开始注销店铺 麦富迪
[2021-07-03 23:53:47] [INFO] 正在通过本地引擎识别
[2021-07-03 23:54:11] [INFO] 本次运行已成功注销店铺会员数量为： 102
[2021-07-03 23:54:11] [INFO] 开始注销店铺 周黑鸭
[2021-07-03 23:54:20] [INFO] 正在通过本地引擎识别
[2021-07-03 23:54:26] [INFO] 本次运行已成功注销店铺会员数量为： 103
[2021-07-03 23:54:26] [INFO] 开始注销店铺 中磐粮油会员
[2021-07-03 23:54:35] [INFO] 正在通过本地引擎识别
[2021-07-03 23:54:41] [INFO] 本次运行已成功注销店铺会员数量为： 104
[2021-07-03 23:54:42] [INFO] 开始注销店铺 润百颜会员卡
[2021-07-03 23:54:50] [INFO] 正在通过本地引擎识别
[2021-07-03 23:54:56] [INFO] 本次运行已成功注销店铺会员数量为： 105
[2021-07-03 23:54:57] [INFO] 开始注销店铺 DR
[2021-07-03 23:55:09] [INFO] 正在通过本地引擎识别
[2021-07-03 23:55:15] [INFO] 本次运行已成功注销店铺会员数量为： 106
[2021-07-03 23:55:15] [INFO] 开始注销店铺 露安适会员卡
[2021-07-03 23:55:24] [INFO] 正在通过本地引擎识别
[2021-07-03 23:55:30] [INFO] 本次运行已成功注销店铺会员数量为： 107
[2021-07-03 23:55:30] [INFO] 开始注销店铺 惠普
[2021-07-03 23:55:36] [INFO] 正在通过本地引擎识别
[2021-07-03 23:55:42] [INFO] 本次运行已成功注销店铺会员数量为： 108
[2021-07-03 23:55:42] [INFO] 开始注销店铺 超级O粉
[2021-07-03 23:55:51] [INFO] 正在通过本地引擎识别
[2021-07-03 23:55:57] [INFO] 本次运行已成功注销店铺会员数量为： 109
[2021-07-03 23:55:58] [INFO] 开始注销店铺 realme
[2021-07-03 23:56:03] [INFO] 正在通过本地引擎识别
[2021-07-03 23:56:09] [INFO] 本次运行已成功注销店铺会员数量为： 110
[2021-07-03 23:56:10] [INFO] 开始注销店铺 正大食品
[2021-07-03 23:56:18] [INFO] 正在通过本地引擎识别
[2021-07-03 23:56:24] [INFO] 本次运行已成功注销店铺会员数量为： 111
[2021-07-03 23:56:25] [INFO] 开始注销店铺 Dyson
[2021-07-03 23:56:33] [INFO] 正在通过本地引擎识别
[2021-07-03 23:56:41] [INFO] 本次运行已成功注销店铺会员数量为： 112
[2021-07-03 23:56:41] [INFO] 开始注销店铺 蓝河会员卡
