[2021-08-01 09:18:00] [WARNING] config.yaml中的cookie值有误，请确保pt_key和pt_pin都存在，如都存在请检查cookie是否失效
[2021-08-01 09:19:31] [INFO] 本轮运行获取到 50 家店铺会员信息
[2021-08-01 09:19:32] [INFO] 开始注销店铺 好太太VIP
[2021-08-01 09:20:33] [INFO] 等待websocket推送短信验证码超时，即将跳过 好太太VIP
[2021-08-01 09:20:33] [INFO] 开始注销店铺 联想品牌会员
[2021-08-01 09:21:34] [INFO] 等待websocket推送短信验证码超时，即将跳过 联想品牌会员
[2021-08-01 09:21:35] [INFO] 开始注销店铺 爱舒乐会员卡
[2021-08-01 09:21:42] [INFO] 正在通过本地引擎识别
[2021-08-01 09:21:48] [INFO] 本次运行已成功注销店铺会员数量为： 1
[2021-08-01 09:21:49] [INFO] 开始注销店铺 海尔
[2021-08-01 09:21:57] [INFO] 正在通过本地引擎识别
[2021-08-01 09:22:03] [INFO] 本次运行已成功注销店铺会员数量为： 2
[2021-08-01 09:22:04] [INFO] 开始注销店铺 西部数据
[2021-08-01 09:22:12] [INFO] 正在通过本地引擎识别
[2021-08-01 09:22:18] [INFO] 本次运行已成功注销店铺会员数量为： 3
[2021-08-01 09:22:19] [INFO] 开始注销店铺 酷客卡
[2021-08-01 09:22:27] [INFO] 正在通过本地引擎识别
[2021-08-01 09:22:33] [INFO] 本次运行已成功注销店铺会员数量为： 4
[2021-08-01 09:22:34] [INFO] 开始注销店铺 伊利金领冠
[2021-08-01 09:22:42] [INFO] 正在通过本地引擎识别
[2021-08-01 09:22:48] [INFO] 本次运行已成功注销店铺会员数量为： 5
[2021-08-01 09:22:48] [INFO] 开始注销店铺 蓝河会员卡
[2021-08-01 09:22:54] [INFO] 正在通过本地引擎识别
[2021-08-01 09:23:00] [INFO] 本次运行已成功注销店铺会员数量为： 6
[2021-08-01 09:23:00] [INFO] 开始注销店铺 霸王洗发水
[2021-08-01 09:23:09] [INFO] 正在通过本地引擎识别
[2021-08-01 09:23:15] [INFO] 本次运行已成功注销店铺会员数量为： 7
[2021-08-01 09:23:15] [INFO] 开始注销店铺 和路雪会员卡
[2021-08-01 09:23:24] [INFO] 正在通过本地引擎识别
[2021-08-01 09:23:30] [INFO] 本次运行已成功注销店铺会员数量为： 8
[2021-08-01 09:23:30] [INFO] 开始注销店铺 洽洽
[2021-08-01 09:23:39] [INFO] 正在通过本地引擎识别
[2021-08-01 09:23:45] [INFO] 本次运行已成功注销店铺会员数量为： 9
[2021-08-01 09:23:45] [INFO] 开始注销店铺 自然堂
[2021-08-01 09:23:54] [INFO] 正在通过本地引擎识别
[2021-08-01 09:24:00] [INFO] 本次运行已成功注销店铺会员数量为： 10
[2021-08-01 09:24:01] [INFO] 开始注销店铺 多多宠粉卡
[2021-08-01 09:24:09] [INFO] 正在通过本地引擎识别
[2021-08-01 09:24:12] [INFO] 验证码位置点击错误，尝试再试一次
[2021-08-01 09:24:13] [INFO] 正在通过本地引擎识别
[2021-08-01 09:24:18] [INFO] 本次运行已成功注销店铺会员数量为： 11
[2021-08-01 09:24:18] [INFO] 开始注销店铺 加州乐事自营
[2021-08-01 09:24:24] [INFO] 正在通过本地引擎识别
[2021-08-01 09:24:31] [INFO] 本次运行已成功注销店铺会员数量为： 12
[2021-08-01 09:24:31] [INFO] 开始注销店铺 PUMA会员卡
[2021-08-01 09:24:36] [INFO] 正在通过本地引擎识别
[2021-08-01 09:24:42] [INFO] 本次运行已成功注销店铺会员数量为： 13
[2021-08-01 09:24:43] [INFO] 开始注销店铺 桂冠美食卡
[2021-08-01 09:24:48] [INFO] 正在通过本地引擎识别
[2021-08-01 09:24:55] [INFO] 本次运行已成功注销店铺会员数量为： 14
[2021-08-01 09:24:55] [INFO] 开始注销店铺 中磐粮油会员
[2021-08-01 09:25:00] [INFO] 正在通过本地引擎识别
[2021-08-01 09:25:03] [INFO] 验证码位置点击错误，尝试再试一次
[2021-08-01 09:25:04] [INFO] 正在通过本地引擎识别
[2021-08-01 09:25:10] [INFO] 本次运行已成功注销店铺会员数量为： 15
[2021-08-01 09:25:10] [INFO] 开始注销店铺 润百颜会员卡
[2021-08-01 09:25:15] [INFO] 正在通过本地引擎识别
[2021-08-01 09:25:22] [INFO] 本次运行已成功注销店铺会员数量为： 16
[2021-08-01 09:25:22] [INFO] 开始注销店铺 DR
[2021-08-01 09:25:27] [INFO] 正在通过本地引擎识别
[2021-08-01 09:25:34] [INFO] 本次运行已成功注销店铺会员数量为： 17
[2021-08-01 09:25:34] [INFO] 开始注销店铺 家庭清洁师
[2021-08-01 09:25:40] [INFO] 正在通过本地引擎识别
[2021-08-01 09:25:46] [INFO] 本次运行已成功注销店铺会员数量为： 18
[2021-08-01 09:25:46] [INFO] 开始注销店铺 卫龙食品
[2021-08-01 09:25:52] [INFO] 正在通过本地引擎识别
[2021-08-01 09:25:58] [INFO] 本次运行已成功注销店铺会员数量为： 19
[2021-08-01 09:25:58] [INFO] 开始注销店铺 安踏VIP
[2021-08-01 09:26:04] [INFO] 正在通过本地引擎识别
[2021-08-01 09:26:10] [INFO] 本次运行已成功注销店铺会员数量为： 20
[2021-08-01 09:26:10] [INFO] 开始注销店铺 君乐宝奶粉
[2021-08-01 09:26:25] [INFO] 正在通过本地引擎识别
[2021-08-01 09:26:27] [INFO] 验证码位置点击错误，尝试再试一次
[2021-08-01 09:26:28] [INFO] 正在通过本地引擎识别
[2021-08-01 09:26:34] [INFO] 本次运行已成功注销店铺会员数量为： 21
[2021-08-01 09:26:34] [INFO] 开始注销店铺 全棉时代
[2021-08-01 09:26:40] [INFO] 正在通过本地引擎识别
[2021-08-01 09:26:46] [INFO] 本次运行已成功注销店铺会员数量为： 22
[2021-08-01 09:26:46] [INFO] 开始注销店铺 vivo
[2021-08-01 09:27:04] [INFO] 正在通过本地引擎识别
[2021-08-01 09:27:07] [INFO] 验证码位置点击错误，尝试再试一次
[2021-08-01 09:27:08] [INFO] 正在通过本地引擎识别
[2021-08-01 09:27:13] [INFO] 本次运行已成功注销店铺会员数量为： 23
[2021-08-01 09:27:13] [INFO] 开始注销店铺 伊利
[2021-08-01 09:27:31] [INFO] 正在通过本地引擎识别
[2021-08-01 09:27:37] [INFO] 本次运行已成功注销店铺会员数量为： 24
[2021-08-01 09:27:37] [INFO] 开始注销店铺 超级O粉
[2021-08-01 09:27:49] [INFO] 正在通过本地引擎识别
[2021-08-01 09:27:55] [INFO] 本次运行已成功注销店铺会员数量为： 25
[2021-08-01 09:27:55] [INFO] 开始注销店铺 Kindle
[2021-08-01 09:28:07] [INFO] 正在通过本地引擎识别
[2021-08-01 09:28:14] [INFO] 本次运行已成功注销店铺会员数量为： 26
[2021-08-01 09:28:14] [INFO] 开始注销店铺 杰士邦
[2021-08-01 09:28:25] [INFO] 正在通过本地引擎识别
[2021-08-01 09:28:31] [INFO] 本次运行已成功注销店铺会员数量为： 27
[2021-08-01 09:28:32] [INFO] 开始注销店铺 卡萨帝会员
[2021-08-01 09:28:37] [INFO] 正在通过本地引擎识别
[2021-08-01 09:28:43] [INFO] 本次运行已成功注销店铺会员数量为： 28
[2021-08-01 09:28:43] [INFO] 开始注销店铺 realme
[2021-08-01 09:28:52] [INFO] 正在通过本地引擎识别
[2021-08-01 09:28:59] [INFO] 本次运行已成功注销店铺会员数量为： 29
[2021-08-01 09:28:59] [INFO] 开始注销店铺 孩之宝
[2021-08-01 09:29:10] [INFO] 正在通过本地引擎识别
[2021-08-01 09:29:13] [INFO] 验证码位置点击错误，尝试再试一次
[2021-08-01 09:29:14] [INFO] 正在通过本地引擎识别
[2021-08-01 09:29:19] [INFO] 本次运行已成功注销店铺会员数量为： 30
[2021-08-01 09:29:19] [INFO] 开始注销店铺 对子哈特
[2021-08-01 09:29:28] [INFO] 正在通过本地引擎识别
[2021-08-01 09:29:35] [INFO] 本次运行已成功注销店铺会员数量为： 31
[2021-08-01 09:29:35] [INFO] 开始注销店铺 Dyson
[2021-08-01 09:29:43] [INFO] 正在通过本地引擎识别
[2021-08-01 09:29:51] [INFO] 本次运行已成功注销店铺会员数量为： 32
[2021-08-01 09:29:51] [INFO] 开始注销店铺 蒙牛
[2021-08-01 09:29:58] [INFO] 正在通过本地引擎识别
[2021-08-01 09:30:01] [INFO] 验证码位置点击错误，尝试再试一次
[2021-08-01 09:30:02] [INFO] 正在通过本地引擎识别
[2021-08-01 09:30:08] [INFO] 本次运行已成功注销店铺会员数量为： 33
[2021-08-01 09:30:08] [INFO] 开始注销店铺 徐福记
[2021-08-01 09:30:16] [INFO] 正在通过本地引擎识别
[2021-08-01 09:30:23] [INFO] 本次运行已成功注销店铺会员数量为： 34
[2021-08-01 09:30:23] [INFO] 开始注销店铺 蜂花VIP
[2021-08-01 09:30:31] [INFO] 正在通过本地引擎识别
[2021-08-01 09:30:38] [INFO] 本次运行已成功注销店铺会员数量为： 35
[2021-08-01 09:30:38] [INFO] 开始注销店铺 小欧CLUB
[2021-08-01 09:30:50] [INFO] 正在通过本地引擎识别
[2021-08-01 09:30:56] [INFO] 本次运行已成功注销店铺会员数量为： 36
[2021-08-01 09:30:56] [INFO] 开始注销店铺 超级米粉卡
[2021-08-01 09:31:05] [INFO] 正在通过本地引擎识别
[2021-08-01 09:31:11] [INFO] 本次运行已成功注销店铺会员数量为： 37
[2021-08-01 09:31:11] [INFO] 开始注销店铺 斑布
[2021-08-01 09:31:29] [INFO] 正在通过本地引擎识别
[2021-08-01 09:31:35] [INFO] 本次运行已成功注销店铺会员数量为： 38
[2021-08-01 09:31:35] [INFO] 开始注销店铺 帮宝适
[2021-08-01 09:31:44] [INFO] 正在通过本地引擎识别
[2021-08-01 09:31:50] [INFO] 本次运行已成功注销店铺会员数量为： 39
[2021-08-01 09:31:50] [INFO] 开始注销店铺 SK-II
[2021-08-01 09:32:08] [INFO] 正在通过本地引擎识别
[2021-08-01 09:32:14] [INFO] 本次运行已成功注销店铺会员数量为： 40
[2021-08-01 09:32:14] [INFO] 开始注销店铺 益肤品牌会员
[2021-08-01 09:32:29] [INFO] 正在通过本地引擎识别
[2021-08-01 09:32:35] [INFO] 本次运行已成功注销店铺会员数量为： 41
[2021-08-01 09:32:35] [INFO] 开始注销店铺 可口可乐
[2021-08-01 09:32:56] [INFO] 正在通过本地引擎识别
[2021-08-01 09:33:02] [INFO] 本次运行已成功注销店铺会员数量为： 42
[2021-08-01 09:33:02] [INFO] 开始注销店铺 元气森林
[2021-08-01 09:33:29] [INFO] 正在通过本地引擎识别
[2021-08-01 09:35:01] [INFO] 本轮运行获取到 50 家店铺会员信息
[2021-08-01 09:35:02] [INFO] 开始注销店铺  
[2021-08-01 09:35:14] [INFO] 正在通过本地引擎识别
[2021-08-01 09:35:21] [INFO] 本次运行已成功注销店铺会员数量为： 1
[2021-08-01 09:36:52] [INFO] 本轮运行获取到 50 家店铺会员信息
[2021-08-01 09:37:31] [INFO] 本轮运行获取到 50 家店铺会员信息
[2021-08-01 09:38:15] [INFO] 本轮运行获取到 50 家店铺会员信息
[2021-08-01 09:38:16] [INFO] 开始注销店铺  
[2021-08-01 09:38:16] [INFO] 当前店铺退会链接已失效，暂判定为缓存导致，正在尝试清除卡包列表缓存...
[2021-08-01 09:38:17] [INFO] 理论上缓存已经刷新成功，如项目未继续执行请及时反馈
[2021-08-01 09:38:17] [INFO] 本轮店铺已执行完，即将开始获取下一轮店铺
[2021-08-01 09:38:18] [INFO] 本轮运行获取到 50 家店铺会员信息
[2021-08-01 09:38:18] [INFO] 开始注销店铺 黄飞红功夫家族
[2021-08-01 09:38:36] [INFO] 正在通过本地引擎识别
[2021-08-01 09:38:43] [INFO] 本次运行已成功注销店铺会员数量为： 1
[2021-08-01 09:38:43] [INFO] 开始注销店铺 奔图VIP
[2021-08-01 09:38:54] [INFO] 正在通过本地引擎识别
[2021-08-01 09:39:01] [INFO] 本次运行已成功注销店铺会员数量为： 2
[2021-08-01 09:39:01] [INFO] 开始注销店铺 百吉福VIP
[2021-08-01 09:39:06] [INFO] 正在通过本地引擎识别
[2021-08-01 09:39:13] [INFO] 本次运行已成功注销店铺会员数量为： 3
[2021-08-01 09:39:13] [INFO] 开始注销店铺 锋味旗舰店
[2021-08-01 09:39:27] [INFO] 正在通过本地引擎识别
[2021-08-01 09:39:30] [INFO] 验证码位置点击错误，尝试再试一次
[2021-08-01 09:39:31] [INFO] 正在通过本地引擎识别
[2021-08-01 09:39:36] [INFO] 本次运行已成功注销店铺会员数量为： 4
[2021-08-01 09:39:37] [INFO] 开始注销店铺 江小白品酒师
[2021-08-01 09:39:51] [INFO] 正在通过本地引擎识别
[2021-08-01 09:39:54] [INFO] 验证码位置点击错误，尝试再试一次
[2021-08-01 09:39:55] [INFO] 正在通过本地引擎识别
[2021-08-01 09:40:01] [INFO] 本次运行已成功注销店铺会员数量为： 5
[2021-08-01 09:40:01] [INFO] 开始注销店铺 五粮液专卖店
[2021-08-01 09:40:15] [INFO] 正在通过本地引擎识别
[2021-08-01 09:40:22] [INFO] 本次运行已成功注销店铺会员数量为： 6
[2021-08-01 09:40:22] [INFO] 开始注销店铺 相宜本草
[2021-08-01 09:40:31] [INFO] 正在通过本地引擎识别
[2021-08-01 09:40:37] [INFO] 本次运行已成功注销店铺会员数量为： 7
[2021-08-01 09:40:37] [INFO] 开始注销店铺 迪彩会员卡
[2021-08-01 09:40:43] [INFO] 正在通过本地引擎识别
[2021-08-01 09:40:49] [INFO] 本次运行已成功注销店铺会员数量为： 8
[2021-08-01 09:40:49] [INFO] 开始注销店铺 仙维娜会员卡
[2021-08-01 09:40:58] [INFO] 正在通过本地引擎识别
[2021-08-01 09:41:04] [INFO] 本次运行已成功注销店铺会员数量为： 9
[2021-08-01 09:41:04] [INFO] 开始注销店铺 雀巢优活
[2021-08-01 09:41:16] [INFO] 正在通过本地引擎识别
[2021-08-01 09:41:22] [INFO] 本次运行已成功注销店铺会员数量为： 10
[2021-08-01 09:41:22] [INFO] 开始注销店铺 亮荘会员卡
[2021-08-01 09:41:28] [INFO] 正在通过本地引擎识别
[2021-08-01 09:41:34] [INFO] 本次运行已成功注销店铺会员数量为： 11
[2021-08-01 09:41:34] [INFO] 开始注销店铺 枝户折野
[2021-08-01 09:41:43] [INFO] 正在通过本地引擎识别
[2021-08-01 09:41:50] [INFO] 本次运行已成功注销店铺会员数量为： 12
[2021-08-01 09:41:50] [INFO] 开始注销店铺 汤臣倍健
[2021-08-01 09:41:58] [INFO] 正在通过本地引擎识别
[2021-08-01 09:42:04] [INFO] 本次运行已成功注销店铺会员数量为： 13
[2021-08-01 09:42:05] [INFO] 开始注销店铺 乐扣乐扣
[2021-08-01 09:42:36] [ERROR] 发生了一点小问题： ('发送短信验证码超时 乐扣乐扣', None, None)
[2021-08-01 09:42:36] [INFO] 开始注销店铺 健康100
[2021-08-01 09:43:07] [INFO] 正在通过本地引擎识别
[2021-08-01 09:43:14] [INFO] 本次运行已成功注销店铺会员数量为： 14
[2021-08-01 09:43:14] [INFO] 开始注销店铺 盼盼会员卡
[2021-08-01 09:43:22] [INFO] 正在通过本地引擎识别
[2021-08-01 09:43:28] [INFO] 本次运行已成功注销店铺会员数量为： 15
[2021-08-01 09:43:29] [INFO] 开始注销店铺 好万家健康药房
[2021-08-01 09:43:37] [INFO] 正在通过本地引擎识别
[2021-08-01 09:43:40] [INFO] 验证码位置点击错误，尝试再试一次
[2021-08-01 09:43:41] [INFO] 正在通过本地引擎识别
[2021-08-01 09:44:14] [ERROR] 发生了一点小问题： ('图形验证码识别超时 好万家健康药房', None, None)
[2021-08-01 09:44:14] [INFO] 开始注销店铺 健安喜GNC
[2021-08-01 09:44:22] [INFO] 正在通过本地引擎识别
[2021-08-01 09:44:25] [INFO] 验证码位置点击错误，尝试再试一次
[2021-08-01 09:44:26] [INFO] 正在通过本地引擎识别
[2021-08-01 09:44:59] [ERROR] 发生了一点小问题： ('图形验证码识别超时 健安喜GNC', None, None)
[2021-08-01 09:44:59] [INFO] 开始注销店铺 李宁品牌VIP
[2021-08-01 09:46:00] [INFO] 等待websocket推送短信验证码超时，即将跳过 李宁品牌VIP
[2021-08-01 09:46:01] [INFO] 开始注销店铺 奥丁格会员
[2021-08-01 09:46:13] [INFO] 正在通过本地引擎识别
[2021-08-01 09:46:20] [INFO] 本次运行已成功注销店铺会员数量为： 16
[2021-08-01 09:46:20] [INFO] 开始注销店铺 庄民
[2021-08-01 09:46:28] [INFO] 正在通过本地引擎识别
[2021-08-01 09:46:35] [INFO] 本次运行已成功注销店铺会员数量为： 17
[2021-08-01 09:46:35] [INFO] 开始注销店铺 贝亲会员卡
[2021-08-01 09:46:44] [INFO] 正在通过本地引擎识别
[2021-08-01 09:46:50] [INFO] 本次运行已成功注销店铺会员数量为： 18
[2021-08-01 09:46:50] [INFO] 开始注销店铺 奶酪博士会员卡
[2021-08-01 09:46:59] [INFO] 正在通过本地引擎识别
[2021-08-01 09:47:05] [INFO] 本次运行已成功注销店铺会员数量为： 19
[2021-08-01 09:47:05] [INFO] 开始注销店铺 希杰食品
[2021-08-01 09:47:14] [INFO] 正在通过本地引擎识别
[2021-08-01 09:47:20] [INFO] 本次运行已成功注销店铺会员数量为： 20
[2021-08-01 09:47:20] [INFO] 开始注销店铺 妇炎洁
[2021-08-01 09:47:29] [INFO] 正在通过本地引擎识别
[2021-08-01 09:47:31] [INFO] 验证码位置点击错误，尝试再试一次
[2021-08-01 09:47:33] [INFO] 正在通过本地引擎识别
[2021-08-01 09:47:38] [INFO] 本次运行已成功注销店铺会员数量为： 21
[2021-08-01 09:47:38] [INFO] 开始注销店铺 金沙酒类旗舰店
[2021-08-01 09:47:50] [INFO] 正在通过本地引擎识别
[2021-08-01 09:47:56] [INFO] 本次运行已成功注销店铺会员数量为： 22
[2021-08-01 09:47:56] [INFO] 开始注销店铺 希捷LACIE
[2021-08-01 09:48:29] [INFO] 正在通过本地引擎识别
[2021-08-01 09:48:35] [INFO] 本次运行已成功注销店铺会员数量为： 23
[2021-08-01 09:48:35] [INFO] 开始注销店铺 好孩子
[2021-08-01 09:48:41] [INFO] 正在通过本地引擎识别
[2021-08-01 09:48:47] [INFO] 本次运行已成功注销店铺会员数量为： 24
[2021-08-01 09:48:47] [INFO] 开始注销店铺 福临门米面
[2021-08-01 09:48:59] [INFO] 正在通过本地引擎识别
[2021-08-01 09:49:05] [INFO] 本次运行已成功注销店铺会员数量为： 25
[2021-08-01 09:49:05] [INFO] 开始注销店铺 荣耀会员
[2021-08-01 09:49:17] [INFO] 正在通过本地引擎识别
[2021-08-01 09:49:20] [INFO] 验证码位置点击错误，尝试再试一次
[2021-08-01 09:49:21] [INFO] 正在通过本地引擎识别
[2021-08-01 09:49:26] [INFO] 本次运行已成功注销店铺会员数量为： 26
[2021-08-01 09:49:26] [INFO] 开始注销店铺 怡宝
[2021-08-01 09:49:32] [INFO] 正在通过本地引擎识别
[2021-08-01 09:49:38] [INFO] 本次运行已成功注销店铺会员数量为： 27
[2021-08-01 09:49:39] [INFO] 开始注销店铺 粮全其美会员
[2021-08-01 09:49:50] [INFO] 正在通过本地引擎识别
[2021-08-01 09:49:57] [INFO] 本次运行已成功注销店铺会员数量为： 28
[2021-08-01 09:49:57] [INFO] 开始注销店铺 波司登品牌会员
[2021-08-01 09:50:05] [INFO] 正在通过本地引擎识别
[2021-08-01 09:50:12] [INFO] 本次运行已成功注销店铺会员数量为： 29
[2021-08-01 09:50:12] [INFO] 开始注销店铺 myNB会员
[2021-08-01 09:50:23] [INFO] 正在通过本地引擎识别
[2021-08-01 09:50:30] [INFO] 本次运行已成功注销店铺会员数量为： 30
[2021-08-01 09:50:30] [INFO] 开始注销店铺 拜耳医药会员卡
[2021-08-01 09:50:44] [INFO] 正在通过本地引擎识别
[2021-08-01 09:50:51] [INFO] 本次运行已成功注销店铺会员数量为： 31
[2021-08-01 09:50:51] [INFO] 开始注销店铺 欧乐B
[2021-08-01 09:51:02] [INFO] 正在通过本地引擎识别
[2021-08-01 09:51:09] [INFO] 本次运行已成功注销店铺会员数量为： 32
[2021-08-01 09:51:09] [INFO] 开始注销店铺 安踏VIP
[2021-08-01 09:51:14] [INFO] 正在通过本地引擎识别
[2021-08-01 09:51:21] [INFO] 本次运行已成功注销店铺会员数量为： 33
[2021-08-01 09:51:21] [INFO] 开始注销店铺 全友家居友粉
[2021-08-01 09:51:26] [INFO] 正在通过本地引擎识别
[2021-08-01 09:51:33] [INFO] 本次运行已成功注销店铺会员数量为： 34
[2021-08-01 09:51:33] [INFO] 开始注销店铺 飞利浦
[2021-08-01 09:51:42] [INFO] 正在通过本地引擎识别
[2021-08-01 09:51:48] [INFO] 本次运行已成功注销店铺会员数量为： 35
[2021-08-01 09:51:48] [INFO] 开始注销店铺 官方会员卡
[2021-08-01 09:51:57] [INFO] 正在通过本地引擎识别
[2021-08-01 09:52:03] [INFO] 本次运行已成功注销店铺会员数量为： 36
[2021-08-01 09:52:03] [INFO] 开始注销店铺 九阳
[2021-08-01 09:52:15] [INFO] 正在通过本地引擎识别
[2021-08-01 09:52:21] [INFO] 本次运行已成功注销店铺会员数量为： 37
[2021-08-01 09:52:21] [INFO] 开始注销店铺 滔搏运动
[2021-08-01 09:52:27] [INFO] 正在通过本地引擎识别
[2021-08-01 09:52:33] [INFO] 本次运行已成功注销店铺会员数量为： 38
[2021-08-01 09:52:33] [INFO] 开始注销店铺 张裕葡萄酒
[2021-08-01 09:52:39] [INFO] 正在通过本地引擎识别
[2021-08-01 09:52:45] [INFO] 本次运行已成功注销店铺会员数量为： 39
[2021-08-01 09:52:45] [INFO] 开始注销店铺 云南三七牙膏
[2021-08-01 09:52:54] [INFO] 正在通过本地引擎识别
[2021-08-01 09:53:00] [INFO] 本次运行已成功注销店铺会员数量为： 40
[2021-08-01 09:53:00] [INFO] 开始注销店铺 潮宏基会员
[2021-08-01 09:53:09] [INFO] 正在通过本地引擎识别
[2021-08-01 09:53:15] [INFO] 本次运行已成功注销店铺会员数量为： 41
[2021-08-01 09:53:15] [INFO] 开始注销店铺 李宁品牌VIP
[2021-08-01 09:53:30] [INFO] 正在通过本地引擎识别
[2021-08-01 09:53:36] [INFO] 本次运行已成功注销店铺会员数量为： 42
[2021-08-01 09:53:36] [INFO] 开始注销店铺 初萃
[2021-08-01 09:53:42] [INFO] 正在通过本地引擎识别
[2021-08-01 09:53:45] [INFO] 验证码位置点击错误，尝试再试一次
[2021-08-01 09:53:46] [INFO] 正在通过本地引擎识别
[2021-08-01 09:54:18] [ERROR] 发生了一点小问题： ('图形验证码识别超时 初萃', None, None)
[2021-08-01 09:54:19] [INFO] 开始注销店铺 立白&好爸爸
[2021-08-01 09:54:33] [INFO] 正在通过本地引擎识别
[2021-08-01 09:54:40] [INFO] 本次运行已成功注销店铺会员数量为： 43
[2021-08-01 09:54:40] [INFO] 开始注销店铺 亨氏
[2021-08-01 09:54:48] [INFO] 正在通过本地引擎识别
[2021-08-01 09:54:54] [INFO] 本次运行已成功注销店铺会员数量为： 44
[2021-08-01 09:54:55] [INFO] 开始注销店铺 卡乐比
[2021-08-01 09:55:00] [INFO] 正在通过本地引擎识别
[2021-08-01 09:55:06] [INFO] 本次运行已成功注销店铺会员数量为： 45
[2021-08-01 09:55:06] [INFO] 本轮店铺已执行完，即将开始获取下一轮店铺
[2021-08-01 09:55:24] [INFO] 本轮运行获取到 50 家店铺会员信息
[2021-08-01 09:55:24] [INFO] 开始注销店铺 泸州老窖
[2021-08-01 09:55:42] [INFO] 正在通过本地引擎识别
[2021-08-01 09:55:49] [INFO] 本次运行已成功注销店铺会员数量为： 46
[2021-08-01 09:55:49] [INFO] 开始注销店铺 良品铺子
[2021-08-01 09:55:57] [INFO] 正在通过本地引擎识别
[2021-08-01 09:56:00] [INFO] 验证码位置点击错误，尝试再试一次
[2021-08-01 09:56:01] [INFO] 正在通过本地引擎识别
[2021-08-01 09:56:06] [INFO] 本次运行已成功注销店铺会员数量为： 47
[2021-08-01 09:56:06] [INFO] 开始注销店铺 秦老太
[2021-08-01 09:56:21] [INFO] 正在通过本地引擎识别
[2021-08-01 09:56:28] [INFO] 本次运行已成功注销店铺会员数量为： 48
[2021-08-01 09:56:28] [INFO] 开始注销店铺 超能VIP
[2021-08-01 09:56:39] [INFO] 正在通过本地引擎识别
[2021-08-01 09:56:42] [INFO] 验证码位置点击错误，尝试再试一次
[2021-08-01 09:56:43] [INFO] 正在通过本地引擎识别
[2021-08-01 09:56:49] [INFO] 本次运行已成功注销店铺会员数量为： 49
[2021-08-01 09:56:49] [INFO] 开始注销店铺 奥智嘉会员
[2021-08-01 09:57:04] [INFO] 正在通过本地引擎识别
[2021-08-01 09:57:10] [INFO] 本次运行已成功注销店铺会员数量为： 50
[2021-08-01 09:57:10] [INFO] 开始注销店铺 衣品天成会员
[2021-08-01 09:57:28] [INFO] 正在通过本地引擎识别
[2021-08-01 09:57:34] [INFO] 本次运行已成功注销店铺会员数量为： 51
[2021-08-01 09:57:34] [INFO] 开始注销店铺 天莱香牛
[2021-08-01 09:57:46] [INFO] 正在通过本地引擎识别
[2021-08-01 09:57:52] [INFO] 本次运行已成功注销店铺会员数量为： 52
[2021-08-01 09:57:52] [INFO] 开始注销店铺 茅台
[2021-08-01 09:58:04] [INFO] 正在通过本地引擎识别
[2021-08-01 09:58:10] [INFO] 本次运行已成功注销店铺会员数量为： 53
[2021-08-01 09:58:10] [INFO] 开始注销店铺 云南白药牙膏
[2021-08-01 09:58:28] [INFO] 正在通过本地引擎识别
[2021-08-01 09:58:34] [INFO] 本次运行已成功注销店铺会员数量为： 54
[2021-08-01 09:58:34] [INFO] 开始注销店铺 三只松鼠
[2021-08-01 09:58:43] [INFO] 正在通过本地引擎识别
[2021-08-01 09:58:49] [INFO] 本次运行已成功注销店铺会员数量为： 55
[2021-08-01 09:58:49] [INFO] 开始注销店铺 乐扣乐扣
[2021-08-01 09:59:04] [INFO] 正在通过本地引擎识别
[2021-08-01 09:59:10] [INFO] 本次运行已成功注销店铺会员数量为： 56
[2021-08-01 09:59:10] [INFO] 开始注销店铺 倍思会员卡
[2021-08-01 09:59:16] [INFO] 正在通过本地引擎识别
[2021-08-01 09:59:23] [INFO] 本次运行已成功注销店铺会员数量为： 57
[2021-08-01 09:59:23] [INFO] 开始注销店铺 滋源
[2021-08-01 09:59:31] [INFO] 正在通过本地引擎识别
[2021-08-01 09:59:37] [INFO] 本次运行已成功注销店铺会员数量为： 58
[2021-08-01 09:59:37] [INFO] 开始注销店铺 伯纳天纯
[2021-08-01 09:59:49] [INFO] 正在通过本地引擎识别
[2021-08-01 09:59:55] [INFO] 本次运行已成功注销店铺会员数量为： 59
[2021-08-01 09:59:56] [INFO] 开始注销店铺 柳屋自营会员
[2021-08-01 10:00:01] [INFO] 正在通过本地引擎识别
[2021-08-01 10:00:07] [INFO] 本次运行已成功注销店铺会员数量为： 60
[2021-08-01 10:00:08] [INFO] 开始注销店铺 DR.WU
[2021-08-01 10:01:09] [INFO] 等待websocket推送短信验证码超时，即将跳过 DR.WU
[2021-08-01 10:01:09] [INFO] 开始注销店铺 纽仕兰
[2021-08-01 10:01:22] [INFO] 正在通过本地引擎识别
[2021-08-01 10:01:29] [INFO] 本次运行已成功注销店铺会员数量为： 61
[2021-08-01 10:01:29] [INFO] 开始注销店铺 弘书阁旗舰店
[2021-08-01 10:01:37] [INFO] 正在通过本地引擎识别
[2021-08-01 10:01:40] [INFO] 验证码位置点击错误，尝试再试一次
[2021-08-01 10:01:41] [INFO] 正在通过本地引擎识别
[2021-08-01 10:01:46] [INFO] 本次运行已成功注销店铺会员数量为： 62
[2021-08-01 10:01:47] [INFO] 开始注销店铺 采乐会员
[2021-08-01 10:01:55] [INFO] 正在通过本地引擎识别
[2021-08-01 10:02:02] [INFO] 本次运行已成功注销店铺会员数量为： 63
[2021-08-01 10:02:02] [INFO] 开始注销店铺 爱敬KCS会员
[2021-08-01 10:02:10] [INFO] 正在通过本地引擎识别
[2021-08-01 10:02:17] [INFO] 本次运行已成功注销店铺会员数量为： 64
[2021-08-01 10:02:17] [INFO] 开始注销店铺 威娜会员
[2021-08-01 10:03:18] [INFO] 等待websocket推送短信验证码超时，即将跳过 威娜会员
[2021-08-01 10:03:18] [INFO] 开始注销店铺 好万家健康药房
[2021-08-01 10:03:26] [INFO] 正在通过本地引擎识别
[2021-08-01 10:03:32] [INFO] 本次运行已成功注销店铺会员数量为： 65
[2021-08-01 10:03:32] [INFO] 开始注销店铺 健安喜GNC
[2021-08-01 10:03:38] [INFO] 正在通过本地引擎识别
[2021-08-01 10:03:44] [INFO] 本次运行已成功注销店铺会员数量为： 66
[2021-08-01 10:03:44] [INFO] 开始注销店铺 李宁品牌VIP
[2021-08-01 10:04:45] [INFO] 等待websocket推送短信验证码超时，即将跳过 李宁品牌VIP
[2021-08-01 10:04:45] [INFO] 开始注销店铺 朗科品牌会员
[2021-08-01 10:04:53] [INFO] 正在通过本地引擎识别
[2021-08-01 10:04:59] [INFO] 本次运行已成功注销店铺会员数量为： 67
[2021-08-01 10:04:59] [INFO] 开始注销店铺 BEGGI
[2021-08-01 10:05:08] [INFO] 正在通过本地引擎识别
[2021-08-01 10:05:14] [INFO] 本次运行已成功注销店铺会员数量为： 68
[2021-08-01 10:05:14] [INFO] 开始注销店铺 金沙酒自营店
[2021-08-01 10:05:23] [INFO] 正在通过本地引擎识别
[2021-08-01 10:05:31] [INFO] 本次运行已成功注销店铺会员数量为： 69
[2021-08-01 10:05:31] [INFO] 开始注销店铺 一加
[2021-08-01 10:05:38] [INFO] 正在通过本地引擎识别
[2021-08-01 10:05:41] [INFO] 验证码位置点击错误，尝试再试一次
[2021-08-01 10:05:42] [INFO] 正在通过本地引擎识别
[2021-08-01 10:05:48] [INFO] 本次运行已成功注销店铺会员数量为： 70
[2021-08-01 10:05:48] [INFO] 开始注销店铺 亚麻公社
[2021-08-01 10:05:56] [INFO] 正在通过本地引擎识别
[2021-08-01 10:06:02] [INFO] 本次运行已成功注销店铺会员数量为： 71
[2021-08-01 10:06:03] [INFO] 开始注销店铺 柏翠丝
[2021-08-01 10:06:08] [INFO] 正在通过本地引擎识别
[2021-08-01 10:06:14] [INFO] 本次运行已成功注销店铺会员数量为： 72
[2021-08-01 10:06:15] [INFO] 开始注销店铺 安而康会员之家
[2021-08-01 10:06:20] [INFO] 正在通过本地引擎识别
[2021-08-01 10:06:26] [INFO] 本次运行已成功注销店铺会员数量为： 73
[2021-08-01 10:06:28] [INFO] 开始注销店铺 上鲜会员卡
[2021-08-01 10:06:35] [INFO] 正在通过本地引擎识别
[2021-08-01 10:06:41] [INFO] 本次运行已成功注销店铺会员数量为： 74
[2021-08-01 10:06:42] [INFO] 开始注销店铺 维达
[2021-08-01 10:06:47] [INFO] 正在通过本地引擎识别
[2021-08-01 10:06:53] [INFO] 本次运行已成功注销店铺会员数量为： 75
[2021-08-01 10:06:54] [INFO] 开始注销店铺 博朗厨房电器
[2021-08-01 10:06:59] [INFO] 正在通过本地引擎识别
[2021-08-01 10:07:06] [INFO] 本次运行已成功注销店铺会员数量为： 76
[2021-08-01 10:07:06] [INFO] 开始注销店铺 俏侬烘焙
[2021-08-01 10:07:11] [INFO] 正在通过本地引擎识别
[2021-08-01 10:07:14] [INFO] 验证码位置点击错误，尝试再试一次
[2021-08-01 10:07:15] [INFO] 正在通过本地引擎识别
[2021-08-01 10:07:20] [INFO] 本次运行已成功注销店铺会员数量为： 77
[2021-08-01 10:07:21] [INFO] 开始注销店铺 百岁山
[2021-08-01 10:07:52] [ERROR] 发生了一点小问题： ('发送短信验证码超时 百岁山', None, None)
[2021-08-01 10:07:53] [INFO] 开始注销店铺 TF会员卡
[2021-08-01 10:07:59] [INFO] 正在通过本地引擎识别
[2021-08-01 10:08:06] [INFO] 本次运行已成功注销店铺会员数量为： 78
[2021-08-01 10:08:06] [INFO] 开始注销店铺 荷兰乳牛
[2021-08-01 10:08:11] [INFO] 正在通过本地引擎识别
[2021-08-01 10:08:14] [INFO] 验证码位置点击错误，尝试再试一次
[2021-08-01 10:08:15] [INFO] 正在通过本地引擎识别
[2021-08-01 10:08:21] [INFO] 本次运行已成功注销店铺会员数量为： 79
[2021-08-01 10:08:21] [INFO] 开始注销店铺 卡西欧
[2021-08-01 10:08:30] [INFO] 正在通过本地引擎识别
[2021-08-01 10:08:32] [INFO] 验证码位置点击错误，尝试再试一次
[2021-08-01 10:08:33] [INFO] 正在通过本地引擎识别
[2021-08-01 10:08:39] [INFO] 本次运行已成功注销店铺会员数量为： 80
[2021-08-01 10:08:39] [INFO] 开始注销店铺 尾巴生活
[2021-08-01 10:08:48] [INFO] 正在通过本地引擎识别
[2021-08-01 10:08:54] [INFO] 本次运行已成功注销店铺会员数量为： 81
[2021-08-01 10:08:54] [INFO] 开始注销店铺 君乐宝低温乳品
[2021-08-01 10:09:03] [INFO] 正在通过本地引擎识别
[2021-08-01 10:09:09] [INFO] 本次运行已成功注销店铺会员数量为： 82
[2021-08-01 10:09:09] [INFO] 开始注销店铺 屈臣氏饮料
[2021-08-01 10:09:18] [INFO] 正在通过本地引擎识别
[2021-08-01 10:09:24] [INFO] 本次运行已成功注销店铺会员数量为： 83
[2021-08-01 10:09:24] [INFO] 开始注销店铺 摩隆会员
[2021-08-01 10:09:33] [INFO] 正在通过本地引擎识别
[2021-08-01 10:09:36] [INFO] 验证码位置点击错误，尝试再试一次
[2021-08-01 10:09:37] [INFO] 正在通过本地引擎识别
[2021-08-01 10:09:42] [INFO] 本次运行已成功注销店铺会员数量为： 84
[2021-08-01 10:09:42] [INFO] 开始注销店铺 长虹会员
[2021-08-01 10:09:48] [INFO] 正在通过本地引擎识别
[2021-08-01 10:09:54] [INFO] 本次运行已成功注销店铺会员数量为： 85
[2021-08-01 10:09:54] [INFO] 开始注销店铺 初萃
[2021-08-01 10:10:03] [INFO] 正在通过本地引擎识别
[2021-08-01 10:10:09] [INFO] 本次运行已成功注销店铺会员数量为： 86
[2021-08-01 10:10:09] [INFO] 开始注销店铺 十月稻田
[2021-08-01 10:10:18] [INFO] 正在通过本地引擎识别
[2021-08-01 10:10:24] [INFO] 本次运行已成功注销店铺会员数量为： 87
[2021-08-01 10:10:24] [INFO] 开始注销店铺 植护
[2021-08-01 10:10:33] [INFO] 正在通过本地引擎识别
[2021-08-01 10:10:36] [INFO] 验证码位置点击错误，尝试再试一次
[2021-08-01 10:10:37] [INFO] 正在通过本地引擎识别
[2021-08-01 10:11:10] [ERROR] 发生了一点小问题： ('图形验证码识别超时 植护', None, None)
[2021-08-01 10:11:10] [INFO] 开始注销店铺 德龙
[2021-08-01 10:11:18] [INFO] 正在通过本地引擎识别
[2021-08-01 10:11:24] [INFO] 本次运行已成功注销店铺会员数量为： 88
[2021-08-01 10:11:25] [INFO] 开始注销店铺 长城葡萄酒
[2021-08-01 10:11:33] [INFO] 正在通过本地引擎识别
[2021-08-01 10:11:39] [INFO] 本次运行已成功注销店铺会员数量为： 89
[2021-08-01 10:11:40] [INFO] 开始注销店铺 淳鲜四季
[2021-08-01 10:11:48] [INFO] 正在通过本地引擎识别
[2021-08-01 10:11:54] [INFO] 本次运行已成功注销店铺会员数量为： 90
[2021-08-01 10:11:54] [INFO] 本轮店铺已执行完，即将开始获取下一轮店铺
[2021-08-01 10:11:56] [INFO] 本轮运行获取到 50 家店铺会员信息
[2021-08-01 10:11:56] [INFO] 开始注销店铺 鱼跃
[2021-08-01 10:12:03] [INFO] 正在通过本地引擎识别
[2021-08-01 10:12:06] [INFO] 验证码位置点击错误，尝试再试一次
[2021-08-01 10:12:07] [INFO] 正在通过本地引擎识别
[2021-08-01 10:12:40] [ERROR] 发生了一点小问题： ('图形验证码识别超时 鱼跃', None, None)
[2021-08-01 10:12:40] [INFO] 开始注销店铺 谭八爷
[2021-08-01 10:12:45] [INFO] 正在通过本地引擎识别
[2021-08-01 10:12:52] [INFO] 本次运行已成功注销店铺会员数量为： 91
[2021-08-01 10:12:52] [INFO] 开始注销店铺 真牛馆尊享会员
[2021-08-01 10:13:00] [INFO] 正在通过本地引擎识别
[2021-08-01 10:13:07] [INFO] 本次运行已成功注销店铺会员数量为： 92
[2021-08-01 10:13:07] [INFO] 开始注销店铺 宝乐星会员
[2021-08-01 10:13:15] [INFO] 正在通过本地引擎识别
[2021-08-01 10:13:22] [INFO] 本次运行已成功注销店铺会员数量为： 93
[2021-08-01 10:13:22] [INFO] 开始注销店铺 馥粉VIP
[2021-08-01 10:13:30] [INFO] 正在通过本地引擎识别
[2021-08-01 10:13:33] [INFO] 验证码位置点击错误，尝试再试一次
[2021-08-01 10:13:34] [INFO] 正在通过本地引擎识别
[2021-08-01 10:13:39] [INFO] 本次运行已成功注销店铺会员数量为： 94
[2021-08-01 10:28:49] [INFO] 本轮运行获取到 50 家店铺会员信息
[2021-08-01 10:28:50] [INFO] 开始注销店铺 鱼跃
[2021-08-01 10:28:59] [INFO] 正在通过本地引擎识别
[2021-08-01 10:29:06] [INFO] 本次运行已成功注销店铺会员数量为： 1
[2021-08-01 10:29:06] [INFO] 开始注销店铺 庄臣VIP
[2021-08-01 10:29:14] [INFO] 正在通过本地引擎识别
[2021-08-01 10:29:21] [INFO] 本次运行已成功注销店铺会员数量为： 2
[2021-08-01 10:29:21] [INFO] 开始注销店铺 三元牛奶
[2021-08-01 10:29:29] [INFO] 正在通过本地引擎识别
[2021-08-01 10:29:36] [INFO] 本次运行已成功注销店铺会员数量为： 3
[2021-08-01 10:29:36] [INFO] 开始注销店铺 澳芝曼会员卡
[2021-08-01 10:29:47] [INFO] 正在通过本地引擎识别
[2021-08-01 10:29:53] [INFO] 本次运行已成功注销店铺会员数量为： 4
[2021-08-01 10:29:54] [INFO] 开始注销店铺 好想你
[2021-08-01 10:30:02] [INFO] 正在通过本地引擎识别
[2021-08-01 10:30:09] [INFO] 本次运行已成功注销店铺会员数量为： 5
[2021-08-01 10:30:09] [INFO] 开始注销店铺 星鲨
[2021-08-01 10:30:17] [INFO] 正在通过本地引擎识别
[2021-08-01 10:30:24] [INFO] 本次运行已成功注销店铺会员数量为： 6
[2021-08-01 10:30:24] [INFO] 开始注销店铺 背背佳
[2021-08-01 10:30:32] [INFO] 正在通过本地引擎识别
[2021-08-01 10:30:39] [INFO] 本次运行已成功注销店铺会员数量为： 7
[2021-08-01 10:30:39] [INFO] 开始注销店铺 添可品牌会员
[2021-08-01 10:30:50] [INFO] 正在通过本地引擎识别
[2021-08-01 10:30:53] [INFO] 验证码位置点击错误，尝试再试一次
[2021-08-01 10:30:54] [INFO] 正在通过本地引擎识别
[2021-08-01 10:31:00] [INFO] 本次运行已成功注销店铺会员数量为： 8
[2021-08-01 10:31:00] [INFO] 开始注销店铺 DR.WU
[2021-08-01 10:31:18] [INFO] 正在通过本地引擎识别
[2021-08-01 10:31:24] [INFO] 本次运行已成功注销店铺会员数量为： 9
[2021-08-01 10:31:24] [INFO] 开始注销店铺 四特
[2021-08-01 10:31:33] [INFO] 正在通过本地引擎识别
[2021-08-01 10:31:39] [INFO] 本次运行已成功注销店铺会员数量为： 10
[2021-08-01 10:31:39] [INFO] 开始注销店铺 威娜会员
[2021-08-01 10:31:45] [INFO] 正在通过本地引擎识别
[2021-08-01 10:31:51] [INFO] 本次运行已成功注销店铺会员数量为： 11
[2021-08-01 10:31:51] [INFO] 开始注销店铺 纯漾会员
[2021-08-01 10:32:00] [INFO] 正在通过本地引擎识别
[2021-08-01 10:32:06] [INFO] 本次运行已成功注销店铺会员数量为： 12
[2021-08-01 10:32:06] [INFO] 开始注销店铺 康师傅方便面
[2021-08-01 10:32:15] [INFO] 正在通过本地引擎识别
[2021-08-01 10:32:21] [INFO] 本次运行已成功注销店铺会员数量为： 13
[2021-08-01 10:32:24] [INFO] 开始注销店铺 得力
[2021-08-01 10:32:39] [INFO] 正在通过本地引擎识别
[2021-08-01 10:32:42] [INFO] 验证码位置点击错误，尝试再试一次
[2021-08-01 10:32:43] [INFO] 正在通过本地引擎识别
[2021-08-01 10:32:48] [INFO] 本次运行已成功注销店铺会员数量为： 14
[2021-08-01 10:32:48] [INFO] 开始注销店铺 窝小芽会员
[2021-08-01 10:33:00] [INFO] 正在通过本地引擎识别
[2021-08-01 10:33:03] [INFO] 验证码位置点击错误，尝试再试一次
[2021-08-01 10:33:04] [INFO] 正在通过本地引擎识别
[2021-08-01 10:33:09] [INFO] 本次运行已成功注销店铺会员数量为： 15
[2021-08-01 10:33:10] [INFO] 开始注销店铺 贝恩施会员
[2021-08-01 10:33:18] [INFO] 正在通过本地引擎识别
[2021-08-01 10:33:24] [INFO] 本次运行已成功注销店铺会员数量为： 16
[2021-08-01 10:33:24] [INFO] 开始注销店铺 雀巢健康科学
[2021-08-01 10:33:33] [INFO] 正在通过本地引擎识别
[2021-08-01 10:33:39] [INFO] 本次运行已成功注销店铺会员数量为： 17
[2021-08-01 10:33:39] [INFO] 开始注销店铺 李宁品牌VIP
[2021-08-01 10:34:40] [INFO] 等待websocket推送短信验证码超时，即将跳过 李宁品牌VIP
[2021-08-01 10:34:41] [INFO] 开始注销店铺 桂枫
[2021-08-01 10:34:48] [INFO] 正在通过本地引擎识别
[2021-08-01 10:34:55] [INFO] 本次运行已成功注销店铺会员数量为： 18
[2021-08-01 10:34:55] [INFO] 开始注销店铺 松下卫浴会员
[2021-08-01 10:35:03] [INFO] 正在通过本地引擎识别
[2021-08-01 10:35:06] [INFO] 验证码位置点击错误，尝试再试一次
[2021-08-01 10:35:07] [INFO] 正在通过本地引擎识别
[2021-08-01 10:35:12] [INFO] 本次运行已成功注销店铺会员数量为： 19
[2021-08-01 10:35:12] [INFO] 开始注销店铺 嘉士伯
[2021-08-01 10:35:25] [INFO] 正在通过本地引擎识别
[2021-08-01 10:35:31] [INFO] 本次运行已成功注销店铺会员数量为： 20
[2021-08-01 10:35:32] [INFO] 开始注销店铺 小鹿蓝蓝vip
[2021-08-01 10:35:40] [INFO] 正在通过本地引擎识别
[2021-08-01 10:35:47] [INFO] 本次运行已成功注销店铺会员数量为： 21
[2021-08-01 10:35:47] [INFO] 开始注销店铺 1664啤酒
[2021-08-01 10:35:58] [INFO] 正在通过本地引擎识别
[2021-08-01 10:36:04] [INFO] 本次运行已成功注销店铺会员数量为： 22
[2021-08-01 10:36:05] [INFO] 开始注销店铺 阿玛尼会员卡
[2021-08-01 10:36:19] [INFO] 正在通过本地引擎识别
[2021-08-01 10:36:27] [INFO] 本次运行已成功注销店铺会员数量为： 23
[2021-08-01 10:36:27] [INFO] 开始注销店铺 冈本
[2021-08-01 10:36:34] [INFO] 正在通过本地引擎识别
[2021-08-01 10:36:41] [INFO] 本次运行已成功注销店铺会员数量为： 24
[2021-08-01 10:36:41] [INFO] 开始注销店铺 珀芙研会员
[2021-08-01 10:36:46] [INFO] 正在通过本地引擎识别
[2021-08-01 10:36:49] [INFO] 验证码位置点击错误，尝试再试一次
[2021-08-01 10:36:50] [INFO] 正在通过本地引擎识别
[2021-08-01 10:36:55] [INFO] 本次运行已成功注销店铺会员数量为： 25
[2021-08-01 10:36:55] [INFO] 开始注销店铺 中粮罐头旗舰店
[2021-08-01 10:37:04] [INFO] 正在通过本地引擎识别
[2021-08-01 10:37:11] [INFO] 本次运行已成功注销店铺会员数量为： 26
[2021-08-01 10:37:11] [INFO] 开始注销店铺 a2
[2021-08-01 10:37:19] [INFO] 正在通过本地引擎识别
[2021-08-01 10:37:27] [INFO] 本次运行已成功注销店铺会员数量为： 27
[2021-08-01 10:37:27] [INFO] 开始注销店铺 博士伦精选会员
[2021-08-01 10:37:43] [INFO] 正在通过本地引擎识别
[2021-08-01 10:37:50] [INFO] 本次运行已成功注销店铺会员数量为： 28
[2021-08-01 10:37:50] [INFO] 开始注销店铺 爱乐甜VIP卡
[2021-08-01 10:37:59] [INFO] 正在通过本地引擎识别
[2021-08-01 10:38:05] [INFO] 本次运行已成功注销店铺会员数量为： 29
[2021-08-01 10:38:05] [INFO] 开始注销店铺 百岁山
[2021-08-01 10:38:14] [INFO] 正在通过本地引擎识别
[2021-08-01 10:38:20] [INFO] 本次运行已成功注销店铺会员数量为： 30
[2021-08-01 10:38:20] [INFO] 开始注销店铺 Anchor
[2021-08-01 10:38:29] [INFO] 正在通过本地引擎识别
[2021-08-01 10:38:35] [INFO] 本次运行已成功注销店铺会员数量为： 31
[2021-08-01 10:38:35] [INFO] 开始注销店铺 妮维雅
[2021-08-01 10:38:41] [INFO] 正在通过本地引擎识别
[2021-08-01 10:38:47] [INFO] 本次运行已成功注销店铺会员数量为： 32
[2021-08-01 10:38:47] [INFO] 开始注销店铺 拉面说
[2021-08-01 10:38:56] [INFO] 正在通过本地引擎识别
[2021-08-01 10:39:02] [INFO] 本次运行已成功注销店铺会员数量为： 33
[2021-08-01 10:39:02] [INFO] 开始注销店铺 三全
[2021-08-01 10:39:11] [INFO] 正在通过本地引擎识别
[2021-08-01 10:39:17] [INFO] 本次运行已成功注销店铺会员数量为： 34
[2021-08-01 10:39:27] [INFO] 开始注销店铺 乌苏啤酒VIP
[2021-08-01 10:39:35] [INFO] 正在通过本地引擎识别
[2021-08-01 10:39:41] [INFO] 本次运行已成功注销店铺会员数量为： 35
[2021-08-01 10:39:41] [INFO] 开始注销店铺 人头马
[2021-08-01 10:39:53] [INFO] 正在通过本地引擎识别
[2021-08-01 10:39:59] [INFO] 本次运行已成功注销店铺会员数量为： 36
[2021-08-01 10:39:59] [INFO] 开始注销店铺 美素佳儿美妈汇
[2021-08-01 10:40:08] [INFO] 正在通过本地引擎识别
[2021-08-01 10:40:14] [INFO] 本次运行已成功注销店铺会员数量为： 37
[2021-08-01 10:40:14] [INFO] 开始注销店铺 江中猴姑会员
[2021-08-01 10:40:25] [INFO] 正在通过本地引擎识别
[2021-08-01 10:40:31] [INFO] 本次运行已成功注销店铺会员数量为： 38
[2021-08-01 10:40:32] [INFO] 开始注销店铺 自然之宝
[2021-08-01 10:40:38] [INFO] 正在通过本地引擎识别
[2021-08-01 10:40:44] [INFO] 本次运行已成功注销店铺会员数量为： 39
[2021-08-01 10:40:45] [INFO] 开始注销店铺 大宠爱
[2021-08-01 10:40:53] [INFO] 正在通过本地引擎识别
[2021-08-01 10:40:56] [INFO] 验证码位置点击错误，尝试再试一次
[2021-08-01 10:40:57] [INFO] 正在通过本地引擎识别
[2021-08-01 10:41:02] [INFO] 本次运行已成功注销店铺会员数量为： 40
[2021-08-01 10:41:02] [INFO] 开始注销店铺 OLLY会员
[2021-08-01 10:41:11] [INFO] 正在通过本地引擎识别
[2021-08-01 10:41:17] [INFO] 本次运行已成功注销店铺会员数量为： 41
[2021-08-01 10:41:18] [INFO] 开始注销店铺 植护
[2021-08-01 10:41:29] [INFO] 正在通过本地引擎识别
[2021-08-01 10:41:36] [INFO] 本次运行已成功注销店铺会员数量为： 42
[2021-08-01 10:41:36] [INFO] 开始注销店铺 兰思诺
[2021-08-01 10:41:47] [INFO] 正在通过本地引擎识别
[2021-08-01 10:41:54] [INFO] 本次运行已成功注销店铺会员数量为： 43
[2021-08-01 10:41:54] [INFO] 开始注销店铺 DQ冰淇淋
[2021-08-01 10:42:02] [INFO] 正在通过本地引擎识别
[2021-08-01 10:42:09] [INFO] 本次运行已成功注销店铺会员数量为： 44
[2021-08-01 10:42:09] [INFO] 开始注销店铺 哆猫猫会员卡
[2021-08-01 10:42:17] [INFO] 正在通过本地引擎识别
[2021-08-01 10:42:24] [INFO] 本次运行已成功注销店铺会员数量为： 45
[2021-08-01 10:42:25] [INFO] 开始注销店铺 美乐会员卡
[2021-08-01 10:42:33] [INFO] 正在通过本地引擎识别
[2021-08-01 10:42:39] [INFO] 本次运行已成功注销店铺会员数量为： 46
[2021-08-01 10:42:39] [INFO] 开始注销店铺 菊乐
[2021-08-01 10:42:48] [INFO] 正在通过本地引擎识别
[2021-08-01 10:42:55] [INFO] 本次运行已成功注销店铺会员数量为： 47
[2021-08-01 10:42:55] [INFO] 开始注销店铺 茶里专属会员卡
[2021-08-01 10:43:03] [INFO] 正在通过本地引擎识别
[2021-08-01 10:43:09] [INFO] 本次运行已成功注销店铺会员数量为： 48
[2021-08-01 10:43:10] [INFO] 开始注销店铺 裕道府VIP
[2021-08-01 10:43:18] [INFO] 正在通过本地引擎识别
[2021-08-01 10:43:24] [INFO] 本次运行已成功注销店铺会员数量为： 49
[2021-08-01 10:43:24] [INFO] 本轮店铺已执行完，即将开始获取下一轮店铺
[2021-08-01 10:43:47] [INFO] 本轮运行获取到 50 家店铺会员信息
[2021-08-01 10:43:47] [INFO] 开始注销店铺 蓝月亮
[2021-08-01 10:43:54] [INFO] 正在通过本地引擎识别
[2021-08-01 10:44:00] [INFO] 本次运行已成功注销店铺会员数量为： 50
[2021-08-01 10:44:00] [INFO] 开始注销店铺 五羊会员卡
[2021-08-01 10:44:09] [INFO] 正在通过本地引擎识别
[2021-08-01 10:44:15] [INFO] 本次运行已成功注销店铺会员数量为： 51
[2021-08-01 10:44:15] [INFO] 开始注销店铺 品诺品牌会员卡
[2021-08-01 10:44:25] [INFO] 正在通过本地引擎识别
[2021-08-01 10:44:31] [INFO] 本次运行已成功注销店铺会员数量为： 52
[2021-08-01 10:44:31] [INFO] 开始注销店铺 得宝品牌会员卡
[2021-08-01 10:44:39] [INFO] 正在通过本地引擎识别
[2021-08-01 10:44:46] [INFO] 本次运行已成功注销店铺会员数量为： 53
[2021-08-01 10:44:46] [INFO] 开始注销店铺 莎辛那会员
[2021-08-01 10:44:54] [INFO] 正在通过本地引擎识别
[2021-08-01 10:45:01] [INFO] 本次运行已成功注销店铺会员数量为： 54
[2021-08-01 10:45:01] [INFO] 开始注销店铺 雅漾会员卡
[2021-08-01 10:45:09] [INFO] 正在通过本地引擎识别
[2021-08-01 10:45:15] [INFO] 本次运行已成功注销店铺会员数量为： 55
[2021-08-01 10:45:15] [INFO] 开始注销店铺 哈根达斯
[2021-08-01 10:45:24] [INFO] 正在通过本地引擎识别
[2021-08-01 10:45:31] [INFO] 本次运行已成功注销店铺会员数量为： 56
[2021-08-01 10:45:31] [INFO] 开始注销店铺 星选玩家
[2021-08-01 10:45:39] [INFO] 正在通过本地引擎识别
[2021-08-01 10:45:46] [INFO] 本次运行已成功注销店铺会员数量为： 57
[2021-08-01 10:45:46] [INFO] 开始注销店铺 NW VIP
[2021-08-01 10:45:51] [INFO] 正在通过本地引擎识别
[2021-08-01 10:45:58] [INFO] 本次运行已成功注销店铺会员数量为： 58
[2021-08-01 10:45:58] [INFO] 开始注销店铺 十月结晶
[2021-08-01 10:46:06] [INFO] 正在通过本地引擎识别
[2021-08-01 10:46:13] [INFO] 本次运行已成功注销店铺会员数量为： 59
[2021-08-01 10:46:13] [INFO] 开始注销店铺 橙蔻品牌会员
[2021-08-01 10:46:25] [INFO] 正在通过本地引擎识别
[2021-08-01 10:46:27] [INFO] 验证码位置点击错误，尝试再试一次
[2021-08-01 10:46:28] [INFO] 正在通过本地引擎识别
[2021-08-01 10:46:34] [INFO] 本次运行已成功注销店铺会员数量为： 60
[2021-08-01 10:46:34] [INFO] 开始注销店铺 SALONIA
[2021-08-01 10:46:42] [INFO] 正在通过本地引擎识别
[2021-08-01 10:46:49] [INFO] 本次运行已成功注销店铺会员数量为： 61
[2021-08-01 10:46:49] [INFO] 开始注销店铺 戴尔外星人会员
[2021-08-01 10:46:57] [INFO] 正在通过本地引擎识别
[2021-08-01 10:47:04] [INFO] 本次运行已成功注销店铺会员数量为： 62
[2021-08-01 10:47:04] [INFO] 开始注销店铺 李宁品牌VIP
[2021-08-01 10:48:05] [INFO] 等待websocket推送短信验证码超时，即将跳过 李宁品牌VIP
[2021-08-01 10:48:05] [INFO] 开始注销店铺 高夫会员
[2021-08-01 10:48:13] [INFO] 正在通过本地引擎识别
[2021-08-01 10:48:19] [INFO] 本次运行已成功注销店铺会员数量为： 63
[2021-08-01 10:48:19] [INFO] 开始注销店铺 Apple
[2021-08-01 10:48:25] [INFO] 正在通过本地引擎识别
[2021-08-01 10:48:31] [INFO] 本次运行已成功注销店铺会员数量为： 64
[2021-08-01 10:48:31] [INFO] 开始注销店铺 BH会员
[2021-08-01 10:48:40] [INFO] 正在通过本地引擎识别
[2021-08-01 10:48:47] [INFO] 本次运行已成功注销店铺会员数量为： 65
[2021-08-01 10:48:47] [INFO] 开始注销店铺 花王妙而舒
[2021-08-01 10:48:55] [INFO] 正在通过本地引擎识别
[2021-08-01 10:49:02] [INFO] 本次运行已成功注销店铺会员数量为： 66
[2021-08-01 10:49:02] [INFO] 开始注销店铺 善存钙尔奇
[2021-08-01 10:49:07] [INFO] 正在通过本地引擎识别
[2021-08-01 10:49:10] [INFO] 验证码位置点击错误，尝试再试一次
[2021-08-01 10:49:11] [INFO] 正在通过本地引擎识别
[2021-08-01 10:49:17] [INFO] 本次运行已成功注销店铺会员数量为： 67
[2021-08-01 10:49:17] [INFO] 开始注销店铺 十月天使
[2021-08-01 10:49:37] [INFO] 正在通过本地引擎识别
[2021-08-01 10:49:43] [INFO] 本次运行已成功注销店铺会员数量为： 68
[2021-08-01 10:49:43] [INFO] 开始注销店铺 美赞臣
[2021-08-01 10:49:52] [INFO] 正在通过本地引擎识别
[2021-08-01 10:49:58] [INFO] 本次运行已成功注销店铺会员数量为： 69
[2021-08-01 10:49:58] [INFO] 开始注销店铺 追风尊享会员
[2021-08-01 10:50:07] [INFO] 正在通过本地引擎识别
[2021-08-01 10:50:13] [INFO] 本次运行已成功注销店铺会员数量为： 70
[2021-08-01 10:50:14] [INFO] 开始注销店铺 壳牌
[2021-08-01 10:50:22] [INFO] 正在通过本地引擎识别
[2021-08-01 10:50:28] [INFO] 本次运行已成功注销店铺会员数量为： 71
[2021-08-01 10:50:28] [INFO] 开始注销店铺 好奇
[2021-08-01 10:50:37] [INFO] 正在通过本地引擎识别
[2021-08-01 10:50:43] [INFO] 本次运行已成功注销店铺会员数量为： 72
[2021-08-01 10:50:44] [INFO] 开始注销店铺 喜力
[2021-08-01 10:50:52] [INFO] 正在通过本地引擎识别
[2021-08-01 10:50:58] [INFO] 本次运行已成功注销店铺会员数量为： 73
[2021-08-01 10:50:59] [INFO] 开始注销店铺 德国马牌
[2021-08-01 10:51:07] [INFO] 正在通过本地引擎识别
[2021-08-01 10:51:13] [INFO] 本次运行已成功注销店铺会员数量为： 74
[2021-08-01 10:51:14] [INFO] 开始注销店铺 长虹·美菱会员
[2021-08-01 10:51:22] [INFO] 正在通过本地引擎识别
[2021-08-01 10:51:29] [INFO] 本次运行已成功注销店铺会员数量为： 75
[2021-08-01 10:51:29] [INFO] 开始注销店铺 好友VIP
[2021-08-01 10:51:40] [INFO] 正在通过本地引擎识别
[2021-08-01 10:51:47] [INFO] 本次运行已成功注销店铺会员数量为： 76
[2021-08-01 10:51:47] [INFO] 开始注销店铺 HFP
[2021-08-01 10:51:58] [INFO] 正在通过本地引擎识别
[2021-08-01 10:52:05] [INFO] 本次运行已成功注销店铺会员数量为： 77
[2021-08-01 10:52:05] [INFO] 开始注销店铺 启初会员
[2021-08-01 10:52:10] [INFO] 正在通过本地引擎识别
[2021-08-01 10:52:17] [INFO] 本次运行已成功注销店铺会员数量为： 78
[2021-08-01 10:52:17] [INFO] 开始注销店铺 佰草集
[2021-08-01 10:53:18] [INFO] 等待websocket推送短信验证码超时，即将跳过 佰草集
[2021-08-01 10:53:18] [INFO] 开始注销店铺 百草味
[2021-08-01 10:53:50] [ERROR] 发生了一点小问题： ('发送短信验证码超时 百草味', None, None)
[2021-08-01 10:53:50] [INFO] 开始注销店铺 牙博士会员
[2021-08-01 10:54:51] [INFO] 等待websocket推送短信验证码超时，即将跳过 牙博士会员
[2021-08-01 10:54:51] [INFO] 开始注销店铺 好巴食
[2021-08-01 10:54:59] [INFO] 正在通过本地引擎识别
[2021-08-01 10:55:05] [INFO] 本次运行已成功注销店铺会员数量为： 79
[2021-08-01 10:55:05] [INFO] 开始注销店铺 库博光学
[2021-08-01 10:56:06] [INFO] 等待websocket推送短信验证码超时，即将跳过 库博光学
[2021-08-01 10:56:07] [INFO] 开始注销店铺 红牛自营旗舰店
[2021-08-01 10:56:14] [INFO] 正在通过本地引擎识别
[2021-08-01 10:56:20] [INFO] 本次运行已成功注销店铺会员数量为： 80
[2021-08-01 10:56:20] [INFO] 开始注销店铺 云南白药养元青
[2021-08-01 10:57:21] [INFO] 等待websocket推送短信验证码超时，即将跳过 云南白药养元青
[2021-08-01 10:57:22] [INFO] 开始注销店铺 Origins
[2021-08-01 10:58:23] [INFO] 等待websocket推送短信验证码超时，即将跳过 Origins
[2021-08-01 10:58:23] [INFO] 开始注销店铺 李子柒
[2021-08-01 10:59:24] [INFO] 等待websocket推送短信验证码超时，即将跳过 李子柒
[2021-08-01 10:59:24] [INFO] 开始注销店铺 蔻斯汀花粉会员
[2021-08-01 11:00:27] [INFO] 本轮运行获取到 50 家店铺会员信息
[2021-08-01 11:00:28] [INFO] 开始注销店铺 ITO尊享会员
[2021-08-01 11:01:29] [INFO] 等待websocket推送短信验证码超时，即将跳过 ITO尊享会员
[2021-08-01 11:01:31] [INFO] 开始注销店铺 联合利华VIP
[2021-08-01 11:02:32] [INFO] 等待websocket推送短信验证码超时，即将跳过 联合利华VIP
[2021-08-01 11:02:32] [INFO] 开始注销店铺 吉香居品牌会员
[2021-08-01 11:03:33] [INFO] 等待websocket推送短信验证码超时，即将跳过 吉香居品牌会员
[2021-08-01 11:03:33] [INFO] 开始注销店铺 玉泽品牌会员卡
[2021-08-01 11:03:58] [INFO] 正在通过本地引擎识别
[2021-08-01 11:04:01] [INFO] 验证码位置点击错误，尝试再试一次
[2021-08-01 11:04:02] [INFO] 正在通过本地引擎识别
[2021-08-01 11:04:07] [INFO] 本次运行已成功注销店铺会员数量为： 1
[2021-08-01 11:04:07] [INFO] 开始注销店铺 海信会员
[2021-08-01 11:04:16] [INFO] 正在通过本地引擎识别
[2021-08-01 11:04:19] [INFO] 验证码位置点击错误，尝试再试一次
[2021-08-01 11:04:20] [INFO] 正在通过本地引擎识别
[2021-08-01 11:04:52] [ERROR] 发生了一点小问题： ('图形验证码识别超时 海信会员', None, None)
[2021-08-01 11:04:53] [INFO] 开始注销店铺 花王乐而雅
[2021-08-01 11:05:01] [INFO] 正在通过本地引擎识别
[2021-08-01 11:05:07] [INFO] 本次运行已成功注销店铺会员数量为： 2
[2021-08-01 11:05:08] [INFO] 开始注销店铺 李宁品牌VIP
[2021-08-01 11:06:18] [INFO] 本轮运行获取到 49 家店铺会员信息
[2021-08-01 11:06:18] [INFO] 开始注销店铺 ITO尊享会员
[2021-08-01 11:06:26] [INFO] 正在通过本地引擎识别
[2021-08-01 11:06:32] [INFO] 本次运行已成功注销店铺会员数量为： 1
[2021-08-01 11:06:32] [INFO] 开始注销店铺 联合利华VIP
[2021-08-01 11:07:33] [INFO] 等待websocket推送短信验证码超时，即将跳过 联合利华VIP
[2021-08-01 11:07:33] [INFO] 开始注销店铺 吉香居品牌会员
[2021-08-01 11:07:43] [INFO] 正在通过本地引擎识别
[2021-08-01 11:07:50] [INFO] 本次运行已成功注销店铺会员数量为： 2
[2021-08-01 11:07:50] [INFO] 开始注销店铺 卡西欧东方会员
[2021-08-01 11:07:58] [INFO] 正在通过本地引擎识别
[2021-08-01 11:08:05] [INFO] 本次运行已成功注销店铺会员数量为： 3
[2021-08-01 11:08:05] [INFO] 开始注销店铺 海信会员
[2021-08-01 11:08:14] [INFO] 正在通过本地引擎识别
[2021-08-01 11:08:20] [INFO] 本次运行已成功注销店铺会员数量为： 4
[2021-08-01 11:08:20] [INFO] 开始注销店铺 李宁品牌VIP
[2021-08-01 11:09:21] [INFO] 等待websocket推送短信验证码超时，即将跳过 李宁品牌VIP
[2021-08-01 11:09:21] [INFO] 开始注销店铺 湾仔码头VIP
[2021-08-01 11:10:22] [INFO] 等待websocket推送短信验证码超时，即将跳过 湾仔码头VIP
[2021-08-01 11:10:23] [INFO] 开始注销店铺 国台
[2021-08-01 11:11:24] [INFO] 等待websocket推送短信验证码超时，即将跳过 国台
[2021-08-01 11:11:24] [INFO] 开始注销店铺 博朗
[2021-08-01 11:12:25] [INFO] 等待websocket推送短信验证码超时，即将跳过 博朗
[2021-08-01 11:12:25] [INFO] 开始注销店铺 欧姆龙会员卡
[2021-08-01 11:13:26] [INFO] 等待websocket推送短信验证码超时，即将跳过 欧姆龙会员卡
[2021-08-01 11:13:27] [INFO] 开始注销店铺 佰草集
[2021-08-01 11:13:36] [INFO] 正在通过本地引擎识别
[2021-08-01 11:13:38] [INFO] 验证码位置点击错误，尝试再试一次
[2021-08-01 11:13:39] [INFO] 正在通过本地引擎识别
[2021-08-01 11:14:00] [INFO] 本次运行已成功注销店铺会员数量为： 5
[2021-08-01 11:14:00] [INFO] 开始注销店铺 春风酒家
[2021-08-01 11:14:09] [INFO] 正在通过本地引擎识别
[2021-08-01 11:14:11] [INFO] 验证码位置点击错误，尝试再试一次
[2021-08-01 11:14:12] [INFO] 正在通过本地引擎识别
[2021-08-01 11:14:18] [INFO] 本次运行已成功注销店铺会员数量为： 6
[2021-08-01 11:14:18] [INFO] 开始注销店铺 舒蕾VIP
[2021-08-01 11:14:27] [INFO] 正在通过本地引擎识别
[2021-08-01 11:14:33] [INFO] 本次运行已成功注销店铺会员数量为： 7
[2021-08-01 11:14:33] [INFO] 开始注销店铺 百草味
[2021-08-01 11:14:42] [INFO] 正在通过本地引擎识别
[2021-08-01 11:14:48] [INFO] 本次运行已成功注销店铺会员数量为： 8
[2021-08-01 11:14:48] [INFO] 开始注销店铺 牙博士会员
[2021-08-01 11:15:49] [INFO] 等待websocket推送短信验证码超时，即将跳过 牙博士会员
[2021-08-01 11:15:50] [INFO] 开始注销店铺 库博光学
[2021-08-01 11:15:57] [INFO] 正在通过本地引擎识别
[2021-08-01 11:16:03] [INFO] 本次运行已成功注销店铺会员数量为： 9
[2021-08-01 11:16:04] [INFO] 开始注销店铺 珠江啤酒会员
[2021-08-01 11:17:05] [INFO] 等待websocket推送短信验证码超时，即将跳过 珠江啤酒会员
[2021-08-01 11:17:05] [INFO] 开始注销店铺 燕之屋
[2021-08-01 11:18:06] [INFO] 等待websocket推送短信验证码超时，即将跳过 燕之屋
[2021-08-01 11:18:06] [INFO] 开始注销店铺 云南白药养元青
[2021-08-01 11:18:12] [INFO] 正在通过本地引擎识别
[2021-08-01 11:18:19] [INFO] 本次运行已成功注销店铺会员数量为： 10
[2021-08-01 11:18:19] [INFO] 开始注销店铺 雅培
[2021-08-01 11:18:27] [INFO] 正在通过本地引擎识别
[2021-08-01 11:18:34] [INFO] 本次运行已成功注销店铺会员数量为： 11
[2021-08-01 11:18:34] [INFO] 开始注销店铺 Origins
[2021-08-01 11:18:42] [INFO] 正在通过本地引擎识别
[2021-08-01 11:18:49] [INFO] 本次运行已成功注销店铺会员数量为： 12
[2021-08-01 11:18:49] [INFO] 开始注销店铺 李子柒
[2021-08-01 11:18:54] [INFO] 正在通过本地引擎识别
[2021-08-01 11:19:01] [INFO] 本次运行已成功注销店铺会员数量为： 13
[2021-08-01 11:19:01] [INFO] 开始注销店铺 蔻斯汀花粉会员
[2021-08-01 11:19:10] [INFO] 正在通过本地引擎识别
[2021-08-01 11:19:12] [INFO] 验证码位置点击错误，尝试再试一次
[2021-08-01 11:19:13] [INFO] 正在通过本地引擎识别
[2021-08-01 11:19:18] [INFO] 本次运行已成功注销店铺会员数量为： 14
[2021-08-01 11:19:19] [INFO] 开始注销店铺 雷蛇
[2021-08-01 11:20:20] [INFO] 等待websocket推送短信验证码超时，即将跳过 雷蛇
[2021-08-01 11:20:20] [INFO] 开始注销店铺 VIP
[2021-08-01 11:20:28] [INFO] 正在通过本地引擎识别
[2021-08-01 11:20:34] [INFO] 本次运行已成功注销店铺会员数量为： 15
[2021-08-01 11:20:34] [INFO] 开始注销店铺 公牛仪乐VIP
[2021-08-01 11:20:43] [INFO] 正在通过本地引擎识别
[2021-08-01 11:20:49] [INFO] 本次运行已成功注销店铺会员数量为： 16
[2021-08-01 11:20:49] [INFO] 开始注销店铺 飞利浦电视
[2021-08-01 11:20:55] [INFO] 正在通过本地引擎识别
[2021-08-01 11:21:01] [INFO] 本次运行已成功注销店铺会员数量为： 17
[2021-08-01 11:21:01] [INFO] 开始注销店铺 中国李宁VIP
[2021-08-01 11:21:07] [INFO] 正在通过本地引擎识别
[2021-08-01 11:21:13] [INFO] 本次运行已成功注销店铺会员数量为： 18
[2021-08-01 11:21:13] [INFO] 开始注销店铺 婧麒
[2021-08-01 11:21:19] [INFO] 正在通过本地引擎识别
[2021-08-01 11:21:25] [INFO] 本次运行已成功注销店铺会员数量为： 19
[2021-08-01 11:21:25] [INFO] 开始注销店铺 Vip
[2021-08-01 11:21:34] [INFO] 正在通过本地引擎识别
[2021-08-01 11:21:37] [INFO] 验证码位置点击错误，尝试再试一次
[2021-08-01 11:21:38] [INFO] 正在通过本地引擎识别
[2021-08-01 11:21:43] [INFO] 本次运行已成功注销店铺会员数量为： 20
[2021-08-01 11:21:43] [INFO] 开始注销店铺 FILORGA
[2021-08-01 11:21:52] [INFO] 正在通过本地引擎识别
[2021-08-01 11:21:58] [INFO] 本次运行已成功注销店铺会员数量为： 21
[2021-08-01 11:21:58] [INFO] 开始注销店铺 生活馆会员
[2021-08-01 11:22:07] [INFO] 正在通过本地引擎识别
[2021-08-01 11:22:13] [INFO] 本次运行已成功注销店铺会员数量为： 22
[2021-08-01 11:22:13] [INFO] 开始注销店铺 洋河
[2021-08-01 11:23:15] [INFO] 等待websocket推送短信验证码超时，即将跳过 洋河
[2021-08-01 11:23:15] [INFO] 开始注销店铺 清风自营旗舰店
[2021-08-01 11:24:16] [INFO] 等待websocket推送短信验证码超时，即将跳过 清风自营旗舰店
[2021-08-01 11:24:16] [INFO] 开始注销店铺 迎驾贡酒会员
[2021-08-01 11:24:25] [INFO] 正在通过本地引擎识别
[2021-08-01 11:24:32] [INFO] 本次运行已成功注销店铺会员数量为： 23
[2021-08-01 11:24:32] [INFO] 开始注销店铺 苏菲娜品牌会员
[2021-08-01 11:24:40] [INFO] 正在通过本地引擎识别
[2021-08-01 11:24:43] [INFO] 验证码位置点击错误，尝试再试一次
[2021-08-01 11:24:44] [INFO] 正在通过本地引擎识别
[2021-08-01 11:24:49] [INFO] 本次运行已成功注销店铺会员数量为： 24
[2021-08-01 11:24:50] [INFO] 开始注销店铺 周六福
[2021-08-01 11:25:51] [INFO] 等待websocket推送短信验证码超时，即将跳过 周六福
[2021-08-01 11:25:51] [INFO] 开始注销店铺 安速白元
[2021-08-01 11:26:52] [INFO] 等待websocket推送短信验证码超时，即将跳过 安速白元
[2021-08-01 11:26:53] [INFO] 开始注销店铺 小糊涂仙京东
[2021-08-01 11:27:54] [INFO] 等待websocket推送短信验证码超时，即将跳过 小糊涂仙京东
[2021-08-01 11:27:54] [INFO] 开始注销店铺 方太自营旗舰店
[2021-08-01 11:28:05] [INFO] 正在通过本地引擎识别
[2021-08-01 11:28:11] [INFO] 本次运行已成功注销店铺会员数量为： 25
[2021-08-01 11:28:11] [INFO] 开始注销店铺 十七光年
[2021-08-01 11:29:12] [INFO] 等待websocket推送短信验证码超时，即将跳过 十七光年
[2021-08-01 11:29:12] [INFO] 开始注销店铺 骁龙会员
[2021-08-01 11:29:20] [INFO] 正在通过本地引擎识别
[2021-08-01 11:29:26] [INFO] 本次运行已成功注销店铺会员数量为： 26
[2021-08-01 11:29:26] [INFO] 开始注销店铺 心相印会员
[2021-08-01 11:29:35] [INFO] 正在通过本地引擎识别
[2021-08-01 11:29:41] [INFO] 本次运行已成功注销店铺会员数量为： 27
[2021-08-01 11:29:41] [INFO] 开始注销店铺 史兔子
[2021-08-01 11:29:50] [INFO] 正在通过本地引擎识别
[2021-08-01 11:29:53] [INFO] 验证码位置点击错误，尝试再试一次
[2021-08-01 11:29:54] [INFO] 正在通过本地引擎识别
[2021-08-01 11:29:59] [INFO] 本次运行已成功注销店铺会员数量为： 28
[2021-08-01 11:29:59] [INFO] 开始注销店铺 惠百施
[2021-08-01 11:30:08] [INFO] 正在通过本地引擎识别
[2021-08-01 11:30:14] [INFO] 本次运行已成功注销店铺会员数量为： 29
[2021-08-01 11:30:14] [INFO] 开始注销店铺 艾恩摩尔
[2021-08-01 11:31:16] [INFO] 等待websocket推送短信验证码超时，即将跳过 艾恩摩尔
[2021-08-01 11:31:16] [INFO] 开始注销店铺 七粉福利卡
[2021-08-01 11:31:23] [INFO] 正在通过本地引擎识别
[2021-08-01 11:31:30] [INFO] 本次运行已成功注销店铺会员数量为： 30
[2021-08-01 11:31:30] [INFO] 开始注销店铺 修哲
[2021-08-01 11:32:31] [INFO] 等待websocket推送短信验证码超时，即将跳过 修哲
[2021-08-01 11:32:31] [INFO] 开始注销店铺 七维健康会员
[2021-08-01 11:33:32] [INFO] 等待websocket推送短信验证码超时，即将跳过 七维健康会员
[2021-08-01 11:33:32] [INFO] 本轮店铺已执行完，即将开始获取下一轮店铺
[2021-08-01 11:33:33] [INFO] 本轮运行获取到 19 家店铺会员信息
[2021-08-01 11:33:33] [INFO] 开始注销店铺 联合利华VIP
[2021-08-01 11:33:41] [INFO] 正在通过本地引擎识别
[2021-08-01 11:33:48] [INFO] 本次运行已成功注销店铺会员数量为： 31
[2021-08-01 11:33:48] [INFO] 开始注销店铺 牙博士会员
[2021-08-01 11:33:57] [INFO] 正在通过本地引擎识别
[2021-08-01 11:34:03] [INFO] 本次运行已成功注销店铺会员数量为： 32
[2021-08-01 11:34:03] [INFO] 开始注销店铺 珠江啤酒会员
[2021-08-01 11:35:04] [INFO] 等待websocket推送短信验证码超时，即将跳过 珠江啤酒会员
[2021-08-01 11:35:04] [INFO] 开始注销店铺 燕之屋
[2021-08-01 11:35:12] [INFO] 正在通过本地引擎识别
[2021-08-01 11:35:18] [INFO] 本次运行已成功注销店铺会员数量为： 33
[2021-08-01 11:35:18] [INFO] 开始注销店铺 雷蛇
[2021-08-01 11:35:24] [INFO] 正在通过本地引擎识别
[2021-08-01 11:35:30] [INFO] 本次运行已成功注销店铺会员数量为： 34
[2021-08-01 11:35:30] [INFO] 开始注销店铺 李宁品牌VIP
[2021-08-01 11:36:31] [INFO] 等待websocket推送短信验证码超时，即将跳过 李宁品牌VIP
[2021-08-01 11:36:31] [INFO] 开始注销店铺 湾仔码头VIP
[2021-08-01 11:36:39] [INFO] 正在通过本地引擎识别
[2021-08-01 11:36:45] [INFO] 本次运行已成功注销店铺会员数量为： 35
[2021-08-01 11:36:45] [INFO] 开始注销店铺 国台
[2021-08-01 11:36:51] [INFO] 正在通过本地引擎识别
[2021-08-01 11:36:57] [INFO] 本次运行已成功注销店铺会员数量为： 36
[2021-08-01 11:36:57] [INFO] 开始注销店铺 洋河
[2021-08-01 11:37:58] [INFO] 等待websocket推送短信验证码超时，即将跳过 洋河
[2021-08-01 11:37:59] [INFO] 开始注销店铺 清风自营旗舰店
[2021-08-01 11:39:00] [INFO] 等待websocket推送短信验证码超时，即将跳过 清风自营旗舰店
[2021-08-01 11:39:00] [INFO] 开始注销店铺 周六福
[2021-08-01 11:39:09] [INFO] 正在通过本地引擎识别
[2021-08-01 11:39:15] [INFO] 本次运行已成功注销店铺会员数量为： 37
[2021-08-01 11:39:16] [INFO] 开始注销店铺 安速白元
[2021-08-01 11:39:24] [INFO] 正在通过本地引擎识别
[2021-08-01 11:39:30] [INFO] 本次运行已成功注销店铺会员数量为： 38
[2021-08-01 11:39:31] [INFO] 开始注销店铺 小糊涂仙京东
[2021-08-01 11:39:39] [INFO] 正在通过本地引擎识别
[2021-08-01 11:39:46] [INFO] 本次运行已成功注销店铺会员数量为： 39
[2021-08-01 11:39:46] [INFO] 开始注销店铺 博朗
[2021-08-01 11:40:47] [INFO] 等待websocket推送短信验证码超时，即将跳过 博朗
[2021-08-01 11:40:47] [INFO] 开始注销店铺 十七光年
[2021-08-01 11:40:57] [INFO] 正在通过本地引擎识别
[2021-08-01 11:41:04] [INFO] 本次运行已成功注销店铺会员数量为： 40
[2021-08-01 11:41:04] [INFO] 开始注销店铺 欧姆龙会员卡
[2021-08-01 11:41:12] [INFO] 正在通过本地引擎识别
[2021-08-01 11:41:19] [INFO] 本次运行已成功注销店铺会员数量为： 41
[2021-08-01 11:41:19] [INFO] 开始注销店铺 艾恩摩尔
[2021-08-01 11:41:25] [INFO] 正在通过本地引擎识别
[2021-08-01 11:41:31] [INFO] 本次运行已成功注销店铺会员数量为： 42
[2021-08-01 11:41:31] [INFO] 开始注销店铺 修哲
[2021-08-01 11:41:32] [INFO] 当前店铺退会链接已失效，暂判定为缓存导致，正在尝试清除卡包列表缓存...
[2021-08-01 11:42:02] [ERROR] 发生了一点小问题： ('发送短信验证码超时 修哲', None, None)
[2021-08-01 11:42:02] [INFO] 开始注销店铺 七维健康会员
[2021-08-01 11:42:02] [INFO] 当前店铺退会链接已失效，暂判定为缓存导致，正在尝试清除卡包列表缓存...
[2021-08-01 11:42:33] [ERROR] 发生了一点小问题： ('发送短信验证码超时 七维健康会员', None, None)
[2021-08-01 11:42:33] [INFO] 本轮店铺已执行完，即将开始获取下一轮店铺
[2021-08-01 12:08:16] [INFO] 本轮运行获取到 7 家店铺会员信息
[2021-08-01 12:08:17] [INFO] 开始注销店铺 珠江啤酒会员
[2021-08-01 12:09:18] [INFO] 等待websocket推送短信验证码超时，即将跳过 珠江啤酒会员
[2021-08-01 12:09:18] [INFO] 开始注销店铺 洋河
[2021-08-01 12:10:19] [INFO] 等待websocket推送短信验证码超时，即将跳过 洋河
[2021-08-01 12:10:19] [INFO] 开始注销店铺 清风自营旗舰店
[2021-08-01 12:10:26] [INFO] 正在通过本地引擎识别
[2021-08-01 12:10:33] [INFO] 本次运行已成功注销店铺会员数量为： 1
[2021-08-01 12:10:33] [INFO] 开始注销店铺 李宁品牌VIP
[2021-08-01 12:11:34] [INFO] 等待websocket推送短信验证码超时，即将跳过 李宁品牌VIP
[2021-08-01 12:11:34] [INFO] 开始注销店铺 博朗
[2021-08-01 12:11:42] [INFO] 正在通过本地引擎识别
[2021-08-01 12:11:48] [INFO] 本次运行已成功注销店铺会员数量为： 2
[2021-08-01 12:11:48] [INFO] 开始注销店铺 修哲
[2021-08-01 12:12:49] [INFO] 等待websocket推送短信验证码超时，即将跳过 修哲
[2021-08-01 12:12:49] [INFO] 开始注销店铺 七维健康会员
[2021-08-01 12:12:57] [INFO] 正在通过本地引擎识别
[2021-08-01 12:13:03] [INFO] 本次运行已成功注销店铺会员数量为： 3
[2021-08-01 12:13:03] [INFO] 本轮店铺已执行完，即将开始获取下一轮店铺
[2021-08-01 12:13:03] [INFO] 本轮运行获取到 3 家店铺会员信息
[2021-08-01 12:13:03] [INFO] 开始注销店铺 洋河
[2021-08-01 12:13:12] [INFO] 正在通过本地引擎识别
[2021-08-01 12:13:18] [INFO] 本次运行已成功注销店铺会员数量为： 4
[2021-08-01 12:13:18] [INFO] 开始注销店铺 李宁品牌VIP
[2021-08-01 12:14:19] [INFO] 等待websocket推送短信验证码超时，即将跳过 李宁品牌VIP
[2021-08-01 12:14:20] [INFO] 开始注销店铺 修哲
[2021-08-01 12:14:27] [INFO] 正在通过本地引擎识别
[2021-08-01 12:14:34] [INFO] 本次运行已成功注销店铺会员数量为： 5
[2021-08-01 12:14:34] [INFO] 本轮店铺已执行完，即将开始获取下一轮店铺
[2021-08-01 12:14:55] [INFO] 当前接口获取到的店铺列表和上一轮一致，认为接口缓存还未刷新，即将尝试刷新缓存
[2021-08-01 12:15:16] [INFO] 理论上缓存已经刷新成功，如页面未成功自动刷新请及时反馈
[2021-08-01 12:15:17] [INFO] 本轮运行获取到 1 家店铺会员信息
[2021-08-01 12:15:17] [INFO] 开始注销店铺 李宁品牌VIP
[2021-08-01 12:16:18] [INFO] 等待websocket推送短信验证码超时，即将跳过 李宁品牌VIP
[2021-08-01 12:16:18] [INFO] 本轮店铺已执行完，即将开始获取下一轮店铺
[2021-08-01 12:20:15] [INFO] 本轮运行获取到 1 家店铺会员信息
[2021-08-01 12:20:15] [INFO] 开始注销店铺 李宁品牌VIP
[2021-08-01 12:20:59] [INFO] 本轮运行获取到 1 家店铺会员信息
[2021-08-01 12:21:00] [INFO] 开始注销店铺 李宁品牌VIP
