[2021-09-05 07:51:21] [WARNING] config.yaml中的cookie值有误，请确保pt_key和pt_pin都存在，如都存在请检查cookie是否失效
[2021-09-05 08:53:33] [INFO] 本轮运行获取到 50 家店铺会员信息
[2021-09-05 08:53:33] [INFO] 开始注销店铺 O粉加油卡
[2021-09-05 08:53:43] [INFO] 正在通过本地引擎识别
[2021-09-05 08:53:49] [INFO] 本次运行已成功注销店铺会员数量为： 1
[2021-09-05 08:53:49] [INFO] 开始注销店铺 自然堂
[2021-09-05 08:53:57] [INFO] 正在通过本地引擎识别
[2021-09-05 08:54:04] [INFO] 本次运行已成功注销店铺会员数量为： 2
[2021-09-05 08:54:04] [INFO] 开始注销店铺 爱舒乐会员卡
[2021-09-05 08:54:09] [INFO] 正在通过本地引擎识别
[2021-09-05 08:54:16] [INFO] 本次运行已成功注销店铺会员数量为： 3
[2021-09-05 08:54:16] [INFO] 开始注销店铺 杰士邦
[2021-09-05 08:54:24] [INFO] 正在通过本地引擎识别
[2021-09-05 08:54:31] [INFO] 本次运行已成功注销店铺会员数量为： 4
[2021-09-05 08:54:31] [INFO] 开始注销店铺 A21
[2021-09-05 08:54:39] [INFO] 正在通过本地引擎识别
[2021-09-05 08:54:46] [INFO] 本次运行已成功注销店铺会员数量为： 5
[2021-09-05 08:54:46] [INFO] 开始注销店铺 润本品牌会员
[2021-09-05 08:54:55] [INFO] 正在通过本地引擎识别
[2021-09-05 08:55:01] [INFO] 本次运行已成功注销店铺会员数量为： 6
[2021-09-05 08:55:01] [INFO] 开始注销店铺 包大人会员卡
[2021-09-05 08:55:11] [INFO] 正在通过本地引擎识别
[2021-09-05 08:55:17] [INFO] 本次运行已成功注销店铺会员数量为： 7
[2021-09-05 08:55:17] [INFO] 开始注销店铺 OLAY玉兰油
[2021-09-05 08:55:25] [INFO] 正在通过本地引擎识别
[2021-09-05 08:55:31] [INFO] 本次运行已成功注销店铺会员数量为： 8
[2021-09-05 08:55:31] [INFO] 开始注销店铺 斑布
[2021-09-05 08:55:37] [INFO] 正在通过本地引擎识别
[2021-09-05 08:55:43] [INFO] 本次运行已成功注销店铺会员数量为： 9
[2021-09-05 08:55:43] [INFO] 开始注销店铺 联想品牌会员
[2021-09-05 08:55:49] [INFO] 正在通过本地引擎识别
[2021-09-05 08:55:55] [INFO] 本次运行已成功注销店铺会员数量为： 10
[2021-09-05 08:55:55] [INFO] 开始注销店铺 金沙酒类旗舰店
[2021-09-05 08:56:01] [INFO] 正在通过本地引擎识别
[2021-09-05 08:56:07] [INFO] 本次运行已成功注销店铺会员数量为： 11
[2021-09-05 08:56:07] [INFO] 开始注销店铺 AOC京东自营
[2021-09-05 08:56:13] [INFO] 正在通过本地引擎识别
[2021-09-05 08:56:19] [INFO] 本次运行已成功注销店铺会员数量为： 12
[2021-09-05 08:56:19] [INFO] 开始注销店铺 海尔
[2021-09-05 08:56:28] [INFO] 正在通过本地引擎识别
[2021-09-05 08:56:34] [INFO] 本次运行已成功注销店铺会员数量为： 13
[2021-09-05 08:56:34] [INFO] 开始注销店铺 润百颜会员卡
[2021-09-05 08:56:43] [INFO] 正在通过本地引擎识别
[2021-09-05 08:56:49] [INFO] 本次运行已成功注销店铺会员数量为： 14
[2021-09-05 08:56:50] [INFO] 开始注销店铺 伊利金领冠
[2021-09-05 08:56:58] [INFO] 正在通过本地引擎识别
[2021-09-05 08:57:04] [INFO] 本次运行已成功注销店铺会员数量为： 15
[2021-09-05 08:57:05] [INFO] 开始注销店铺 绿色溪谷会员
[2021-09-05 08:57:13] [INFO] 正在通过本地引擎识别
[2021-09-05 08:57:19] [INFO] 本次运行已成功注销店铺会员数量为： 16
[2021-09-05 08:57:20] [INFO] 开始注销店铺 梅林
[2021-09-05 08:57:28] [INFO] 正在通过本地引擎识别
[2021-09-05 08:57:34] [INFO] 本次运行已成功注销店铺会员数量为： 17
[2021-09-05 08:57:35] [INFO] 开始注销店铺 元气森林
[2021-09-05 08:57:43] [INFO] 正在通过本地引擎识别
[2021-09-05 08:57:50] [INFO] 本次运行已成功注销店铺会员数量为： 18
[2021-09-05 08:57:50] [INFO] 开始注销店铺 卫龙食品
[2021-09-05 08:57:58] [INFO] 正在通过本地引擎识别
[2021-09-05 08:58:04] [INFO] 本次运行已成功注销店铺会员数量为： 19
[2021-09-05 08:58:05] [INFO] 开始注销店铺 露安适会员卡
[2021-09-05 08:58:13] [INFO] 正在通过本地引擎识别
[2021-09-05 08:58:20] [INFO] 本次运行已成功注销店铺会员数量为： 20
[2021-09-05 08:58:20] [INFO] 开始注销店铺 君乐宝奶粉
[2021-09-05 08:58:28] [INFO] 正在通过本地引擎识别
[2021-09-05 08:58:35] [INFO] 本次运行已成功注销店铺会员数量为： 21
[2021-09-05 08:58:35] [INFO] 开始注销店铺 一叶子
[2021-09-05 08:58:40] [INFO] 正在通过本地引擎识别
[2021-09-05 08:58:47] [INFO] 本次运行已成功注销店铺会员数量为： 22
[2021-09-05 08:58:47] [INFO] 开始注销店铺 全棉时代
[2021-09-05 08:58:52] [INFO] 正在通过本地引擎识别
[2021-09-05 08:58:59] [INFO] 本次运行已成功注销店铺会员数量为： 23
[2021-09-05 08:58:59] [INFO] 开始注销店铺 BMW悦享会员
[2021-09-05 08:59:04] [INFO] 正在通过本地引擎识别
[2021-09-05 08:59:11] [INFO] 本次运行已成功注销店铺会员数量为： 24
[2021-09-05 08:59:11] [INFO] 开始注销店铺 奥丁格会员
[2021-09-05 08:59:20] [INFO] 正在通过本地引擎识别
[2021-09-05 08:59:26] [INFO] 本次运行已成功注销店铺会员数量为： 25
[2021-09-05 08:59:26] [INFO] 开始注销店铺 伊利
[2021-09-05 08:59:35] [INFO] 正在通过本地引擎识别
[2021-09-05 08:59:41] [INFO] 本次运行已成功注销店铺会员数量为： 26
[2021-09-05 08:59:41] [INFO] 开始注销店铺 酷客卡
[2021-09-05 08:59:50] [INFO] 正在通过本地引擎识别
[2021-09-05 08:59:56] [INFO] 本次运行已成功注销店铺会员数量为： 27
[2021-09-05 08:59:56] [INFO] 开始注销店铺 卡萨帝会员
[2021-09-05 09:00:05] [INFO] 正在通过本地引擎识别
[2021-09-05 09:00:11] [INFO] 本次运行已成功注销店铺会员数量为： 28
[2021-09-05 09:00:11] [INFO] 开始注销店铺 realme
[2021-09-05 09:00:20] [INFO] 正在通过本地引擎识别
[2021-09-05 09:00:26] [INFO] 本次运行已成功注销店铺会员数量为： 29
[2021-09-05 09:00:26] [INFO] 开始注销店铺 对子哈特
[2021-09-05 09:00:41] [INFO] 正在通过本地引擎识别
[2021-09-05 09:00:47] [INFO] 本次运行已成功注销店铺会员数量为： 30
[2021-09-05 09:00:47] [INFO] 开始注销店铺 蒙牛
[2021-09-05 09:00:53] [INFO] 正在通过本地引擎识别
[2021-09-05 09:00:59] [INFO] 本次运行已成功注销店铺会员数量为： 31
[2021-09-05 09:00:59] [INFO] 开始注销店铺 添宁会员俱乐部
[2021-09-05 09:01:35] [INFO] 正在通过本地引擎识别
[2021-09-05 09:01:42] [INFO] 本次运行已成功注销店铺会员数量为： 32
[2021-09-05 09:01:42] [INFO] 开始注销店铺 郎酒旗舰店会员
[2021-09-05 09:01:50] [INFO] 正在通过本地引擎识别
[2021-09-05 09:01:58] [INFO] 本次运行已成功注销店铺会员数量为： 33
[2021-09-05 09:01:58] [INFO] 开始注销店铺 超级米粉卡
[2021-09-05 09:02:41] [INFO] 正在通过本地引擎识别
[2021-09-05 09:02:48] [INFO] 本次运行已成功注销店铺会员数量为： 34
[2021-09-05 09:02:48] [INFO] 开始注销店铺 贝因美
[2021-09-05 09:02:56] [INFO] 正在通过本地引擎识别
[2021-09-05 09:03:03] [INFO] 本次运行已成功注销店铺会员数量为： 35
[2021-09-05 09:03:03] [INFO] 开始注销店铺 香丹清
[2021-09-05 09:04:04] [INFO] 等待websocket推送短信验证码超时，即将跳过 香丹清
[2021-09-05 09:04:04] [INFO] 开始注销店铺 兰蔻
[2021-09-05 09:04:14] [INFO] 正在通过本地引擎识别
[2021-09-05 09:04:21] [INFO] 本次运行已成功注销店铺会员数量为： 36
[2021-09-05 09:04:21] [INFO] 开始注销店铺 太太乐
[2021-09-05 09:04:52] [ERROR] 发生了一点小问题： ('发送短信验证码超时 太太乐', None, None)
[2021-09-05 09:04:53] [INFO] 开始注销店铺 可口可乐
[2021-09-05 09:05:00] [INFO] 正在通过本地引擎识别
[2021-09-05 09:05:06] [INFO] 本次运行已成功注销店铺会员数量为： 37
[2021-09-05 09:05:06] [INFO] 开始注销店铺 青蛙王子储值卡
[2021-09-05 09:05:12] [INFO] 正在通过本地引擎识别
[2021-09-05 09:05:18] [INFO] 本次运行已成功注销店铺会员数量为： 38
[2021-09-05 09:05:18] [INFO] 开始注销店铺 雅培血糖仪
[2021-09-05 09:05:27] [INFO] 正在通过本地引擎识别
[2021-09-05 09:05:33] [INFO] 本次运行已成功注销店铺会员数量为： 39
[2021-09-05 09:05:33] [INFO] 开始注销店铺 星巴克即饮咖啡
[2021-09-05 09:05:39] [INFO] 正在通过本地引擎识别
[2021-09-05 09:05:45] [INFO] 本次运行已成功注销店铺会员数量为： 40
[2021-09-05 09:05:45] [INFO] 开始注销店铺 荣耀会员
[2021-09-05 09:05:54] [INFO] 正在通过本地引擎识别
[2021-09-05 09:06:00] [INFO] 本次运行已成功注销店铺会员数量为： 41
[2021-09-05 09:06:00] [INFO] 开始注销店铺 剑南春VIP
[2021-09-05 09:06:06] [INFO] 正在通过本地引擎识别
[2021-09-05 09:06:12] [INFO] 本次运行已成功注销店铺会员数量为： 42
[2021-09-05 09:06:12] [INFO] 开始注销店铺 中兴会员卡
[2021-09-05 09:06:21] [INFO] 正在通过本地引擎识别
[2021-09-05 09:06:27] [INFO] 本次运行已成功注销店铺会员数量为： 43
[2021-09-05 09:06:27] [INFO] 开始注销店铺 有品会员卡
[2021-09-05 09:06:33] [INFO] 正在通过本地引擎识别
[2021-09-05 09:06:39] [INFO] 本次运行已成功注销店铺会员数量为： 44
[2021-09-05 09:06:40] [INFO] 开始注销店铺 欧乐B
[2021-09-05 09:06:48] [INFO] 正在通过本地引擎识别
[2021-09-05 09:06:54] [INFO] 本次运行已成功注销店铺会员数量为： 45
[2021-09-05 09:06:55] [INFO] 开始注销店铺 雀巢优活
[2021-09-05 09:07:03] [INFO] 正在通过本地引擎识别
[2021-09-05 09:07:09] [INFO] 本次运行已成功注销店铺会员数量为： 46
[2021-09-05 09:07:10] [INFO] 开始注销店铺 官方会员卡
[2021-09-05 09:07:18] [INFO] 正在通过本地引擎识别
[2021-09-05 09:07:24] [INFO] 本次运行已成功注销店铺会员数量为： 47
[2021-09-05 09:07:25] [INFO] 开始注销店铺 5100尊享会
[2021-09-05 09:07:33] [INFO] 正在通过本地引擎识别
[2021-09-05 09:07:40] [INFO] 本次运行已成功注销店铺会员数量为： 48
[2021-09-05 09:07:40] [INFO] 本轮店铺已执行完，即将开始获取下一轮店铺
[2021-09-05 09:07:41] [INFO] 本轮运行获取到 50 家店铺会员信息
[2021-09-05 09:07:41] [INFO] 开始注销店铺 蓝月亮
[2021-09-05 09:08:42] [INFO] 等待websocket推送短信验证码超时，即将跳过 蓝月亮
[2021-09-05 09:08:43] [INFO] 开始注销店铺 五羊会员卡
[2021-09-05 09:09:27] [INFO] 正在通过本地引擎识别
[2021-09-05 09:10:03] [ERROR] 发生了一点小问题： ('图形验证码识别超时 五羊会员卡', None, None)
[2021-09-05 09:10:03] [INFO] 开始注销店铺 维达
[2021-09-05 09:10:10] [INFO] 正在通过本地引擎识别
[2021-09-05 09:10:16] [INFO] 本次运行已成功注销店铺会员数量为： 49
[2021-09-05 09:10:16] [INFO] 开始注销店铺 莎辛那会员
[2021-09-05 09:10:31] [INFO] 正在通过本地引擎识别
[2021-09-05 09:10:33] [INFO] 验证码位置点击错误，尝试再试一次
[2021-09-05 09:10:34] [INFO] 正在通过本地引擎识别
[2021-09-05 09:11:07] [ERROR] 发生了一点小问题： ('图形验证码识别超时 莎辛那会员', None, None)
[2021-09-05 09:11:07] [INFO] 开始注销店铺 疯狂的小狗
[2021-09-05 09:11:46] [INFO] 正在通过本地引擎识别
[2021-09-05 09:12:22] [ERROR] 发生了一点小问题： ('图形验证码识别超时 疯狂的小狗', None, None)
[2021-09-05 09:12:22] [INFO] 开始注销店铺 泸州老窖
[2021-09-05 09:12:31] [INFO] 正在通过本地引擎识别
[2021-09-05 09:12:37] [INFO] 本次运行已成功注销店铺会员数量为： 50
[2021-09-05 09:12:37] [INFO] 开始注销店铺 雅漾会员卡
[2021-09-05 09:12:46] [INFO] 正在通过本地引擎识别
[2021-09-05 09:12:52] [INFO] 本次运行已成功注销店铺会员数量为： 51
[2021-09-05 09:12:52] [INFO] 开始注销店铺 康师傅方便面
[2021-09-05 09:13:01] [INFO] 正在通过本地引擎识别
[2021-09-05 09:13:07] [INFO] 本次运行已成功注销店铺会员数量为： 52
[2021-09-05 09:13:08] [INFO] 开始注销店铺 贝恩施会员
[2021-09-05 09:13:16] [INFO] 正在通过本地引擎识别
[2021-09-05 09:13:22] [INFO] 本次运行已成功注销店铺会员数量为： 53
[2021-09-05 09:13:23] [INFO] 开始注销店铺 高夫会员
[2021-09-05 09:13:31] [INFO] 正在通过本地引擎识别
[2021-09-05 09:13:37] [INFO] 本次运行已成功注销店铺会员数量为： 54
[2021-09-05 09:13:38] [INFO] 开始注销店铺 十月天使
[2021-09-05 09:13:46] [INFO] 正在通过本地引擎识别
[2021-09-05 09:13:53] [INFO] 本次运行已成功注销店铺会员数量为： 55
[2021-09-05 09:13:53] [INFO] 开始注销店铺 澳谷
[2021-09-05 09:14:01] [INFO] 正在通过本地引擎识别
[2021-09-05 09:14:08] [INFO] 本次运行已成功注销店铺会员数量为： 56
[2021-09-05 09:14:08] [INFO] 开始注销店铺 珀芙研会员
[2021-09-05 09:14:16] [INFO] 正在通过本地引擎识别
[2021-09-05 09:14:23] [INFO] 本次运行已成功注销店铺会员数量为： 57
[2021-09-05 09:14:23] [INFO] 开始注销店铺 百草味
[2021-09-05 09:14:28] [INFO] 正在通过本地引擎识别
[2021-09-05 09:14:31] [INFO] 验证码位置点击错误，尝试再试一次
[2021-09-05 09:14:32] [INFO] 正在通过本地引擎识别
[2021-09-05 09:14:38] [INFO] 本次运行已成功注销店铺会员数量为： 58
[2021-09-05 09:14:38] [INFO] 开始注销店铺 格力电器
[2021-09-05 09:14:46] [INFO] 正在通过本地引擎识别
[2021-09-05 09:14:53] [INFO] 本次运行已成功注销店铺会员数量为： 59
[2021-09-05 09:14:53] [INFO] 开始注销店铺 亨氏
[2021-09-05 09:15:02] [INFO] 正在通过本地引擎识别
[2021-09-05 09:15:08] [INFO] 本次运行已成功注销店铺会员数量为： 60
[2021-09-05 09:15:08] [INFO] 开始注销店铺 良品铺子
[2021-09-05 09:15:14] [INFO] 正在通过本地引擎识别
[2021-09-05 09:15:20] [INFO] 本次运行已成功注销店铺会员数量为： 61
[2021-09-05 09:15:20] [INFO] 开始注销店铺 谭八爷
[2021-09-05 09:15:29] [INFO] 正在通过本地引擎识别
[2021-09-05 09:15:35] [INFO] 本次运行已成功注销店铺会员数量为： 62
[2021-09-05 09:15:35] [INFO] 开始注销店铺 亚麻公社
[2021-09-05 09:15:41] [INFO] 正在通过本地引擎识别
[2021-09-05 09:15:47] [INFO] 本次运行已成功注销店铺会员数量为： 63
[2021-09-05 09:15:47] [INFO] 开始注销店铺 宝乐星会员
[2021-09-05 09:15:56] [INFO] 正在通过本地引擎识别
[2021-09-05 09:16:02] [INFO] 本次运行已成功注销店铺会员数量为： 64
[2021-09-05 09:16:02] [INFO] 开始注销店铺 三只松鼠
[2021-09-05 09:16:11] [INFO] 正在通过本地引擎识别
[2021-09-05 09:16:17] [INFO] 本次运行已成功注销店铺会员数量为： 65
[2021-09-05 09:16:17] [INFO] 开始注销店铺 屈臣氏饮料
[2021-09-05 09:16:26] [INFO] 正在通过本地引擎识别
[2021-09-05 09:16:32] [INFO] 本次运行已成功注销店铺会员数量为： 66
[2021-09-05 09:16:32] [INFO] 开始注销店铺 滋源
[2021-09-05 09:16:41] [INFO] 正在通过本地引擎识别
[2021-09-05 09:16:47] [INFO] 本次运行已成功注销店铺会员数量为： 67
[2021-09-05 09:16:47] [INFO] 开始注销店铺 纽仕兰
[2021-09-05 09:16:56] [INFO] 正在通过本地引擎识别
[2021-09-05 09:17:02] [INFO] 本次运行已成功注销店铺会员数量为： 68
[2021-09-05 09:17:02] [INFO] 开始注销店铺 星选玩家
[2021-09-05 09:17:11] [INFO] 正在通过本地引擎识别
[2021-09-05 09:17:17] [INFO] 本次运行已成功注销店铺会员数量为： 69
[2021-09-05 09:17:17] [INFO] 开始注销店铺 李宁品牌VIP
[2021-09-05 09:18:19] [INFO] 等待websocket推送短信验证码超时，即将跳过 李宁品牌VIP
[2021-09-05 09:18:19] [INFO] 开始注销店铺 湾仔码头VIP
[2021-09-05 09:18:26] [INFO] 正在通过本地引擎识别
[2021-09-05 09:18:32] [INFO] 本次运行已成功注销店铺会员数量为： 70
[2021-09-05 09:18:33] [INFO] 开始注销店铺 追风尊享会员
[2021-09-05 09:18:41] [INFO] 正在通过本地引擎识别
[2021-09-05 09:18:47] [INFO] 本次运行已成功注销店铺会员数量为： 71
[2021-09-05 09:18:48] [INFO] 开始注销店铺 阿玛尼会员卡
[2021-09-05 09:18:56] [INFO] 正在通过本地引擎识别
[2021-09-05 09:19:03] [INFO] 本次运行已成功注销店铺会员数量为： 72
[2021-09-05 09:19:03] [INFO] 开始注销店铺 上鲜会员卡
[2021-09-05 09:19:11] [INFO] 正在通过本地引擎识别
[2021-09-05 09:19:18] [INFO] 本次运行已成功注销店铺会员数量为： 73
[2021-09-05 09:19:18] [INFO] 开始注销店铺 香丹清
[2021-09-05 09:19:26] [INFO] 正在通过本地引擎识别
[2021-09-05 09:19:33] [INFO] 本次运行已成功注销店铺会员数量为： 74
[2021-09-05 09:19:33] [INFO] 开始注销店铺 中粮罐头旗舰店
[2021-09-05 09:19:38] [INFO] 正在通过本地引擎识别
[2021-09-05 09:19:45] [INFO] 本次运行已成功注销店铺会员数量为： 75
[2021-09-05 09:19:45] [INFO] 开始注销店铺 佰草集
[2021-09-05 09:19:50] [INFO] 正在通过本地引擎识别
[2021-09-05 09:19:57] [INFO] 本次运行已成功注销店铺会员数量为： 76
[2021-09-05 09:19:57] [INFO] 开始注销店铺 a2
[2021-09-05 09:20:03] [INFO] 正在通过本地引擎识别
[2021-09-05 09:20:05] [INFO] 验证码位置点击错误，尝试再试一次
[2021-09-05 09:20:06] [INFO] 正在通过本地引擎识别
[2021-09-05 09:20:12] [INFO] 本次运行已成功注销店铺会员数量为： 77
[2021-09-05 09:20:12] [INFO] 开始注销店铺 希杰食品
[2021-09-05 09:20:21] [INFO] 正在通过本地引擎识别
[2021-09-05 09:20:27] [INFO] 本次运行已成功注销店铺会员数量为： 78
[2021-09-05 09:20:27] [INFO] 开始注销店铺 太太乐
[2021-09-05 09:20:36] [INFO] 正在通过本地引擎识别
[2021-09-05 09:20:38] [INFO] 验证码位置点击错误，尝试再试一次
[2021-09-05 09:20:39] [INFO] 正在通过本地引擎识别
[2021-09-05 09:20:45] [INFO] 本次运行已成功注销店铺会员数量为： 79
[2021-09-05 09:20:45] [INFO] 开始注销店铺 库博光学
[2021-09-05 09:20:54] [INFO] 正在通过本地引擎识别
[2021-09-05 09:21:00] [INFO] 本次运行已成功注销店铺会员数量为： 80
[2021-09-05 09:21:00] [INFO] 开始注销店铺 百岁山
[2021-09-05 09:21:09] [INFO] 正在通过本地引擎识别
[2021-09-05 09:21:15] [INFO] 本次运行已成功注销店铺会员数量为： 81
[2021-09-05 09:21:15] [INFO] 开始注销店铺 拉面说
[2021-09-05 09:21:24] [INFO] 正在通过本地引擎识别
[2021-09-05 09:21:30] [INFO] 本次运行已成功注销店铺会员数量为： 82
[2021-09-05 09:21:30] [INFO] 开始注销店铺 三全
[2021-09-05 09:21:39] [INFO] 正在通过本地引擎识别
[2021-09-05 09:21:45] [INFO] 本次运行已成功注销店铺会员数量为： 83
[2021-09-05 09:21:45] [INFO] 开始注销店铺 李子柒
[2021-09-05 09:21:54] [INFO] 正在通过本地引擎识别
[2021-09-05 09:22:00] [INFO] 本次运行已成功注销店铺会员数量为： 84
[2021-09-05 09:22:00] [INFO] 开始注销店铺 拜耳医药会员卡
[2021-09-05 09:22:09] [INFO] 正在通过本地引擎识别
[2021-09-05 09:22:12] [INFO] 验证码位置点击错误，尝试再试一次
[2021-09-05 09:22:13] [INFO] 正在通过本地引擎识别
[2021-09-05 09:22:45] [ERROR] 发生了一点小问题： ('图形验证码识别超时 拜耳医药会员卡', None, None)
[2021-09-05 09:22:45] [INFO] 开始注销店铺 VIP
[2021-09-05 09:22:54] [INFO] 正在通过本地引擎识别
[2021-09-05 09:23:00] [INFO] 本次运行已成功注销店铺会员数量为： 85
[2021-09-05 09:23:00] [INFO] 开始注销店铺 丹泉品牌会员
[2021-09-05 09:23:09] [INFO] 正在通过本地引擎识别
[2021-09-05 09:23:15] [INFO] 本次运行已成功注销店铺会员数量为： 86
[2021-09-05 09:23:15] [INFO] 开始注销店铺 张裕葡萄酒
[2021-09-05 09:23:24] [INFO] 正在通过本地引擎识别
[2021-09-05 09:23:30] [INFO] 本次运行已成功注销店铺会员数量为： 87
[2021-09-05 09:23:31] [INFO] 开始注销店铺 植护
[2021-09-05 09:23:39] [INFO] 正在通过本地引擎识别
[2021-09-05 09:23:46] [INFO] 本次运行已成功注销店铺会员数量为： 88
[2021-09-05 09:23:46] [INFO] 开始注销店铺 拜耳官方旗舰店
[2021-09-05 09:23:54] [INFO] 正在通过本地引擎识别
[2021-09-05 09:24:01] [INFO] 本次运行已成功注销店铺会员数量为： 89
[2021-09-05 09:24:01] [INFO] 开始注销店铺 汾酒
[2021-09-05 09:24:09] [INFO] 正在通过本地引擎识别
[2021-09-05 09:24:16] [INFO] 本次运行已成功注销店铺会员数量为： 90
[2021-09-05 09:24:16] [INFO] 开始注销店铺 苏泊尔品牌会员
[2021-09-05 09:24:24] [INFO] 正在通过本地引擎识别
[2021-09-05 09:24:31] [INFO] 本次运行已成功注销店铺会员数量为： 91
[2021-09-05 09:24:31] [INFO] 开始注销店铺 格力高
[2021-09-05 09:24:39] [INFO] 正在通过本地引擎识别
[2021-09-05 09:24:46] [INFO] 本次运行已成功注销店铺会员数量为： 92
[2021-09-05 09:24:46] [INFO] 本轮店铺已执行完，即将开始获取下一轮店铺
[2021-09-05 09:24:48] [INFO] 本轮运行获取到 50 家店铺会员信息
[2021-09-05 09:24:48] [INFO] 开始注销店铺 蓝月亮
[2021-09-05 09:24:54] [INFO] 正在通过本地引擎识别
[2021-09-05 09:25:01] [INFO] 本次运行已成功注销店铺会员数量为： 93
[2021-09-05 09:25:01] [INFO] 开始注销店铺 域发
[2021-09-05 09:25:10] [INFO] 正在通过本地引擎识别
[2021-09-05 09:25:16] [INFO] 本次运行已成功注销店铺会员数量为： 94
[2021-09-05 09:25:16] [INFO] 开始注销店铺 五羊会员卡
[2021-09-05 09:25:22] [INFO] 正在通过本地引擎识别
[2021-09-05 09:25:24] [INFO] 验证码位置点击错误，尝试再试一次
[2021-09-05 09:25:25] [INFO] 正在通过本地引擎识别
[2021-09-05 09:25:31] [INFO] 本次运行已成功注销店铺会员数量为： 95
[2021-09-05 09:25:31] [INFO] 开始注销店铺 莎辛那会员
[2021-09-05 09:25:40] [INFO] 正在通过本地引擎识别
[2021-09-05 09:25:46] [INFO] 本次运行已成功注销店铺会员数量为： 96
[2021-09-05 09:25:46] [INFO] 开始注销店铺 疯狂的小狗
[2021-09-05 09:26:01] [INFO] 正在通过本地引擎识别
[2021-09-05 09:26:03] [INFO] 验证码位置点击错误，尝试再试一次
[2021-09-05 09:26:04] [INFO] 正在通过本地引擎识别
[2021-09-05 09:26:10] [INFO] 本次运行已成功注销店铺会员数量为： 97
[2021-09-05 09:26:10] [INFO] 开始注销店铺 青花郎
[2021-09-05 09:26:19] [INFO] 正在通过本地引擎识别
[2021-09-05 09:26:25] [INFO] 本次运行已成功注销店铺会员数量为： 98
[2021-09-05 09:26:25] [INFO] 开始注销店铺 欧诗漫
[2021-09-05 09:26:34] [INFO] 正在通过本地引擎识别
[2021-09-05 09:26:40] [INFO] 本次运行已成功注销店铺会员数量为： 99
[2021-09-05 09:26:40] [INFO] 开始注销店铺 胡姬花
[2021-09-05 09:26:46] [INFO] 正在通过本地引擎识别
[2021-09-05 09:26:52] [INFO] 本次运行已成功注销店铺会员数量为： 100
[2021-09-05 09:26:52] [INFO] 开始注销店铺 TUMI
[2021-09-05 09:27:01] [INFO] 正在通过本地引擎识别
[2021-09-05 09:27:07] [INFO] 本次运行已成功注销店铺会员数量为： 101
[2021-09-05 09:27:07] [INFO] 开始注销店铺 吉得利知食青年
[2021-09-05 09:27:39] [ERROR] 发生了一点小问题： ('发送短信验证码超时 吉得利知食青年', None, None)
[2021-09-05 09:27:39] [INFO] 开始注销店铺 美孚
[2021-09-05 09:27:49] [INFO] 正在通过本地引擎识别
[2021-09-05 09:27:55] [INFO] 本次运行已成功注销店铺会员数量为： 102
[2021-09-05 09:27:56] [INFO] 开始注销店铺 妈咪爱会员
[2021-09-05 09:28:01] [INFO] 正在通过本地引擎识别
[2021-09-05 09:28:07] [INFO] 本次运行已成功注销店铺会员数量为： 103
[2021-09-05 09:28:08] [INFO] 开始注销店铺 喜茶
[2021-09-05 09:28:22] [INFO] 正在通过本地引擎识别
[2021-09-05 09:28:29] [INFO] 本次运行已成功注销店铺会员数量为： 104
[2021-09-05 09:28:29] [INFO] 开始注销店铺 自然之名
[2021-09-05 09:28:40] [INFO] 正在通过本地引擎识别
[2021-09-05 09:28:46] [INFO] 本次运行已成功注销店铺会员数量为： 105
[2021-09-05 09:28:47] [INFO] 开始注销店铺 恒都牛气冲天
[2021-09-05 09:28:55] [INFO] 正在通过本地引擎识别
[2021-09-05 09:29:02] [INFO] 本次运行已成功注销店铺会员数量为： 106
[2021-09-05 09:29:02] [INFO] 开始注销店铺 雅培
[2021-09-05 09:29:13] [INFO] 正在通过本地引擎识别
[2021-09-05 09:29:20] [INFO] 本次运行已成功注销店铺会员数量为： 107
[2021-09-05 09:29:20] [INFO] 开始注销店铺 联合利华VIP
[2021-09-05 09:29:31] [INFO] 正在通过本地引擎识别
[2021-09-05 09:29:38] [INFO] 本次运行已成功注销店铺会员数量为： 108
[2021-09-05 09:29:38] [INFO] 开始注销店铺 月神臻享
[2021-09-05 09:29:43] [INFO] 正在通过本地引擎识别
[2021-09-05 09:29:46] [INFO] 验证码位置点击错误，尝试再试一次
[2021-09-05 09:29:47] [INFO] 正在通过本地引擎识别
[2021-09-05 09:29:53] [INFO] 本次运行已成功注销店铺会员数量为： 109
[2021-09-05 09:29:53] [INFO] 开始注销店铺 高露洁会员
[2021-09-05 09:30:04] [INFO] 正在通过本地引擎识别
[2021-09-05 09:30:11] [INFO] 本次运行已成功注销店铺会员数量为： 110
[2021-09-05 09:30:11] [INFO] 开始注销店铺 拜宠清
[2021-09-05 09:30:20] [INFO] 正在通过本地引擎识别
[2021-09-05 09:30:26] [INFO] 本次运行已成功注销店铺会员数量为： 111
[2021-09-05 09:30:26] [INFO] 开始注销店铺 品牌会员
[2021-09-05 09:30:35] [INFO] 正在通过本地引擎识别
[2021-09-05 09:30:41] [INFO] 本次运行已成功注销店铺会员数量为： 112
[2021-09-05 09:30:41] [INFO] 开始注销店铺 界界乐
[2021-09-05 09:30:50] [INFO] 正在通过本地引擎识别
[2021-09-05 09:30:56] [INFO] 本次运行已成功注销店铺会员数量为： 113
[2021-09-05 09:30:56] [INFO] 开始注销店铺 李宁品牌VIP
[2021-09-05 09:31:57] [INFO] 等待websocket推送短信验证码超时，即将跳过 李宁品牌VIP
[2021-09-05 09:31:58] [INFO] 开始注销店铺 国台自营旗舰店
[2021-09-05 09:32:08] [INFO] 正在通过本地引擎识别
[2021-09-05 09:32:14] [INFO] 本次运行已成功注销店铺会员数量为： 114
[2021-09-05 09:32:14] [INFO] 开始注销店铺 极米会员
[2021-09-05 09:32:29] [INFO] 正在通过本地引擎识别
[2021-09-05 09:32:35] [INFO] 本次运行已成功注销店铺会员数量为： 115
[2021-09-05 09:32:35] [INFO] 开始注销店铺 瑞士天梭表
[2021-09-05 09:32:44] [INFO] 正在通过本地引擎识别
[2021-09-05 09:32:50] [INFO] 本次运行已成功注销店铺会员数量为： 116
[2021-09-05 09:32:50] [INFO] 开始注销店铺 RAOYI会员
[2021-09-05 09:32:59] [INFO] 正在通过本地引擎识别
[2021-09-05 09:33:02] [INFO] 验证码位置点击错误，尝试再试一次
[2021-09-05 09:33:03] [INFO] 正在通过本地引擎识别
[2021-09-05 09:33:08] [INFO] 本次运行已成功注销店铺会员数量为： 117
[2021-09-05 09:33:08] [INFO] 开始注销店铺 格之格VIP
[2021-09-05 09:33:20] [INFO] 正在通过本地引擎识别
[2021-09-05 09:33:23] [INFO] 验证码位置点击错误，尝试再试一次
[2021-09-05 09:33:24] [INFO] 正在通过本地引擎识别
[2021-09-05 09:33:29] [INFO] 本次运行已成功注销店铺会员数量为： 118
[2021-09-05 09:33:29] [INFO] 开始注销店铺 纽麦福
[2021-09-05 09:33:38] [INFO] 正在通过本地引擎识别
[2021-09-05 09:33:41] [INFO] 验证码位置点击错误，尝试再试一次
[2021-09-05 09:33:42] [INFO] 正在通过本地引擎识别
[2021-09-05 09:34:15] [ERROR] 发生了一点小问题： ('图形验证码识别超时 纽麦福', None, None)
[2021-09-05 09:34:15] [INFO] 开始注销店铺 吴大嫂VIP
[2021-09-05 09:34:26] [INFO] 正在通过本地引擎识别
[2021-09-05 09:34:29] [INFO] 验证码位置点击错误，尝试再试一次
[2021-09-05 09:34:30] [INFO] 正在通过本地引擎识别
[2021-09-05 09:34:35] [INFO] 本次运行已成功注销店铺会员数量为： 119
[2021-09-05 09:34:35] [INFO] 开始注销店铺 美泰
[2021-09-05 09:34:44] [INFO] 正在通过本地引擎识别
[2021-09-05 09:34:51] [INFO] 本次运行已成功注销店铺会员数量为： 120
[2021-09-05 09:34:51] [INFO] 开始注销店铺 习酒
[2021-09-05 09:34:59] [INFO] 正在通过本地引擎识别
[2021-09-05 09:35:06] [INFO] 本次运行已成功注销店铺会员数量为： 121
[2021-09-05 09:35:06] [INFO] 开始注销店铺 燃茶
[2021-09-05 09:35:17] [INFO] 正在通过本地引擎识别
[2021-09-05 09:35:24] [INFO] 本次运行已成功注销店铺会员数量为： 122
[2021-09-05 09:35:24] [INFO] 开始注销店铺 天地精华
[2021-09-05 09:35:33] [INFO] 正在通过本地引擎识别
[2021-09-05 09:35:35] [INFO] 验证码位置点击错误，尝试再试一次
[2021-09-05 09:35:36] [INFO] 正在通过本地引擎识别
[2021-09-05 09:35:43] [INFO] 本次运行已成功注销店铺会员数量为： 123
[2021-09-05 09:35:43] [INFO] 开始注销店铺 民酒网VIP
[2021-09-05 09:35:51] [INFO] 正在通过本地引擎识别
[2021-09-05 09:35:53] [INFO] 验证码位置点击错误，尝试再试一次
[2021-09-05 09:35:54] [INFO] 正在通过本地引擎识别
[2021-09-05 09:36:27] [ERROR] 发生了一点小问题： ('图形验证码识别超时 民酒网VIP', None, None)
[2021-09-05 09:36:27] [INFO] 开始注销店铺 花王碧柔
[2021-09-05 09:36:36] [INFO] 正在通过本地引擎识别
[2021-09-05 09:36:42] [INFO] 本次运行已成功注销店铺会员数量为： 124
[2021-09-05 09:36:42] [INFO] 开始注销店铺 珠江啤酒会员
[2021-09-05 09:36:51] [INFO] 正在通过本地引擎识别
[2021-09-05 09:36:53] [INFO] 验证码位置点击错误，尝试再试一次
[2021-09-05 09:36:54] [INFO] 正在通过本地引擎识别
[2021-09-05 09:37:00] [INFO] 本次运行已成功注销店铺会员数量为： 125
[2021-09-05 09:37:00] [INFO] 开始注销店铺 百富门洋酒
[2021-09-05 09:37:06] [INFO] 正在通过本地引擎识别
[2021-09-05 09:37:08] [INFO] 验证码位置点击错误，尝试再试一次
[2021-09-05 09:37:10] [INFO] 正在通过本地引擎识别
[2021-09-05 09:37:18] [INFO] 本次运行已成功注销店铺会员数量为： 126
[2021-09-05 09:37:18] [INFO] 开始注销店铺 皓乐齿
[2021-09-05 09:37:27] [INFO] 正在通过本地引擎识别
[2021-09-05 09:37:33] [INFO] 本次运行已成功注销店铺会员数量为： 127
[2021-09-05 09:37:33] [INFO] 开始注销店铺 健合集团
[2021-09-05 09:37:42] [INFO] 正在通过本地引擎识别
[2021-09-05 09:37:48] [INFO] 本次运行已成功注销店铺会员数量为： 128
[2021-09-05 09:37:48] [INFO] 开始注销店铺 舒适达护齿部落
[2021-09-05 09:37:57] [INFO] 正在通过本地引擎识别
[2021-09-05 09:38:03] [INFO] 本次运行已成功注销店铺会员数量为： 129
[2021-09-05 09:38:03] [INFO] 开始注销店铺 威莱
[2021-09-05 09:38:15] [INFO] 正在通过本地引擎识别
[2021-09-05 09:38:21] [INFO] 本次运行已成功注销店铺会员数量为： 130
[2021-09-05 09:38:21] [INFO] 开始注销店铺 拜耳医药会员卡
[2021-09-05 09:38:30] [INFO] 正在通过本地引擎识别
[2021-09-05 09:38:36] [INFO] 本次运行已成功注销店铺会员数量为： 131
[2021-09-05 09:38:37] [INFO] 开始注销店铺 倩碧
[2021-09-05 09:38:45] [INFO] 正在通过本地引擎识别
[2021-09-05 09:38:48] [INFO] 验证码位置点击错误，尝试再试一次
[2021-09-05 09:38:49] [INFO] 正在通过本地引擎识别
[2021-09-05 09:38:54] [INFO] 本次运行已成功注销店铺会员数量为： 132
[2021-09-05 09:38:54] [INFO] 开始注销店铺 雅诗兰黛奢雅会
[2021-09-05 09:39:03] [INFO] 正在通过本地引擎识别
[2021-09-05 09:39:09] [INFO] 本次运行已成功注销店铺会员数量为： 133
[2021-09-05 09:39:10] [INFO] 开始注销店铺 西安杨森旗舰店
[2021-09-05 09:39:18] [INFO] 正在通过本地引擎识别
[2021-09-05 09:39:25] [INFO] 本次运行已成功注销店铺会员数量为： 134
[2021-09-05 09:39:25] [INFO] 开始注销店铺 雀巢奶粉
[2021-09-05 09:39:36] [INFO] 正在通过本地引擎识别
[2021-09-05 09:39:43] [INFO] 本次运行已成功注销店铺会员数量为： 135
[2021-09-05 09:39:43] [INFO] 开始注销店铺 晖致
[2021-09-05 09:39:57] [INFO] 正在通过本地引擎识别
[2021-09-05 09:40:04] [INFO] 本次运行已成功注销店铺会员数量为： 136
[2021-09-05 09:40:04] [INFO] 开始注销店铺 德龙
[2021-09-05 09:40:12] [INFO] 正在通过本地引擎识别
[2021-09-05 09:40:19] [INFO] 本次运行已成功注销店铺会员数量为： 137
[2021-09-05 09:40:19] [INFO] 开始注销店铺 菊乐
[2021-09-05 09:40:27] [INFO] 正在通过本地引擎识别
[2021-09-05 09:40:34] [INFO] 本次运行已成功注销店铺会员数量为： 138
[2021-09-05 09:40:34] [INFO] 本轮店铺已执行完，即将开始获取下一轮店铺
[2021-09-05 09:40:37] [INFO] 本轮运行获取到 50 家店铺会员信息
[2021-09-05 09:40:37] [INFO] 开始注销店铺 澳牧会员
[2021-09-05 09:40:46] [INFO] 正在通过本地引擎识别
[2021-09-05 09:40:52] [INFO] 本次运行已成功注销店铺会员数量为： 139
[2021-09-05 09:40:52] [INFO] 开始注销店铺 洁柔VIP会员
[2021-09-05 09:41:01] [INFO] 正在通过本地引擎识别
[2021-09-05 09:41:07] [INFO] 本次运行已成功注销店铺会员数量为： 140
[2021-09-05 09:41:07] [INFO] 开始注销店铺 小迷糊会员
[2021-09-05 09:41:16] [INFO] 正在通过本地引擎识别
[2021-09-05 09:41:22] [INFO] 本次运行已成功注销店铺会员数量为： 141
[2021-09-05 09:41:22] [INFO] 开始注销店铺 思莱德会员卡
[2021-09-05 09:41:28] [INFO] 正在通过本地引擎识别
[2021-09-05 09:41:34] [INFO] 本次运行已成功注销店铺会员数量为： 142
[2021-09-05 09:41:34] [INFO] 开始注销店铺 杰克琼斯
[2021-09-05 09:41:43] [INFO] 正在通过本地引擎识别
[2021-09-05 09:41:49] [INFO] 本次运行已成功注销店铺会员数量为： 143
[2021-09-05 09:41:49] [INFO] 开始注销店铺 雀巢多趣酷思
[2021-09-05 09:42:01] [INFO] 正在通过本地引擎识别
[2021-09-05 09:42:07] [INFO] 本次运行已成功注销店铺会员数量为： 144
[2021-09-05 09:42:07] [INFO] 开始注销店铺 ONLY会员
[2021-09-05 09:42:19] [INFO] 正在通过本地引擎识别
[2021-09-05 09:42:25] [INFO] 本次运行已成功注销店铺会员数量为： 145
[2021-09-05 09:42:25] [INFO] 开始注销店铺 爱慕
[2021-09-05 09:42:34] [INFO] 正在通过本地引擎识别
[2021-09-05 09:42:40] [INFO] 本次运行已成功注销店铺会员数量为： 146
[2021-09-05 09:42:41] [INFO] 开始注销店铺 LB会员
[2021-09-05 09:42:55] [INFO] 正在通过本地引擎识别
[2021-09-05 09:43:01] [INFO] 本次运行已成功注销店铺会员数量为： 147
[2021-09-05 09:43:01] [INFO] 开始注销店铺 施华蔻会员
[2021-09-05 09:43:07] [INFO] 正在通过本地引擎识别
[2021-09-05 09:43:13] [INFO] 本次运行已成功注销店铺会员数量为： 148
[2021-09-05 09:43:14] [INFO] 开始注销店铺 TCL会员
[2021-09-05 09:43:25] [INFO] 正在通过本地引擎识别
[2021-09-05 09:43:31] [INFO] 本次运行已成功注销店铺会员数量为： 149
[2021-09-05 09:43:32] [INFO] 开始注销店铺 百丽会员中心
[2021-09-05 09:43:43] [INFO] 正在通过本地引擎识别
[2021-09-05 09:43:50] [INFO] 本次运行已成功注销店铺会员数量为： 150
[2021-09-05 09:43:50] [INFO] 开始注销店铺 稳健品牌会员
[2021-09-05 09:44:04] [INFO] 正在通过本地引擎识别
[2021-09-05 09:44:11] [INFO] 本次运行已成功注销店铺会员数量为： 151
[2021-09-05 09:44:11] [INFO] 开始注销店铺 U-CLUB
[2021-09-05 09:44:19] [INFO] 正在通过本地引擎识别
[2021-09-05 09:44:22] [INFO] 验证码位置点击错误，尝试再试一次
[2021-09-05 09:44:23] [INFO] 正在通过本地引擎识别
[2021-09-05 09:44:28] [INFO] 本次运行已成功注销店铺会员数量为： 152
[2021-09-05 09:44:29] [INFO] 开始注销店铺 吉得利知食青年
[2021-09-05 09:44:37] [INFO] 正在通过本地引擎识别
[2021-09-05 09:44:44] [INFO] 本次运行已成功注销店铺会员数量为： 153
[2021-09-05 09:44:44] [INFO] 开始注销店铺 清风自营旗舰店
[2021-09-05 09:44:52] [INFO] 正在通过本地引擎识别
[2021-09-05 09:44:59] [INFO] 本次运行已成功注销店铺会员数量为： 154
[2021-09-05 09:44:59] [INFO] 开始注销店铺 恒大冰泉矿泉水
[2021-09-05 09:45:07] [INFO] 正在通过本地引擎识别
[2021-09-05 09:45:14] [INFO] 本次运行已成功注销店铺会员数量为： 155
[2021-09-05 09:45:14] [INFO] 开始注销店铺 思念食品
[2021-09-05 09:45:29] [INFO] 正在通过本地引擎识别
[2021-09-05 09:45:35] [INFO] 本次运行已成功注销店铺会员数量为： 156
[2021-09-05 09:45:35] [INFO] 开始注销店铺 惠发美食行家
[2021-09-05 09:45:44] [INFO] 正在通过本地引擎识别
[2021-09-05 09:45:50] [INFO] 本次运行已成功注销店铺会员数量为： 157
[2021-09-05 09:45:50] [INFO] 开始注销店铺 红狗VIP
[2021-09-05 09:45:56] [INFO] 正在通过本地引擎识别
[2021-09-05 09:45:58] [INFO] 验证码位置点击错误，尝试再试一次
[2021-09-05 09:45:59] [INFO] 正在通过本地引擎识别
[2021-09-05 09:46:32] [ERROR] 发生了一点小问题： ('图形验证码识别超时 红狗VIP', None, None)
[2021-09-05 09:46:32] [INFO] 开始注销店铺 亿滋
[2021-09-05 09:46:47] [INFO] 正在通过本地引擎识别
[2021-09-05 09:46:53] [INFO] 本次运行已成功注销店铺会员数量为： 158
[2021-09-05 09:46:53] [INFO] 开始注销店铺 雅鹿服饰女装店
[2021-09-05 09:47:02] [INFO] 正在通过本地引擎识别
[2021-09-05 09:47:08] [INFO] 本次运行已成功注销店铺会员数量为： 159
[2021-09-05 09:47:08] [INFO] 开始注销店铺 怡倩品牌会员
[2021-09-05 09:47:17] [INFO] 正在通过本地引擎识别
[2021-09-05 09:47:23] [INFO] 本次运行已成功注销店铺会员数量为： 160
[2021-09-05 09:47:23] [INFO] 开始注销店铺 FILA会员卡
[2021-09-05 09:47:29] [INFO] 正在通过本地引擎识别
[2021-09-05 09:47:32] [INFO] 验证码位置点击错误，尝试再试一次
[2021-09-05 09:47:33] [INFO] 正在通过本地引擎识别
[2021-09-05 09:47:38] [INFO] 本次运行已成功注销店铺会员数量为： 161
[2021-09-05 09:47:38] [INFO] 开始注销店铺 李宁品牌VIP
[2021-09-05 09:48:39] [INFO] 等待websocket推送短信验证码超时，即将跳过 李宁品牌VIP
[2021-09-05 09:48:39] [INFO] 开始注销店铺 度粉VIP卡
[2021-09-05 09:48:50] [INFO] 正在通过本地引擎识别
[2021-09-05 09:48:56] [INFO] 本次运行已成功注销店铺会员数量为： 162
[2021-09-05 09:48:57] [INFO] 开始注销店铺 保乐力加会员
[2021-09-05 09:49:08] [INFO] 正在通过本地引擎识别
[2021-09-05 09:49:14] [INFO] 本次运行已成功注销店铺会员数量为： 163
[2021-09-05 09:49:15] [INFO] 开始注销店铺 雀巢
[2021-09-05 09:49:26] [INFO] 正在通过本地引擎识别
[2021-09-05 09:49:29] [INFO] 验证码位置点击错误，尝试再试一次
[2021-09-05 09:49:30] [INFO] 正在通过本地引擎识别
[2021-09-05 09:49:35] [INFO] 本次运行已成功注销店铺会员数量为： 164
[2021-09-05 09:49:35] [INFO] 开始注销店铺 齐鲁慢病会员
[2021-09-05 09:49:44] [INFO] 正在通过本地引擎识别
[2021-09-05 09:49:51] [INFO] 本次运行已成功注销店铺会员数量为： 165
[2021-09-05 09:49:51] [INFO] 开始注销店铺 爱茉莉会员
[2021-09-05 09:50:02] [INFO] 正在通过本地引擎识别
[2021-09-05 09:50:09] [INFO] 本次运行已成功注销店铺会员数量为： 166
[2021-09-05 09:50:09] [INFO] 开始注销店铺 纽麦福
[2021-09-05 09:50:17] [INFO] 正在通过本地引擎识别
[2021-09-05 09:50:24] [INFO] 本次运行已成功注销店铺会员数量为： 167
[2021-09-05 09:50:24] [INFO] 开始注销店铺 英睿达品牌会员
[2021-09-05 09:50:42] [INFO] 正在通过本地引擎识别
[2021-09-05 09:50:48] [INFO] 本次运行已成功注销店铺会员数量为： 168
[2021-09-05 09:50:48] [INFO] 开始注销店铺 百事可乐
[2021-09-05 09:51:03] [INFO] 正在通过本地引擎识别
[2021-09-05 09:51:05] [INFO] 验证码位置点击错误，尝试再试一次
[2021-09-05 09:51:06] [INFO] 正在通过本地引擎识别
[2021-09-05 09:51:39] [ERROR] 发生了一点小问题： ('图形验证码识别超时 百事可乐', None, None)
[2021-09-05 09:51:39] [INFO] 开始注销店铺 MAPUTI
[2021-09-05 09:51:57] [INFO] 正在通过本地引擎识别
[2021-09-05 09:52:03] [INFO] 本次运行已成功注销店铺会员数量为： 169
[2021-09-05 09:52:03] [INFO] 开始注销店铺 民酒网VIP
[2021-09-05 09:52:21] [INFO] 正在通过本地引擎识别
[2021-09-05 09:52:27] [INFO] 本次运行已成功注销店铺会员数量为： 170
[2021-09-05 09:52:27] [INFO] 开始注销店铺 沃隆每日坚果
[2021-09-05 09:52:45] [INFO] 正在通过本地引擎识别
[2021-09-05 09:52:51] [INFO] 本次运行已成功注销店铺会员数量为： 171
[2021-09-05 09:52:51] [INFO] 开始注销店铺 美肤宝品牌会员
[2021-09-05 09:52:57] [INFO] 正在通过本地引擎识别
[2021-09-05 09:53:03] [INFO] 本次运行已成功注销店铺会员数量为： 172
[2021-09-05 09:53:03] [INFO] 开始注销店铺 凯伍德
[2021-09-05 09:53:09] [INFO] 正在通过本地引擎识别
[2021-09-05 09:53:15] [INFO] 本次运行已成功注销店铺会员数量为： 173
[2021-09-05 09:53:15] [INFO] 开始注销店铺 爱粉专属
[2021-09-05 09:53:24] [INFO] 正在通过本地引擎识别
[2021-09-05 09:53:30] [INFO] 本次运行已成功注销店铺会员数量为： 174
[2021-09-05 09:53:30] [INFO] 开始注销店铺 布鲁可
[2021-09-05 09:53:39] [INFO] 正在通过本地引擎识别
[2021-09-05 09:53:45] [INFO] 本次运行已成功注销店铺会员数量为： 175
[2021-09-05 09:53:46] [INFO] 开始注销店铺 疯狂小狗旗舰店
[2021-09-05 09:53:54] [INFO] 正在通过本地引擎识别
[2021-09-05 09:54:00] [INFO] 本次运行已成功注销店铺会员数量为： 176
[2021-09-05 09:54:01] [INFO] 开始注销店铺 PORTS会员
[2021-09-05 09:54:06] [INFO] 正在通过本地引擎识别
[2021-09-05 09:54:12] [INFO] 本次运行已成功注销店铺会员数量为： 177
[2021-09-05 09:54:13] [INFO] 开始注销店铺 韩今
[2021-09-05 09:54:21] [INFO] 正在通过本地引擎识别
[2021-09-05 09:54:28] [INFO] 本次运行已成功注销店铺会员数量为： 178
[2021-09-05 09:54:28] [INFO] 开始注销店铺 伊莲娜旗舰店
[2021-09-05 09:54:36] [INFO] 正在通过本地引擎识别
[2021-09-05 09:54:39] [INFO] 验证码位置点击错误，尝试再试一次
[2021-09-05 09:54:40] [INFO] 正在通过本地引擎识别
[2021-09-05 09:54:45] [INFO] 本次运行已成功注销店铺会员数量为： 179
[2021-09-05 09:54:45] [INFO] 开始注销店铺 BE会员卡
[2021-09-05 09:55:03] [INFO] 正在通过本地引擎识别
[2021-09-05 09:55:10] [INFO] 本次运行已成功注销店铺会员数量为： 180
[2021-09-05 09:55:10] [INFO] 开始注销店铺 鱼极VIP会员
[2021-09-05 09:55:25] [INFO] 正在通过本地引擎识别
[2021-09-05 09:55:31] [INFO] 本次运行已成功注销店铺会员数量为： 181
[2021-09-05 09:55:31] [INFO] 开始注销店铺 林内会员
[2021-09-05 09:55:49] [INFO] 正在通过本地引擎识别
[2021-09-05 09:55:55] [INFO] 本次运行已成功注销店铺会员数量为： 182
[2021-09-05 09:55:55] [INFO] 开始注销店铺 掌阅会员卡
[2021-09-05 09:56:13] [INFO] 正在通过本地引擎识别
[2021-09-05 09:56:19] [INFO] 本次运行已成功注销店铺会员数量为： 183
[2021-09-05 09:56:19] [INFO] 开始注销店铺 衡水老白干
[2021-09-05 09:56:28] [INFO] 正在通过本地引擎识别
[2021-09-05 09:56:34] [INFO] 本次运行已成功注销店铺会员数量为： 184
[2021-09-05 09:56:34] [INFO] 开始注销店铺 郎牌特曲VIP
[2021-09-05 09:56:43] [INFO] 正在通过本地引擎识别
[2021-09-05 09:56:49] [INFO] 本次运行已成功注销店铺会员数量为： 185
[2021-09-05 09:56:49] [INFO] 本轮店铺已执行完，即将开始获取下一轮店铺
[2021-09-05 09:56:51] [INFO] 本轮运行获取到 50 家店铺会员信息
[2021-09-05 09:56:51] [INFO] 开始注销店铺 洋河
[2021-09-05 09:57:07] [INFO] 正在通过本地引擎识别
[2021-09-05 09:57:13] [INFO] 本次运行已成功注销店铺会员数量为： 186
[2021-09-05 09:57:13] [INFO] 开始注销店铺 翡马会员
[2021-09-05 09:57:28] [INFO] 正在通过本地引擎识别
[2021-09-05 09:57:31] [INFO] 验证码位置点击错误，尝试再试一次
[2021-09-05 09:57:32] [INFO] 正在通过本地引擎识别
[2021-09-05 09:57:37] [INFO] 本次运行已成功注销店铺会员数量为： 187
[2021-09-05 09:57:37] [INFO] 开始注销店铺 巴拉巴拉会员
[2021-09-05 09:57:49] [INFO] 正在通过本地引擎识别
[2021-09-05 09:57:52] [INFO] 验证码位置点击错误，尝试再试一次
[2021-09-05 09:57:53] [INFO] 正在通过本地引擎识别
[2021-09-05 09:57:58] [INFO] 本次运行已成功注销店铺会员数量为： 188
[2021-09-05 09:57:58] [INFO] 开始注销店铺 爱达宝尊享会员
[2021-09-05 09:58:13] [INFO] 正在通过本地引擎识别
[2021-09-05 09:58:19] [INFO] 本次运行已成功注销店铺会员数量为： 189
[2021-09-05 09:58:19] [INFO] 开始注销店铺 农心品牌会员
[2021-09-05 09:58:25] [INFO] 正在通过本地引擎识别
[2021-09-05 09:58:31] [INFO] 本次运行已成功注销店铺会员数量为： 190
[2021-09-05 09:58:32] [INFO] 开始注销店铺 安速白元
[2021-09-05 09:58:46] [INFO] 正在通过本地引擎识别
[2021-09-05 09:58:49] [INFO] 验证码位置点击错误，尝试再试一次
[2021-09-05 09:58:50] [INFO] 正在通过本地引擎识别
[2021-09-05 09:58:55] [INFO] 本次运行已成功注销店铺会员数量为： 191
[2021-09-05 09:58:56] [INFO] 开始注销店铺 CM会员卡
[2021-09-05 09:59:01] [INFO] 正在通过本地引擎识别
[2021-09-05 09:59:08] [INFO] 本次运行已成功注销店铺会员数量为： 192
[2021-09-05 09:59:08] [INFO] 开始注销店铺 西贝莜面村
[2021-09-05 09:59:16] [INFO] 正在通过本地引擎识别
[2021-09-05 09:59:23] [INFO] 本次运行已成功注销店铺会员数量为： 193
[2021-09-05 09:59:23] [INFO] 开始注销店铺 娇韵诗宠粉社
[2021-09-05 09:59:31] [INFO] 正在通过本地引擎识别
[2021-09-05 09:59:38] [INFO] 本次运行已成功注销店铺会员数量为： 194
[2021-09-05 09:59:38] [INFO] 开始注销店铺 海氏海诺旗舰店
[2021-09-05 09:59:52] [INFO] 正在通过本地引擎识别
[2021-09-05 09:59:59] [INFO] 本次运行已成功注销店铺会员数量为： 195
[2021-09-05 09:59:59] [INFO] 开始注销店铺 瞳学
[2021-09-05 10:00:07] [INFO] 正在通过本地引擎识别
[2021-09-05 10:00:10] [INFO] 验证码位置点击错误，尝试再试一次
[2021-09-05 10:00:11] [INFO] 正在通过本地引擎识别
[2021-09-05 10:00:44] [ERROR] 发生了一点小问题： ('图形验证码识别超时 瞳学', None, None)
[2021-09-05 10:00:44] [INFO] 开始注销店铺 轩尼诗
[2021-09-05 10:00:59] [INFO] 正在通过本地引擎识别
[2021-09-05 10:01:05] [INFO] 本次运行已成功注销店铺会员数量为： 196
[2021-09-05 10:01:05] [INFO] 开始注销店铺 红狗VIP
[2021-09-05 10:01:11] [INFO] 正在通过本地引擎识别
[2021-09-05 10:01:17] [INFO] 本次运行已成功注销店铺会员数量为： 197
[2021-09-05 10:01:17] [INFO] 开始注销店铺 洁云VIP
[2021-09-05 10:01:35] [INFO] 正在通过本地引擎识别
[2021-09-05 10:01:41] [INFO] 本次运行已成功注销店铺会员数量为： 198
[2021-09-05 10:01:41] [INFO] 开始注销店铺 方家铺子
[2021-09-05 10:02:02] [INFO] 正在通过本地引擎识别
[2021-09-05 10:02:04] [INFO] 验证码位置点击错误，尝试再试一次
[2021-09-05 10:02:05] [INFO] 正在通过本地引擎识别
[2021-09-05 10:02:11] [INFO] 本次运行已成功注销店铺会员数量为： 199
[2021-09-05 10:02:11] [INFO] 开始注销店铺 古井贡酒
[2021-09-05 10:02:20] [INFO] 正在通过本地引擎识别
[2021-09-05 10:02:26] [INFO] 本次运行已成功注销店铺会员数量为： 200
[2021-09-05 10:02:26] [INFO] 开始注销店铺 鸭鸭女装官方店
[2021-09-05 10:02:35] [INFO] 正在通过本地引擎识别
[2021-09-05 10:02:37] [INFO] 验证码位置点击错误，尝试再试一次
[2021-09-05 10:02:38] [INFO] 正在通过本地引擎识别
[2021-09-05 10:03:09] [INFO] 本次运行已成功注销店铺会员数量为： 201
[2021-09-05 10:03:10] [INFO] 开始注销店铺 施丹兰
[2021-09-05 10:03:29] [INFO] 正在通过本地引擎识别
[2021-09-05 10:03:35] [INFO] 本次运行已成功注销店铺会员数量为： 202
[2021-09-05 10:03:35] [INFO] 开始注销店铺 三胖蛋
[2021-09-05 10:03:50] [INFO] 正在通过本地引擎识别
[2021-09-05 10:03:56] [INFO] 本次运行已成功注销店铺会员数量为： 203
[2021-09-05 10:03:56] [INFO] 开始注销店铺 VIP
[2021-09-05 10:04:11] [INFO] 正在通过本地引擎识别
[2021-09-05 10:04:17] [INFO] 本次运行已成功注销店铺会员数量为： 204
[2021-09-05 10:04:17] [INFO] 开始注销店铺 圣芝会员
[2021-09-05 10:04:26] [INFO] 正在通过本地引擎识别
[2021-09-05 10:04:32] [INFO] 本次运行已成功注销店铺会员数量为： 205
[2021-09-05 10:04:32] [INFO] 开始注销店铺 李宁品牌VIP
[2021-09-05 10:05:34] [INFO] 等待websocket推送短信验证码超时，即将跳过 李宁品牌VIP
[2021-09-05 10:05:34] [INFO] 开始注销店铺 佳沛
[2021-09-05 10:05:50] [INFO] 正在通过本地引擎识别
[2021-09-05 10:05:57] [INFO] 本次运行已成功注销店铺会员数量为： 206
[2021-09-05 10:05:57] [INFO] 开始注销店铺 京东大药房
[2021-09-05 10:06:05] [INFO] 正在通过本地引擎识别
[2021-09-05 10:06:12] [INFO] 本次运行已成功注销店铺会员数量为： 207
[2021-09-05 10:06:12] [INFO] 开始注销店铺 梅林会员
[2021-09-05 10:06:29] [INFO] 正在通过本地引擎识别
[2021-09-05 10:06:36] [INFO] 本次运行已成功注销店铺会员数量为： 208
[2021-09-05 10:06:36] [INFO] 开始注销店铺 会员专区
[2021-09-05 10:06:53] [INFO] 正在通过本地引擎识别
[2021-09-05 10:06:56] [INFO] 验证码位置点击错误，尝试再试一次
[2021-09-05 10:06:57] [INFO] 正在通过本地引擎识别
[2021-09-05 10:07:02] [INFO] 本次运行已成功注销店铺会员数量为： 209
[2021-09-05 10:07:03] [INFO] 开始注销店铺 谷雨自营旗舰店
[2021-09-05 10:07:18] [INFO] 正在通过本地引擎识别
[2021-09-05 10:07:24] [INFO] 本次运行已成功注销店铺会员数量为： 210
[2021-09-05 10:07:24] [INFO] 开始注销店铺 百事可乐
[2021-09-05 10:07:33] [INFO] 正在通过本地引擎识别
[2021-09-05 10:07:39] [INFO] 本次运行已成功注销店铺会员数量为： 211
[2021-09-05 10:07:39] [INFO] 开始注销店铺 前列康品牌会员
[2021-09-05 10:07:54] [INFO] 正在通过本地引擎识别
[2021-09-05 10:08:00] [INFO] 本次运行已成功注销店铺会员数量为： 212
[2021-09-05 10:08:00] [INFO] 开始注销店铺 鲁南舒尔佳
[2021-09-05 10:08:15] [INFO] 正在通过本地引擎识别
[2021-09-05 10:08:21] [INFO] 本次运行已成功注销店铺会员数量为： 213
[2021-09-05 10:08:21] [INFO] 开始注销店铺 加护灵品牌会员
[2021-09-05 10:08:27] [INFO] 正在通过本地引擎识别
[2021-09-05 10:08:33] [INFO] 本次运行已成功注销店铺会员数量为： 214
[2021-09-05 10:08:33] [INFO] 开始注销店铺 苏菲
[2021-09-05 10:08:39] [INFO] 正在通过本地引擎识别
[2021-09-05 10:08:45] [INFO] 本次运行已成功注销店铺会员数量为： 215
[2021-09-05 10:08:45] [INFO] 开始注销店铺 爱尔康自营
[2021-09-05 10:08:51] [INFO] 正在通过本地引擎识别
[2021-09-05 10:08:57] [INFO] 本次运行已成功注销店铺会员数量为： 216
[2021-09-05 10:08:57] [INFO] 开始注销店铺 达霏欣会员卡
[2021-09-05 10:09:06] [INFO] 正在通过本地引擎识别
[2021-09-05 10:09:12] [INFO] 本次运行已成功注销店铺会员数量为： 217
[2021-09-05 10:09:13] [INFO] 开始注销店铺 唯他可可
[2021-09-05 10:09:21] [INFO] 正在通过本地引擎识别
[2021-09-05 10:09:27] [INFO] 本次运行已成功注销店铺会员数量为： 218
[2021-09-05 10:09:28] [INFO] 开始注销店铺 颜域会员卡
[2021-09-05 10:09:42] [INFO] 正在通过本地引擎识别
[2021-09-05 10:09:45] [INFO] 验证码位置点击错误，尝试再试一次
[2021-09-05 10:09:46] [INFO] 正在通过本地引擎识别
[2021-09-05 10:09:51] [INFO] 本次运行已成功注销店铺会员数量为： 219
[2021-09-05 10:09:51] [INFO] 开始注销店铺 万魔1MORE
[2021-09-05 10:10:06] [INFO] 正在通过本地引擎识别
[2021-09-05 10:10:13] [INFO] 本次运行已成功注销店铺会员数量为： 220
[2021-09-05 10:10:13] [INFO] 开始注销店铺 高姿自营会员卡
[2021-09-05 10:10:18] [INFO] 正在通过本地引擎识别
[2021-09-05 10:10:21] [INFO] 验证码位置点击错误，尝试再试一次
[2021-09-05 10:10:22] [INFO] 正在通过本地引擎识别
[2021-09-05 10:10:55] [ERROR] 发生了一点小问题： ('图形验证码识别超时 高姿自营会员卡', None, None)
[2021-09-05 10:10:55] [INFO] 开始注销店铺 欧柏兰奴会员
[2021-09-05 10:11:12] [INFO] 正在通过本地引擎识别
[2021-09-05 10:11:19] [INFO] 本次运行已成功注销店铺会员数量为： 221
[2021-09-05 10:11:19] [INFO] 开始注销店铺 大悦
[2021-09-05 10:11:34] [INFO] 正在通过本地引擎识别
[2021-09-05 10:11:40] [INFO] 本次运行已成功注销店铺会员数量为： 222
[2021-09-05 10:11:40] [INFO] 开始注销店铺 皇家飞利浦会员
[2021-09-05 10:11:55] [INFO] 正在通过本地引擎识别
[2021-09-05 10:12:02] [INFO] 本次运行已成功注销店铺会员数量为： 223
[2021-09-05 10:12:02] [INFO] 开始注销店铺 Q星人部落
[2021-09-05 10:12:16] [INFO] 正在通过本地引擎识别
[2021-09-05 10:12:22] [INFO] 本次运行已成功注销店铺会员数量为： 224
[2021-09-05 10:12:22] [INFO] 开始注销店铺 厨邦
[2021-09-05 10:12:31] [INFO] 正在通过本地引擎识别
[2021-09-05 10:12:33] [INFO] 验证码位置点击错误，尝试再试一次
[2021-09-05 10:12:35] [INFO] 正在通过本地引擎识别
[2021-09-05 10:12:40] [INFO] 本次运行已成功注销店铺会员数量为： 225
[2021-09-05 10:12:40] [INFO] 开始注销店铺 北海牧场
[2021-09-05 14:49:10] [INFO] 本轮运行获取到 19 家店铺会员信息
[2021-09-05 14:49:11] [INFO] 开始注销店铺 心相印会员
[2021-09-05 14:49:23] [INFO] 正在通过本地引擎识别
[2021-09-05 14:49:29] [INFO] 本次运行已成功注销店铺会员数量为： 1
[2021-09-05 14:49:29] [INFO] 开始注销店铺 星巴克家享
[2021-09-05 14:49:40] [INFO] 正在通过本地引擎识别
[2021-09-05 14:49:47] [INFO] 本次运行已成功注销店铺会员数量为： 2
[2021-09-05 14:49:47] [INFO] 开始注销店铺 八马茶业
[2021-09-05 14:49:55] [INFO] 正在通过本地引擎识别
[2021-09-05 14:49:58] [INFO] 验证码位置点击错误，尝试再试一次
[2021-09-05 14:49:59] [INFO] 正在通过本地引擎识别
[2021-09-05 14:50:06] [INFO] 本次运行已成功注销店铺会员数量为： 3
[2021-09-05 14:50:07] [INFO] 开始注销店铺 玉泽品牌会员卡
[2021-09-05 14:50:16] [INFO] 正在通过本地引擎识别
[2021-09-05 14:50:23] [INFO] 本次运行已成功注销店铺会员数量为： 4
[2021-09-05 14:50:23] [INFO] 开始注销店铺 瞳学
[2021-09-05 14:50:35] [INFO] 正在通过本地引擎识别
[2021-09-05 14:50:38] [INFO] 验证码位置点击错误，尝试再试一次
[2021-09-05 14:50:39] [INFO] 正在通过本地引擎识别
[2021-09-05 14:50:44] [INFO] 本次运行已成功注销店铺会员数量为： 5
[2021-09-05 14:50:44] [INFO] 开始注销店铺 高姿自营会员卡
[2021-09-05 14:50:53] [INFO] 正在通过本地引擎识别
[2021-09-05 14:50:59] [INFO] 本次运行已成功注销店铺会员数量为： 6
[2021-09-05 14:50:59] [INFO] 开始注销店铺 李宁品牌VIP
[2021-09-05 14:52:00] [INFO] 等待websocket推送短信验证码超时，即将跳过 李宁品牌VIP
[2021-09-05 14:52:01] [INFO] 开始注销店铺 波司登品牌会员
[2021-09-05 14:52:08] [INFO] 正在通过本地引擎识别
[2021-09-05 14:52:14] [INFO] 本次运行已成功注销店铺会员数量为： 7
[2021-09-05 14:52:14] [INFO] 开始注销店铺 格兰父子会员卡
[2021-09-05 14:52:29] [INFO] 正在通过本地引擎识别
[2021-09-05 14:52:35] [INFO] 本次运行已成功注销店铺会员数量为： 8
[2021-09-05 14:52:35] [INFO] 开始注销店铺 禾泱泱品牌会员
[2021-09-05 14:52:41] [INFO] 正在通过本地引擎识别
[2021-09-05 14:52:47] [INFO] 本次运行已成功注销店铺会员数量为： 9
[2021-09-05 14:52:47] [INFO] 开始注销店铺 美德乐
[2021-09-05 14:52:53] [INFO] 正在通过本地引擎识别
[2021-09-05 14:52:59] [INFO] 本次运行已成功注销店铺会员数量为： 10
[2021-09-05 14:53:00] [INFO] 开始注销店铺 小糊涂仙京东
[2021-09-05 14:53:08] [INFO] 正在通过本地引擎识别
[2021-09-05 14:53:14] [INFO] 本次运行已成功注销店铺会员数量为： 11
[2021-09-05 14:53:14] [INFO] 开始注销店铺 骁龙会员
[2021-09-05 14:53:26] [INFO] 正在通过本地引擎识别
[2021-09-05 14:53:32] [INFO] 本次运行已成功注销店铺会员数量为： 12
[2021-09-05 14:53:33] [INFO] 开始注销店铺 贵州醇
[2021-09-05 14:53:41] [INFO] 正在通过本地引擎识别
[2021-09-05 14:53:44] [INFO] 验证码位置点击错误，尝试再试一次
[2021-09-05 14:53:45] [INFO] 正在通过本地引擎识别
[2021-09-05 14:53:50] [INFO] 本次运行已成功注销店铺会员数量为： 13
[2021-09-05 14:53:50] [INFO] 开始注销店铺 梅见品鉴官
[2021-09-05 14:54:02] [INFO] 正在通过本地引擎识别
[2021-09-05 14:54:09] [INFO] 本次运行已成功注销店铺会员数量为： 14
[2021-09-05 14:54:09] [INFO] 开始注销店铺 斯旺森
[2021-09-05 14:54:20] [INFO] 正在通过本地引擎识别
[2021-09-05 14:54:27] [INFO] 本次运行已成功注销店铺会员数量为： 15
[2021-09-05 14:54:27] [INFO] 开始注销店铺 艾恩摩尔
[2021-09-05 14:54:32] [INFO] 正在通过本地引擎识别
[2021-09-05 14:54:39] [INFO] 本次运行已成功注销店铺会员数量为： 16
[2021-09-05 14:54:39] [INFO] 开始注销店铺 欣和品牌会员
[2021-09-05 14:54:47] [INFO] 正在通过本地引擎识别
[2021-09-05 14:54:54] [INFO] 本次运行已成功注销店铺会员数量为： 17
[2021-09-05 14:54:54] [INFO] 开始注销店铺 星星卡
[2021-09-05 14:55:02] [INFO] 正在通过本地引擎识别
[2021-09-05 14:55:09] [INFO] 本次运行已成功注销店铺会员数量为： 18
[2021-09-05 14:55:09] [INFO] 本轮店铺已执行完，即将开始获取下一轮店铺
[2021-09-05 14:55:09] [INFO] 本轮运行获取到 1 家店铺会员信息
[2021-09-05 14:55:09] [INFO] 开始注销店铺 李宁品牌VIP
[2021-09-05 14:56:10] [INFO] 等待websocket推送短信验证码超时，即将跳过 李宁品牌VIP
[2021-09-05 14:56:10] [INFO] 本轮店铺已执行完，即将开始获取下一轮店铺
[2021-09-05 14:56:10] [INFO] 当前接口获取到的店铺列表和上一轮一致，认为接口缓存还未刷新，即将尝试刷新缓存
[2021-09-05 14:56:11] [INFO] 理论上缓存已经刷新成功，如页面未成功自动刷新请及时反馈
[2021-09-05 14:57:55] [INFO] 本轮运行获取到 1 家店铺会员信息
[2021-09-05 14:57:56] [INFO] 开始注销店铺 李宁品牌VIP
[2021-09-05 15:01:00] [WARNING] config.yaml中的cookie值有误，请确保pt_key和pt_pin都存在，如都存在请检查cookie是否失效
[2021-09-05 15:02:09] [WARNING] config.yaml中的cookie值有误，请确保pt_key和pt_pin都存在，如都存在请检查cookie是否失效
[2021-09-05 15:04:24] [INFO] 本轮运行获取到 50 家店铺会员信息
[2021-09-05 15:04:24] [INFO] 开始注销店铺 欧舒丹丹粉
[2021-09-05 15:05:26] [INFO] 等待websocket推送短信验证码超时，即将跳过 欧舒丹丹粉
[2021-09-05 15:05:26] [INFO] 开始注销店铺 徐福记
[2021-09-05 15:05:31] [INFO] 正在通过本地引擎识别
[2021-09-05 15:05:38] [INFO] 本次运行已成功注销店铺会员数量为： 1
[2021-09-05 15:05:38] [INFO] 开始注销店铺 霸王洗发水
[2021-09-05 15:05:44] [INFO] 正在通过本地引擎识别
[2021-09-05 15:05:50] [INFO] 本次运行已成功注销店铺会员数量为： 2
[2021-09-05 15:05:50] [INFO] 开始注销店铺 杰士邦
[2021-09-05 15:05:59] [INFO] 正在通过本地引擎识别
[2021-09-05 15:06:05] [INFO] 本次运行已成功注销店铺会员数量为： 3
[2021-09-05 15:06:05] [INFO] 开始注销店铺 A21
[2021-09-05 15:06:14] [INFO] 正在通过本地引擎识别
[2021-09-05 15:06:20] [INFO] 本次运行已成功注销店铺会员数量为： 4
[2021-09-05 15:06:20] [INFO] 开始注销店铺 包大人会员卡
[2021-09-05 15:06:26] [INFO] 正在通过本地引擎识别
[2021-09-05 15:06:28] [INFO] 验证码位置点击错误，尝试再试一次
[2021-09-05 15:06:29] [INFO] 正在通过本地引擎识别
[2021-09-05 15:06:35] [INFO] 本次运行已成功注销店铺会员数量为： 5
[2021-09-05 15:06:35] [INFO] 开始注销店铺 联想品牌会员
[2021-09-05 15:06:44] [INFO] 正在通过本地引擎识别
[2021-09-05 15:06:50] [INFO] 本次运行已成功注销店铺会员数量为： 6
[2021-09-05 15:06:50] [INFO] 开始注销店铺 金沙酒类旗舰店
[2021-09-05 15:06:59] [INFO] 正在通过本地引擎识别
[2021-09-05 15:07:01] [INFO] 验证码位置点击错误，尝试再试一次
[2021-09-05 15:07:02] [INFO] 正在通过本地引擎识别
[2021-09-05 15:07:08] [INFO] 本次运行已成功注销店铺会员数量为： 7
[2021-09-05 15:07:08] [INFO] 开始注销店铺 玄谷村
[2021-09-05 15:07:17] [INFO] 正在通过本地引擎识别
[2021-09-05 15:07:23] [INFO] 本次运行已成功注销店铺会员数量为： 8
[2021-09-05 15:07:23] [INFO] 开始注销店铺 海尔
[2021-09-05 15:07:29] [INFO] 正在通过本地引擎识别
[2021-09-05 15:07:35] [INFO] 本次运行已成功注销店铺会员数量为： 9
[2021-09-05 15:07:35] [INFO] 开始注销店铺 润百颜会员卡
[2021-09-05 15:07:44] [INFO] 正在通过本地引擎识别
[2021-09-05 15:07:47] [INFO] 验证码位置点击错误，尝试再试一次
[2021-09-05 15:07:48] [INFO] 正在通过本地引擎识别
[2021-09-05 15:07:53] [INFO] 本次运行已成功注销店铺会员数量为： 10
[2021-09-05 15:07:53] [INFO] 开始注销店铺 家庭清洁师
[2021-09-05 15:08:02] [INFO] 正在通过本地引擎识别
[2021-09-05 15:08:05] [INFO] 验证码位置点击错误，尝试再试一次
[2021-09-05 15:08:06] [INFO] 正在通过本地引擎识别
[2021-09-05 15:08:11] [INFO] 本次运行已成功注销店铺会员数量为： 11
[2021-09-05 15:08:11] [INFO] 开始注销店铺 娇韵诗宠粉社
[2021-09-05 15:08:20] [INFO] 正在通过本地引擎识别
[2021-09-05 15:08:23] [INFO] 验证码位置点击错误，尝试再试一次
[2021-09-05 15:08:24] [INFO] 正在通过本地引擎识别
[2021-09-05 15:08:42] [INFO] 本次运行已成功注销店铺会员数量为： 12
[2021-09-05 15:08:42] [INFO] 开始注销店铺 伊利金领冠
[2021-09-05 15:08:50] [INFO] 正在通过本地引擎识别
[2021-09-05 15:08:57] [INFO] 本次运行已成功注销店铺会员数量为： 13
[2021-09-05 15:08:57] [INFO] 开始注销店铺 孩之宝
[2021-09-05 15:09:05] [INFO] 正在通过本地引擎识别
[2021-09-05 15:09:12] [INFO] 本次运行已成功注销店铺会员数量为： 14
[2021-09-05 15:09:12] [INFO] 开始注销店铺 洁客会员卡
[2021-09-05 15:09:20] [INFO] 正在通过本地引擎识别
[2021-09-05 15:09:27] [INFO] 本次运行已成功注销店铺会员数量为： 15
[2021-09-05 15:09:27] [INFO] 开始注销店铺 添宁会员俱乐部
[2021-09-05 15:09:35] [INFO] 正在通过本地引擎识别
[2021-09-05 15:09:42] [INFO] 本次运行已成功注销店铺会员数量为： 16
[2021-09-05 15:09:42] [INFO] 开始注销店铺 思念食品
[2021-09-05 15:09:47] [INFO] 正在通过本地引擎识别
[2021-09-05 15:09:54] [INFO] 本次运行已成功注销店铺会员数量为： 17
[2021-09-05 15:09:54] [INFO] 开始注销店铺 绿色溪谷会员
[2021-09-05 15:10:02] [INFO] 正在通过本地引擎识别
[2021-09-05 15:10:09] [INFO] 本次运行已成功注销店铺会员数量为： 18
[2021-09-05 15:10:09] [INFO] 开始注销店铺 相宜本草
[2021-09-05 15:10:17] [INFO] 正在通过本地引擎识别
[2021-09-05 15:10:24] [INFO] 本次运行已成功注销店铺会员数量为： 19
[2021-09-05 15:10:24] [INFO] 开始注销店铺 梅林
[2021-09-05 15:10:32] [INFO] 正在通过本地引擎识别
[2021-09-05 15:10:35] [INFO] 验证码位置点击错误，尝试再试一次
[2021-09-05 15:10:36] [INFO] 正在通过本地引擎识别
[2021-09-05 15:10:42] [INFO] 本次运行已成功注销店铺会员数量为： 20
[2021-09-05 15:10:42] [INFO] 开始注销店铺 洽洽
[2021-09-05 15:10:51] [INFO] 正在通过本地引擎识别
[2021-09-05 15:10:57] [INFO] 本次运行已成功注销店铺会员数量为： 21
[2021-09-05 15:10:57] [INFO] 开始注销店铺 黄飞红功夫家族
[2021-09-05 15:11:06] [INFO] 正在通过本地引擎识别
[2021-09-05 15:11:12] [INFO] 本次运行已成功注销店铺会员数量为： 22
[2021-09-05 15:11:12] [INFO] 开始注销店铺 加州乐事自营
[2021-09-05 15:11:21] [INFO] 正在通过本地引擎识别
[2021-09-05 15:11:27] [INFO] 本次运行已成功注销店铺会员数量为： 23
[2021-09-05 15:11:27] [INFO] 开始注销店铺 香飘飘
[2021-09-05 15:11:36] [INFO] 正在通过本地引擎识别
[2021-09-05 15:11:42] [INFO] 本次运行已成功注销店铺会员数量为： 24
[2021-09-05 15:11:42] [INFO] 开始注销店铺 桂冠美食卡
[2021-09-05 15:11:51] [INFO] 正在通过本地引擎识别
[2021-09-05 15:11:57] [INFO] 本次运行已成功注销店铺会员数量为： 25
[2021-09-05 15:11:57] [INFO] 开始注销店铺 DR
[2021-09-05 15:12:06] [INFO] 正在通过本地引擎识别
[2021-09-05 15:12:12] [INFO] 本次运行已成功注销店铺会员数量为： 26
[2021-09-05 15:12:12] [INFO] 开始注销店铺 卫龙食品
[2021-09-05 15:12:21] [INFO] 正在通过本地引擎识别
[2021-09-05 15:12:27] [INFO] 本次运行已成功注销店铺会员数量为： 27
[2021-09-05 15:12:28] [INFO] 开始注销店铺 露安适会员卡
[2021-09-05 15:12:36] [INFO] 正在通过本地引擎识别
[2021-09-05 15:12:42] [INFO] 本次运行已成功注销店铺会员数量为： 28
[2021-09-05 15:12:43] [INFO] 开始注销店铺 君乐宝奶粉
[2021-09-05 15:12:48] [INFO] 正在通过本地引擎识别
[2021-09-05 15:12:51] [INFO] 验证码位置点击错误，尝试再试一次
[2021-09-05 15:12:52] [INFO] 正在通过本地引擎识别
[2021-09-05 15:12:57] [INFO] 本次运行已成功注销店铺会员数量为： 29
[2021-09-05 15:12:57] [INFO] 开始注销店铺 一叶子
[2021-09-05 15:13:06] [INFO] 正在通过本地引擎识别
[2021-09-05 15:13:13] [INFO] 本次运行已成功注销店铺会员数量为： 30
[2021-09-05 15:13:13] [INFO] 开始注销店铺 全棉时代
[2021-09-05 15:13:21] [INFO] 正在通过本地引擎识别
[2021-09-05 15:13:28] [INFO] 本次运行已成功注销店铺会员数量为： 31
[2021-09-05 15:13:28] [INFO] 开始注销店铺 对子哈特
[2021-09-05 15:13:36] [INFO] 正在通过本地引擎识别
[2021-09-05 15:13:43] [INFO] 本次运行已成功注销店铺会员数量为： 32
[2021-09-05 15:13:43] [INFO] 开始注销店铺 蒙牛
[2021-09-05 15:13:51] [INFO] 正在通过本地引擎识别
[2021-09-05 15:13:58] [INFO] 本次运行已成功注销店铺会员数量为： 33
[2021-09-05 15:13:58] [INFO] 开始注销店铺 安而康会员之家
[2021-09-05 15:14:06] [INFO] 正在通过本地引擎识别
[2021-09-05 15:14:13] [INFO] 本次运行已成功注销店铺会员数量为： 34
[2021-09-05 15:14:13] [INFO] 开始注销店铺 郎酒旗舰店会员
[2021-09-05 15:14:21] [INFO] 正在通过本地引擎识别
[2021-09-05 15:14:28] [INFO] 本次运行已成功注销店铺会员数量为： 35
[2021-09-05 15:14:28] [INFO] 开始注销店铺 贝因美
[2021-09-05 15:14:33] [INFO] 正在通过本地引擎识别
[2021-09-05 15:14:40] [INFO] 本次运行已成功注销店铺会员数量为： 36
[2021-09-05 15:14:40] [INFO] 开始注销店铺 香丹清
[2021-09-05 15:14:48] [INFO] 正在通过本地引擎识别
[2021-09-05 15:14:51] [INFO] 验证码位置点击错误，尝试再试一次
[2021-09-05 15:14:52] [INFO] 正在通过本地引擎识别
[2021-09-05 15:15:25] [ERROR] 发生了一点小问题： ('图形验证码识别超时 香丹清', None, None)
[2021-09-05 15:15:25] [INFO] 开始注销店铺 茅台
[2021-09-05 15:15:34] [INFO] 正在通过本地引擎识别
[2021-09-05 15:15:40] [INFO] 本次运行已成功注销店铺会员数量为： 37
[2021-09-05 15:15:40] [INFO] 开始注销店铺 太太乐
[2021-09-05 15:15:49] [INFO] 正在通过本地引擎识别
[2021-09-05 15:15:55] [INFO] 本次运行已成功注销店铺会员数量为： 38
[2021-09-05 15:15:55] [INFO] 开始注销店铺 益肤品牌会员
[2021-09-05 15:16:04] [INFO] 正在通过本地引擎识别
[2021-09-05 15:16:10] [INFO] 本次运行已成功注销店铺会员数量为： 39
[2021-09-05 15:16:10] [INFO] 开始注销店铺 可口可乐
[2021-09-05 15:16:19] [INFO] 正在通过本地引擎识别
[2021-09-05 15:16:25] [INFO] 本次运行已成功注销店铺会员数量为： 40
[2021-09-05 15:16:25] [INFO] 开始注销店铺 青蛙王子储值卡
[2021-09-05 15:16:34] [INFO] 正在通过本地引擎识别
[2021-09-05 15:16:40] [INFO] 本次运行已成功注销店铺会员数量为： 41
[2021-09-05 15:16:40] [INFO] 开始注销店铺 好孩子
[2021-09-05 15:16:49] [INFO] 正在通过本地引擎识别
[2021-09-05 15:16:55] [INFO] 本次运行已成功注销店铺会员数量为： 42
[2021-09-05 15:16:55] [INFO] 开始注销店铺 星巴克即饮咖啡
[2021-09-05 15:17:04] [INFO] 正在通过本地引擎识别
[2021-09-05 15:17:10] [INFO] 本次运行已成功注销店铺会员数量为： 43
[2021-09-05 15:17:10] [INFO] 开始注销店铺 中兴会员卡
[2021-09-05 15:17:19] [INFO] 正在通过本地引擎识别
[2021-09-05 15:17:26] [INFO] 本次运行已成功注销店铺会员数量为： 44
[2021-09-05 15:17:26] [INFO] 开始注销店铺 剑南春VIP
[2021-09-05 15:17:34] [INFO] 正在通过本地引擎识别
[2021-09-05 15:17:40] [INFO] 本次运行已成功注销店铺会员数量为： 45
[2021-09-05 15:17:40] [INFO] 开始注销店铺 有品会员卡
[2021-09-05 15:18:11] [ERROR] 发生了一点小问题： ('发送短信验证码超时 有品会员卡', None, None)
[2021-09-05 15:18:12] [INFO] 开始注销店铺 官方会员卡
[2021-09-05 15:18:19] [INFO] 正在通过本地引擎识别
[2021-09-05 15:18:25] [INFO] 本次运行已成功注销店铺会员数量为： 46
[2021-09-05 15:18:26] [INFO] 开始注销店铺 5100尊享会
[2021-09-05 15:18:31] [INFO] 正在通过本地引擎识别
[2021-09-05 15:18:38] [INFO] 本次运行已成功注销店铺会员数量为： 47
[2021-09-05 15:18:38] [INFO] 本轮店铺已执行完，即将开始获取下一轮店铺
[2021-09-05 15:18:40] [INFO] 本轮运行获取到 50 家店铺会员信息
[2021-09-05 15:18:40] [INFO] 开始注销店铺 疯狂的小狗
[2021-09-05 15:18:46] [INFO] 正在通过本地引擎识别
[2021-09-05 15:18:49] [INFO] 验证码位置点击错误，尝试再试一次
[2021-09-05 15:18:50] [INFO] 正在通过本地引擎识别
[2021-09-05 15:18:55] [INFO] 本次运行已成功注销店铺会员数量为： 48
[2021-09-05 15:18:55] [INFO] 开始注销店铺 安踏VIP
[2021-09-05 15:19:01] [INFO] 正在通过本地引擎识别
[2021-09-05 15:19:08] [INFO] 本次运行已成功注销店铺会员数量为： 49
[2021-09-05 15:19:08] [INFO] 开始注销店铺 润本品牌会员
[2021-09-05 15:19:13] [INFO] 正在通过本地引擎识别
[2021-09-05 15:19:20] [INFO] 本次运行已成功注销店铺会员数量为： 50
[2021-09-05 15:19:20] [INFO] 开始注销店铺 澳谷
[2021-09-05 15:19:28] [INFO] 正在通过本地引擎识别
[2021-09-05 15:19:35] [INFO] 本次运行已成功注销店铺会员数量为： 51
[2021-09-05 15:19:35] [INFO] 开始注销店铺 贝亲会员卡
[2021-09-05 15:19:44] [INFO] 正在通过本地引擎识别
[2021-09-05 15:19:50] [INFO] 本次运行已成功注销店铺会员数量为： 52
[2021-09-05 15:19:50] [INFO] 开始注销店铺 格力电器
[2021-09-05 15:19:56] [INFO] 正在通过本地引擎识别
[2021-09-05 15:20:02] [INFO] 本次运行已成功注销店铺会员数量为： 53
[2021-09-05 15:20:02] [INFO] 开始注销店铺 亨氏
[2021-09-05 15:20:08] [INFO] 正在通过本地引擎识别
[2021-09-05 15:20:14] [INFO] 本次运行已成功注销店铺会员数量为： 54
[2021-09-05 15:20:14] [INFO] 开始注销店铺  
[2021-09-05 15:20:23] [INFO] 正在通过本地引擎识别
[2021-09-05 15:20:25] [INFO] 验证码位置点击错误，尝试再试一次
[2021-09-05 15:20:26] [INFO] 正在通过本地引擎识别
[2021-09-05 15:20:32] [INFO] 本次运行已成功注销店铺会员数量为： 55
[2021-09-05 15:20:32] [INFO] 开始注销店铺 AOC京东自营
[2021-09-05 15:20:38] [INFO] 正在通过本地引擎识别
[2021-09-05 15:20:44] [INFO] 本次运行已成功注销店铺会员数量为： 56
[2021-09-05 15:20:44] [INFO] 开始注销店铺 Beaba会员
[2021-09-05 15:20:50] [INFO] 正在通过本地引擎识别
[2021-09-05 15:20:56] [INFO] 本次运行已成功注销店铺会员数量为： 57
[2021-09-05 15:20:56] [INFO] 开始注销店铺 奥智嘉会员
[2021-09-05 15:21:02] [INFO] 正在通过本地引擎识别
[2021-09-05 15:21:08] [INFO] 本次运行已成功注销店铺会员数量为： 58
[2021-09-05 15:21:08] [INFO] 开始注销店铺 亚麻公社
[2021-09-05 15:21:14] [INFO] 正在通过本地引擎识别
[2021-09-05 15:21:20] [INFO] 本次运行已成功注销店铺会员数量为： 59
[2021-09-05 15:21:20] [INFO] 开始注销店铺 锋味旗舰店
[2021-09-05 15:21:26] [INFO] 正在通过本地引擎识别
[2021-09-05 15:21:32] [INFO] 本次运行已成功注销店铺会员数量为： 60
[2021-09-05 15:21:32] [INFO] 开始注销店铺 衣品天成会员
[2021-09-05 15:21:41] [INFO] 正在通过本地引擎识别
[2021-09-05 15:21:47] [INFO] 本次运行已成功注销店铺会员数量为： 61
[2021-09-05 15:21:47] [INFO] 开始注销店铺 帮宝适
[2021-09-05 15:21:56] [INFO] 正在通过本地引擎识别
[2021-09-05 15:21:59] [INFO] 验证码位置点击错误，尝试再试一次
[2021-09-05 15:22:00] [INFO] 正在通过本地引擎识别
[2021-09-05 15:22:06] [INFO] 本次运行已成功注销店铺会员数量为： 62
[2021-09-05 15:22:06] [INFO] 开始注销店铺 迪彩会员卡
[2021-09-05 15:22:14] [INFO] 正在通过本地引擎识别
[2021-09-05 15:22:20] [INFO] 本次运行已成功注销店铺会员数量为： 63
[2021-09-05 15:22:20] [INFO] 开始注销店铺 仙维娜会员卡
[2021-09-05 15:22:26] [INFO] 正在通过本地引擎识别
[2021-09-05 15:22:32] [INFO] 本次运行已成功注销店铺会员数量为： 64
[2021-09-05 15:22:33] [INFO] 开始注销店铺 亮荘会员卡
[2021-09-05 15:22:41] [INFO] 正在通过本地引擎识别
[2021-09-05 15:22:47] [INFO] 本次运行已成功注销店铺会员数量为： 65
[2021-09-05 15:22:48] [INFO] 开始注销店铺 屈臣氏饮料
[2021-09-05 15:22:56] [INFO] 正在通过本地引擎识别
[2021-09-05 15:23:03] [INFO] 本次运行已成功注销店铺会员数量为： 66
[2021-09-05 15:23:03] [INFO] 开始注销店铺 云南三七牙膏
[2021-09-05 15:23:08] [INFO] 正在通过本地引擎识别
[2021-09-05 15:23:15] [INFO] 本次运行已成功注销店铺会员数量为： 67
[2021-09-05 15:23:15] [INFO] 开始注销店铺 拜宠清
[2021-09-05 15:23:23] [INFO] 正在通过本地引擎识别
[2021-09-05 15:23:26] [INFO] 验证码位置点击错误，尝试再试一次
[2021-09-05 15:23:27] [INFO] 正在通过本地引擎识别
[2021-09-05 15:23:32] [INFO] 本次运行已成功注销店铺会员数量为： 68
[2021-09-05 15:23:33] [INFO] 开始注销店铺 奔图VIP
[2021-09-05 15:23:38] [INFO] 正在通过本地引擎识别
[2021-09-05 15:23:45] [INFO] 本次运行已成功注销店铺会员数量为： 69
[2021-09-05 15:23:45] [INFO] 开始注销店铺 李宁品牌VIP
[2021-09-05 15:24:46] [INFO] 等待websocket推送短信验证码超时，即将跳过 李宁品牌VIP
[2021-09-05 15:24:46] [INFO] 开始注销店铺 BMW悦享会员
[2021-09-05 15:24:54] [INFO] 正在通过本地引擎识别
[2021-09-05 15:25:00] [INFO] 本次运行已成功注销店铺会员数量为： 70
[2021-09-05 15:25:00] [INFO] 开始注销店铺 奥丁格会员
[2021-09-05 15:25:09] [INFO] 正在通过本地引擎识别
[2021-09-05 15:25:15] [INFO] 本次运行已成功注销店铺会员数量为： 71
[2021-09-05 15:25:15] [INFO] 开始注销店铺 伊利
[2021-09-05 15:25:21] [INFO] 正在通过本地引擎识别
[2021-09-05 15:25:27] [INFO] 本次运行已成功注销店铺会员数量为： 72
[2021-09-05 15:25:27] [INFO] 开始注销店铺 realme
[2021-09-05 15:25:33] [INFO] 正在通过本地引擎识别
[2021-09-05 15:25:39] [INFO] 本次运行已成功注销店铺会员数量为： 73
[2021-09-05 15:25:39] [INFO] 开始注销店铺 五粮液专卖店
[2021-09-05 15:25:45] [INFO] 正在通过本地引擎识别
[2021-09-05 15:25:51] [INFO] 本次运行已成功注销店铺会员数量为： 74
[2021-09-05 15:25:51] [INFO] 开始注销店铺 香丹清
[2021-09-05 15:26:00] [INFO] 正在通过本地引擎识别
[2021-09-05 15:26:02] [INFO] 验证码位置点击错误，尝试再试一次
[2021-09-05 15:26:04] [INFO] 正在通过本地引擎识别
[2021-09-05 15:26:09] [INFO] 本次运行已成功注销店铺会员数量为： 75
[2021-09-05 15:26:09] [INFO] 开始注销店铺 兰蔻
[2021-09-05 15:26:18] [INFO] 正在通过本地引擎识别
[2021-09-05 15:26:24] [INFO] 本次运行已成功注销店铺会员数量为： 76
[2021-09-05 15:26:24] [INFO] 开始注销店铺 希杰食品
[2021-09-05 15:26:33] [INFO] 正在通过本地引擎识别
[2021-09-05 15:26:39] [INFO] 本次运行已成功注销店铺会员数量为： 77
[2021-09-05 15:26:39] [INFO] 开始注销店铺 雅培血糖仪
[2021-09-05 15:26:48] [INFO] 正在通过本地引擎识别
[2021-09-05 15:26:51] [INFO] 验证码位置点击错误，尝试再试一次
[2021-09-05 15:26:52] [INFO] 正在通过本地引擎识别
[2021-09-05 15:26:57] [INFO] 本次运行已成功注销店铺会员数量为： 78
[2021-09-05 15:26:57] [INFO] 开始注销店铺 飞利浦净水
[2021-09-05 15:27:03] [INFO] 正在通过本地引擎识别
[2021-09-05 15:27:09] [INFO] 本次运行已成功注销店铺会员数量为： 79
[2021-09-05 15:27:09] [INFO] 开始注销店铺 大力智能
[2021-09-05 15:27:15] [INFO] 正在通过本地引擎识别
[2021-09-05 15:27:21] [INFO] 本次运行已成功注销店铺会员数量为： 80
[2021-09-05 15:27:21] [INFO] 开始注销店铺 荣耀会员
[2021-09-05 15:27:27] [INFO] 正在通过本地引擎识别
[2021-09-05 15:27:33] [INFO] 本次运行已成功注销店铺会员数量为： 81
[2021-09-05 15:27:34] [INFO] 开始注销店铺 粮全其美会员
[2021-09-05 15:27:39] [INFO] 正在通过本地引擎识别
[2021-09-05 15:27:45] [INFO] 本次运行已成功注销店铺会员数量为： 82
[2021-09-05 15:27:46] [INFO] 开始注销店铺 拜耳医药会员卡
[2021-09-05 15:27:51] [INFO] 正在通过本地引擎识别
[2021-09-05 15:27:57] [INFO] 本次运行已成功注销店铺会员数量为： 83
[2021-09-05 15:27:58] [INFO] 开始注销店铺 有品会员卡
[2021-09-05 15:28:03] [INFO] 正在通过本地引擎识别
[2021-09-05 15:28:10] [INFO] 本次运行已成功注销店铺会员数量为： 84
[2021-09-05 15:28:10] [INFO] 开始注销店铺 欧乐B
[2021-09-05 15:28:15] [INFO] 正在通过本地引擎识别
[2021-09-05 15:28:22] [INFO] 本次运行已成功注销店铺会员数量为： 85
[2021-09-05 15:28:22] [INFO] 开始注销店铺 雀巢优活
[2021-09-05 15:28:30] [INFO] 正在通过本地引擎识别
[2021-09-05 15:28:37] [INFO] 本次运行已成功注销店铺会员数量为： 86
[2021-09-05 15:28:37] [INFO] 开始注销店铺 丹泉品牌会员
[2021-09-05 15:28:42] [INFO] 正在通过本地引擎识别
[2021-09-05 15:28:49] [INFO] 本次运行已成功注销店铺会员数量为： 87
[2021-09-05 15:28:49] [INFO] 开始注销店铺 枝户折野
[2021-09-05 15:28:57] [INFO] 正在通过本地引擎识别
[2021-09-05 15:29:04] [INFO] 本次运行已成功注销店铺会员数量为： 88
[2021-09-05 15:29:04] [INFO] 开始注销店铺 潮宏基会员
[2021-09-05 15:29:12] [INFO] 正在通过本地引擎识别
[2021-09-05 15:29:19] [INFO] 本次运行已成功注销店铺会员数量为： 89
[2021-09-05 15:29:19] [INFO] 开始注销店铺 长虹会员
[2021-09-05 15:29:28] [INFO] 正在通过本地引擎识别
[2021-09-05 15:29:34] [INFO] 本次运行已成功注销店铺会员数量为： 90
[2021-09-05 15:29:34] [INFO] 开始注销店铺 十月稻田
[2021-09-05 15:29:43] [INFO] 正在通过本地引擎识别
[2021-09-05 15:29:49] [INFO] 本次运行已成功注销店铺会员数量为： 91
[2021-09-05 15:29:49] [INFO] 开始注销店铺 乐扣乐扣
[2021-09-05 15:29:55] [INFO] 正在通过本地引擎识别
[2021-09-05 15:30:01] [INFO] 本次运行已成功注销店铺会员数量为： 92
[2021-09-05 15:30:01] [INFO] 开始注销店铺 卡乐比
[2021-09-05 15:30:10] [INFO] 正在通过本地引擎识别
[2021-09-05 15:30:16] [INFO] 本次运行已成功注销店铺会员数量为： 93
[2021-09-05 15:30:16] [INFO] 开始注销店铺 格力高
[2021-09-05 15:30:25] [INFO] 正在通过本地引擎识别
[2021-09-05 15:30:27] [INFO] 验证码位置点击错误，尝试再试一次
[2021-09-05 15:30:28] [INFO] 正在通过本地引擎识别
[2021-09-05 15:30:34] [INFO] 本次运行已成功注销店铺会员数量为： 94
[2021-09-05 15:30:34] [INFO] 开始注销店铺 晖致
[2021-09-05 15:30:43] [INFO] 正在通过本地引擎识别
[2021-09-05 15:30:49] [INFO] 本次运行已成功注销店铺会员数量为： 95
[2021-09-05 15:30:49] [INFO] 开始注销店铺 德龙
[2021-09-05 15:30:58] [INFO] 正在通过本地引擎识别
[2021-09-05 15:31:04] [INFO] 本次运行已成功注销店铺会员数量为： 96
[2021-09-05 15:31:04] [INFO] 本轮店铺已执行完，即将开始获取下一轮店铺
[2021-09-05 15:31:06] [INFO] 本轮运行获取到 50 家店铺会员信息
[2021-09-05 15:31:06] [INFO] 开始注销店铺 蓝月亮
[2021-09-05 15:31:13] [INFO] 正在通过本地引擎识别
[2021-09-05 15:31:19] [INFO] 本次运行已成功注销店铺会员数量为： 97
[2021-09-05 15:31:20] [INFO] 开始注销店铺 域发
[2021-09-05 15:31:25] [INFO] 正在通过本地引擎识别
[2021-09-05 15:31:31] [INFO] 本次运行已成功注销店铺会员数量为： 98
[2021-09-05 15:31:32] [INFO] 开始注销店铺 五羊会员卡
[2021-09-05 15:31:40] [INFO] 正在通过本地引擎识别
[2021-09-05 15:31:47] [INFO] 本次运行已成功注销店铺会员数量为： 99
[2021-09-05 15:31:47] [INFO] 开始注销店铺 HFP
[2021-09-05 15:31:55] [INFO] 正在通过本地引擎识别
[2021-09-05 15:32:02] [INFO] 本次运行已成功注销店铺会员数量为： 100
[2021-09-05 15:32:02] [INFO] 开始注销店铺 维达
[2021-09-05 15:32:07] [INFO] 正在通过本地引擎识别
[2021-09-05 15:32:14] [INFO] 本次运行已成功注销店铺会员数量为： 101
[2021-09-05 15:32:14] [INFO] 开始注销店铺 莎辛那会员
[2021-09-05 15:32:25] [INFO] 正在通过本地引擎识别
[2021-09-05 15:32:32] [INFO] 本次运行已成功注销店铺会员数量为： 102
[2021-09-05 15:32:32] [INFO] 开始注销店铺 自然堂
[2021-09-05 15:32:43] [INFO] 正在通过本地引擎识别
[2021-09-05 15:32:50] [INFO] 本次运行已成功注销店铺会员数量为： 103
[2021-09-05 15:32:50] [INFO] 开始注销店铺 泸州老窖
[2021-09-05 15:32:59] [INFO] 正在通过本地引擎识别
[2021-09-05 15:33:05] [INFO] 本次运行已成功注销店铺会员数量为： 104
[2021-09-05 15:33:05] [INFO] 开始注销店铺 青花郎
[2021-09-05 15:33:11] [INFO] 正在通过本地引擎识别
[2021-09-05 15:33:17] [INFO] 本次运行已成功注销店铺会员数量为： 105
[2021-09-05 15:33:17] [INFO] 开始注销店铺 康师傅方便面
[2021-09-05 15:33:26] [INFO] 正在通过本地引擎识别
[2021-09-05 15:33:32] [INFO] 本次运行已成功注销店铺会员数量为： 106
[2021-09-05 15:33:32] [INFO] 开始注销店铺 贝恩施会员
[2021-09-05 15:33:41] [INFO] 正在通过本地引擎识别
[2021-09-05 15:33:47] [INFO] 本次运行已成功注销店铺会员数量为： 107
[2021-09-05 15:33:47] [INFO] 开始注销店铺 珀芙研会员
[2021-09-05 15:33:56] [INFO] 正在通过本地引擎识别
[2021-09-05 15:34:02] [INFO] 本次运行已成功注销店铺会员数量为： 108
[2021-09-05 15:34:02] [INFO] 开始注销店铺 百草味
[2021-09-05 15:34:11] [INFO] 正在通过本地引擎识别
[2021-09-05 15:34:14] [INFO] 验证码位置点击错误，尝试再试一次
[2021-09-05 15:34:15] [INFO] 正在通过本地引擎识别
[2021-09-05 15:34:20] [INFO] 本次运行已成功注销店铺会员数量为： 109
[2021-09-05 15:34:20] [INFO] 开始注销店铺 兰思诺
[2021-09-05 15:34:29] [INFO] 正在通过本地引擎识别
[2021-09-05 15:34:32] [INFO] 验证码位置点击错误，尝试再试一次
[2021-09-05 15:34:33] [INFO] 正在通过本地引擎识别
[2021-09-05 15:34:38] [INFO] 本次运行已成功注销店铺会员数量为： 110
[2021-09-05 15:34:38] [INFO] 开始注销店铺 吉得利知食青年
[2021-09-05 15:34:44] [INFO] 正在通过本地引擎识别
[2021-09-05 15:34:50] [INFO] 本次运行已成功注销店铺会员数量为： 111
[2021-09-05 15:34:50] [INFO] 开始注销店铺 美孚
[2021-09-05 15:35:02] [INFO] 正在通过本地引擎识别
[2021-09-05 15:35:05] [INFO] 验证码位置点击错误，尝试再试一次
[2021-09-05 15:35:06] [INFO] 正在通过本地引擎识别
[2021-09-05 15:35:11] [INFO] 本次运行已成功注销店铺会员数量为： 112
[2021-09-05 15:35:11] [INFO] 开始注销店铺 妈咪爱会员
[2021-09-05 15:35:23] [INFO] 正在通过本地引擎识别
[2021-09-05 15:35:29] [INFO] 本次运行已成功注销店铺会员数量为： 113
[2021-09-05 15:35:30] [INFO] 开始注销店铺 谭八爷
[2021-09-05 15:35:38] [INFO] 正在通过本地引擎识别
[2021-09-05 15:35:44] [INFO] 本次运行已成功注销店铺会员数量为： 114
[2021-09-05 15:35:45] [INFO] 开始注销店铺 宝乐星会员
[2021-09-05 15:35:56] [INFO] 正在通过本地引擎识别
[2021-09-05 15:35:59] [INFO] 验证码位置点击错误，尝试再试一次
[2021-09-05 15:36:00] [INFO] 正在通过本地引擎识别
[2021-09-05 15:36:05] [INFO] 本次运行已成功注销店铺会员数量为： 115
[2021-09-05 15:36:05] [INFO] 开始注销店铺 伯纳天纯
[2021-09-05 15:36:11] [INFO] 正在通过本地引擎识别
[2021-09-05 15:36:18] [INFO] 本次运行已成功注销店铺会员数量为： 116
[2021-09-05 15:36:18] [INFO] 开始注销店铺 好想你
[2021-09-05 15:36:23] [INFO] 正在通过本地引擎识别
[2021-09-05 15:36:30] [INFO] 本次运行已成功注销店铺会员数量为： 117
[2021-09-05 15:36:30] [INFO] 开始注销店铺 海信会员
[2021-09-05 15:36:35] [INFO] 正在通过本地引擎识别
[2021-09-05 15:36:42] [INFO] 本次运行已成功注销店铺会员数量为： 118
[2021-09-05 15:36:42] [INFO] 开始注销店铺 纽仕兰
[2021-09-05 15:36:47] [INFO] 正在通过本地引擎识别
[2021-09-05 15:36:54] [INFO] 本次运行已成功注销店铺会员数量为： 119
[2021-09-05 15:36:54] [INFO] 开始注销店铺 星选玩家
[2021-09-05 15:37:05] [INFO] 正在通过本地引擎识别
[2021-09-05 15:37:12] [INFO] 本次运行已成功注销店铺会员数量为： 120
[2021-09-05 15:37:12] [INFO] 开始注销店铺 李宁品牌VIP
[2021-09-05 15:38:13] [INFO] 等待websocket推送短信验证码超时，即将跳过 李宁品牌VIP
[2021-09-05 15:38:13] [INFO] 开始注销店铺 西部数据
[2021-09-05 15:38:24] [INFO] 正在通过本地引擎识别
[2021-09-05 15:38:30] [INFO] 本次运行已成功注销店铺会员数量为： 121
[2021-09-05 15:38:30] [INFO] 开始注销店铺 极米会员
[2021-09-05 15:38:39] [INFO] 正在通过本地引擎识别
[2021-09-05 15:38:45] [INFO] 本次运行已成功注销店铺会员数量为： 122
[2021-09-05 15:38:45] [INFO] 开始注销店铺 齐鲁慢病会员
[2021-09-05 15:38:54] [INFO] 正在通过本地引擎识别
[2021-09-05 15:39:00] [INFO] 本次运行已成功注销店铺会员数量为： 123
[2021-09-05 15:39:00] [INFO] 开始注销店铺 格之格VIP
[2021-09-05 15:39:12] [INFO] 正在通过本地引擎识别
[2021-09-05 15:39:18] [INFO] 本次运行已成功注销店铺会员数量为： 124
[2021-09-05 15:39:18] [INFO] 开始注销店铺 追风尊享会员
[2021-09-05 15:39:30] [INFO] 正在通过本地引擎识别
[2021-09-05 15:39:33] [INFO] 验证码位置点击错误，尝试再试一次
[2021-09-05 15:39:34] [INFO] 正在通过本地引擎识别
[2021-09-05 15:39:39] [INFO] 本次运行已成功注销店铺会员数量为： 125
[2021-09-05 15:39:39] [INFO] 开始注销店铺 习酒
[2021-09-05 15:39:51] [INFO] 正在通过本地引擎识别
[2021-09-05 15:39:57] [INFO] 本次运行已成功注销店铺会员数量为： 126
[2021-09-05 15:39:57] [INFO] 开始注销店铺 燃茶
[2021-09-05 15:40:09] [INFO] 正在通过本地引擎识别
[2021-09-05 15:40:15] [INFO] 本次运行已成功注销店铺会员数量为： 127
[2021-09-05 15:40:15] [INFO] 开始注销店铺 天地精华
[2021-09-05 15:40:27] [INFO] 正在通过本地引擎识别
[2021-09-05 15:40:33] [INFO] 本次运行已成功注销店铺会员数量为： 128
[2021-09-05 15:40:34] [INFO] 开始注销店铺 民酒网VIP
[2021-09-05 15:40:42] [INFO] 正在通过本地引擎识别
[2021-09-05 15:40:48] [INFO] 本次运行已成功注销店铺会员数量为： 129
[2021-09-05 15:40:49] [INFO] 开始注销店铺 中粮罐头旗舰店
[2021-09-05 15:41:00] [INFO] 正在通过本地引擎识别
[2021-09-05 15:41:07] [INFO] 本次运行已成功注销店铺会员数量为： 130
[2021-09-05 15:41:07] [INFO] 开始注销店铺 京东自营旗舰店
[2021-09-05 15:41:18] [INFO] 正在通过本地引擎识别
[2021-09-05 15:41:25] [INFO] 本次运行已成功注销店铺会员数量为： 131
[2021-09-05 15:41:25] [INFO] 开始注销店铺 库博光学
[2021-09-05 15:41:36] [INFO] 正在通过本地引擎识别
[2021-09-05 15:41:43] [INFO] 本次运行已成功注销店铺会员数量为： 132
[2021-09-05 15:41:43] [INFO] 开始注销店铺 百岁山
[2021-09-05 15:41:51] [INFO] 正在通过本地引擎识别
[2021-09-05 15:41:54] [INFO] 验证码位置点击错误，尝试再试一次
[2021-09-05 15:41:55] [INFO] 正在通过本地引擎识别
[2021-09-05 15:42:00] [INFO] 本次运行已成功注销店铺会员数量为： 133
[2021-09-05 15:42:00] [INFO] 开始注销店铺 三全
[2021-09-05 15:42:06] [INFO] 正在通过本地引擎识别
[2021-09-05 15:42:13] [INFO] 本次运行已成功注销店铺会员数量为： 134
[2021-09-05 15:42:13] [INFO] 开始注销店铺 李子柒
[2021-09-05 15:42:18] [INFO] 正在通过本地引擎识别
[2021-09-05 15:42:25] [INFO] 本次运行已成功注销店铺会员数量为： 135
[2021-09-05 15:42:25] [INFO] 开始注销店铺 蔻斯汀花粉会员
[2021-09-05 15:42:33] [INFO] 正在通过本地引擎识别
[2021-09-05 15:42:40] [INFO] 本次运行已成功注销店铺会员数量为： 136
[2021-09-05 15:42:40] [INFO] 开始注销店铺 VIP
[2021-09-05 15:42:49] [INFO] 正在通过本地引擎识别
[2021-09-05 15:42:55] [INFO] 本次运行已成功注销店铺会员数量为： 137
[2021-09-05 15:42:55] [INFO] 开始注销店铺 飞利浦
[2021-09-05 15:43:07] [INFO] 正在通过本地引擎识别
[2021-09-05 15:43:13] [INFO] 本次运行已成功注销店铺会员数量为： 138
[2021-09-05 15:43:13] [INFO] 开始注销店铺 张裕葡萄酒
[2021-09-05 15:43:22] [INFO] 正在通过本地引擎识别
[2021-09-05 15:43:28] [INFO] 本次运行已成功注销店铺会员数量为： 139
[2021-09-05 15:43:28] [INFO] 开始注销店铺 植护
[2021-09-05 15:43:34] [INFO] 正在通过本地引擎识别
[2021-09-05 15:43:36] [INFO] 验证码位置点击错误，尝试再试一次
[2021-09-05 15:43:37] [INFO] 正在通过本地引擎识别
[2021-09-05 15:44:10] [ERROR] 发生了一点小问题： ('图形验证码识别超时 植护', None, None)
[2021-09-05 15:44:10] [INFO] 开始注销店铺 菊乐
[2021-09-05 15:44:22] [INFO] 正在通过本地引擎识别
[2021-09-05 15:44:28] [INFO] 本次运行已成功注销店铺会员数量为： 140
[2021-09-05 15:44:28] [INFO] 开始注销店铺 衡水老白干
[2021-09-05 15:44:37] [INFO] 正在通过本地引擎识别
[2021-09-05 15:44:43] [INFO] 本次运行已成功注销店铺会员数量为： 141
[2021-09-05 15:44:43] [INFO] 开始注销店铺 迎驾贡酒会员
[2021-09-05 15:44:55] [INFO] 正在通过本地引擎识别
[2021-09-05 15:45:01] [INFO] 本次运行已成功注销店铺会员数量为： 142
[2021-09-05 15:45:01] [INFO] 开始注销店铺 郎牌特曲VIP
[2021-09-05 15:45:10] [INFO] 正在通过本地引擎识别
[2021-09-05 15:45:13] [INFO] 验证码位置点击错误，尝试再试一次
[2021-09-05 15:45:14] [INFO] 正在通过本地引擎识别
[2021-09-05 15:45:19] [INFO] 本次运行已成功注销店铺会员数量为： 143
[2021-09-05 15:45:19] [INFO] 开始注销店铺 美德乐
[2021-09-05 15:45:31] [INFO] 正在通过本地引擎识别
[2021-09-05 15:45:37] [INFO] 本次运行已成功注销店铺会员数量为： 144
[2021-09-05 15:45:37] [INFO] 本轮店铺已执行完，即将开始获取下一轮店铺
[2021-09-05 15:45:40] [INFO] 本轮运行获取到 50 家店铺会员信息
[2021-09-05 15:45:40] [INFO] 开始注销店铺 洁柔VIP会员
[2021-09-05 15:45:49] [INFO] 正在通过本地引擎识别
[2021-09-05 15:45:55] [INFO] 本次运行已成功注销店铺会员数量为： 145
[2021-09-05 15:45:56] [INFO] 开始注销店铺 小迷糊会员
[2021-09-05 15:46:07] [INFO] 正在通过本地引擎识别
[2021-09-05 15:46:14] [INFO] 本次运行已成功注销店铺会员数量为： 146
[2021-09-05 15:46:14] [INFO] 开始注销店铺 思莱德会员卡
[2021-09-05 15:46:22] [INFO] 正在通过本地引擎识别
[2021-09-05 15:46:29] [INFO] 本次运行已成功注销店铺会员数量为： 147
[2021-09-05 15:46:29] [INFO] 开始注销店铺 杰克琼斯
[2021-09-05 15:46:43] [INFO] 正在通过本地引擎识别
[2021-09-05 15:46:50] [INFO] 本次运行已成功注销店铺会员数量为： 148
[2021-09-05 15:46:50] [INFO] 开始注销店铺 飞利浦新安怡
[2021-09-05 15:46:55] [INFO] 正在通过本地引擎识别
[2021-09-05 15:47:02] [INFO] 本次运行已成功注销店铺会员数量为： 149
[2021-09-05 15:47:02] [INFO] 开始注销店铺 润本官方旗舰店
[2021-09-05 15:47:10] [INFO] 正在通过本地引擎识别
[2021-09-05 15:47:17] [INFO] 本次运行已成功注销店铺会员数量为： 150
[2021-09-05 15:47:17] [INFO] 开始注销店铺 周六福
[2021-09-05 15:47:29] [INFO] 正在通过本地引擎识别
[2021-09-05 15:47:35] [INFO] 本次运行已成功注销店铺会员数量为： 151
[2021-09-05 15:47:35] [INFO] 开始注销店铺 雀巢多趣酷思
[2021-09-05 15:47:41] [INFO] 正在通过本地引擎识别
[2021-09-05 15:47:47] [INFO] 本次运行已成功注销店铺会员数量为： 152
[2021-09-05 15:47:47] [INFO] 开始注销店铺 ONLY会员
[2021-09-05 15:47:59] [INFO] 正在通过本地引擎识别
[2021-09-05 15:48:05] [INFO] 本次运行已成功注销店铺会员数量为： 153
[2021-09-05 15:48:05] [INFO] 开始注销店铺 爱慕
[2021-09-05 15:48:14] [INFO] 正在通过本地引擎识别
[2021-09-05 15:48:20] [INFO] 本次运行已成功注销店铺会员数量为： 154
[2021-09-05 15:48:20] [INFO] 开始注销店铺 LB会员
[2021-09-05 15:48:29] [INFO] 正在通过本地引擎识别
[2021-09-05 15:48:35] [INFO] 本次运行已成功注销店铺会员数量为： 155
[2021-09-05 15:48:35] [INFO] 开始注销店铺 施华蔻会员
[2021-09-05 15:48:41] [INFO] 正在通过本地引擎识别
[2021-09-05 15:48:47] [INFO] 本次运行已成功注销店铺会员数量为： 156
[2021-09-05 15:48:47] [INFO] 开始注销店铺 TUMI
[2021-09-05 15:48:56] [INFO] 正在通过本地引擎识别
[2021-09-05 15:49:02] [INFO] 本次运行已成功注销店铺会员数量为： 157
[2021-09-05 15:49:02] [INFO] 开始注销店铺 百丽会员中心
[2021-09-05 15:49:34] [ERROR] 发生了一点小问题： ('发送短信验证码超时 百丽会员中心', None, None)
[2021-09-05 15:49:34] [INFO] 开始注销店铺 U-CLUB
[2021-09-05 15:49:44] [INFO] 正在通过本地引擎识别
[2021-09-05 15:49:50] [INFO] 本次运行已成功注销店铺会员数量为： 158
[2021-09-05 15:49:51] [INFO] 开始注销店铺 清风自营旗舰店
[2021-09-05 15:50:05] [INFO] 正在通过本地引擎识别
[2021-09-05 15:50:11] [INFO] 本次运行已成功注销店铺会员数量为： 159
[2021-09-05 15:50:12] [INFO] 开始注销店铺 BC card
[2021-09-05 15:50:20] [INFO] 正在通过本地引擎识别
[2021-09-05 15:50:26] [INFO] 本次运行已成功注销店铺会员数量为： 160
[2021-09-05 15:50:27] [INFO] 开始注销店铺 安速白元
[2021-09-05 15:50:32] [INFO] 正在通过本地引擎识别
[2021-09-05 15:50:39] [INFO] 本次运行已成功注销店铺会员数量为： 161
[2021-09-05 15:50:39] [INFO] 开始注销店铺 CM会员卡
[2021-09-05 15:50:47] [INFO] 正在通过本地引擎识别
[2021-09-05 15:50:54] [INFO] 本次运行已成功注销店铺会员数量为： 162
[2021-09-05 15:50:54] [INFO] 开始注销店铺 良品铺子
[2021-09-05 15:51:05] [INFO] 正在通过本地引擎识别
[2021-09-05 15:51:12] [INFO] 本次运行已成功注销店铺会员数量为： 163
[2021-09-05 15:51:12] [INFO] 开始注销店铺 恒大冰泉矿泉水
[2021-09-05 15:51:26] [INFO] 正在通过本地引擎识别
[2021-09-05 15:51:33] [INFO] 本次运行已成功注销店铺会员数量为： 164
[2021-09-05 15:51:33] [INFO] 开始注销店铺 喜茶
[2021-09-05 15:51:41] [INFO] 正在通过本地引擎识别
[2021-09-05 15:51:48] [INFO] 本次运行已成功注销店铺会员数量为： 165
[2021-09-05 15:51:48] [INFO] 开始注销店铺 联合利华VIP
[2021-09-05 15:52:00] [INFO] 正在通过本地引擎识别
[2021-09-05 15:52:06] [INFO] 本次运行已成功注销店铺会员数量为： 166
[2021-09-05 15:52:06] [INFO] 开始注销店铺 红狗VIP
[2021-09-05 15:52:15] [INFO] 正在通过本地引擎识别
[2021-09-05 15:52:21] [INFO] 本次运行已成功注销店铺会员数量为： 167
[2021-09-05 15:52:21] [INFO] 开始注销店铺 润熙禾VIP
[2021-09-05 15:52:33] [INFO] 正在通过本地引擎识别
[2021-09-05 15:52:39] [INFO] 本次运行已成功注销店铺会员数量为： 168
[2021-09-05 15:52:39] [INFO] 开始注销店铺 品牌会员
[2021-09-05 15:52:51] [INFO] 正在通过本地引擎识别
[2021-09-05 15:52:57] [INFO] 本次运行已成功注销店铺会员数量为： 169
[2021-09-05 15:52:57] [INFO] 开始注销店铺 哈根达斯
[2021-09-05 15:53:06] [INFO] 正在通过本地引擎识别
[2021-09-05 15:53:12] [INFO] 本次运行已成功注销店铺会员数量为： 170
[2021-09-05 15:53:12] [INFO] 开始注销店铺 亿滋
[2021-09-05 15:53:21] [INFO] 正在通过本地引擎识别
[2021-09-05 15:53:24] [INFO] 验证码位置点击错误，尝试再试一次
[2021-09-05 15:53:25] [INFO] 正在通过本地引擎识别
[2021-09-05 15:53:30] [INFO] 本次运行已成功注销店铺会员数量为： 171
[2021-09-05 15:53:30] [INFO] 开始注销店铺 花王乐而雅
[2021-09-05 15:53:36] [INFO] 正在通过本地引擎识别
[2021-09-05 15:53:39] [INFO] 验证码位置点击错误，尝试再试一次
[2021-09-05 15:53:40] [INFO] 正在通过本地引擎识别
[2021-09-05 15:53:45] [INFO] 本次运行已成功注销店铺会员数量为： 172
[2021-09-05 15:53:45] [INFO] 开始注销店铺 分阶喂养
[2021-09-05 15:53:54] [INFO] 正在通过本地引擎识别
[2021-09-05 15:54:00] [INFO] 本次运行已成功注销店铺会员数量为： 173
[2021-09-05 15:54:00] [INFO] 开始注销店铺 FILA会员卡
[2021-09-05 15:54:09] [INFO] 正在通过本地引擎识别
[2021-09-05 15:54:15] [INFO] 本次运行已成功注销店铺会员数量为： 174
[2021-09-05 15:54:15] [INFO] 开始注销店铺 李宁品牌VIP
[2021-09-05 15:55:16] [INFO] 等待websocket推送短信验证码超时，即将跳过 李宁品牌VIP
[2021-09-05 15:55:17] [INFO] 开始注销店铺 瑞士天梭表
[2021-09-05 15:55:30] [INFO] 正在通过本地引擎识别
[2021-09-05 15:55:36] [INFO] 本次运行已成功注销店铺会员数量为： 175
[2021-09-05 15:55:37] [INFO] 开始注销店铺 保乐力加会员
[2021-09-05 15:55:51] [INFO] 正在通过本地引擎识别
[2021-09-05 15:55:58] [INFO] 本次运行已成功注销店铺会员数量为： 176
[2021-09-05 15:55:58] [INFO] 开始注销店铺 雀巢
[2021-09-05 15:56:09] [INFO] 正在通过本地引擎识别
[2021-09-05 15:56:16] [INFO] 本次运行已成功注销店铺会员数量为： 177
[2021-09-05 15:56:16] [INFO] 开始注销店铺 爱茉莉会员
[2021-09-05 15:56:24] [INFO] 正在通过本地引擎识别
[2021-09-05 15:56:31] [INFO] 本次运行已成功注销店铺会员数量为： 178
[2021-09-05 15:56:31] [INFO] 开始注销店铺 百事可乐
[2021-09-05 15:56:42] [INFO] 正在通过本地引擎识别
[2021-09-05 15:56:49] [INFO] 本次运行已成功注销店铺会员数量为： 179
[2021-09-05 15:56:49] [INFO] 开始注销店铺 上鲜会员卡
[2021-09-05 15:56:54] [INFO] 正在通过本地引擎识别
[2021-09-05 15:57:01] [INFO] 本次运行已成功注销店铺会员数量为： 180
[2021-09-05 15:57:01] [INFO] 开始注销店铺 美肤宝品牌会员
[2021-09-05 15:57:06] [INFO] 正在通过本地引擎识别
[2021-09-05 15:57:13] [INFO] 本次运行已成功注销店铺会员数量为： 181
[2021-09-05 15:57:13] [INFO] 开始注销店铺 凯伍德
[2021-09-05 15:57:25] [INFO] 正在通过本地引擎识别
[2021-09-05 15:57:31] [INFO] 本次运行已成功注销店铺会员数量为： 182
[2021-09-05 15:57:31] [INFO] 开始注销店铺 拉面说
[2021-09-05 15:57:37] [INFO] 正在通过本地引擎识别
[2021-09-05 15:57:43] [INFO] 本次运行已成功注销店铺会员数量为： 183
[2021-09-05 15:57:43] [INFO] 开始注销店铺 爱粉专属
[2021-09-05 15:57:49] [INFO] 正在通过本地引擎识别
[2021-09-05 15:57:55] [INFO] 本次运行已成功注销店铺会员数量为： 184
[2021-09-05 15:57:55] [INFO] 开始注销店铺 布鲁可
[2021-09-05 15:58:31] [ERROR] 发生了一点小问题： ('', None, None)
[2021-09-05 15:58:32] [INFO] 开始注销店铺 疯狂小狗旗舰店
[2021-09-05 15:59:10] [ERROR] 发生了一点小问题： ('', None, None)
[2021-09-05 15:59:10] [INFO] 开始注销店铺 PORTS会员
[2021-09-05 15:59:52] [ERROR] 发生了一点小问题： ('', None, None)
[2021-09-05 15:59:52] [INFO] 开始注销店铺 倩碧
[2021-09-05 16:00:34] [ERROR] 发生了一点小问题： ('', None, None)
[2021-09-05 16:00:35] [INFO] 开始注销店铺 BE会员卡
[2021-09-05 16:01:16] [ERROR] 发生了一点小问题： ('', None, None)
[2021-09-05 16:01:16] [INFO] 开始注销店铺 植护
[2021-09-05 16:01:52] [ERROR] 发生了一点小问题： ('', None, None)
[2021-09-05 16:01:52] [INFO] 开始注销店铺 掌阅会员卡
[2021-09-05 16:02:38] [ERROR] 发生了一点小问题： ('', None, None)
[2021-09-05 16:02:38] [INFO] 开始注销店铺 小糊涂仙京东
[2021-09-05 16:03:20] [ERROR] 发生了一点小问题： ('', None, None)
[2021-09-05 16:03:20] [INFO] 本轮店铺已执行完，即将开始获取下一轮店铺
[2021-09-05 16:03:23] [INFO] 本轮运行获取到 50 家店铺会员信息
[2021-09-05 16:03:23] [INFO] 开始注销店铺 澳牧会员
[2021-09-05 16:04:02] [ERROR] 发生了一点小问题： ('', None, None)
[2021-09-05 16:04:02] [INFO] 开始注销店铺 欧诗漫
[2021-09-05 16:04:41] [ERROR] 发生了一点小问题： ('', None, None)
[2021-09-05 16:04:41] [INFO] 开始注销店铺 翡马会员
[2021-09-05 16:05:20] [ERROR] 发生了一点小问题： ('', None, None)
[2021-09-05 16:05:20] [INFO] 开始注销店铺 百丽会员中心
[2021-09-05 16:06:05] [ERROR] 发生了一点小问题： ('', None, None)
[2021-09-05 16:06:05] [INFO] 开始注销店铺 巴拉巴拉会员
[2021-09-05 16:06:47] [ERROR] 发生了一点小问题： ('', None, None)
[2021-09-05 16:06:47] [INFO] 开始注销店铺 爱达宝尊享会员
[2021-09-05 16:07:26] [ERROR] 发生了一点小问题： ('', None, None)
[2021-09-05 16:07:27] [INFO] 开始注销店铺 农心品牌会员
[2021-09-05 16:08:08] [ERROR] 发生了一点小问题： ('', None, None)
[2021-09-05 16:08:08] [INFO] 开始注销店铺 西贝莜面村
[2021-09-05 16:08:50] [ERROR] 发生了一点小问题： ('', None, None)
[2021-09-05 16:08:50] [INFO] 开始注销店铺 海氏海诺旗舰店
[2021-09-05 16:09:32] [ERROR] 发生了一点小问题： ('', None, None)
[2021-09-05 16:09:33] [INFO] 开始注销店铺 轩尼诗
[2021-09-05 16:10:15] [ERROR] 发生了一点小问题： ('', None, None)
[2021-09-05 16:10:15] [INFO] 开始注销店铺 方家铺子
[2021-09-05 16:10:57] [ERROR] 发生了一点小问题： ('', None, None)
[2021-09-05 16:10:57] [INFO] 开始注销店铺 古井贡酒
[2021-09-05 16:11:36] [ERROR] 发生了一点小问题： ('', None, None)
[2021-09-05 16:11:36] [INFO] 开始注销店铺 雅鹿服饰女装店
[2021-09-05 16:12:15] [ERROR] 发生了一点小问题： ('', None, None)
[2021-09-05 16:12:16] [INFO] 开始注销店铺 鸭鸭女装官方店
[2021-09-05 16:12:54] [ERROR] 发生了一点小问题： ('', None, None)
[2021-09-05 16:12:54] [INFO] 开始注销店铺 施丹兰
[2021-09-05 16:13:40] [ERROR] 发生了一点小问题： ('', None, None)
[2021-09-05 16:13:40] [INFO] 开始注销店铺 怡倩品牌会员
[2021-09-05 16:14:15] [ERROR] 发生了一点小问题： ('', None, None)
[2021-09-05 16:14:15] [INFO] 开始注销店铺 百吉福会员
[2021-09-05 16:14:57] [ERROR] 发生了一点小问题： ('', None, None)
[2021-09-05 16:14:57] [INFO] 开始注销店铺 圣芝会员
[2021-09-05 16:15:39] [ERROR] 发生了一点小问题： ('', None, None)
[2021-09-05 16:15:40] [INFO] 开始注销店铺 李宁品牌VIP
[2021-09-05 16:16:41] [INFO] 等待websocket推送短信验证码超时，即将跳过 李宁品牌VIP
[2021-09-05 16:16:41] [INFO] 开始注销店铺 度粉VIP卡
[2021-09-05 16:17:19] [ERROR] 发生了一点小问题： ('', None, None)
[2021-09-05 16:17:19] [INFO] 开始注销店铺 佳沛
[2021-09-05 16:17:58] [ERROR] 发生了一点小问题： ('', None, None)
[2021-09-05 16:17:58] [INFO] 开始注销店铺 网易严选
[2021-09-05 16:18:46] [ERROR] 发生了一点小问题： ('', None, None)
[2021-09-05 16:18:46] [INFO] 开始注销店铺 梅林会员
[2021-09-05 16:19:28] [ERROR] 发生了一点小问题： ('', None, None)
[2021-09-05 16:19:28] [INFO] 开始注销店铺 会员专区
[2021-09-05 16:20:10] [ERROR] 发生了一点小问题： ('', None, None)
[2021-09-05 16:20:10] [INFO] 开始注销店铺 沃隆每日坚果
[2021-09-05 16:20:52] [ERROR] 发生了一点小问题： ('', None, None)
[2021-09-05 16:20:52] [INFO] 开始注销店铺 加护灵品牌会员
[2021-09-05 16:21:35] [ERROR] 发生了一点小问题： ('', None, None)
[2021-09-05 16:21:35] [INFO] 开始注销店铺 苏菲
[2021-09-05 16:22:19] [ERROR] 发生了一点小问题： ('', None, None)
[2021-09-05 16:22:20] [INFO] 开始注销店铺 珠江啤酒会员
[2021-09-05 16:23:01] [ERROR] 发生了一点小问题： ('', None, None)
[2021-09-05 16:23:02] [INFO] 开始注销店铺 儿童玩具
[2021-09-05 16:23:43] [ERROR] 发生了一点小问题： ('', None, None)
[2021-09-05 16:23:44] [INFO] 开始注销店铺 布鲁可
[2021-09-05 16:24:20] [ERROR] 发生了一点小问题： ('', None, None)
[2021-09-05 16:24:20] [INFO] 开始注销店铺 颜域会员卡
[2021-09-05 16:25:02] [ERROR] 发生了一点小问题： ('', None, None)
[2021-09-05 16:25:02] [INFO] 开始注销店铺 万魔1MORE
[2021-09-05 16:25:44] [ERROR] 发生了一点小问题： ('', None, None)
[2021-09-05 16:25:45] [INFO] 开始注销店铺 欧柏兰奴会员
[2021-09-05 16:26:26] [ERROR] 发生了一点小问题： ('', None, None)
[2021-09-05 16:26:27] [INFO] 开始注销店铺 大悦
[2021-09-05 16:27:09] [ERROR] 发生了一点小问题： ('', None, None)
[2021-09-05 16:27:09] [INFO] 开始注销店铺 疯狂小狗旗舰店
[2021-09-05 16:27:54] [ERROR] 发生了一点小问题： ('', None, None)
[2021-09-05 16:27:54] [INFO] 开始注销店铺 PORTS会员
[2021-09-05 16:28:32] [ERROR] 发生了一点小问题： ('', None, None)
[2021-09-05 16:28:32] [INFO] 开始注销店铺 韩今
[2021-09-05 16:29:11] [ERROR] 发生了一点小问题： ('', None, None)
[2021-09-05 16:29:11] [INFO] 开始注销店铺 倩碧
[2021-09-05 16:29:51] [ERROR] 发生了一点小问题： ('', None, None)
[2021-09-05 16:29:51] [INFO] 开始注销店铺 粮全其美会员
[2021-09-05 16:30:30] [ERROR] 发生了一点小问题： ('', None, None)
[2021-09-05 16:30:30] [INFO] 开始注销店铺 伊莲娜旗舰店
[2021-09-05 16:31:12] [ERROR] 发生了一点小问题： ('', None, None)
[2021-09-05 16:31:12] [INFO] 开始注销店铺 BE会员卡
[2021-09-05 16:31:57] [ERROR] 发生了一点小问题： ('', None, None)
[2021-09-05 16:31:57] [INFO] 开始注销店铺 植护
[2021-09-05 16:32:33] [ERROR] 发生了一点小问题： ('', None, None)
[2021-09-05 16:32:33] [INFO] 开始注销店铺 厨邦
[2021-09-05 16:33:18] [ERROR] 发生了一点小问题： ('', None, None)
[2021-09-05 16:33:18] [INFO] 开始注销店铺 北海牧场
[2021-09-05 16:33:54] [ERROR] 发生了一点小问题： ('', None, None)
[2021-09-05 16:33:55] [INFO] 开始注销店铺 波司登品牌会员
[2021-09-05 16:34:36] [ERROR] 发生了一点小问题： ('', None, None)
[2021-09-05 16:34:36] [INFO] 开始注销店铺 格兰父子会员卡
[2021-09-05 16:35:15] [ERROR] 发生了一点小问题： ('', None, None)
[2021-09-05 16:35:15] [INFO] 开始注销店铺 掌阅会员卡
[2021-09-05 16:35:57] [ERROR] 发生了一点小问题： ('', None, None)
[2021-09-05 16:35:57] [INFO] 开始注销店铺 禾泱泱品牌会员
[2021-09-05 16:36:43] [ERROR] 发生了一点小问题： ('', None, None)
[2021-09-05 16:36:43] [INFO] 开始注销店铺 小糊涂仙京东
[2021-09-05 16:37:25] [ERROR] 发生了一点小问题： ('', None, None)
[2021-09-05 16:37:25] [INFO] 开始注销店铺 骁龙会员
[2021-09-05 16:38:04] [ERROR] 发生了一点小问题： ('', None, None)
[2021-09-05 16:38:04] [INFO] 本轮店铺已执行完，即将开始获取下一轮店铺
[2021-09-05 16:38:07] [INFO] 当前接口获取到的店铺列表和上一轮一致，认为接口缓存还未刷新，即将尝试刷新缓存
[2021-09-05 16:38:07] [INFO] 理论上缓存已经刷新成功，如页面未成功自动刷新请及时反馈
[2021-09-05 16:57:10] [INFO] 本轮运行获取到 50 家店铺会员信息
[2021-09-05 16:57:11] [INFO] 开始注销店铺 澳牧会员
[2021-09-05 16:57:24] [INFO] 正在通过本地引擎识别
[2021-09-05 16:57:30] [INFO] 本次运行已成功注销店铺会员数量为： 1
[2021-09-05 16:57:30] [INFO] 开始注销店铺 欧诗漫
[2021-09-05 16:57:42] [INFO] 正在通过本地引擎识别
[2021-09-05 16:57:48] [INFO] 本次运行已成功注销店铺会员数量为： 2
[2021-09-05 16:57:48] [INFO] 开始注销店铺 翡马会员
[2021-09-05 16:58:00] [INFO] 正在通过本地引擎识别
[2021-09-05 16:58:02] [INFO] 验证码位置点击错误，尝试再试一次
[2021-09-05 16:58:03] [INFO] 正在通过本地引擎识别
[2021-09-05 16:58:09] [INFO] 本次运行已成功注销店铺会员数量为： 3
[2021-09-05 16:58:09] [INFO] 开始注销店铺 百丽会员中心
[2021-09-05 16:58:24] [INFO] 正在通过本地引擎识别
[2021-09-05 16:58:30] [INFO] 本次运行已成功注销店铺会员数量为： 4
[2021-09-05 16:58:30] [INFO] 开始注销店铺 巴拉巴拉会员
[2021-09-05 16:58:42] [INFO] 正在通过本地引擎识别
[2021-09-05 16:58:44] [INFO] 验证码位置点击错误，尝试再试一次
[2021-09-05 16:58:45] [INFO] 正在通过本地引擎识别
[2021-09-05 16:58:51] [INFO] 本次运行已成功注销店铺会员数量为： 5
[2021-09-05 16:58:51] [INFO] 开始注销店铺 爱达宝尊享会员
[2021-09-05 16:59:03] [INFO] 正在通过本地引擎识别
[2021-09-05 16:59:09] [INFO] 本次运行已成功注销店铺会员数量为： 6
[2021-09-05 16:59:09] [INFO] 开始注销店铺 农心品牌会员
[2021-09-05 16:59:15] [INFO] 正在通过本地引擎识别
[2021-09-05 16:59:21] [INFO] 本次运行已成功注销店铺会员数量为： 7
[2021-09-05 16:59:21] [INFO] 开始注销店铺 西贝莜面村
[2021-09-05 16:59:33] [INFO] 正在通过本地引擎识别
[2021-09-05 16:59:39] [INFO] 本次运行已成功注销店铺会员数量为： 8
[2021-09-05 16:59:39] [INFO] 开始注销店铺 海氏海诺旗舰店
[2021-09-05 16:59:51] [INFO] 正在通过本地引擎识别
[2021-09-05 16:59:54] [INFO] 验证码位置点击错误，尝试再试一次
[2021-09-05 16:59:55] [INFO] 正在通过本地引擎识别
[2021-09-05 17:00:00] [INFO] 本次运行已成功注销店铺会员数量为： 9
[2021-09-05 17:00:00] [INFO] 开始注销店铺 轩尼诗
[2021-09-05 17:00:12] [INFO] 正在通过本地引擎识别
[2021-09-05 17:00:18] [INFO] 本次运行已成功注销店铺会员数量为： 10
[2021-09-05 17:00:18] [INFO] 开始注销店铺 方家铺子
[2021-09-05 17:00:30] [INFO] 正在通过本地引擎识别
[2021-09-05 17:00:36] [INFO] 本次运行已成功注销店铺会员数量为： 11
[2021-09-05 17:00:36] [INFO] 开始注销店铺 古井贡酒
[2021-09-05 17:00:42] [INFO] 正在通过本地引擎识别
[2021-09-05 17:00:48] [INFO] 本次运行已成功注销店铺会员数量为： 12
[2021-09-05 17:00:49] [INFO] 开始注销店铺 雅鹿服饰女装店
[2021-09-05 17:01:00] [INFO] 正在通过本地引擎识别
[2021-09-05 17:01:03] [INFO] 验证码位置点击错误，尝试再试一次
[2021-09-05 17:01:04] [INFO] 正在通过本地引擎识别
[2021-09-05 17:01:09] [INFO] 本次运行已成功注销店铺会员数量为： 13
[2021-09-05 17:01:09] [INFO] 开始注销店铺 鸭鸭女装官方店
[2021-09-05 17:01:21] [INFO] 正在通过本地引擎识别
[2021-09-05 17:01:28] [INFO] 本次运行已成功注销店铺会员数量为： 14
[2021-09-05 17:01:28] [INFO] 开始注销店铺 施丹兰
[2021-09-05 17:01:39] [INFO] 正在通过本地引擎识别
[2021-09-05 17:01:46] [INFO] 本次运行已成功注销店铺会员数量为： 15
[2021-09-05 17:01:46] [INFO] 开始注销店铺 怡倩品牌会员
[2021-09-05 17:01:57] [INFO] 正在通过本地引擎识别
[2021-09-05 17:02:04] [INFO] 本次运行已成功注销店铺会员数量为： 16
[2021-09-05 17:02:04] [INFO] 开始注销店铺 百吉福会员
[2021-09-05 17:02:15] [INFO] 正在通过本地引擎识别
[2021-09-05 17:02:22] [INFO] 本次运行已成功注销店铺会员数量为： 17
[2021-09-05 17:02:22] [INFO] 开始注销店铺 圣芝会员
[2021-09-05 17:02:27] [INFO] 正在通过本地引擎识别
[2021-09-05 17:02:30] [INFO] 验证码位置点击错误，尝试再试一次
[2021-09-05 17:02:31] [INFO] 正在通过本地引擎识别
[2021-09-05 17:02:37] [INFO] 本次运行已成功注销店铺会员数量为： 18
[2021-09-05 17:02:37] [INFO] 开始注销店铺 李宁品牌VIP
[2021-09-05 17:03:38] [INFO] 等待websocket推送短信验证码超时，即将跳过 李宁品牌VIP
[2021-09-05 17:03:38] [INFO] 开始注销店铺 度粉VIP卡
[2021-09-05 17:03:52] [INFO] 正在通过本地引擎识别
[2021-09-05 17:03:58] [INFO] 本次运行已成功注销店铺会员数量为： 19
[2021-09-05 17:03:58] [INFO] 开始注销店铺 佳沛
[2021-09-05 17:04:10] [INFO] 正在通过本地引擎识别
[2021-09-05 17:04:12] [INFO] 验证码位置点击错误，尝试再试一次
[2021-09-05 17:04:13] [INFO] 正在通过本地引擎识别
[2021-09-05 17:04:19] [INFO] 本次运行已成功注销店铺会员数量为： 20
[2021-09-05 17:04:19] [INFO] 开始注销店铺 网易严选
[2021-09-05 17:04:31] [INFO] 正在通过本地引擎识别
[2021-09-05 17:04:37] [INFO] 本次运行已成功注销店铺会员数量为： 21
[2021-09-05 17:04:37] [INFO] 开始注销店铺 梅林会员
[2021-09-05 17:04:49] [INFO] 正在通过本地引擎识别
[2021-09-05 17:04:52] [INFO] 验证码位置点击错误，尝试再试一次
[2021-09-05 17:04:53] [INFO] 正在通过本地引擎识别
[2021-09-05 17:04:58] [INFO] 本次运行已成功注销店铺会员数量为： 22
[2021-09-05 17:04:58] [INFO] 开始注销店铺 会员专区
[2021-09-05 17:05:07] [INFO] 正在通过本地引擎识别
[2021-09-05 17:05:13] [INFO] 本次运行已成功注销店铺会员数量为： 23
[2021-09-05 17:05:13] [INFO] 开始注销店铺 沃隆每日坚果
[2021-09-05 17:05:25] [INFO] 正在通过本地引擎识别
[2021-09-05 17:05:31] [INFO] 本次运行已成功注销店铺会员数量为： 24
[2021-09-05 17:05:31] [INFO] 开始注销店铺 加护灵品牌会员
[2021-09-05 17:05:43] [INFO] 正在通过本地引擎识别
[2021-09-05 17:05:49] [INFO] 本次运行已成功注销店铺会员数量为： 25
[2021-09-05 17:05:50] [INFO] 开始注销店铺 苏菲
[2021-09-05 17:06:01] [INFO] 正在通过本地引擎识别
[2021-09-05 17:06:07] [INFO] 本次运行已成功注销店铺会员数量为： 26
[2021-09-05 17:06:08] [INFO] 开始注销店铺 珠江啤酒会员
[2021-09-05 17:06:13] [INFO] 正在通过本地引擎识别
[2021-09-05 17:06:19] [INFO] 本次运行已成功注销店铺会员数量为： 27
[2021-09-05 17:06:20] [INFO] 开始注销店铺 儿童玩具
[2021-09-05 17:06:28] [INFO] 正在通过本地引擎识别
[2021-09-05 17:06:35] [INFO] 本次运行已成功注销店铺会员数量为： 28
[2021-09-05 17:06:35] [INFO] 开始注销店铺 布鲁可
[2021-09-05 17:06:43] [INFO] 正在通过本地引擎识别
[2021-09-05 17:06:50] [INFO] 本次运行已成功注销店铺会员数量为： 29
[2021-09-05 17:06:50] [INFO] 开始注销店铺 颜域会员卡
[2021-09-05 17:06:55] [INFO] 正在通过本地引擎识别
[2021-09-05 17:07:02] [INFO] 本次运行已成功注销店铺会员数量为： 30
[2021-09-05 17:07:02] [INFO] 开始注销店铺 万魔1MORE
[2021-09-05 17:07:13] [INFO] 正在通过本地引擎识别
[2021-09-05 17:07:20] [INFO] 本次运行已成功注销店铺会员数量为： 31
[2021-09-05 17:07:20] [INFO] 开始注销店铺 欧柏兰奴会员
[2021-09-05 17:07:25] [INFO] 正在通过本地引擎识别
[2021-09-05 17:07:32] [INFO] 本次运行已成功注销店铺会员数量为： 32
[2021-09-05 17:07:32] [INFO] 开始注销店铺 大悦
[2021-09-05 17:07:44] [INFO] 正在通过本地引擎识别
[2021-09-05 17:07:46] [INFO] 验证码位置点击错误，尝试再试一次
[2021-09-05 17:07:47] [INFO] 正在通过本地引擎识别
[2021-09-05 17:07:53] [INFO] 本次运行已成功注销店铺会员数量为： 33
[2021-09-05 17:07:53] [INFO] 开始注销店铺 疯狂小狗旗舰店
[2021-09-05 17:08:05] [INFO] 正在通过本地引擎识别
[2021-09-05 17:08:11] [INFO] 本次运行已成功注销店铺会员数量为： 34
[2021-09-05 17:08:11] [INFO] 开始注销店铺 PORTS会员
[2021-09-05 17:08:17] [INFO] 正在通过本地引擎识别
[2021-09-05 17:08:23] [INFO] 本次运行已成功注销店铺会员数量为： 35
[2021-09-05 17:08:23] [INFO] 开始注销店铺 韩今
[2021-09-05 17:08:35] [INFO] 正在通过本地引擎识别
[2021-09-05 17:08:41] [INFO] 本次运行已成功注销店铺会员数量为： 36
[2021-09-05 17:08:41] [INFO] 开始注销店铺 倩碧
[2021-09-05 17:08:47] [INFO] 正在通过本地引擎识别
[2021-09-05 17:08:53] [INFO] 本次运行已成功注销店铺会员数量为： 37
[2021-09-05 17:08:53] [INFO] 开始注销店铺 粮全其美会员
[2021-09-05 17:09:05] [INFO] 正在通过本地引擎识别
[2021-09-05 17:09:11] [INFO] 本次运行已成功注销店铺会员数量为： 38
[2021-09-05 17:09:11] [INFO] 开始注销店铺 伊莲娜旗舰店
[2021-09-05 17:09:20] [INFO] 正在通过本地引擎识别
[2021-09-05 17:09:26] [INFO] 本次运行已成功注销店铺会员数量为： 39
[2021-09-05 17:09:26] [INFO] 开始注销店铺 BE会员卡
[2021-09-05 17:09:38] [INFO] 正在通过本地引擎识别
[2021-09-05 17:09:44] [INFO] 本次运行已成功注销店铺会员数量为： 40
[2021-09-05 17:09:44] [INFO] 开始注销店铺 植护
[2021-09-05 17:09:53] [INFO] 正在通过本地引擎识别
[2021-09-05 17:09:59] [INFO] 本次运行已成功注销店铺会员数量为： 41
[2021-09-05 17:09:59] [INFO] 开始注销店铺 厨邦
[2021-09-05 17:10:08] [INFO] 正在通过本地引擎识别
[2021-09-05 17:10:11] [INFO] 验证码位置点击错误，尝试再试一次
[2021-09-05 17:10:12] [INFO] 正在通过本地引擎识别
[2021-09-05 17:10:17] [INFO] 本次运行已成功注销店铺会员数量为： 42
[2021-09-05 17:10:17] [INFO] 开始注销店铺 北海牧场
[2021-09-05 17:10:26] [INFO] 正在通过本地引擎识别
[2021-09-05 17:10:32] [INFO] 本次运行已成功注销店铺会员数量为： 43
[2021-09-05 17:10:33] [INFO] 开始注销店铺 波司登品牌会员
[2021-09-05 17:10:41] [INFO] 正在通过本地引擎识别
[2021-09-05 17:10:48] [INFO] 本次运行已成功注销店铺会员数量为： 44
[2021-09-05 17:10:48] [INFO] 开始注销店铺 格兰父子会员卡
[2021-09-05 17:10:56] [INFO] 正在通过本地引擎识别
[2021-09-05 17:11:03] [INFO] 本次运行已成功注销店铺会员数量为： 45
[2021-09-05 17:11:03] [INFO] 开始注销店铺 掌阅会员卡
[2021-09-05 17:11:17] [INFO] 正在通过本地引擎识别
[2021-09-05 17:11:24] [INFO] 本次运行已成功注销店铺会员数量为： 46
[2021-09-05 17:11:24] [INFO] 开始注销店铺 禾泱泱品牌会员
[2021-09-05 17:11:38] [INFO] 正在通过本地引擎识别
[2021-09-05 17:11:45] [INFO] 本次运行已成功注销店铺会员数量为： 47
[2021-09-05 17:11:45] [INFO] 开始注销店铺 小糊涂仙京东
[2021-09-05 17:11:56] [INFO] 正在通过本地引擎识别
[2021-09-05 17:12:03] [INFO] 本次运行已成功注销店铺会员数量为： 48
[2021-09-05 17:12:03] [INFO] 开始注销店铺 骁龙会员
[2021-09-05 17:12:14] [INFO] 正在通过本地引擎识别
[2021-09-05 17:12:21] [INFO] 本次运行已成功注销店铺会员数量为： 49
[2021-09-05 17:12:21] [INFO] 本轮店铺已执行完，即将开始获取下一轮店铺
[2021-09-05 17:12:21] [INFO] 本轮运行获取到 11 家店铺会员信息
[2021-09-05 17:12:22] [INFO] 开始注销店铺 心相印会员
[2021-09-05 17:12:39] [INFO] 正在通过本地引擎识别
[2021-09-05 17:12:45] [INFO] 本次运行已成功注销店铺会员数量为： 50
[2021-09-05 17:12:45] [INFO] 开始注销店铺 星巴克家享
[2021-09-05 17:12:57] [INFO] 正在通过本地引擎识别
[2021-09-05 17:12:59] [INFO] 验证码位置点击错误，尝试再试一次
[2021-09-05 17:13:00] [INFO] 正在通过本地引擎识别
[2021-09-05 17:13:06] [INFO] 本次运行已成功注销店铺会员数量为： 51
[2021-09-05 17:13:06] [INFO] 开始注销店铺 八马茶业
[2021-09-05 17:13:18] [INFO] 正在通过本地引擎识别
[2021-09-05 17:13:24] [INFO] 本次运行已成功注销店铺会员数量为： 52
[2021-09-05 17:13:24] [INFO] 开始注销店铺 玉泽品牌会员卡
[2021-09-05 17:13:36] [INFO] 正在通过本地引擎识别
[2021-09-05 17:13:42] [INFO] 本次运行已成功注销店铺会员数量为： 53
[2021-09-05 17:13:42] [INFO] 开始注销店铺 吉香居品牌会员
[2021-09-05 17:13:54] [INFO] 正在通过本地引擎识别
[2021-09-05 17:14:00] [INFO] 本次运行已成功注销店铺会员数量为： 54
[2021-09-05 17:14:00] [INFO] 开始注销店铺 李宁品牌VIP
[2021-09-05 17:15:01] [INFO] 等待websocket推送短信验证码超时，即将跳过 李宁品牌VIP
[2021-09-05 17:15:02] [INFO] 开始注销店铺 贵州醇
[2021-09-05 17:15:09] [INFO] 正在通过本地引擎识别
[2021-09-05 17:15:15] [INFO] 本次运行已成功注销店铺会员数量为： 55
[2021-09-05 17:15:15] [INFO] 开始注销店铺 梅见品鉴官
[2021-09-05 17:15:27] [INFO] 正在通过本地引擎识别
[2021-09-05 17:15:33] [INFO] 本次运行已成功注销店铺会员数量为： 56
[2021-09-05 17:15:34] [INFO] 开始注销店铺 斯旺森
[2021-09-05 17:15:45] [INFO] 正在通过本地引擎识别
[2021-09-05 17:15:51] [INFO] 本次运行已成功注销店铺会员数量为： 57
[2021-09-05 17:15:52] [INFO] 开始注销店铺 艾恩摩尔
[2021-09-05 17:16:03] [INFO] 正在通过本地引擎识别
[2021-09-05 17:16:09] [INFO] 本次运行已成功注销店铺会员数量为： 58
[2021-09-05 17:16:10] [INFO] 开始注销店铺 星星卡
[2021-09-05 17:16:15] [INFO] 正在通过本地引擎识别
[2021-09-05 17:16:22] [INFO] 本次运行已成功注销店铺会员数量为： 59
[2021-09-05 17:16:22] [INFO] 本轮店铺已执行完，即将开始获取下一轮店铺
[2021-09-05 17:16:22] [INFO] 本轮运行获取到 1 家店铺会员信息
[2021-09-05 17:16:22] [INFO] 开始注销店铺 李宁品牌VIP
[2021-09-05 17:17:23] [INFO] 等待websocket推送短信验证码超时，即将跳过 李宁品牌VIP
[2021-09-05 17:17:23] [INFO] 本轮店铺已执行完，即将开始获取下一轮店铺
[2021-09-05 17:17:23] [INFO] 当前接口获取到的店铺列表和上一轮一致，认为接口缓存还未刷新，即将尝试刷新缓存
[2021-09-05 17:17:24] [INFO] 理论上缓存已经刷新成功，如页面未成功自动刷新请及时反馈
[2021-09-05 17:23:46] [INFO] 本轮运行获取到 1 家店铺会员信息
[2021-09-05 17:23:47] [INFO] 开始注销店铺 李宁品牌VIP
